TpTrace Verbose: 0 : 27600, 1, 2021/10/22, 15:09:09.620, 7899186337131, testhost.dll, Version: 16.11.0
TpTrace Information: 0 : 27600, 1, 2021/10/22, 15:09:09.628, 7899186390643, testhost.dll, DefaultEngineInvoker.Invoke: Testhost process started with args :[--port, 59470],[--endpoint, 127.0.0.1:059470],[--role, client],[--parentprocessid, 19848],[--diag, C:\Users\srw33\Desktop\Class\CSDS 393\TaskTrackingCalendar\TaskListTests\bin\Debug\.netcoreapp,version=v5.0\fine-code-coverage\coverage-tool-output\diagnostics.host.21-10-22_15-09-09_47265_4.log],[--tracelevel, 4],[--datacollectionport, 59469],[--telemetryoptedin, false]
TpTrace Information: 0 : 27600, 1, 2021/10/22, 15:09:09.630, 7899186402305, testhost.dll, Setting up debug trace listener.
TpTrace Verbose: 0 : 27600, 1, 2021/10/22, 15:09:09.630, 7899186404144, testhost.dll, TestPlatformTraceListener.Setup: Replacing listener 0 with TestHostTraceListener.
TpTrace Verbose: 0 : 27600, 1, 2021/10/22, 15:09:09.630, 7899186404594, testhost.dll, TestPlatformTraceListener.Setup: Added test platform trace listener.
TpTrace Information: 0 : 27600, 1, 2021/10/22, 15:09:09.630, 7899186407782, testhost.dll, DefaultEngineInvoker.SetParentProcessExitCallback: Monitoring parent process with id: '19848'
TpTrace Information: 0 : 27600, 1, 2021/10/22, 15:09:09.637, 7899186476542, testhost.dll, DefaultEngineInvoker.GetConnectionInfo: Initialize communication on endpoint address: '127.0.0.1:059470'
TpTrace Information: 0 : 27600, 1, 2021/10/22, 15:09:09.653, 7899186637194, testhost.dll, SocketClient.Start: connecting to server endpoint: 127.0.0.1:059470
TpTrace Information: 0 : 27600, 1, 2021/10/22, 15:09:09.660, 7899186704748, testhost.dll, DefaultEngineInvoker.ConnectToDatacollector: Connecting to datacollector, port: 59469
TpTrace Information: 0 : 27600, 8, 2021/10/22, 15:09:09.660, 7899186711361, testhost.dll, SocketClient.OnServerConnected: connected to server endpoint: 127.0.0.1:059470
TpTrace Verbose: 0 : 27600, 8, 2021/10/22, 15:09:09.662, 7899186723860, testhost.dll, Connected to server, and starting MessageLoopAsync
TpTrace Information: 0 : 27600, 1, 2021/10/22, 15:09:09.662, 7899186727945, testhost.dll, Trying to connect to server on socket : 127.0.0.1:59469 
TpTrace Verbose: 0 : 27600, 1, 2021/10/22, 15:09:09.662, 7899186730047, testhost.dll, SocketCommunicationManager : SetupClientAsync : Attempting to connect to the server.
TpTrace Information: 0 : 27600, 9, 2021/10/22, 15:09:09.664, 7899186746816, testhost.dll, Connected to the server successfully 
TpTrace Verbose: 0 : 27600, 8, 2021/10/22, 15:09:09.664, 7899186746816, testhost.dll, TcpClientExtensions.MessageLoopAsync: Polling on remoteEndPoint: [::ffff:127.0.0.1]:59470 localEndPoint: [::ffff:127.0.0.1]:59472
TpTrace Information: 0 : 27600, 9, 2021/10/22, 15:09:09.664, 7899186747813, testhost.dll, Using the buffer size of 16384 bytes
TpTrace Verbose: 0 : 27600, 8, 2021/10/22, 15:09:09.664, 7899186750643, testhost.dll, TcpClientExtensions.MessageLoopAsync: NotifyDataAvailable remoteEndPoint: [::ffff:127.0.0.1]:59470 localEndPoint: [::ffff:127.0.0.1]:59472
TpTrace Information: 0 : 27600, 1, 2021/10/22, 15:09:09.665, 7899186752755, testhost.dll, DefaultEngineInvoker.Invoke: Start Request Processing.
TpTrace Information: 0 : 27600, 11, 2021/10/22, 15:09:09.665, 7899186759134, testhost.dll, DefaultEngineInvoker.StartProcessingAsync: Connected to vstest.console, Starting process requests.
TpTrace Information: 0 : 27600, 8, 2021/10/22, 15:09:09.754, 7899187645081, testhost.dll, TestRequestHandler.OnMessageReceived: received message: (ProtocolVersion) -> 5
TpTrace Verbose: 0 : 27600, 8, 2021/10/22, 15:09:09.772, 7899187830275, testhost.dll, TestRequestHandler.SendData:  sending data from testhost: {"Version":5,"MessageType":"TestSession.Message","Payload":{"MessageLevel":0,"Message":"Logging TestHost Diagnostics in file: C:\\Users\\srw33\\Desktop\\Class\\CSDS 393\\TaskTrackingCalendar\\TaskListTests\\bin\\Debug\\.netcoreapp,version=v5.0\\fine-code-coverage\\coverage-tool-output\\diagnostics.host.21-10-22_15-09-09_47265_4.log"}}
TpTrace Verbose: 0 : 27600, 8, 2021/10/22, 15:09:09.773, 7899187832819, testhost.dll, TcpClientExtensions.MessageLoopAsync: Polling on remoteEndPoint: [::ffff:127.0.0.1]:59470 localEndPoint: [::ffff:127.0.0.1]:59472
TpTrace Verbose: 0 : 27600, 8, 2021/10/22, 15:09:09.773, 7899187834500, testhost.dll, TcpClientExtensions.MessageLoopAsync: NotifyDataAvailable remoteEndPoint: [::ffff:127.0.0.1]:59470 localEndPoint: [::ffff:127.0.0.1]:59472
TpTrace Information: 0 : 27600, 8, 2021/10/22, 15:09:09.776, 7899187864604, testhost.dll, TestRequestHandler.OnMessageReceived: received message: (TestExecution.Initialize) -> [
  "C:\\Users\\srw33\\Desktop\\Class\\CSDS 393\\TaskTrackingCalendar\\TaskListTests\\bin\\Debug\\.netcoreapp,version=v5.0\\fine-code-coverage\\build-output\\Microsoft.VisualStudio.TestPlatform.MSTest.TestAdapter.dll"
]
TpTrace Verbose: 0 : 27600, 8, 2021/10/22, 15:09:09.780, 7899187910932, testhost.dll, TcpClientExtensions.MessageLoopAsync: Polling on remoteEndPoint: [::ffff:127.0.0.1]:59470 localEndPoint: [::ffff:127.0.0.1]:59472
TpTrace Verbose: 0 : 27600, 8, 2021/10/22, 15:09:09.780, 7899187911626, testhost.dll, TcpClientExtensions.MessageLoopAsync: NotifyDataAvailable remoteEndPoint: [::ffff:127.0.0.1]:59470 localEndPoint: [::ffff:127.0.0.1]:59472
TpTrace Information: 0 : 27600, 4, 2021/10/22, 15:09:09.781, 7899187914311, testhost.dll, TestRequestHandler.OnMessageReceived: Running job 'TestExecution.Initialize'.
TpTrace Verbose: 0 : 27600, 4, 2021/10/22, 15:09:09.782, 7899187928009, testhost.dll, TestExecutorService: Loading the extensions
TpTrace Information: 0 : 27600, 8, 2021/10/22, 15:09:09.782, 7899187930721, testhost.dll, TestRequestHandler.OnMessageReceived: received message: (TestExecution.StartWithSources) -> {
  "AdapterSourceMap": {
    "_none_": [
      "C:\\Users\\srw33\\Desktop\\Class\\CSDS 393\\TaskTrackingCalendar\\TaskListTests\\bin\\Debug\\.netcoreapp,version=v5.0\\fine-code-coverage\\build-output\\TaskListTests.dll"
    ]
  },
  "RunSettings": "<RunSettings>\r\n  <RunConfiguration>\r\n    <ResultsDirectory>C:\\Users\\srw33\\Desktop\\Class\\CSDS 393\\TaskTrackingCalendar\\TaskListTests\\bin\\Debug\\.netcoreapp,version=v5.0\\fine-code-coverage\\coverage-tool-output</ResultsDirectory>\r\n    <TargetPlatform>X64</TargetPlatform>\r\n    <TargetFrameworkVersion>.NETCoreApp,Version=v5.0</TargetFrameworkVersion>\r\n    <DesignMode>False</DesignMode>\r\n    <CollectSourceInformation>False</CollectSourceInformation>\r\n  </RunConfiguration>\r\n  <LoggerRunSettings>\r\n    <Loggers>\r\n      <Logger friendlyName=\"blame\" enabled=\"True\" />\r\n      <Logger friendlyName=\"Console\" uri=\"logger://microsoft/TestPlatform/ConsoleLogger/v1\" assemblyQualifiedName=\"Microsoft.VisualStudio.TestPlatform.CommandLine.Internal.ConsoleLogger, vstest.console, Version=15.0.0.0, Culture=neutral, PublicKeyToken=b03f5f7f11d50a3a\" codeBase=\"C:\\Program Files\\dotnet\\sdk\\5.0.402\\vstest.console.dll\" enabled=\"True\" />\r\n    </Loggers>\r\n  </LoggerRunSettings>\r\n  <DataCollectionRunSettings>\r\n    <DataCollectors>\r\n      <DataCollector friendlyName=\"blame\" enabled=\"True\">\r\n        <Configuration>\r\n          <ResultsDirectory>C:\\Users\\srw33\\Desktop\\Class\\CSDS 393\\TaskTrackingCalendar\\TaskListTests\\bin\\Debug\\.netcoreapp,version=v5.0\\fine-code-coverage\\coverage-tool-output</ResultsDirectory>\r\n        </Configuration>\r\n      </DataCollector>\r\n    </DataCollectors>\r\n  </DataCollectionRunSettings>\r\n</RunSettings>",
  "TestExecutionContext": {
    "FrequencyOfRunStatsChangeEvent": 10,
    "RunStatsChangeEventTimeout": "00:00:01.5000000",
    "InIsolation": false,
    "KeepAlive": false,
    "AreTestCaseLevelEventsRequired": false,
    "IsDebug": false,
    "TestCaseFilter": null,
    "FilterOptions": null
  },
  "Package": null
}
TpTrace Verbose: 0 : 27600, 4, 2021/10/22, 15:09:09.783, 7899187939964, testhost.dll, TestPluginCache.DiscoverTestExtensions: finding test extensions in assemblies ends with: TestAdapter.dll TPluginInfo: Microsoft.VisualStudio.TestPlatform.Common.ExtensionFramework.Utilities.TestExecutorPluginInformation TExtension: Microsoft.VisualStudio.TestPlatform.ObjectModel.Adapter.ITestExecutor
TpTrace Verbose: 0 : 27600, 4, 2021/10/22, 15:09:09.784, 7899187947463, testhost.dll, TestPluginCache.GetExtensionPaths: Filtered extension paths: 
TpTrace Verbose: 0 : 27600, 4, 2021/10/22, 15:09:09.784, 7899187950092, testhost.dll, TestPluginCache.GetExtensionPaths: Added default extension paths: C:\Users\srw33\Desktop\Class\CSDS 393\TaskTrackingCalendar\TaskListTests\bin\Debug\.netcoreapp,version=v5.0\fine-code-coverage\build-output\Microsoft.VisualStudio.TestPlatform.MSTest.TestAdapter.dll
TpTrace Verbose: 0 : 27600, 4, 2021/10/22, 15:09:09.784, 7899187950547, testhost.dll, TestPluginCache.GetExtensionPaths: Added unfilterableExtensionPaths: 
TpTrace Information: 0 : 27600, 4, 2021/10/22, 15:09:09.786, 7899187965881, testhost.dll, AssemblyResolver.ctor: Creating AssemblyResolver with searchDirectories C:\Users\srw33\Desktop\Class\CSDS 393\TaskTrackingCalendar\TaskListTests\bin\Debug\.netcoreapp,version=v5.0\fine-code-coverage\build-output
TpTrace Verbose: 0 : 27600, 4, 2021/10/22, 15:09:09.787, 7899187980791, testhost.dll, TestPluginCache.DiscoverTestExtensions: Discovering the extensions using extension path.
TpTrace Verbose: 0 : 27600, 4, 2021/10/22, 15:09:09.788, 7899187981897, testhost.dll, TestPluginCache.GetExtensionPaths: Filtered extension paths: 
TpTrace Verbose: 0 : 27600, 4, 2021/10/22, 15:09:09.788, 7899187982256, testhost.dll, TestPluginCache.GetExtensionPaths: Added default extension paths: C:\Users\srw33\Desktop\Class\CSDS 393\TaskTrackingCalendar\TaskListTests\bin\Debug\.netcoreapp,version=v5.0\fine-code-coverage\build-output\Microsoft.VisualStudio.TestPlatform.MSTest.TestAdapter.dll
TpTrace Verbose: 0 : 27600, 4, 2021/10/22, 15:09:09.788, 7899187982531, testhost.dll, TestPluginCache.GetExtensionPaths: Added unfilterableExtensionPaths: 
TpTrace Verbose: 0 : 27600, 4, 2021/10/22, 15:09:09.788, 7899187983063, testhost.dll, TestPluginCache.DiscoverTestExtensions: Discovering the extensions using allExtensionPaths: C:\Users\srw33\Desktop\Class\CSDS 393\TaskTrackingCalendar\TaskListTests\bin\Debug\.netcoreapp,version=v5.0\fine-code-coverage\build-output\Microsoft.VisualStudio.TestPlatform.MSTest.TestAdapter.dll
TpTrace Information: 0 : 27600, 4, 2021/10/22, 15:09:09.788, 7899187989142, testhost.dll, AssemblyResolver.AddSearchDirectories: Adding more searchDirectories C:\Users\srw33\Desktop\Class\CSDS 393\TaskTrackingCalendar\TaskListTests\bin\Debug\.netcoreapp,version=v5.0\fine-code-coverage\build-output
TpTrace Information: 0 : 27600, 4, 2021/10/22, 15:09:09.792, 7899188023688, testhost.dll, AssemblyResolver.OnResolve: Microsoft.VisualStudio.TestPlatform.MSTest.TestAdapter: Resolving assembly.
TpTrace Information: 0 : 27600, 4, 2021/10/22, 15:09:09.792, 7899188024780, testhost.dll, AssemblyResolver.OnResolve: Microsoft.VisualStudio.TestPlatform.MSTest.TestAdapter: Searching in: 'C:\Users\srw33\Desktop\Class\CSDS 393\TaskTrackingCalendar\TaskListTests\bin\Debug\.netcoreapp,version=v5.0\fine-code-coverage\build-output'.
TpTrace Information: 0 : 27600, 4, 2021/10/22, 15:09:09.793, 7899188033193, testhost.dll, AssemblyResolver.OnResolve: Microsoft.VisualStudio.TestPlatform.MSTest.TestAdapter: Loading assembly 'C:\Users\srw33\Desktop\Class\CSDS 393\TaskTrackingCalendar\TaskListTests\bin\Debug\.netcoreapp,version=v5.0\fine-code-coverage\build-output\Microsoft.VisualStudio.TestPlatform.MSTest.TestAdapter.dll'.
TpTrace Information: 0 : 27600, 4, 2021/10/22, 15:09:09.793, 7899188039336, testhost.dll, AssemblyResolver.OnResolve: Resolved assembly: Microsoft.VisualStudio.TestPlatform.MSTest.TestAdapter, from path: C:\Users\srw33\Desktop\Class\CSDS 393\TaskTrackingCalendar\TaskListTests\bin\Debug\.netcoreapp,version=v5.0\fine-code-coverage\build-output\Microsoft.VisualStudio.TestPlatform.MSTest.TestAdapter.dll
TpTrace Verbose: 0 : 27600, 4, 2021/10/22, 15:09:09.797, 7899188080945, testhost.dll, TestPluginCache: Discovered the extensions using extension path ''.
TpTrace Verbose: 0 : 27600, 4, 2021/10/22, 15:09:09.798, 7899188084210, testhost.dll, TestPluginCache: Discoverers are ''.
TpTrace Verbose: 0 : 27600, 4, 2021/10/22, 15:09:09.798, 7899188084839, testhost.dll, TestPluginCache: Executors are 'executor://MSTestAdapter/v2'.
TpTrace Verbose: 0 : 27600, 4, 2021/10/22, 15:09:09.798, 7899188085384, testhost.dll, TestPluginCache: Executors2 are ''.
TpTrace Verbose: 0 : 27600, 4, 2021/10/22, 15:09:09.798, 7899188085897, testhost.dll, TestPluginCache: Setting providers are ''.
TpTrace Verbose: 0 : 27600, 4, 2021/10/22, 15:09:09.798, 7899188086390, testhost.dll, TestPluginCache: Loggers are ''.
TpTrace Verbose: 0 : 27600, 8, 2021/10/22, 15:09:09.799, 7899188094567, testhost.dll, TcpClientExtensions.MessageLoopAsync: Polling on remoteEndPoint: [::ffff:127.0.0.1]:59470 localEndPoint: [::ffff:127.0.0.1]:59472
TpTrace Verbose: 0 : 27600, 4, 2021/10/22, 15:09:09.800, 7899188105925, testhost.dll, TestPluginCache.DiscoverTestExtensions: finding test extensions in assemblies ends with: TestAdapter.dll TPluginInfo: Microsoft.VisualStudio.TestPlatform.Common.ExtensionFramework.Utilities.TestExecutorPluginInformation2 TExtension: Microsoft.VisualStudio.TestPlatform.ObjectModel.Adapter.ITestExecutor2
TpTrace Verbose: 0 : 27600, 4, 2021/10/22, 15:09:09.800, 7899188107732, testhost.dll, TestPluginCache.GetExtensionPaths: Filtered extension paths: 
TpTrace Verbose: 0 : 27600, 4, 2021/10/22, 15:09:09.800, 7899188108148, testhost.dll, TestPluginCache.GetExtensionPaths: Added default extension paths: C:\Users\srw33\Desktop\Class\CSDS 393\TaskTrackingCalendar\TaskListTests\bin\Debug\.netcoreapp,version=v5.0\fine-code-coverage\build-output\Microsoft.VisualStudio.TestPlatform.MSTest.TestAdapter.dll
TpTrace Verbose: 0 : 27600, 4, 2021/10/22, 15:09:09.800, 7899188108436, testhost.dll, TestPluginCache.GetExtensionPaths: Added unfilterableExtensionPaths: 
TpTrace Information: 0 : 27600, 4, 2021/10/22, 15:09:09.800, 7899188110051, testhost.dll, AssemblyResolver.AddSearchDirectories: Adding more searchDirectories C:\Users\srw33\Desktop\Class\CSDS 393\TaskTrackingCalendar\TaskListTests\bin\Debug\.netcoreapp,version=v5.0\fine-code-coverage\build-output
TpTrace Verbose: 0 : 27600, 4, 2021/10/22, 15:09:09.800, 7899188110462, testhost.dll, TestPluginCache.DiscoverTestExtensions: Discovering the extensions using extension path.
TpTrace Verbose: 0 : 27600, 4, 2021/10/22, 15:09:09.800, 7899188110752, testhost.dll, TestPluginCache.GetExtensionPaths: Filtered extension paths: 
TpTrace Verbose: 0 : 27600, 4, 2021/10/22, 15:09:09.800, 7899188111087, testhost.dll, TestPluginCache.GetExtensionPaths: Added default extension paths: C:\Users\srw33\Desktop\Class\CSDS 393\TaskTrackingCalendar\TaskListTests\bin\Debug\.netcoreapp,version=v5.0\fine-code-coverage\build-output\Microsoft.VisualStudio.TestPlatform.MSTest.TestAdapter.dll
TpTrace Verbose: 0 : 27600, 4, 2021/10/22, 15:09:09.800, 7899188111349, testhost.dll, TestPluginCache.GetExtensionPaths: Added unfilterableExtensionPaths: 
TpTrace Verbose: 0 : 27600, 4, 2021/10/22, 15:09:09.800, 7899188111621, testhost.dll, TestPluginCache.DiscoverTestExtensions: Discovering the extensions using allExtensionPaths: C:\Users\srw33\Desktop\Class\CSDS 393\TaskTrackingCalendar\TaskListTests\bin\Debug\.netcoreapp,version=v5.0\fine-code-coverage\build-output\Microsoft.VisualStudio.TestPlatform.MSTest.TestAdapter.dll
TpTrace Information: 0 : 27600, 4, 2021/10/22, 15:09:09.801, 7899188112006, testhost.dll, AssemblyResolver.AddSearchDirectories: Adding more searchDirectories C:\Users\srw33\Desktop\Class\CSDS 393\TaskTrackingCalendar\TaskListTests\bin\Debug\.netcoreapp,version=v5.0\fine-code-coverage\build-output
TpTrace Verbose: 0 : 27600, 4, 2021/10/22, 15:09:09.801, 7899188113389, testhost.dll, TestPluginCache: Discovered the extensions using extension path ''.
TpTrace Verbose: 0 : 27600, 4, 2021/10/22, 15:09:09.801, 7899188113751, testhost.dll, TestPluginCache: Discoverers are ''.
TpTrace Verbose: 0 : 27600, 4, 2021/10/22, 15:09:09.801, 7899188114075, testhost.dll, TestPluginCache: Executors are 'executor://MSTestAdapter/v2'.
TpTrace Verbose: 0 : 27600, 4, 2021/10/22, 15:09:09.801, 7899188114933, testhost.dll, TestPluginCache: Executors2 are ''.
TpTrace Verbose: 0 : 27600, 4, 2021/10/22, 15:09:09.801, 7899188115312, testhost.dll, TestPluginCache: Setting providers are ''.
TpTrace Verbose: 0 : 27600, 4, 2021/10/22, 15:09:09.801, 7899188115566, testhost.dll, TestPluginCache: Loggers are ''.
TpTrace Information: 0 : 27600, 4, 2021/10/22, 15:09:09.804, 7899188149225, testhost.dll, TestPluginManager.CreateTestExtension: Attempting to load test extension: Microsoft.VisualStudio.TestPlatform.MSTest.TestAdapter.MSTestExecutor
TpTrace Verbose: 0 : 27600, 4, 2021/10/22, 15:09:09.809, 7899188201535, testhost.dll, TestExecutorExtensionManager: Loading executor Microsoft.VisualStudio.TestPlatform.MSTest.TestAdapter.MSTestExecutor
TpTrace Verbose: 0 : 27600, 4, 2021/10/22, 15:09:09.810, 7899188202182, testhost.dll, TestExecutorService: Loaded the executors
TpTrace Verbose: 0 : 27600, 4, 2021/10/22, 15:09:09.810, 7899188207932, testhost.dll, TestPluginCache.DiscoverTestExtensions: finding test extensions in assemblies ends with: TestAdapter.dll TPluginInfo: Microsoft.VisualStudio.TestPlatform.Common.ExtensionFramework.Utilities.TestSettingsProviderPluginInformation TExtension: Microsoft.VisualStudio.TestPlatform.ObjectModel.Adapter.ISettingsProvider
TpTrace Verbose: 0 : 27600, 4, 2021/10/22, 15:09:09.810, 7899188208730, testhost.dll, TestPluginCache.GetExtensionPaths: Filtered extension paths: 
TpTrace Verbose: 0 : 27600, 4, 2021/10/22, 15:09:09.810, 7899188209100, testhost.dll, TestPluginCache.GetExtensionPaths: Added default extension paths: C:\Users\srw33\Desktop\Class\CSDS 393\TaskTrackingCalendar\TaskListTests\bin\Debug\.netcoreapp,version=v5.0\fine-code-coverage\build-output\Microsoft.VisualStudio.TestPlatform.MSTest.TestAdapter.dll
TpTrace Verbose: 0 : 27600, 4, 2021/10/22, 15:09:09.810, 7899188209385, testhost.dll, TestPluginCache.GetExtensionPaths: Added unfilterableExtensionPaths: 
TpTrace Information: 0 : 27600, 4, 2021/10/22, 15:09:09.810, 7899188210697, testhost.dll, AssemblyResolver.AddSearchDirectories: Adding more searchDirectories C:\Users\srw33\Desktop\Class\CSDS 393\TaskTrackingCalendar\TaskListTests\bin\Debug\.netcoreapp,version=v5.0\fine-code-coverage\build-output
TpTrace Verbose: 0 : 27600, 4, 2021/10/22, 15:09:09.810, 7899188211071, testhost.dll, TestPluginCache.DiscoverTestExtensions: Discovering the extensions using extension path.
TpTrace Verbose: 0 : 27600, 4, 2021/10/22, 15:09:09.810, 7899188211348, testhost.dll, TestPluginCache.GetExtensionPaths: Filtered extension paths: 
TpTrace Verbose: 0 : 27600, 4, 2021/10/22, 15:09:09.810, 7899188211604, testhost.dll, TestPluginCache.GetExtensionPaths: Added default extension paths: C:\Users\srw33\Desktop\Class\CSDS 393\TaskTrackingCalendar\TaskListTests\bin\Debug\.netcoreapp,version=v5.0\fine-code-coverage\build-output\Microsoft.VisualStudio.TestPlatform.MSTest.TestAdapter.dll
TpTrace Verbose: 0 : 27600, 4, 2021/10/22, 15:09:09.811, 7899188211895, testhost.dll, TestPluginCache.GetExtensionPaths: Added unfilterableExtensionPaths: 
TpTrace Verbose: 0 : 27600, 4, 2021/10/22, 15:09:09.811, 7899188212176, testhost.dll, TestPluginCache.DiscoverTestExtensions: Discovering the extensions using allExtensionPaths: C:\Users\srw33\Desktop\Class\CSDS 393\TaskTrackingCalendar\TaskListTests\bin\Debug\.netcoreapp,version=v5.0\fine-code-coverage\build-output\Microsoft.VisualStudio.TestPlatform.MSTest.TestAdapter.dll
TpTrace Information: 0 : 27600, 4, 2021/10/22, 15:09:09.811, 7899188212523, testhost.dll, AssemblyResolver.AddSearchDirectories: Adding more searchDirectories C:\Users\srw33\Desktop\Class\CSDS 393\TaskTrackingCalendar\TaskListTests\bin\Debug\.netcoreapp,version=v5.0\fine-code-coverage\build-output
TpTrace Verbose: 0 : 27600, 4, 2021/10/22, 15:09:09.811, 7899188214038, testhost.dll, TestPluginCache: Discovered the extensions using extension path ''.
TpTrace Verbose: 0 : 27600, 4, 2021/10/22, 15:09:09.811, 7899188214398, testhost.dll, TestPluginCache: Discoverers are ''.
TpTrace Verbose: 0 : 27600, 4, 2021/10/22, 15:09:09.811, 7899188214700, testhost.dll, TestPluginCache: Executors are 'executor://MSTestAdapter/v2'.
TpTrace Verbose: 0 : 27600, 4, 2021/10/22, 15:09:09.811, 7899188214982, testhost.dll, TestPluginCache: Executors2 are ''.
TpTrace Verbose: 0 : 27600, 4, 2021/10/22, 15:09:09.811, 7899188215315, testhost.dll, TestPluginCache: Setting providers are ''.
TpTrace Verbose: 0 : 27600, 4, 2021/10/22, 15:09:09.811, 7899188215576, testhost.dll, TestPluginCache: Loggers are ''.
TpTrace Verbose: 0 : 27600, 4, 2021/10/22, 15:09:09.812, 7899188221706, testhost.dll, TestExecutorService: Loaded the settings providers
TpTrace Information: 0 : 27600, 4, 2021/10/22, 15:09:09.812, 7899188222156, testhost.dll, TestExecutorService: Loaded the extensions
TpTrace Information: 0 : 27600, 4, 2021/10/22, 15:09:09.812, 7899188225762, testhost.dll, TestRequestHandler.OnMessageReceived: Running job 'TestExecution.StartWithSources'.
TpTrace Information: 0 : 27600, 4, 2021/10/22, 15:09:09.863, 7899188734572, testhost.dll, TestDiscoveryManager: Discovering tests from sources C:\Users\srw33\Desktop\Class\CSDS 393\TaskTrackingCalendar\TaskListTests\bin\Debug\.netcoreapp,version=v5.0\fine-code-coverage\build-output\TaskListTests.dll
TpTrace Verbose: 0 : 27600, 4, 2021/10/22, 15:09:09.864, 7899188749864, testhost.dll, TestPluginCache.DiscoverTestExtensions: finding test extensions in assemblies ends with: TestAdapter.dll TPluginInfo: Microsoft.VisualStudio.TestPlatform.Common.ExtensionFramework.Utilities.TestDiscovererPluginInformation TExtension: Microsoft.VisualStudio.TestPlatform.ObjectModel.Adapter.ITestDiscoverer
TpTrace Verbose: 0 : 27600, 4, 2021/10/22, 15:09:09.864, 7899188751096, testhost.dll, TestPluginCache.GetExtensionPaths: Filtered extension paths: 
TpTrace Verbose: 0 : 27600, 4, 2021/10/22, 15:09:09.864, 7899188751472, testhost.dll, TestPluginCache.GetExtensionPaths: Added default extension paths: C:\Users\srw33\Desktop\Class\CSDS 393\TaskTrackingCalendar\TaskListTests\bin\Debug\.netcoreapp,version=v5.0\fine-code-coverage\build-output\Microsoft.VisualStudio.TestPlatform.MSTest.TestAdapter.dll
TpTrace Verbose: 0 : 27600, 4, 2021/10/22, 15:09:09.865, 7899188751751, testhost.dll, TestPluginCache.GetExtensionPaths: Added unfilterableExtensionPaths: 
TpTrace Information: 0 : 27600, 4, 2021/10/22, 15:09:09.865, 7899188754878, testhost.dll, AssemblyResolver.AddSearchDirectories: Adding more searchDirectories C:\Users\srw33\Desktop\Class\CSDS 393\TaskTrackingCalendar\TaskListTests\bin\Debug\.netcoreapp,version=v5.0\fine-code-coverage\build-output
TpTrace Verbose: 0 : 27600, 4, 2021/10/22, 15:09:09.865, 7899188755672, testhost.dll, TestPluginCache.DiscoverTestExtensions: Discovering the extensions using extension path.
TpTrace Verbose: 0 : 27600, 4, 2021/10/22, 15:09:09.865, 7899188756145, testhost.dll, TestPluginCache.GetExtensionPaths: Filtered extension paths: 
TpTrace Verbose: 0 : 27600, 4, 2021/10/22, 15:09:09.865, 7899188756727, testhost.dll, TestPluginCache.GetExtensionPaths: Added default extension paths: C:\Users\srw33\Desktop\Class\CSDS 393\TaskTrackingCalendar\TaskListTests\bin\Debug\.netcoreapp,version=v5.0\fine-code-coverage\build-output\Microsoft.VisualStudio.TestPlatform.MSTest.TestAdapter.dll
TpTrace Verbose: 0 : 27600, 4, 2021/10/22, 15:09:09.865, 7899188757089, testhost.dll, TestPluginCache.GetExtensionPaths: Added unfilterableExtensionPaths: 
TpTrace Verbose: 0 : 27600, 4, 2021/10/22, 15:09:09.865, 7899188757398, testhost.dll, TestPluginCache.DiscoverTestExtensions: Discovering the extensions using allExtensionPaths: C:\Users\srw33\Desktop\Class\CSDS 393\TaskTrackingCalendar\TaskListTests\bin\Debug\.netcoreapp,version=v5.0\fine-code-coverage\build-output\Microsoft.VisualStudio.TestPlatform.MSTest.TestAdapter.dll
TpTrace Information: 0 : 27600, 4, 2021/10/22, 15:09:09.865, 7899188757918, testhost.dll, AssemblyResolver.AddSearchDirectories: Adding more searchDirectories C:\Users\srw33\Desktop\Class\CSDS 393\TaskTrackingCalendar\TaskListTests\bin\Debug\.netcoreapp,version=v5.0\fine-code-coverage\build-output
TpTrace Verbose: 0 : 27600, 4, 2021/10/22, 15:09:09.867, 7899188772992, testhost.dll, TestPluginCache: Discovered the extensions using extension path ''.
TpTrace Verbose: 0 : 27600, 4, 2021/10/22, 15:09:09.867, 7899188773612, testhost.dll, TestPluginCache: Discoverers are 'Microsoft.VisualStudio.TestPlatform.MSTest.TestAdapter.MSTestDiscoverer, Microsoft.VisualStudio.TestPlatform.MSTest.TestAdapter, Version=14.0.0.0, Culture=neutral, PublicKeyToken=b03f5f7f11d50a3a'.
TpTrace Verbose: 0 : 27600, 4, 2021/10/22, 15:09:09.867, 7899188773944, testhost.dll, TestPluginCache: Executors are 'executor://MSTestAdapter/v2'.
TpTrace Verbose: 0 : 27600, 4, 2021/10/22, 15:09:09.867, 7899188774216, testhost.dll, TestPluginCache: Executors2 are ''.
TpTrace Verbose: 0 : 27600, 4, 2021/10/22, 15:09:09.867, 7899188774469, testhost.dll, TestPluginCache: Setting providers are ''.
TpTrace Verbose: 0 : 27600, 4, 2021/10/22, 15:09:09.867, 7899188774712, testhost.dll, TestPluginCache: Loggers are ''.
TpTrace Verbose: 0 : 27600, 4, 2021/10/22, 15:09:09.872, 7899188828001, testhost.dll, BaseRunTests.RunTestInternalWithExecutors: Running tests for executor://MSTestAdapter/v2
TpTrace Information: 0 : 27600, 4, 2021/10/22, 15:09:09.873, 7899188832536, testhost.dll, AssemblyResolver.OnResolve: Microsoft.VisualStudio.TestPlatform.MSTestAdapter.PlatformServices.Interface: Resolving assembly.
TpTrace Information: 0 : 27600, 4, 2021/10/22, 15:09:09.873, 7899188833568, testhost.dll, AssemblyResolver.OnResolve: Microsoft.VisualStudio.TestPlatform.MSTestAdapter.PlatformServices.Interface: Searching in: 'C:\Users\srw33\Desktop\Class\CSDS 393\TaskTrackingCalendar\TaskListTests\bin\Debug\.netcoreapp,version=v5.0\fine-code-coverage\build-output'.
TpTrace Information: 0 : 27600, 4, 2021/10/22, 15:09:09.873, 7899188838042, testhost.dll, AssemblyResolver.OnResolve: Microsoft.VisualStudio.TestPlatform.MSTestAdapter.PlatformServices.Interface: Loading assembly 'C:\Users\srw33\Desktop\Class\CSDS 393\TaskTrackingCalendar\TaskListTests\bin\Debug\.netcoreapp,version=v5.0\fine-code-coverage\build-output\Microsoft.VisualStudio.TestPlatform.MSTestAdapter.PlatformServices.Interface.dll'.
TpTrace Information: 0 : 27600, 4, 2021/10/22, 15:09:09.874, 7899188846852, testhost.dll, AssemblyResolver.OnResolve: Resolved assembly: Microsoft.VisualStudio.TestPlatform.MSTestAdapter.PlatformServices.Interface, from path: C:\Users\srw33\Desktop\Class\CSDS 393\TaskTrackingCalendar\TaskListTests\bin\Debug\.netcoreapp,version=v5.0\fine-code-coverage\build-output\Microsoft.VisualStudio.TestPlatform.MSTestAdapter.PlatformServices.Interface.dll
TpTrace Information: 0 : 27600, 4, 2021/10/22, 15:09:09.875, 7899188857119, testhost.dll, AssemblyResolver.OnResolve: Microsoft.VisualStudio.TestPlatform.MSTestAdapter.PlatformServices: Resolving assembly.
TpTrace Information: 0 : 27600, 4, 2021/10/22, 15:09:09.875, 7899188857743, testhost.dll, AssemblyResolver.OnResolve: Microsoft.VisualStudio.TestPlatform.MSTestAdapter.PlatformServices: Searching in: 'C:\Users\srw33\Desktop\Class\CSDS 393\TaskTrackingCalendar\TaskListTests\bin\Debug\.netcoreapp,version=v5.0\fine-code-coverage\build-output'.
TpTrace Information: 0 : 27600, 4, 2021/10/22, 15:09:09.875, 7899188860666, testhost.dll, AssemblyResolver.OnResolve: Microsoft.VisualStudio.TestPlatform.MSTestAdapter.PlatformServices: Loading assembly 'C:\Users\srw33\Desktop\Class\CSDS 393\TaskTrackingCalendar\TaskListTests\bin\Debug\.netcoreapp,version=v5.0\fine-code-coverage\build-output\Microsoft.VisualStudio.TestPlatform.MSTestAdapter.PlatformServices.dll'.
TpTrace Information: 0 : 27600, 4, 2021/10/22, 15:09:09.876, 7899188864640, testhost.dll, AssemblyResolver.OnResolve: Resolved assembly: Microsoft.VisualStudio.TestPlatform.MSTestAdapter.PlatformServices, from path: C:\Users\srw33\Desktop\Class\CSDS 393\TaskTrackingCalendar\TaskListTests\bin\Debug\.netcoreapp,version=v5.0\fine-code-coverage\build-output\Microsoft.VisualStudio.TestPlatform.MSTestAdapter.PlatformServices.dll
TpTrace Information: 0 : 27600, 4, 2021/10/22, 15:09:09.876, 7899188866985, testhost.dll, MSTest - MSTestExecutor.RunTests: Running tests from sources.
TpTrace Information: 0 : 27600, 4, 2021/10/22, 15:09:09.878, 7899188886077, testhost.dll, MSTest - CollectSourceInformation value Found : False 
TpTrace Information: 0 : 27600, 4, 2021/10/22, 15:09:10.159, 7899191699909, testhost.dll, MSTest - DictionaryHelper.ConcatWithOverwrites: The source is null or empty, returning the overwrite dictionary.
TpTrace Information: 0 : 27600, 4, 2021/10/22, 15:09:10.164, 7899191751159, testhost.dll, MSTest - DictionaryHelper.ConcatWithOverwrites: The source is null or empty, returning the overwrite dictionary.
TpTrace Information: 0 : 27600, 4, 2021/10/22, 15:09:10.169, 7899191798591, testhost.dll, AssemblyResolver.OnResolve: Microsoft.TestPlatform.AdapterUtilities: Resolving assembly.
TpTrace Information: 0 : 27600, 4, 2021/10/22, 15:09:10.169, 7899191800111, testhost.dll, AssemblyResolver.OnResolve: Microsoft.TestPlatform.AdapterUtilities: Searching in: 'C:\Users\srw33\Desktop\Class\CSDS 393\TaskTrackingCalendar\TaskListTests\bin\Debug\.netcoreapp,version=v5.0\fine-code-coverage\build-output'.
TpTrace Information: 0 : 27600, 4, 2021/10/22, 15:09:10.170, 7899191804982, testhost.dll, AssemblyResolver.OnResolve: Microsoft.TestPlatform.AdapterUtilities: Loading assembly 'C:\Users\srw33\Desktop\Class\CSDS 393\TaskTrackingCalendar\TaskListTests\bin\Debug\.netcoreapp,version=v5.0\fine-code-coverage\build-output\Microsoft.TestPlatform.AdapterUtilities.dll'.
TpTrace Information: 0 : 27600, 4, 2021/10/22, 15:09:10.170, 7899191811609, testhost.dll, AssemblyResolver.OnResolve: Resolved assembly: Microsoft.TestPlatform.AdapterUtilities, from path: C:\Users\srw33\Desktop\Class\CSDS 393\TaskTrackingCalendar\TaskListTests\bin\Debug\.netcoreapp,version=v5.0\fine-code-coverage\build-output\Microsoft.TestPlatform.AdapterUtilities.dll
TpTrace Information: 0 : 27600, 4, 2021/10/22, 15:09:10.194, 7899192042532, testhost.dll, MSTest - DictionaryHelper.ConcatWithOverwrites: The source is null or empty, returning the overwrite dictionary.
TpTrace Information: 0 : 27600, 4, 2021/10/22, 15:09:10.194, 7899192044339, testhost.dll, MSTest - MSTestDiscoverer: Found 19 tests from source C:\Users\srw33\Desktop\Class\CSDS 393\TaskTrackingCalendar\TaskListTests\bin\Debug\.netcoreapp,version=v5.0\fine-code-coverage\build-output\TaskListTests.dll
TpTrace Information: 0 : 27600, 4, 2021/10/22, 15:09:10.209, 7899192198077, testhost.dll, AssemblyResolver.OnResolve: Microsoft.VisualStudio.TestPlatform.MSTestAdapter.PlatformServices.resources: Resolving assembly.
TpTrace Information: 0 : 27600, 4, 2021/10/22, 15:09:10.209, 7899192199634, testhost.dll, AssemblyResolver.OnResolve: Microsoft.VisualStudio.TestPlatform.MSTestAdapter.PlatformServices.resources: Searching in: 'C:\Users\srw33\Desktop\Class\CSDS 393\TaskTrackingCalendar\TaskListTests\bin\Debug\.netcoreapp,version=v5.0\fine-code-coverage\build-output'.
TpTrace Information: 0 : 27600, 4, 2021/10/22, 15:09:10.209, 7899192201399, testhost.dll, AssemblyResolver.OnResolve: Microsoft.VisualStudio.TestPlatform.MSTestAdapter.PlatformServices.resources: Assembly path does not exist: 'C:\Users\srw33\Desktop\Class\CSDS 393\TaskTrackingCalendar\TaskListTests\bin\Debug\.netcoreapp,version=v5.0\fine-code-coverage\build-output\Microsoft.VisualStudio.TestPlatform.MSTestAdapter.PlatformServices.resources.dll', returning.
TpTrace Information: 0 : 27600, 4, 2021/10/22, 15:09:10.210, 7899192202380, testhost.dll, AssemblyResolver.OnResolve: Microsoft.VisualStudio.TestPlatform.MSTestAdapter.PlatformServices.resources: Assembly path does not exist: 'C:\Users\srw33\Desktop\Class\CSDS 393\TaskTrackingCalendar\TaskListTests\bin\Debug\.netcoreapp,version=v5.0\fine-code-coverage\build-output\Microsoft.VisualStudio.TestPlatform.MSTestAdapter.PlatformServices.resources.exe', returning.
TpTrace Information: 0 : 27600, 4, 2021/10/22, 15:09:10.210, 7899192202840, testhost.dll, AssemblyResolver.OnResolve: Microsoft.VisualStudio.TestPlatform.MSTestAdapter.PlatformServices.resources: Failed to load assembly.
TpTrace Information: 0 : 27600, 4, 2021/10/22, 15:09:10.210, 7899192207707, testhost.dll, AssemblyResolver.OnResolve: Microsoft.VisualStudio.TestPlatform.MSTestAdapter.PlatformServices.resources: Resolving assembly.
TpTrace Information: 0 : 27600, 4, 2021/10/22, 15:09:10.210, 7899192208894, testhost.dll, AssemblyResolver.OnResolve: Microsoft.VisualStudio.TestPlatform.MSTestAdapter.PlatformServices.resources: Resolved from cache.
TpTrace Information: 0 : 27600, 4, 2021/10/22, 15:09:10.220, 7899192303055, testhost.dll, MSTest - Created unit-test runner C:\Users\srw33\Desktop\Class\CSDS 393\TaskTrackingCalendar\TaskListTests\bin\Debug\.netcoreapp,version=v5.0\fine-code-coverage\build-output\TaskListTests.dll
TpTrace Verbose: 0 : 27600, 4, 2021/10/22, 15:09:10.223, 7899192334771, testhost.dll, TestExecutionRecorder.RecordStart: Starting test: TaskTrackingCalendar.Tests.TaskListTests.TestCreateClass_WhenDataValid_Succeeds.
TpTrace Information: 0 : 27600, 4, 2021/10/22, 15:09:10.270, 7899192803164, testhost.dll, MSTest - Executing test TestCreateClass_WhenDataValid_Succeeds
TpTrace Information: 0 : 27600, 4, 2021/10/22, 15:09:10.553, 7899195638322, testhost.dll, MSTest - Executed test TestCreateClass_WhenDataValid_Succeeds
TpTrace Verbose: 0 : 27600, 4, 2021/10/22, 15:09:10.556, 7899195666274, testhost.dll, TestExecutionRecorder.RecordEnd: test: TaskTrackingCalendar.Tests.TaskListTests.TestCreateClass_WhenDataValid_Succeeds execution completed.
TpTrace Verbose: 0 : 27600, 4, 2021/10/22, 15:09:10.567, 7899195780436, testhost.dll, TestExecutionRecorder.RecordResult: Received result for test: TaskTrackingCalendar.Tests.TaskListTests.TestCreateClass_WhenDataValid_Succeeds.
TpTrace Warning: 0 : 27600, 4, 2021/10/22, 15:09:10.571, 7899195813560, testhost.dll, TestRunCache: InProgressTests is null
TpTrace Warning: 0 : 27600, 4, 2021/10/22, 15:09:10.571, 7899195814756, testhost.dll, TestRunCache: No test found corresponding to testResult 'TestCreateClass_WhenDataValid_Succeeds' in inProgress list.
TpTrace Verbose: 0 : 27600, 4, 2021/10/22, 15:09:10.571, 7899195815808, testhost.dll, TestExecutionRecorder.RecordStart: Starting test: TaskTrackingCalendar.Tests.TaskListTests.TestCreateClass_WhenDataInvalid_Fails.
TpTrace Information: 0 : 27600, 4, 2021/10/22, 15:09:10.572, 7899195825656, testhost.dll, MSTest - Executing test TestCreateClass_WhenDataInvalid_Fails
TpTrace Information: 0 : 27600, 4, 2021/10/22, 15:09:10.572, 7899195829417, testhost.dll, MSTest - Executed test TestCreateClass_WhenDataInvalid_Fails
TpTrace Verbose: 0 : 27600, 4, 2021/10/22, 15:09:10.572, 7899195829944, testhost.dll, TestExecutionRecorder.RecordEnd: test: TaskTrackingCalendar.Tests.TaskListTests.TestCreateClass_WhenDataInvalid_Fails execution completed.
TpTrace Verbose: 0 : 27600, 4, 2021/10/22, 15:09:10.573, 7899195837584, testhost.dll, TestExecutionRecorder.RecordResult: Received result for test: TaskTrackingCalendar.Tests.TaskListTests.TestCreateClass_WhenDataInvalid_Fails.
TpTrace Warning: 0 : 27600, 4, 2021/10/22, 15:09:10.573, 7899195838216, testhost.dll, TestRunCache: InProgressTests is null
TpTrace Warning: 0 : 27600, 4, 2021/10/22, 15:09:10.573, 7899195838618, testhost.dll, TestRunCache: No test found corresponding to testResult 'TestCreateClass_WhenDataInvalid_Fails' in inProgress list.
TpTrace Verbose: 0 : 27600, 4, 2021/10/22, 15:09:10.573, 7899195839215, testhost.dll, TestExecutionRecorder.RecordStart: Starting test: TaskTrackingCalendar.Tests.TaskListTests.TestUpdateClass_WhenAllowed_Succeeds.
TpTrace Information: 0 : 27600, 4, 2021/10/22, 15:09:10.574, 7899195846115, testhost.dll, MSTest - Executing test TestUpdateClass_WhenAllowed_Succeeds
TpTrace Information: 0 : 27600, 4, 2021/10/22, 15:09:10.574, 7899195849569, testhost.dll, MSTest - Executed test TestUpdateClass_WhenAllowed_Succeeds
TpTrace Verbose: 0 : 27600, 4, 2021/10/22, 15:09:10.574, 7899195850055, testhost.dll, TestExecutionRecorder.RecordEnd: test: TaskTrackingCalendar.Tests.TaskListTests.TestUpdateClass_WhenAllowed_Succeeds execution completed.
TpTrace Verbose: 0 : 27600, 4, 2021/10/22, 15:09:10.575, 7899195858702, testhost.dll, TestExecutionRecorder.RecordResult: Received result for test: TaskTrackingCalendar.Tests.TaskListTests.TestUpdateClass_WhenAllowed_Succeeds.
TpTrace Warning: 0 : 27600, 4, 2021/10/22, 15:09:10.575, 7899195859454, testhost.dll, TestRunCache: InProgressTests is null
TpTrace Warning: 0 : 27600, 4, 2021/10/22, 15:09:10.575, 7899195859789, testhost.dll, TestRunCache: No test found corresponding to testResult 'TestUpdateClass_WhenAllowed_Succeeds' in inProgress list.
TpTrace Verbose: 0 : 27600, 4, 2021/10/22, 15:09:10.575, 7899195860299, testhost.dll, TestExecutionRecorder.RecordStart: Starting test: TaskTrackingCalendar.Tests.TaskListTests.TestUpdateClass_WhenNoClass_Fails.
TpTrace Information: 0 : 27600, 4, 2021/10/22, 15:09:10.577, 7899195873813, testhost.dll, MSTest - Executing test TestUpdateClass_WhenNoClass_Fails
TpTrace Information: 0 : 27600, 4, 2021/10/22, 15:09:10.577, 7899195876172, testhost.dll, MSTest - Executed test TestUpdateClass_WhenNoClass_Fails
TpTrace Verbose: 0 : 27600, 4, 2021/10/22, 15:09:10.577, 7899195876660, testhost.dll, TestExecutionRecorder.RecordEnd: test: TaskTrackingCalendar.Tests.TaskListTests.TestUpdateClass_WhenNoClass_Fails execution completed.
TpTrace Verbose: 0 : 27600, 4, 2021/10/22, 15:09:10.578, 7899195884728, testhost.dll, TestExecutionRecorder.RecordResult: Received result for test: TaskTrackingCalendar.Tests.TaskListTests.TestUpdateClass_WhenNoClass_Fails.
TpTrace Warning: 0 : 27600, 4, 2021/10/22, 15:09:10.578, 7899195885311, testhost.dll, TestRunCache: InProgressTests is null
TpTrace Warning: 0 : 27600, 4, 2021/10/22, 15:09:10.578, 7899195885628, testhost.dll, TestRunCache: No test found corresponding to testResult 'TestUpdateClass_WhenNoClass_Fails' in inProgress list.
TpTrace Verbose: 0 : 27600, 4, 2021/10/22, 15:09:10.578, 7899195886145, testhost.dll, TestExecutionRecorder.RecordStart: Starting test: TaskTrackingCalendar.Tests.TaskListTests.TestUpdateClass_WhenNameConflict_Fails.
TpTrace Information: 0 : 27600, 4, 2021/10/22, 15:09:10.579, 7899195894284, testhost.dll, MSTest - Executing test TestUpdateClass_WhenNameConflict_Fails
TpTrace Information: 0 : 27600, 4, 2021/10/22, 15:09:10.579, 7899195896508, testhost.dll, MSTest - Executed test TestUpdateClass_WhenNameConflict_Fails
TpTrace Verbose: 0 : 27600, 4, 2021/10/22, 15:09:10.579, 7899195896979, testhost.dll, TestExecutionRecorder.RecordEnd: test: TaskTrackingCalendar.Tests.TaskListTests.TestUpdateClass_WhenNameConflict_Fails execution completed.
TpTrace Verbose: 0 : 27600, 4, 2021/10/22, 15:09:10.580, 7899195905259, testhost.dll, TestExecutionRecorder.RecordResult: Received result for test: TaskTrackingCalendar.Tests.TaskListTests.TestUpdateClass_WhenNameConflict_Fails.
TpTrace Warning: 0 : 27600, 4, 2021/10/22, 15:09:10.580, 7899195905842, testhost.dll, TestRunCache: InProgressTests is null
TpTrace Warning: 0 : 27600, 4, 2021/10/22, 15:09:10.580, 7899195906159, testhost.dll, TestRunCache: No test found corresponding to testResult 'TestUpdateClass_WhenNameConflict_Fails' in inProgress list.
TpTrace Verbose: 0 : 27600, 4, 2021/10/22, 15:09:10.580, 7899195906659, testhost.dll, TestExecutionRecorder.RecordStart: Starting test: TaskTrackingCalendar.Tests.TaskListTests.TestDeleteClass_WhenClassExists_Succeeds.
TpTrace Information: 0 : 27600, 4, 2021/10/22, 15:09:10.581, 7899195914139, testhost.dll, MSTest - Executing test TestDeleteClass_WhenClassExists_Succeeds
TpTrace Information: 0 : 27600, 4, 2021/10/22, 15:09:10.581, 7899195917239, testhost.dll, MSTest - Executed test TestDeleteClass_WhenClassExists_Succeeds
TpTrace Verbose: 0 : 27600, 4, 2021/10/22, 15:09:10.581, 7899195917722, testhost.dll, TestExecutionRecorder.RecordEnd: test: TaskTrackingCalendar.Tests.TaskListTests.TestDeleteClass_WhenClassExists_Succeeds execution completed.
TpTrace Verbose: 0 : 27600, 4, 2021/10/22, 15:09:10.582, 7899195926408, testhost.dll, TestExecutionRecorder.RecordResult: Received result for test: TaskTrackingCalendar.Tests.TaskListTests.TestDeleteClass_WhenClassExists_Succeeds.
TpTrace Warning: 0 : 27600, 4, 2021/10/22, 15:09:10.582, 7899195927537, testhost.dll, TestRunCache: InProgressTests is null
TpTrace Warning: 0 : 27600, 4, 2021/10/22, 15:09:10.582, 7899195927903, testhost.dll, TestRunCache: No test found corresponding to testResult 'TestDeleteClass_WhenClassExists_Succeeds' in inProgress list.
TpTrace Verbose: 0 : 27600, 4, 2021/10/22, 15:09:10.582, 7899195928381, testhost.dll, TestExecutionRecorder.RecordStart: Starting test: TaskTrackingCalendar.Tests.TaskListTests.TestDeleteClass_WhenNoClass_Fails.
TpTrace Information: 0 : 27600, 4, 2021/10/22, 15:09:10.583, 7899195935934, testhost.dll, MSTest - Executing test TestDeleteClass_WhenNoClass_Fails
TpTrace Information: 0 : 27600, 4, 2021/10/22, 15:09:10.583, 7899195938142, testhost.dll, MSTest - Executed test TestDeleteClass_WhenNoClass_Fails
TpTrace Verbose: 0 : 27600, 4, 2021/10/22, 15:09:10.583, 7899195938603, testhost.dll, TestExecutionRecorder.RecordEnd: test: TaskTrackingCalendar.Tests.TaskListTests.TestDeleteClass_WhenNoClass_Fails execution completed.
TpTrace Verbose: 0 : 27600, 4, 2021/10/22, 15:09:10.586, 7899195966784, testhost.dll, TestExecutionRecorder.RecordResult: Received result for test: TaskTrackingCalendar.Tests.TaskListTests.TestDeleteClass_WhenNoClass_Fails.
TpTrace Warning: 0 : 27600, 4, 2021/10/22, 15:09:10.586, 7899195967588, testhost.dll, TestRunCache: InProgressTests is null
TpTrace Warning: 0 : 27600, 4, 2021/10/22, 15:09:10.586, 7899195967910, testhost.dll, TestRunCache: No test found corresponding to testResult 'TestDeleteClass_WhenNoClass_Fails' in inProgress list.
TpTrace Verbose: 0 : 27600, 4, 2021/10/22, 15:09:10.586, 7899195968445, testhost.dll, TestExecutionRecorder.RecordStart: Starting test: TaskTrackingCalendar.Tests.TaskListTests.TestCompleteTask_WhenTaskExists_Succeeds.
TpTrace Information: 0 : 27600, 4, 2021/10/22, 15:09:10.587, 7899195976244, testhost.dll, MSTest - Executing test TestCompleteTask_WhenTaskExists_Succeeds
TpTrace Information: 0 : 27600, 4, 2021/10/22, 15:09:10.589, 7899195992183, testhost.dll, AssemblyResolver.OnResolve: Microsoft.VisualStudio.TestPlatform.TestFramework.resources: Resolving assembly.
TpTrace Information: 0 : 27600, 4, 2021/10/22, 15:09:10.589, 7899195992783, testhost.dll, AssemblyResolver.OnResolve: Microsoft.VisualStudio.TestPlatform.TestFramework.resources: Searching in: 'C:\Users\srw33\Desktop\Class\CSDS 393\TaskTrackingCalendar\TaskListTests\bin\Debug\.netcoreapp,version=v5.0\fine-code-coverage\build-output'.
TpTrace Information: 0 : 27600, 4, 2021/10/22, 15:09:10.589, 7899195993600, testhost.dll, AssemblyResolver.OnResolve: Microsoft.VisualStudio.TestPlatform.TestFramework.resources: Assembly path does not exist: 'C:\Users\srw33\Desktop\Class\CSDS 393\TaskTrackingCalendar\TaskListTests\bin\Debug\.netcoreapp,version=v5.0\fine-code-coverage\build-output\Microsoft.VisualStudio.TestPlatform.TestFramework.resources.dll', returning.
TpTrace Information: 0 : 27600, 4, 2021/10/22, 15:09:10.589, 7899195994318, testhost.dll, AssemblyResolver.OnResolve: Microsoft.VisualStudio.TestPlatform.TestFramework.resources: Assembly path does not exist: 'C:\Users\srw33\Desktop\Class\CSDS 393\TaskTrackingCalendar\TaskListTests\bin\Debug\.netcoreapp,version=v5.0\fine-code-coverage\build-output\Microsoft.VisualStudio.TestPlatform.TestFramework.resources.exe', returning.
TpTrace Information: 0 : 27600, 4, 2021/10/22, 15:09:10.589, 7899195994638, testhost.dll, AssemblyResolver.OnResolve: Microsoft.VisualStudio.TestPlatform.TestFramework.resources: Failed to load assembly.
TpTrace Information: 0 : 27600, 4, 2021/10/22, 15:09:10.606, 7899196170624, testhost.dll, MSTest - Executed test TestCompleteTask_WhenTaskExists_Succeeds
TpTrace Verbose: 0 : 27600, 4, 2021/10/22, 15:09:10.606, 7899196171578, testhost.dll, TestExecutionRecorder.RecordEnd: test: TaskTrackingCalendar.Tests.TaskListTests.TestCompleteTask_WhenTaskExists_Succeeds execution completed.
TpTrace Information: 0 : 27600, 4, 2021/10/22, 15:09:10.608, 7899196181967, testhost.dll, MSTest - MSTestExecutor:Test TaskTrackingCalendar.Tests.TaskListTests.TestCompleteTask_WhenTaskExists_Succeeds failed. ErrorMessage:Assert.IsTrue failed. Complete task failed., ErrorStackTrace:   at TaskTrackingCalendar.Tests.TaskListTests.TestCompleteTask_WhenTaskExists_Succeeds() in C:\Users\srw33\Desktop\Class\CSDS 393\TaskTrackingCalendar\TaskListTests\TaskListTests.cs:line 130
.
TpTrace Verbose: 0 : 27600, 4, 2021/10/22, 15:09:10.608, 7899196182530, testhost.dll, TestExecutionRecorder.RecordResult: Received result for test: TaskTrackingCalendar.Tests.TaskListTests.TestCompleteTask_WhenTaskExists_Succeeds.
TpTrace Warning: 0 : 27600, 4, 2021/10/22, 15:09:10.608, 7899196182952, testhost.dll, TestRunCache: InProgressTests is null
TpTrace Warning: 0 : 27600, 4, 2021/10/22, 15:09:10.608, 7899196183253, testhost.dll, TestRunCache: No test found corresponding to testResult 'TestCompleteTask_WhenTaskExists_Succeeds' in inProgress list.
TpTrace Verbose: 0 : 27600, 4, 2021/10/22, 15:09:10.608, 7899196183779, testhost.dll, TestExecutionRecorder.RecordStart: Starting test: TaskTrackingCalendar.Tests.TaskListTests.TestCompleteTask_WhenNoTask_Fails.
TpTrace Information: 0 : 27600, 4, 2021/10/22, 15:09:10.608, 7899196190799, testhost.dll, MSTest - Executing test TestCompleteTask_WhenNoTask_Fails
TpTrace Information: 0 : 27600, 4, 2021/10/22, 15:09:10.609, 7899196193498, testhost.dll, MSTest - Executed test TestCompleteTask_WhenNoTask_Fails
TpTrace Verbose: 0 : 27600, 4, 2021/10/22, 15:09:10.609, 7899196193978, testhost.dll, TestExecutionRecorder.RecordEnd: test: TaskTrackingCalendar.Tests.TaskListTests.TestCompleteTask_WhenNoTask_Fails execution completed.
TpTrace Verbose: 0 : 27600, 4, 2021/10/22, 15:09:10.609, 7899196201012, testhost.dll, TestExecutionRecorder.RecordResult: Received result for test: TaskTrackingCalendar.Tests.TaskListTests.TestCompleteTask_WhenNoTask_Fails.
TpTrace Warning: 0 : 27600, 4, 2021/10/22, 15:09:10.609, 7899196201608, testhost.dll, TestRunCache: InProgressTests is null
TpTrace Warning: 0 : 27600, 4, 2021/10/22, 15:09:10.610, 7899196201925, testhost.dll, TestRunCache: No test found corresponding to testResult 'TestCompleteTask_WhenNoTask_Fails' in inProgress list.
TpTrace Verbose: 0 : 27600, 4, 2021/10/22, 15:09:10.610, 7899196202346, testhost.dll, TestExecutionRecorder.RecordStart: Starting test: TaskTrackingCalendar.Tests.TaskListTests.TestSummaryDataWhenSortedWithClass.
TpTrace Information: 0 : 27600, 4, 2021/10/22, 15:09:10.611, 7899196213077, testhost.dll, Sending test run statistics
TpTrace Verbose: 0 : 27600, 4, 2021/10/22, 15:09:10.630, 7899196404181, testhost.dll, TestRequestHandler.SendData:  sending data from testhost: {"Version":5,"MessageType":"TestExecution.StatsChange","Payload":{"NewTestResults":[{"TestCase":{"Id":"a0f867ed-92d5-2f2c-678d-dffb638ad3a1","FullyQualifiedName":"TaskTrackingCalendar.Tests.TaskListTests.TestCreateClass_WhenDataValid_Succeeds","DisplayName":"TestCreateClass_WhenDataValid_Succeeds","ExecutorUri":"executor://MSTestAdapter/v2","Source":"C:\\Users\\srw33\\Desktop\\Class\\CSDS 393\\TaskTrackingCalendar\\TaskListTests\\bin\\Debug\\.netcoreapp,version=v5.0\\fine-code-coverage\\build-output\\TaskListTests.dll","CodeFilePath":null,"LineNumber":-1,"Properties":[{"Key":{"Id":"TestCase.ManagedType","Label":"ManagedType","Category":"","Description":"","Attributes":1,"ValueType":"System.String"},"Value":"TaskTrackingCalendar.Tests.TaskListTests"},{"Key":{"Id":"TestCase.ManagedMethod","Label":"ManagedMethod","Category":"","Description":"","Attributes":1,"ValueType":"System.String"},"Value":"TestCreateClass_WhenDataValid_Succeeds"},{"Key":{"Id":"MSTestDiscoverer.TestClassName","Label":"ClassName","Category":"","Description":"","Attributes":1,"ValueType":"System.String"},"Value":"TaskTrackingCalendar.Tests.TaskListTests"},{"Key":{"Id":"TestCase.Hierarchy","Label":"Hierarchy","Category":"","Description":"","Attributes":2,"ValueType":"System.String[]"},"Value":["TaskTrackingCalendar.Tests","TaskListTests"]},{"Key":{"Id":"TestObject.Traits","Label":"Traits","Category":"","Description":"","Attributes":5,"ValueType":"System.Collections.Generic.KeyValuePair`2[[System.String],[System.String]][]"},"Value":[]}]},"Attachments":[],"Outcome":1,"ErrorMessage":null,"ErrorStackTrace":null,"DisplayName":"TestCreateClass_WhenDataValid_Succeeds","Messages":[],"ComputerName":null,"Duration":"00:00:00.2678891","StartTime":"2021-10-22T15:09:10.2700879-04:00","EndTime":"2021-10-22T15:09:10.5537708-04:00","Properties":[{"Key":{"Id":"ExecutionId","Label":"ExecutionId","Category":"","Description":"","Attributes":1,"ValueType":"System.Guid"},"Value":"00000000-0000-0000-0000-000000000000"},{"Key":{"Id":"ParentExecId","Label":"ParentExecId","Category":"","Description":"","Attributes":1,"ValueType":"System.Guid"},"Value":"00000000-0000-0000-0000-000000000000"},{"Key":{"Id":"InnerResultsCount","Label":"InnerResultsCount","Category":"","Description":"","Attributes":1,"ValueType":"System.Int32"},"Value":0}]},{"TestCase":{"Id":"138f3ffe-65f1-b500-459b-1db2dfc074b0","FullyQualifiedName":"TaskTrackingCalendar.Tests.TaskListTests.TestCreateClass_WhenDataInvalid_Fails","DisplayName":"TestCreateClass_WhenDataInvalid_Fails","ExecutorUri":"executor://MSTestAdapter/v2","Source":"C:\\Users\\srw33\\Desktop\\Class\\CSDS 393\\TaskTrackingCalendar\\TaskListTests\\bin\\Debug\\.netcoreapp,version=v5.0\\fine-code-coverage\\build-output\\TaskListTests.dll","CodeFilePath":null,"LineNumber":-1,"Properties":[{"Key":{"Id":"TestCase.ManagedType","Label":"ManagedType","Category":"","Description":"","Attributes":1,"ValueType":"System.String"},"Value":"TaskTrackingCalendar.Tests.TaskListTests"},{"Key":{"Id":"TestCase.ManagedMethod","Label":"ManagedMethod","Category":"","Description":"","Attributes":1,"ValueType":"System.String"},"Value":"TestCreateClass_WhenDataInvalid_Fails"},{"Key":{"Id":"MSTestDiscoverer.TestClassName","Label":"ClassName","Category":"","Description":"","Attributes":1,"ValueType":"System.String"},"Value":"TaskTrackingCalendar.Tests.TaskListTests"},{"Key":{"Id":"TestCase.Hierarchy","Label":"Hierarchy","Category":"","Description":"","Attributes":2,"ValueType":"System.String[]"},"Value":["TaskTrackingCalendar.Tests","TaskListTests"]},{"Key":{"Id":"TestObject.Traits","Label":"Traits","Category":"","Description":"","Attributes":5,"ValueType":"System.Collections.Generic.KeyValuePair`2[[System.String],[System.String]][]"},"Value":[]}]},"Attachments":[],"Outcome":1,"ErrorMessage":null,"ErrorStackTrace":null,"DisplayName":"TestCreateClass_WhenDataInvalid_Fails","Messages":[],"ComputerName":null,"Duration":"00:00:00.0001587","StartTime":"2021-10-22T15:09:10.5723919-04:00","EndTime":"2021-10-22T15:09:10.5728176-04:00","Properties":[{"Key":{"Id":"ExecutionId","Label":"ExecutionId","Category":"","Description":"","Attributes":1,"ValueType":"System.Guid"},"Value":"00000000-0000-0000-0000-000000000000"},{"Key":{"Id":"ParentExecId","Label":"ParentExecId","Category":"","Description":"","Attributes":1,"ValueType":"System.Guid"},"Value":"00000000-0000-0000-0000-000000000000"},{"Key":{"Id":"InnerResultsCount","Label":"InnerResultsCount","Category":"","Description":"","Attributes":1,"ValueType":"System.Int32"},"Value":0}]},{"TestCase":{"Id":"9c684e8f-f342-9d4d-00c2-9ffff6930f45","FullyQualifiedName":"TaskTrackingCalendar.Tests.TaskListTests.TestUpdateClass_WhenAllowed_Succeeds","DisplayName":"TestUpdateClass_WhenAllowed_Succeeds","ExecutorUri":"executor://MSTestAdapter/v2","Source":"C:\\Users\\srw33\\Desktop\\Class\\CSDS 393\\TaskTrackingCalendar\\TaskListTests\\bin\\Debug\\.netcoreapp,version=v5.0\\fine-code-coverage\\build-output\\TaskListTests.dll","CodeFilePath":null,"LineNumber":-1,"Properties":[{"Key":{"Id":"TestCase.ManagedType","Label":"ManagedType","Category":"","Description":"","Attributes":1,"ValueType":"System.String"},"Value":"TaskTrackingCalendar.Tests.TaskListTests"},{"Key":{"Id":"TestCase.ManagedMethod","Label":"ManagedMethod","Category":"","Description":"","Attributes":1,"ValueType":"System.String"},"Value":"TestUpdateClass_WhenAllowed_Succeeds"},{"Key":{"Id":"MSTestDiscoverer.TestClassName","Label":"ClassName","Category":"","Description":"","Attributes":1,"ValueType":"System.String"},"Value":"TaskTrackingCalendar.Tests.TaskListTests"},{"Key":{"Id":"TestCase.Hierarchy","Label":"Hierarchy","Category":"","Description":"","Attributes":2,"ValueType":"System.String[]"},"Value":["TaskTrackingCalendar.Tests","TaskListTests"]},{"Key":{"Id":"TestObject.Traits","Label":"Traits","Category":"","Description":"","Attributes":5,"ValueType":"System.Collections.Generic.KeyValuePair`2[[System.String],[System.String]][]"},"Value":[]}]},"Attachments":[],"Outcome":1,"ErrorMessage":null,"ErrorStackTrace":null,"DisplayName":"TestUpdateClass_WhenAllowed_Succeeds","Messages":[],"ComputerName":null,"Duration":"00:00:00.0002377","StartTime":"2021-10-22T15:09:10.5744408-04:00","EndTime":"2021-10-22T15:09:10.5748338-04:00","Properties":[{"Key":{"Id":"ExecutionId","Label":"ExecutionId","Category":"","Description":"","Attributes":1,"ValueType":"System.Guid"},"Value":"00000000-0000-0000-0000-000000000000"},{"Key":{"Id":"ParentExecId","Label":"ParentExecId","Category":"","Description":"","Attributes":1,"ValueType":"System.Guid"},"Value":"00000000-0000-0000-0000-000000000000"},{"Key":{"Id":"InnerResultsCount","Label":"InnerResultsCount","Category":"","Description":"","Attributes":1,"ValueType":"System.Int32"},"Value":0}]},{"TestCase":{"Id":"61240569-3ed2-68db-eb45-6a84aaa3b0f1","FullyQualifiedName":"TaskTrackingCalendar.Tests.TaskListTests.TestUpdateClass_WhenNoClass_Fails","DisplayName":"TestUpdateClass_WhenNoClass_Fails","ExecutorUri":"executor://MSTestAdapter/v2","Source":"C:\\Users\\srw33\\Desktop\\Class\\CSDS 393\\TaskTrackingCalendar\\TaskListTests\\bin\\Debug\\.netcoreapp,version=v5.0\\fine-code-coverage\\build-output\\TaskListTests.dll","CodeFilePath":null,"LineNumber":-1,"Properties":[{"Key":{"Id":"TestCase.ManagedType","Label":"ManagedType","Category":"","Description":"","Attributes":1,"ValueType":"System.String"},"Value":"TaskTrackingCalendar.Tests.TaskListTests"},{"Key":{"Id":"TestCase.ManagedMethod","Label":"ManagedMethod","Category":"","Description":"","Attributes":1,"ValueType":"System.String"},"Value":"TestUpdateClass_WhenNoClass_Fails"},{"Key":{"Id":"MSTestDiscoverer.TestClassName","Label":"ClassName","Category":"","Description":"","Attributes":1,"ValueType":"System.String"},"Value":"TaskTrackingCalendar.Tests.TaskListTests"},{"Key":{"Id":"TestCase.Hierarchy","Label":"Hierarchy","Category":"","Description":"","Attributes":2,"ValueType":"System.String[]"},"Value":["TaskTrackingCalendar.Tests","TaskListTests"]},{"Key":{"Id":"TestObject.Traits","Label":"Traits","Category":"","Description":"","Attributes":5,"ValueType":"System.Collections.Generic.KeyValuePair`2[[System.String],[System.String]][]"},"Value":[]}]},"Attachments":[],"Outcome":1,"ErrorMessage":null,"ErrorStackTrace":null,"DisplayName":"TestUpdateClass_WhenNoClass_Fails","Messages":[],"ComputerName":null,"Duration":"00:00:00.0000944","StartTime":"2021-10-22T15:09:10.577207-04:00","EndTime":"2021-10-22T15:09:10.5774928-04:00","Properties":[{"Key":{"Id":"ExecutionId","Label":"ExecutionId","Category":"","Description":"","Attributes":1,"ValueType":"System.Guid"},"Value":"00000000-0000-0000-0000-000000000000"},{"Key":{"Id":"ParentExecId","Label":"ParentExecId","Category":"","Description":"","Attributes":1,"ValueType":"System.Guid"},"Value":"00000000-0000-0000-0000-000000000000"},{"Key":{"Id":"InnerResultsCount","Label":"InnerResultsCount","Category":"","Description":"","Attributes":1,"ValueType":"System.Int32"},"Value":0}]},{"TestCase":{"Id":"fa15908a-e5e0-dc73-5c7a-0a447707891a","FullyQualifiedName":"TaskTrackingCalendar.Tests.TaskListTests.TestUpdateClass_WhenNameConflict_Fails","DisplayName":"TestUpdateClass_WhenNameConflict_Fails","ExecutorUri":"executor://MSTestAdapter/v2","Source":"C:\\Users\\srw33\\Desktop\\Class\\CSDS 393\\TaskTrackingCalendar\\TaskListTests\\bin\\Debug\\.netcoreapp,version=v5.0\\fine-code-coverage\\build-output\\TaskListTests.dll","CodeFilePath":null,"LineNumber":-1,"Properties":[{"Key":{"Id":"TestCase.ManagedType","Label":"ManagedType","Category":"","Description":"","Attributes":1,"ValueType":"System.String"},"Value":"TaskTrackingCalendar.Tests.TaskListTests"},{"Key":{"Id":"TestCase.ManagedMethod","Label":"ManagedMethod","Category":"","Description":"","Attributes":1,"ValueType":"System.String"},"Value":"TestUpdateClass_WhenNameConflict_Fails"},{"Key":{"Id":"MSTestDiscoverer.TestClassName","Label":"ClassName","Category":"","Description":"","Attributes":1,"ValueType":"System.String"},"Value":"TaskTrackingCalendar.Tests.TaskListTests"},{"Key":{"Id":"TestCase.Hierarchy","Label":"Hierarchy","Category":"","Description":"","Attributes":2,"ValueType":"System.String[]"},"Value":["TaskTrackingCalendar.Tests","TaskListTests"]},{"Key":{"Id":"TestObject.Traits","Label":"Traits","Category":"","Description":"","Attributes":5,"ValueType":"System.Collections.Generic.KeyValuePair`2[[System.String],[System.String]][]"},"Value":[]}]},"Attachments":[],"Outcome":1,"ErrorMessage":null,"ErrorStackTrace":null,"DisplayName":"TestUpdateClass_WhenNameConflict_Fails","Messages":[],"ComputerName":null,"Duration":"00:00:00.0001106","StartTime":"2021-10-22T15:09:10.5792576-04:00","EndTime":"2021-10-22T15:09:10.5795258-04:00","Properties":[{"Key":{"Id":"ExecutionId","Label":"ExecutionId","Category":"","Description":"","Attributes":1,"ValueType":"System.Guid"},"Value":"00000000-0000-0000-0000-000000000000"},{"Key":{"Id":"ParentExecId","Label":"ParentExecId","Category":"","Description":"","Attributes":1,"ValueType":"System.Guid"},"Value":"00000000-0000-0000-0000-000000000000"},{"Key":{"Id":"InnerResultsCount","Label":"InnerResultsCount","Category":"","Description":"","Attributes":1,"ValueType":"System.Int32"},"Value":0}]},{"TestCase":{"Id":"50c50979-74ba-abfa-9e05-d5e479eb705c","FullyQualifiedName":"TaskTrackingCalendar.Tests.TaskListTests.TestDeleteClass_WhenClassExists_Succeeds","DisplayName":"TestDeleteClass_WhenClassExists_Succeeds","ExecutorUri":"executor://MSTestAdapter/v2","Source":"C:\\Users\\srw33\\Desktop\\Class\\CSDS 393\\TaskTrackingCalendar\\TaskListTests\\bin\\Debug\\.netcoreapp,version=v5.0\\fine-code-coverage\\build-output\\TaskListTests.dll","CodeFilePath":null,"LineNumber":-1,"Properties":[{"Key":{"Id":"TestCase.ManagedType","Label":"ManagedType","Category":"","Description":"","Attributes":1,"ValueType":"System.String"},"Value":"TaskTrackingCalendar.Tests.TaskListTests"},{"Key":{"Id":"TestCase.ManagedMethod","Label":"ManagedMethod","Category":"","Description":"","Attributes":1,"ValueType":"System.String"},"Value":"TestDeleteClass_WhenClassExists_Succeeds"},{"Key":{"Id":"MSTestDiscoverer.TestClassName","Label":"ClassName","Category":"","Description":"","Attributes":1,"ValueType":"System.String"},"Value":"TaskTrackingCalendar.Tests.TaskListTests"},{"Key":{"Id":"TestCase.Hierarchy","Label":"Hierarchy","Category":"","Description":"","Attributes":2,"ValueType":"System.String[]"},"Value":["TaskTrackingCalendar.Tests","TaskListTests"]},{"Key":{"Id":"TestObject.Traits","Label":"Traits","Category":"","Description":"","Attributes":5,"ValueType":"System.Collections.Generic.KeyValuePair`2[[System.String],[System.String]][]"},"Value":[]}]},"Attachments":[],"Outcome":1,"ErrorMessage":null,"ErrorStackTrace":null,"DisplayName":"TestDeleteClass_WhenClassExists_Succeeds","Messages":[],"ComputerName":null,"Duration":"00:00:00.0001997","StartTime":"2021-10-22T15:09:10.5812417-04:00","EndTime":"2021-10-22T15:09:10.5816-04:00","Properties":[{"Key":{"Id":"ExecutionId","Label":"ExecutionId","Category":"","Description":"","Attributes":1,"ValueType":"System.Guid"},"Value":"00000000-0000-0000-0000-000000000000"},{"Key":{"Id":"ParentExecId","Label":"ParentExecId","Category":"","Description":"","Attributes":1,"ValueType":"System.Guid"},"Value":"00000000-0000-0000-0000-000000000000"},{"Key":{"Id":"InnerResultsCount","Label":"InnerResultsCount","Category":"","Description":"","Attributes":1,"ValueType":"System.Int32"},"Value":0}]},{"TestCase":{"Id":"be41065d-c654-0241-38d9-820f652afcda","FullyQualifiedName":"TaskTrackingCalendar.Tests.TaskListTests.TestDeleteClass_WhenNoClass_Fails","DisplayName":"TestDeleteClass_WhenNoClass_Fails","ExecutorUri":"executor://MSTestAdapter/v2","Source":"C:\\Users\\srw33\\Desktop\\Class\\CSDS 393\\TaskTrackingCalendar\\TaskListTests\\bin\\Debug\\.netcoreapp,version=v5.0\\fine-code-coverage\\build-output\\TaskListTests.dll","CodeFilePath":null,"LineNumber":-1,"Properties":[{"Key":{"Id":"TestCase.ManagedType","Label":"ManagedType","Category":"","Description":"","Attributes":1,"ValueType":"System.String"},"Value":"TaskTrackingCalendar.Tests.TaskListTests"},{"Key":{"Id":"TestCase.ManagedMethod","Label":"ManagedMethod","Category":"","Description":"","Attributes":1,"ValueType":"System.String"},"Value":"TestDeleteClass_WhenNoClass_Fails"},{"Key":{"Id":"MSTestDiscoverer.TestClassName","Label":"ClassName","Category":"","Description":"","Attributes":1,"ValueType":"System.String"},"Value":"TaskTrackingCalendar.Tests.TaskListTests"},{"Key":{"Id":"TestCase.Hierarchy","Label":"Hierarchy","Category":"","Description":"","Attributes":2,"ValueType":"System.String[]"},"Value":["TaskTrackingCalendar.Tests","TaskListTests"]},{"Key":{"Id":"TestObject.Traits","Label":"Traits","Category":"","Description":"","Attributes":5,"ValueType":"System.Collections.Generic.KeyValuePair`2[[System.String],[System.String]][]"},"Value":[]}]},"Attachments":[],"Outcome":1,"ErrorMessage":null,"ErrorStackTrace":null,"DisplayName":"TestDeleteClass_WhenNoClass_Fails","Messages":[],"ComputerName":null,"Duration":"00:00:00.0001043","StartTime":"2021-10-22T15:09:10.5834223-04:00","EndTime":"2021-10-22T15:09:10.5836884-04:00","Properties":[{"Key":{"Id":"ExecutionId","Label":"ExecutionId","Category":"","Description":"","Attributes":1,"ValueType":"System.Guid"},"Value":"00000000-0000-0000-0000-000000000000"},{"Key":{"Id":"ParentExecId","Label":"ParentExecId","Category":"","Description":"","Attributes":1,"ValueType":"System.Guid"},"Value":"00000000-0000-0000-0000-000000000000"},{"Key":{"Id":"InnerResultsCount","Label":"InnerResultsCount","Category":"","Description":"","Attributes":1,"ValueType":"System.Int32"},"Value":0}]},{"TestCase":{"Id":"4a05fb14-1ad2-920d-4c6c-738347f4f542","FullyQualifiedName":"TaskTrackingCalendar.Tests.TaskListTests.TestCompleteTask_WhenTaskExists_Succeeds","DisplayName":"TestCompleteTask_WhenTaskExists_Succeeds","ExecutorUri":"executor://MSTestAdapter/v2","Source":"C:\\Users\\srw33\\Desktop\\Class\\CSDS 393\\TaskTrackingCalendar\\TaskListTests\\bin\\Debug\\.netcoreapp,version=v5.0\\fine-code-coverage\\build-output\\TaskListTests.dll","CodeFilePath":null,"LineNumber":-1,"Properties":[{"Key":{"Id":"TestCase.ManagedType","Label":"ManagedType","Category":"","Description":"","Attributes":1,"ValueType":"System.String"},"Value":"TaskTrackingCalendar.Tests.TaskListTests"},{"Key":{"Id":"TestCase.ManagedMethod","Label":"ManagedMethod","Category":"","Description":"","Attributes":1,"ValueType":"System.String"},"Value":"TestCompleteTask_WhenTaskExists_Succeeds"},{"Key":{"Id":"MSTestDiscoverer.TestClassName","Label":"ClassName","Category":"","Description":"","Attributes":1,"ValueType":"System.String"},"Value":"TaskTrackingCalendar.Tests.TaskListTests"},{"Key":{"Id":"TestCase.Hierarchy","Label":"Hierarchy","Category":"","Description":"","Attributes":2,"ValueType":"System.String[]"},"Value":["TaskTrackingCalendar.Tests","TaskListTests"]},{"Key":{"Id":"TestObject.Traits","Label":"Traits","Category":"","Description":"","Attributes":5,"ValueType":"System.Collections.Generic.KeyValuePair`2[[System.String],[System.String]][]"},"Value":[]}]},"Attachments":[],"Outcome":2,"ErrorMessage":"Assert.IsTrue failed. Complete task failed.","ErrorStackTrace":"   at TaskTrackingCalendar.Tests.TaskListTests.TestCompleteTask_WhenTaskExists_Succeeds() in C:\\Users\\srw33\\Desktop\\Class\\CSDS 393\\TaskTrackingCalendar\\TaskListTests\\TaskListTests.cs:line 130\r\n","DisplayName":"TestCompleteTask_WhenTaskExists_Succeeds","Messages":[],"ComputerName":null,"Duration":"00:00:00.0190624","StartTime":"2021-10-22T15:09:10.5874523-04:00","EndTime":"2021-10-22T15:09:10.6069778-04:00","Properties":[{"Key":{"Id":"ExecutionId","Label":"ExecutionId","Category":"","Description":"","Attributes":1,"ValueType":"System.Guid"},"Value":"00000000-0000-0000-0000-000000000000"},{"Key":{"Id":"ParentExecId","Label":"ParentExecId","Category":"","Description":"","Attributes":1,"ValueType":"System.Guid"},"Value":"00000000-0000-0000-0000-000000000000"},{"Key":{"Id":"InnerResultsCount","Label":"InnerResultsCount","Category":"","Description":"","Attributes":1,"ValueType":"System.Int32"},"Value":0}]},{"TestCase":{"Id":"425b1efc-492d-1f29-0f26-5542e70aeec6","FullyQualifiedName":"TaskTrackingCalendar.Tests.TaskListTests.TestCompleteTask_WhenNoTask_Fails","DisplayName":"TestCompleteTask_WhenNoTask_Fails","ExecutorUri":"executor://MSTestAdapter/v2","Source":"C:\\Users\\srw33\\Desktop\\Class\\CSDS 393\\TaskTrackingCalendar\\TaskListTests\\bin\\Debug\\.netcoreapp,version=v5.0\\fine-code-coverage\\build-output\\TaskListTests.dll","CodeFilePath":null,"LineNumber":-1,"Properties":[{"Key":{"Id":"TestCase.ManagedType","Label":"ManagedType","Category":"","Description":"","Attributes":1,"ValueType":"System.String"},"Value":"TaskTrackingCalendar.Tests.TaskListTests"},{"Key":{"Id":"TestCase.ManagedMethod","Label":"ManagedMethod","Category":"","Description":"","Attributes":1,"ValueType":"System.String"},"Value":"TestCompleteTask_WhenNoTask_Fails"},{"Key":{"Id":"MSTestDiscoverer.TestClassName","Label":"ClassName","Category":"","Description":"","Attributes":1,"ValueType":"System.String"},"Value":"TaskTrackingCalendar.Tests.TaskListTests"},{"Key":{"Id":"TestCase.Hierarchy","Label":"Hierarchy","Category":"","Description":"","Attributes":2,"ValueType":"System.String[]"},"Value":["TaskTrackingCalendar.Tests","TaskListTests"]},{"Key":{"Id":"TestObject.Traits","Label":"Traits","Category":"","Description":"","Attributes":5,"ValueType":"System.Collections.Generic.KeyValuePair`2[[System.String],[System.String]][]"},"Value":[]}]},"Attachments":[],"Outcome":1,"ErrorMessage":null,"ErrorStackTrace":null,"DisplayName":"TestCompleteTask_WhenNoTask_Fails","Messages":[],"ComputerName":null,"Duration":"00:00:00.0001370","StartTime":"2021-10-22T15:09:10.6089078-04:00","EndTime":"2021-10-22T15:09:10.6092254-04:00","Properties":[{"Key":{"Id":"ExecutionId","Label":"ExecutionId","Category":"","Description":"","Attributes":1,"ValueType":"System.Guid"},"Value":"00000000-0000-0000-0000-000000000000"},{"Key":{"Id":"ParentExecId","Label":"ParentExecId","Category":"","Description":"","Attributes":1,"ValueType":"System.Guid"},"Value":"00000000-0000-0000-0000-000000000000"},{"Key":{"Id":"InnerResultsCount","Label":"InnerResultsCount","Category":"","Description":"","Attributes":1,"ValueType":"System.Int32"},"Value":0}]}],"TestRunStatistics":{"ExecutedTests":9,"Stats":{"Passed":8,"Failed":1}},"ActiveTests":[{"Id":"b5717199-6b16-d59c-ff94-f403f772cfad","FullyQualifiedName":"TaskTrackingCalendar.Tests.TaskListTests.TestSummaryDataWhenSortedWithClass","DisplayName":"TestSummaryDataWhenSortedWithClass","ExecutorUri":"executor://MSTestAdapter/v2","Source":"C:\\Users\\srw33\\Desktop\\Class\\CSDS 393\\TaskTrackingCalendar\\TaskListTests\\bin\\Debug\\.netcoreapp,version=v5.0\\fine-code-coverage\\build-output\\TaskListTests.dll","CodeFilePath":null,"LineNumber":-1,"Properties":[{"Key":{"Id":"TestCase.ManagedType","Label":"ManagedType","Category":"","Description":"","Attributes":1,"ValueType":"System.String"},"Value":"TaskTrackingCalendar.Tests.TaskListTests"},{"Key":{"Id":"TestCase.ManagedMethod","Label":"ManagedMethod","Category":"","Description":"","Attributes":1,"ValueType":"System.String"},"Value":"TestSummaryDataWhenSortedWithClass"},{"Key":{"Id":"MSTestDiscoverer.TestClassName","Label":"ClassName","Category":"","Description":"","Attributes":1,"ValueType":"System.String"},"Value":"TaskTrackingCalendar.Tests.TaskListTests"},{"Key":{"Id":"TestCase.Hierarchy","Label":"Hierarchy","Category":"","Description":"","Attributes":2,"ValueType":"System.String[]"},"Value":["TaskTrackingCalendar.Tests","TaskListTests"]},{"Key":{"Id":"TestObject.Traits","Label":"Traits","Category":"","Description":"","Attributes":5,"ValueType":"System.Collections.Generic.KeyValuePair`2[[System.String],[System.String]][]"},"Value":[]}]}]}}
TpTrace Verbose: 0 : 27600, 4, 2021/10/22, 15:09:10.630, 7899196408945, testhost.dll, TestRunCache: OnNewTestResult: Notified the onCacheHit callback.
TpTrace Information: 0 : 27600, 4, 2021/10/22, 15:09:10.631, 7899196420137, testhost.dll, MSTest - Executing test TestSummaryDataWhenSortedWithClass
TpTrace Information: 0 : 27600, 4, 2021/10/22, 15:09:10.634, 7899196447346, testhost.dll, AssemblyResolver.OnResolve: Microsoft.VisualStudio.TestPlatform.MSTest.TestAdapter.resources: Resolving assembly.
TpTrace Information: 0 : 27600, 4, 2021/10/22, 15:09:10.634, 7899196448098, testhost.dll, AssemblyResolver.OnResolve: Microsoft.VisualStudio.TestPlatform.MSTest.TestAdapter.resources: Searching in: 'C:\Users\srw33\Desktop\Class\CSDS 393\TaskTrackingCalendar\TaskListTests\bin\Debug\.netcoreapp,version=v5.0\fine-code-coverage\build-output'.
TpTrace Information: 0 : 27600, 4, 2021/10/22, 15:09:10.634, 7899196449001, testhost.dll, AssemblyResolver.OnResolve: Microsoft.VisualStudio.TestPlatform.MSTest.TestAdapter.resources: Assembly path does not exist: 'C:\Users\srw33\Desktop\Class\CSDS 393\TaskTrackingCalendar\TaskListTests\bin\Debug\.netcoreapp,version=v5.0\fine-code-coverage\build-output\Microsoft.VisualStudio.TestPlatform.MSTest.TestAdapter.resources.dll', returning.
TpTrace Information: 0 : 27600, 4, 2021/10/22, 15:09:10.634, 7899196449712, testhost.dll, AssemblyResolver.OnResolve: Microsoft.VisualStudio.TestPlatform.MSTest.TestAdapter.resources: Assembly path does not exist: 'C:\Users\srw33\Desktop\Class\CSDS 393\TaskTrackingCalendar\TaskListTests\bin\Debug\.netcoreapp,version=v5.0\fine-code-coverage\build-output\Microsoft.VisualStudio.TestPlatform.MSTest.TestAdapter.resources.exe', returning.
TpTrace Information: 0 : 27600, 4, 2021/10/22, 15:09:10.634, 7899196450026, testhost.dll, AssemblyResolver.OnResolve: Microsoft.VisualStudio.TestPlatform.MSTest.TestAdapter.resources: Failed to load assembly.
TpTrace Information: 0 : 27600, 4, 2021/10/22, 15:09:10.637, 7899196477168, testhost.dll, MSTest - Executed test TestSummaryDataWhenSortedWithClass
TpTrace Verbose: 0 : 27600, 4, 2021/10/22, 15:09:10.637, 7899196477919, testhost.dll, TestExecutionRecorder.RecordEnd: test: TaskTrackingCalendar.Tests.TaskListTests.TestSummaryDataWhenSortedWithClass execution completed.
TpTrace Warning: 0 : 27600, 4, 2021/10/22, 15:09:10.637, 7899196478241, testhost.dll, TestRunCache: InProgressTests is null
TpTrace Information: 0 : 27600, 4, 2021/10/22, 15:09:10.638, 7899196488224, testhost.dll, MSTest - MSTestExecutor:Test TaskTrackingCalendar.Tests.TaskListTests.TestSummaryDataWhenSortedWithClass failed. ErrorMessage:Test method TaskTrackingCalendar.Tests.TaskListTests.TestSummaryDataWhenSortedWithClass threw exception: 
System.ArgumentOutOfRangeException: Index was out of range. Must be non-negative and less than the size of the collection. (Parameter 'index'), ErrorStackTrace:    at System.Collections.Generic.List`1.get_Item(Int32 index)
   at TaskTrackingCalendar.TaskList.selectionSort(List`1 taskList) in C:\Users\srw33\Desktop\Class\CSDS 393\TaskTrackingCalendar\TaskList\TaskList.cs:line 293
   at TaskTrackingCalendar.TaskList.SummaryData(Boolean sortPriority, String sortClassName) in C:\Users\srw33\Desktop\Class\CSDS 393\TaskTrackingCalendar\TaskList\TaskList.cs:line 242
   at TaskTrackingCalendar.Tests.TaskListTests.TestSummaryDataWhenSortedWithClass() in C:\Users\srw33\Desktop\Class\CSDS 393\TaskTrackingCalendar\TaskListTests\TaskListTests.cs:line 164
.
TpTrace Verbose: 0 : 27600, 4, 2021/10/22, 15:09:10.638, 7899196488847, testhost.dll, TestExecutionRecorder.RecordResult: Received result for test: TaskTrackingCalendar.Tests.TaskListTests.TestSummaryDataWhenSortedWithClass.
TpTrace Warning: 0 : 27600, 4, 2021/10/22, 15:09:10.638, 7899196489319, testhost.dll, TestRunCache: InProgressTests is null
TpTrace Warning: 0 : 27600, 4, 2021/10/22, 15:09:10.638, 7899196489617, testhost.dll, TestRunCache: No test found corresponding to testResult 'TestSummaryDataWhenSortedWithClass' in inProgress list.
TpTrace Verbose: 0 : 27600, 4, 2021/10/22, 15:09:10.638, 7899196490268, testhost.dll, TestExecutionRecorder.RecordStart: Starting test: TaskTrackingCalendar.Tests.TaskListTests.TestSummaryDataWhenNotSortedWithClass.
TpTrace Information: 0 : 27600, 4, 2021/10/22, 15:09:10.639, 7899196497931, testhost.dll, MSTest - Executing test TestSummaryDataWhenNotSortedWithClass
TpTrace Information: 0 : 27600, 4, 2021/10/22, 15:09:10.640, 7899196508722, testhost.dll, MSTest - Executed test TestSummaryDataWhenNotSortedWithClass
TpTrace Verbose: 0 : 27600, 4, 2021/10/22, 15:09:10.640, 7899196509298, testhost.dll, TestExecutionRecorder.RecordEnd: test: TaskTrackingCalendar.Tests.TaskListTests.TestSummaryDataWhenNotSortedWithClass execution completed.
TpTrace Information: 0 : 27600, 4, 2021/10/22, 15:09:10.641, 7899196518189, testhost.dll, MSTest - MSTestExecutor:Test TaskTrackingCalendar.Tests.TaskListTests.TestSummaryDataWhenNotSortedWithClass failed. ErrorMessage:Assert.Fail failed. Assert.Equals should not be used for Assertions. Please use Assert.AreEqual & overloads instead., ErrorStackTrace:   at TaskTrackingCalendar.Tests.TaskListTests.TestSummaryDataWhenNotSortedWithClass() in C:\Users\srw33\Desktop\Class\CSDS 393\TaskTrackingCalendar\TaskListTests\TaskListTests.cs:line 184
.
TpTrace Verbose: 0 : 27600, 4, 2021/10/22, 15:09:10.641, 7899196518782, testhost.dll, TestExecutionRecorder.RecordResult: Received result for test: TaskTrackingCalendar.Tests.TaskListTests.TestSummaryDataWhenNotSortedWithClass.
TpTrace Warning: 0 : 27600, 4, 2021/10/22, 15:09:10.641, 7899196519207, testhost.dll, TestRunCache: InProgressTests is null
TpTrace Warning: 0 : 27600, 4, 2021/10/22, 15:09:10.641, 7899196519508, testhost.dll, TestRunCache: No test found corresponding to testResult 'TestSummaryDataWhenNotSortedWithClass' in inProgress list.
TpTrace Verbose: 0 : 27600, 4, 2021/10/22, 15:09:10.641, 7899196520041, testhost.dll, TestExecutionRecorder.RecordStart: Starting test: TaskTrackingCalendar.Tests.TaskListTests.TestSummaryDataWhenSortedWithOutClass.
TpTrace Information: 0 : 27600, 4, 2021/10/22, 15:09:10.642, 7899196527911, testhost.dll, MSTest - Executing test TestSummaryDataWhenSortedWithOutClass
TpTrace Information: 0 : 27600, 4, 2021/10/22, 15:09:10.643, 7899196537487, testhost.dll, MSTest - Executed test TestSummaryDataWhenSortedWithOutClass
TpTrace Verbose: 0 : 27600, 4, 2021/10/22, 15:09:10.643, 7899196538087, testhost.dll, TestExecutionRecorder.RecordEnd: test: TaskTrackingCalendar.Tests.TaskListTests.TestSummaryDataWhenSortedWithOutClass execution completed.
TpTrace Information: 0 : 27600, 4, 2021/10/22, 15:09:10.644, 7899196546488, testhost.dll, MSTest - MSTestExecutor:Test TaskTrackingCalendar.Tests.TaskListTests.TestSummaryDataWhenSortedWithOutClass failed. ErrorMessage:Assert.Fail failed. Assert.Equals should not be used for Assertions. Please use Assert.AreEqual & overloads instead., ErrorStackTrace:   at TaskTrackingCalendar.Tests.TaskListTests.TestSummaryDataWhenSortedWithOutClass() in C:\Users\srw33\Desktop\Class\CSDS 393\TaskTrackingCalendar\TaskListTests\TaskListTests.cs:line 203
.
TpTrace Verbose: 0 : 27600, 4, 2021/10/22, 15:09:10.644, 7899196547010, testhost.dll, TestExecutionRecorder.RecordResult: Received result for test: TaskTrackingCalendar.Tests.TaskListTests.TestSummaryDataWhenSortedWithOutClass.
TpTrace Warning: 0 : 27600, 4, 2021/10/22, 15:09:10.644, 7899196547430, testhost.dll, TestRunCache: InProgressTests is null
TpTrace Warning: 0 : 27600, 4, 2021/10/22, 15:09:10.644, 7899196547726, testhost.dll, TestRunCache: No test found corresponding to testResult 'TestSummaryDataWhenSortedWithOutClass' in inProgress list.
TpTrace Verbose: 0 : 27600, 4, 2021/10/22, 15:09:10.644, 7899196548258, testhost.dll, TestExecutionRecorder.RecordStart: Starting test: TaskTrackingCalendar.Tests.TaskListTests.TestSummaryDataWhenNotSortedWithOutClass.
TpTrace Information: 0 : 27600, 4, 2021/10/22, 15:09:10.645, 7899196556406, testhost.dll, MSTest - Executing test TestSummaryDataWhenNotSortedWithOutClass
TpTrace Information: 0 : 27600, 4, 2021/10/22, 15:09:10.646, 7899196566879, testhost.dll, MSTest - Executed test TestSummaryDataWhenNotSortedWithOutClass
TpTrace Verbose: 0 : 27600, 4, 2021/10/22, 15:09:10.646, 7899196567567, testhost.dll, TestExecutionRecorder.RecordEnd: test: TaskTrackingCalendar.Tests.TaskListTests.TestSummaryDataWhenNotSortedWithOutClass execution completed.
TpTrace Information: 0 : 27600, 4, 2021/10/22, 15:09:10.647, 7899196577749, testhost.dll, MSTest - MSTestExecutor:Test TaskTrackingCalendar.Tests.TaskListTests.TestSummaryDataWhenNotSortedWithOutClass failed. ErrorMessage:Assert.Fail failed. Assert.Equals should not be used for Assertions. Please use Assert.AreEqual & overloads instead., ErrorStackTrace:   at TaskTrackingCalendar.Tests.TaskListTests.TestSummaryDataWhenNotSortedWithOutClass() in C:\Users\srw33\Desktop\Class\CSDS 393\TaskTrackingCalendar\TaskListTests\TaskListTests.cs:line 222
.
TpTrace Verbose: 0 : 27600, 4, 2021/10/22, 15:09:10.647, 7899196578392, testhost.dll, TestExecutionRecorder.RecordResult: Received result for test: TaskTrackingCalendar.Tests.TaskListTests.TestSummaryDataWhenNotSortedWithOutClass.
TpTrace Warning: 0 : 27600, 4, 2021/10/22, 15:09:10.647, 7899196578858, testhost.dll, TestRunCache: InProgressTests is null
TpTrace Warning: 0 : 27600, 4, 2021/10/22, 15:09:10.647, 7899196579168, testhost.dll, TestRunCache: No test found corresponding to testResult 'TestSummaryDataWhenNotSortedWithOutClass' in inProgress list.
TpTrace Verbose: 0 : 27600, 4, 2021/10/22, 15:09:10.647, 7899196579788, testhost.dll, TestExecutionRecorder.RecordStart: Starting test: TaskTrackingCalendar.Tests.TaskListTests.TestSummaryDataNoClass.
TpTrace Information: 0 : 27600, 4, 2021/10/22, 15:09:10.648, 7899196588001, testhost.dll, MSTest - Executing test TestSummaryDataNoClass
TpTrace Information: 0 : 27600, 4, 2021/10/22, 15:09:10.649, 7899196596503, testhost.dll, MSTest - Executed test TestSummaryDataNoClass
TpTrace Verbose: 0 : 27600, 4, 2021/10/22, 15:09:10.649, 7899196597135, testhost.dll, TestExecutionRecorder.RecordEnd: test: TaskTrackingCalendar.Tests.TaskListTests.TestSummaryDataNoClass execution completed.
TpTrace Information: 0 : 27600, 4, 2021/10/22, 15:09:10.650, 7899196606183, testhost.dll, MSTest - MSTestExecutor:Test TaskTrackingCalendar.Tests.TaskListTests.TestSummaryDataNoClass failed. ErrorMessage:Assert.Fail failed. Assert.Equals should not be used for Assertions. Please use Assert.AreEqual & overloads instead., ErrorStackTrace:   at TaskTrackingCalendar.Tests.TaskListTests.TestSummaryDataNoClass() in C:\Users\srw33\Desktop\Class\CSDS 393\TaskTrackingCalendar\TaskListTests\TaskListTests.cs:line 231
.
TpTrace Verbose: 0 : 27600, 4, 2021/10/22, 15:09:10.650, 7899196606713, testhost.dll, TestExecutionRecorder.RecordResult: Received result for test: TaskTrackingCalendar.Tests.TaskListTests.TestSummaryDataNoClass.
TpTrace Warning: 0 : 27600, 4, 2021/10/22, 15:09:10.650, 7899196607136, testhost.dll, TestRunCache: InProgressTests is null
TpTrace Warning: 0 : 27600, 4, 2021/10/22, 15:09:10.650, 7899196607439, testhost.dll, TestRunCache: No test found corresponding to testResult 'TestSummaryDataNoClass' in inProgress list.
TpTrace Verbose: 0 : 27600, 4, 2021/10/22, 15:09:10.650, 7899196607999, testhost.dll, TestExecutionRecorder.RecordStart: Starting test: TaskTrackingCalendar.Tests.TaskListTests.TestCalendarData.
TpTrace Information: 0 : 27600, 4, 2021/10/22, 15:09:10.651, 7899196615335, testhost.dll, MSTest - Executing test TestCalendarData
TpTrace Information: 0 : 27600, 4, 2021/10/22, 15:09:10.652, 7899196627034, testhost.dll, MSTest - Executed test TestCalendarData
TpTrace Verbose: 0 : 27600, 4, 2021/10/22, 15:09:10.652, 7899196627622, testhost.dll, TestExecutionRecorder.RecordEnd: test: TaskTrackingCalendar.Tests.TaskListTests.TestCalendarData execution completed.
TpTrace Information: 0 : 27600, 4, 2021/10/22, 15:09:10.653, 7899196636781, testhost.dll, MSTest - MSTestExecutor:Test TaskTrackingCalendar.Tests.TaskListTests.TestCalendarData failed. ErrorMessage:Assert.Fail failed. Assert.Equals should not be used for Assertions. Please use Assert.AreEqual & overloads instead., ErrorStackTrace:   at TaskTrackingCalendar.Tests.TaskListTests.TestCalendarData() in C:\Users\srw33\Desktop\Class\CSDS 393\TaskTrackingCalendar\TaskListTests\TaskListTests.cs:line 248
.
TpTrace Verbose: 0 : 27600, 4, 2021/10/22, 15:09:10.653, 7899196637346, testhost.dll, TestExecutionRecorder.RecordResult: Received result for test: TaskTrackingCalendar.Tests.TaskListTests.TestCalendarData.
TpTrace Warning: 0 : 27600, 4, 2021/10/22, 15:09:10.653, 7899196637813, testhost.dll, TestRunCache: InProgressTests is null
TpTrace Warning: 0 : 27600, 4, 2021/10/22, 15:09:10.653, 7899196638117, testhost.dll, TestRunCache: No test found corresponding to testResult 'TestCalendarData' in inProgress list.
TpTrace Verbose: 0 : 27600, 4, 2021/10/22, 15:09:10.653, 7899196638691, testhost.dll, TestExecutionRecorder.RecordStart: Starting test: TaskTrackingCalendar.Tests.TaskListTests.TestCalendarNoValues.
TpTrace Information: 0 : 27600, 4, 2021/10/22, 15:09:10.654, 7899196646514, testhost.dll, MSTest - Executing test TestCalendarNoValues
TpTrace Information: 0 : 27600, 4, 2021/10/22, 15:09:10.655, 7899196653802, testhost.dll, MSTest - Executed test TestCalendarNoValues
TpTrace Verbose: 0 : 27600, 4, 2021/10/22, 15:09:10.655, 7899196654443, testhost.dll, TestExecutionRecorder.RecordEnd: test: TaskTrackingCalendar.Tests.TaskListTests.TestCalendarNoValues execution completed.
TpTrace Information: 0 : 27600, 4, 2021/10/22, 15:09:10.656, 7899196663907, testhost.dll, MSTest - MSTestExecutor:Test TaskTrackingCalendar.Tests.TaskListTests.TestCalendarNoValues failed. ErrorMessage:Assert.Fail failed. Assert.Equals should not be used for Assertions. Please use Assert.AreEqual & overloads instead., ErrorStackTrace:   at TaskTrackingCalendar.Tests.TaskListTests.TestCalendarNoValues() in C:\Users\srw33\Desktop\Class\CSDS 393\TaskTrackingCalendar\TaskListTests\TaskListTests.cs:line 256
.
TpTrace Verbose: 0 : 27600, 4, 2021/10/22, 15:09:10.656, 7899196664458, testhost.dll, TestExecutionRecorder.RecordResult: Received result for test: TaskTrackingCalendar.Tests.TaskListTests.TestCalendarNoValues.
TpTrace Warning: 0 : 27600, 4, 2021/10/22, 15:09:10.656, 7899196664896, testhost.dll, TestRunCache: InProgressTests is null
TpTrace Warning: 0 : 27600, 4, 2021/10/22, 15:09:10.656, 7899196665195, testhost.dll, TestRunCache: No test found corresponding to testResult 'TestCalendarNoValues' in inProgress list.
TpTrace Verbose: 0 : 27600, 4, 2021/10/22, 15:09:10.656, 7899196665769, testhost.dll, TestExecutionRecorder.RecordStart: Starting test: TaskTrackingCalendar.Tests.TaskListTests.TestSaveLoadData_WithDefaultPath_Succeeds.
TpTrace Information: 0 : 27600, 4, 2021/10/22, 15:09:10.657, 7899196673303, testhost.dll, MSTest - Executing test TestSaveLoadData_WithDefaultPath_Succeeds
TpTrace Information: 0 : 27600, 4, 2021/10/22, 15:09:10.671, 7899196813478, testhost.dll, MSTest - Executed test TestSaveLoadData_WithDefaultPath_Succeeds
TpTrace Verbose: 0 : 27600, 4, 2021/10/22, 15:09:10.671, 7899196814537, testhost.dll, TestExecutionRecorder.RecordEnd: test: TaskTrackingCalendar.Tests.TaskListTests.TestSaveLoadData_WithDefaultPath_Succeeds execution completed.
TpTrace Verbose: 0 : 27600, 4, 2021/10/22, 15:09:10.672, 7899196825200, testhost.dll, TestExecutionRecorder.RecordResult: Received result for test: TaskTrackingCalendar.Tests.TaskListTests.TestSaveLoadData_WithDefaultPath_Succeeds.
TpTrace Warning: 0 : 27600, 4, 2021/10/22, 15:09:10.672, 7899196826060, testhost.dll, TestRunCache: InProgressTests is null
TpTrace Warning: 0 : 27600, 4, 2021/10/22, 15:09:10.672, 7899196826400, testhost.dll, TestRunCache: No test found corresponding to testResult 'TestSaveLoadData_WithDefaultPath_Succeeds' in inProgress list.
TpTrace Verbose: 0 : 27600, 4, 2021/10/22, 15:09:10.672, 7899196827112, testhost.dll, TestExecutionRecorder.RecordStart: Starting test: TaskTrackingCalendar.Tests.TaskListTests.TestSaveLoadData_WhenPathValid_Succeeds.
TpTrace Information: 0 : 27600, 4, 2021/10/22, 15:09:10.673, 7899196835858, testhost.dll, MSTest - Executing test TestSaveLoadData_WhenPathValid_Succeeds
TpTrace Information: 0 : 27600, 4, 2021/10/22, 15:09:10.687, 7899196971784, testhost.dll, MSTest - Executed test TestSaveLoadData_WhenPathValid_Succeeds
TpTrace Verbose: 0 : 27600, 4, 2021/10/22, 15:09:10.687, 7899196972794, testhost.dll, TestExecutionRecorder.RecordEnd: test: TaskTrackingCalendar.Tests.TaskListTests.TestSaveLoadData_WhenPathValid_Succeeds execution completed.
TpTrace Verbose: 0 : 27600, 4, 2021/10/22, 15:09:10.688, 7899196983258, testhost.dll, TestExecutionRecorder.RecordResult: Received result for test: TaskTrackingCalendar.Tests.TaskListTests.TestSaveLoadData_WhenPathValid_Succeeds.
TpTrace Warning: 0 : 27600, 4, 2021/10/22, 15:09:10.688, 7899196983995, testhost.dll, TestRunCache: InProgressTests is null
TpTrace Warning: 0 : 27600, 4, 2021/10/22, 15:09:10.688, 7899196984317, testhost.dll, TestRunCache: No test found corresponding to testResult 'TestSaveLoadData_WhenPathValid_Succeeds' in inProgress list.
TpTrace Verbose: 0 : 27600, 4, 2021/10/22, 15:09:10.688, 7899196984866, testhost.dll, TestExecutionRecorder.RecordStart: Starting test: TaskTrackingCalendar.Tests.TaskListTests.TestSaveLoadData_WhenPathInvalid_Fails.
TpTrace Information: 0 : 27600, 4, 2021/10/22, 15:09:10.688, 7899196985423, testhost.dll, Sending test run statistics
TpTrace Verbose: 0 : 27600, 4, 2021/10/22, 15:09:10.689, 7899196996695, testhost.dll, TestRequestHandler.SendData:  sending data from testhost: {"Version":5,"MessageType":"TestExecution.StatsChange","Payload":{"NewTestResults":[{"TestCase":{"Id":"b5717199-6b16-d59c-ff94-f403f772cfad","FullyQualifiedName":"TaskTrackingCalendar.Tests.TaskListTests.TestSummaryDataWhenSortedWithClass","DisplayName":"TestSummaryDataWhenSortedWithClass","ExecutorUri":"executor://MSTestAdapter/v2","Source":"C:\\Users\\srw33\\Desktop\\Class\\CSDS 393\\TaskTrackingCalendar\\TaskListTests\\bin\\Debug\\.netcoreapp,version=v5.0\\fine-code-coverage\\build-output\\TaskListTests.dll","CodeFilePath":null,"LineNumber":-1,"Properties":[{"Key":{"Id":"TestCase.ManagedType","Label":"ManagedType","Category":"","Description":"","Attributes":1,"ValueType":"System.String"},"Value":"TaskTrackingCalendar.Tests.TaskListTests"},{"Key":{"Id":"TestCase.ManagedMethod","Label":"ManagedMethod","Category":"","Description":"","Attributes":1,"ValueType":"System.String"},"Value":"TestSummaryDataWhenSortedWithClass"},{"Key":{"Id":"MSTestDiscoverer.TestClassName","Label":"ClassName","Category":"","Description":"","Attributes":1,"ValueType":"System.String"},"Value":"TaskTrackingCalendar.Tests.TaskListTests"},{"Key":{"Id":"TestCase.Hierarchy","Label":"Hierarchy","Category":"","Description":"","Attributes":2,"ValueType":"System.String[]"},"Value":["TaskTrackingCalendar.Tests","TaskListTests"]},{"Key":{"Id":"TestObject.Traits","Label":"Traits","Category":"","Description":"","Attributes":5,"ValueType":"System.Collections.Generic.KeyValuePair`2[[System.String],[System.String]][]"},"Value":[]}]},"Attachments":[],"Outcome":2,"ErrorMessage":"Test method TaskTrackingCalendar.Tests.TaskListTests.TestSummaryDataWhenSortedWithClass threw exception: \r\nSystem.ArgumentOutOfRangeException: Index was out of range. Must be non-negative and less than the size of the collection. (Parameter 'index')","ErrorStackTrace":"    at System.Collections.Generic.List`1.get_Item(Int32 index)\r\n   at TaskTrackingCalendar.TaskList.selectionSort(List`1 taskList) in C:\\Users\\srw33\\Desktop\\Class\\CSDS 393\\TaskTrackingCalendar\\TaskList\\TaskList.cs:line 293\r\n   at TaskTrackingCalendar.TaskList.SummaryData(Boolean sortPriority, String sortClassName) in C:\\Users\\srw33\\Desktop\\Class\\CSDS 393\\TaskTrackingCalendar\\TaskList\\TaskList.cs:line 242\r\n   at TaskTrackingCalendar.Tests.TaskListTests.TestSummaryDataWhenSortedWithClass() in C:\\Users\\srw33\\Desktop\\Class\\CSDS 393\\TaskTrackingCalendar\\TaskListTests\\TaskListTests.cs:line 164\r\n","DisplayName":"TestSummaryDataWhenSortedWithClass","Messages":[],"ComputerName":null,"Duration":"00:00:00.0055315","StartTime":"2021-10-22T15:09:10.6318392-04:00","EndTime":"2021-10-22T15:09:10.6376133-04:00","Properties":[{"Key":{"Id":"ExecutionId","Label":"ExecutionId","Category":"","Description":"","Attributes":1,"ValueType":"System.Guid"},"Value":"00000000-0000-0000-0000-000000000000"},{"Key":{"Id":"ParentExecId","Label":"ParentExecId","Category":"","Description":"","Attributes":1,"ValueType":"System.Guid"},"Value":"00000000-0000-0000-0000-000000000000"},{"Key":{"Id":"InnerResultsCount","Label":"InnerResultsCount","Category":"","Description":"","Attributes":1,"ValueType":"System.Int32"},"Value":0}]},{"TestCase":{"Id":"aa423ae7-80e9-0f3d-5f31-058a632d3d41","FullyQualifiedName":"TaskTrackingCalendar.Tests.TaskListTests.TestSummaryDataWhenNotSortedWithClass","DisplayName":"TestSummaryDataWhenNotSortedWithClass","ExecutorUri":"executor://MSTestAdapter/v2","Source":"C:\\Users\\srw33\\Desktop\\Class\\CSDS 393\\TaskTrackingCalendar\\TaskListTests\\bin\\Debug\\.netcoreapp,version=v5.0\\fine-code-coverage\\build-output\\TaskListTests.dll","CodeFilePath":null,"LineNumber":-1,"Properties":[{"Key":{"Id":"TestCase.ManagedType","Label":"ManagedType","Category":"","Description":"","Attributes":1,"ValueType":"System.String"},"Value":"TaskTrackingCalendar.Tests.TaskListTests"},{"Key":{"Id":"TestCase.ManagedMethod","Label":"ManagedMethod","Category":"","Description":"","Attributes":1,"ValueType":"System.String"},"Value":"TestSummaryDataWhenNotSortedWithClass"},{"Key":{"Id":"MSTestDiscoverer.TestClassName","Label":"ClassName","Category":"","Description":"","Attributes":1,"ValueType":"System.String"},"Value":"TaskTrackingCalendar.Tests.TaskListTests"},{"Key":{"Id":"TestCase.Hierarchy","Label":"Hierarchy","Category":"","Description":"","Attributes":2,"ValueType":"System.String[]"},"Value":["TaskTrackingCalendar.Tests","TaskListTests"]},{"Key":{"Id":"TestObject.Traits","Label":"Traits","Category":"","Description":"","Attributes":5,"ValueType":"System.Collections.Generic.KeyValuePair`2[[System.String],[System.String]][]"},"Value":[]}]},"Attachments":[],"Outcome":2,"ErrorMessage":"Assert.Fail failed. Assert.Equals should not be used for Assertions. Please use Assert.AreEqual & overloads instead.","ErrorStackTrace":"   at TaskTrackingCalendar.Tests.TaskListTests.TestSummaryDataWhenNotSortedWithClass() in C:\\Users\\srw33\\Desktop\\Class\\CSDS 393\\TaskTrackingCalendar\\TaskListTests\\TaskListTests.cs:line 184\r\n","DisplayName":"TestSummaryDataWhenNotSortedWithClass","Messages":[],"ComputerName":null,"Duration":"00:00:00.0009201","StartTime":"2021-10-22T15:09:10.639621-04:00","EndTime":"2021-10-22T15:09:10.6407553-04:00","Properties":[{"Key":{"Id":"ExecutionId","Label":"ExecutionId","Category":"","Description":"","Attributes":1,"ValueType":"System.Guid"},"Value":"00000000-0000-0000-0000-000000000000"},{"Key":{"Id":"ParentExecId","Label":"ParentExecId","Category":"","Description":"","Attributes":1,"ValueType":"System.Guid"},"Value":"00000000-0000-0000-0000-000000000000"},{"Key":{"Id":"InnerResultsCount","Label":"InnerResultsCount","Category":"","Description":"","Attributes":1,"ValueType":"System.Int32"},"Value":0}]},{"TestCase":{"Id":"e35607e0-9a7e-13f0-7f88-735b15345a52","FullyQualifiedName":"TaskTrackingCalendar.Tests.TaskListTests.TestSummaryDataWhenSortedWithOutClass","DisplayName":"TestSummaryDataWhenSortedWithOutClass","ExecutorUri":"executor://MSTestAdapter/v2","Source":"C:\\Users\\srw33\\Desktop\\Class\\CSDS 393\\TaskTrackingCalendar\\TaskListTests\\bin\\Debug\\.netcoreapp,version=v5.0\\fine-code-coverage\\build-output\\TaskListTests.dll","CodeFilePath":null,"LineNumber":-1,"Properties":[{"Key":{"Id":"TestCase.ManagedType","Label":"ManagedType","Category":"","Description":"","Attributes":1,"ValueType":"System.String"},"Value":"TaskTrackingCalendar.Tests.TaskListTests"},{"Key":{"Id":"TestCase.ManagedMethod","Label":"ManagedMethod","Category":"","Description":"","Attributes":1,"ValueType":"System.String"},"Value":"TestSummaryDataWhenSortedWithOutClass"},{"Key":{"Id":"MSTestDiscoverer.TestClassName","Label":"ClassName","Category":"","Description":"","Attributes":1,"ValueType":"System.String"},"Value":"TaskTrackingCalendar.Tests.TaskListTests"},{"Key":{"Id":"TestCase.Hierarchy","Label":"Hierarchy","Category":"","Description":"","Attributes":2,"ValueType":"System.String[]"},"Value":["TaskTrackingCalendar.Tests","TaskListTests"]},{"Key":{"Id":"TestObject.Traits","Label":"Traits","Category":"","Description":"","Attributes":5,"ValueType":"System.Collections.Generic.KeyValuePair`2[[System.String],[System.String]][]"},"Value":[]}]},"Attachments":[],"Outcome":2,"ErrorMessage":"Assert.Fail failed. Assert.Equals should not be used for Assertions. Please use Assert.AreEqual & overloads instead.","ErrorStackTrace":"   at TaskTrackingCalendar.Tests.TaskListTests.TestSummaryDataWhenSortedWithOutClass() in C:\\Users\\srw33\\Desktop\\Class\\CSDS 393\\TaskTrackingCalendar\\TaskListTests\\TaskListTests.cs:line 203\r\n","DisplayName":"TestSummaryDataWhenSortedWithOutClass","Messages":[],"ComputerName":null,"Duration":"00:00:00.0008114","StartTime":"2021-10-22T15:09:10.6426138-04:00","EndTime":"2021-10-22T15:09:10.6436348-04:00","Properties":[{"Key":{"Id":"ExecutionId","Label":"ExecutionId","Category":"","Description":"","Attributes":1,"ValueType":"System.Guid"},"Value":"00000000-0000-0000-0000-000000000000"},{"Key":{"Id":"ParentExecId","Label":"ParentExecId","Category":"","Description":"","Attributes":1,"ValueType":"System.Guid"},"Value":"00000000-0000-0000-0000-000000000000"},{"Key":{"Id":"InnerResultsCount","Label":"InnerResultsCount","Category":"","Description":"","Attributes":1,"ValueType":"System.Int32"},"Value":0}]},{"TestCase":{"Id":"c90f6390-92de-7a44-bb2c-55e6ca667081","FullyQualifiedName":"TaskTrackingCalendar.Tests.TaskListTests.TestSummaryDataWhenNotSortedWithOutClass","DisplayName":"TestSummaryDataWhenNotSortedWithOutClass","ExecutorUri":"executor://MSTestAdapter/v2","Source":"C:\\Users\\srw33\\Desktop\\Class\\CSDS 393\\TaskTrackingCalendar\\TaskListTests\\bin\\Debug\\.netcoreapp,version=v5.0\\fine-code-coverage\\build-output\\TaskListTests.dll","CodeFilePath":null,"LineNumber":-1,"Properties":[{"Key":{"Id":"TestCase.ManagedType","Label":"ManagedType","Category":"","Description":"","Attributes":1,"ValueType":"System.String"},"Value":"TaskTrackingCalendar.Tests.TaskListTests"},{"Key":{"Id":"TestCase.ManagedMethod","Label":"ManagedMethod","Category":"","Description":"","Attributes":1,"ValueType":"System.String"},"Value":"TestSummaryDataWhenNotSortedWithOutClass"},{"Key":{"Id":"MSTestDiscoverer.TestClassName","Label":"ClassName","Category":"","Description":"","Attributes":1,"ValueType":"System.String"},"Value":"TaskTrackingCalendar.Tests.TaskListTests"},{"Key":{"Id":"TestCase.Hierarchy","Label":"Hierarchy","Category":"","Description":"","Attributes":2,"ValueType":"System.String[]"},"Value":["TaskTrackingCalendar.Tests","TaskListTests"]},{"Key":{"Id":"TestObject.Traits","Label":"Traits","Category":"","Description":"","Attributes":5,"ValueType":"System.Collections.Generic.KeyValuePair`2[[System.String],[System.String]][]"},"Value":[]}]},"Attachments":[],"Outcome":2,"ErrorMessage":"Assert.Fail failed. Assert.Equals should not be used for Assertions. Please use Assert.AreEqual & overloads instead.","ErrorStackTrace":"   at TaskTrackingCalendar.Tests.TaskListTests.TestSummaryDataWhenNotSortedWithOutClass() in C:\\Users\\srw33\\Desktop\\Class\\CSDS 393\\TaskTrackingCalendar\\TaskListTests\\TaskListTests.cs:line 222\r\n","DisplayName":"TestSummaryDataWhenNotSortedWithOutClass","Messages":[],"ComputerName":null,"Duration":"00:00:00.0009004","StartTime":"2021-10-22T15:09:10.6454678-04:00","EndTime":"2021-10-22T15:09:10.6465814-04:00","Properties":[{"Key":{"Id":"ExecutionId","Label":"ExecutionId","Category":"","Description":"","Attributes":1,"ValueType":"System.Guid"},"Value":"00000000-0000-0000-0000-000000000000"},{"Key":{"Id":"ParentExecId","Label":"ParentExecId","Category":"","Description":"","Attributes":1,"ValueType":"System.Guid"},"Value":"00000000-0000-0000-0000-000000000000"},{"Key":{"Id":"InnerResultsCount","Label":"InnerResultsCount","Category":"","Description":"","Attributes":1,"ValueType":"System.Int32"},"Value":0}]},{"TestCase":{"Id":"5251567c-7a3b-a28b-ea39-c5d84d41b3d3","FullyQualifiedName":"TaskTrackingCalendar.Tests.TaskListTests.TestSummaryDataNoClass","DisplayName":"TestSummaryDataNoClass","ExecutorUri":"executor://MSTestAdapter/v2","Source":"C:\\Users\\srw33\\Desktop\\Class\\CSDS 393\\TaskTrackingCalendar\\TaskListTests\\bin\\Debug\\.netcoreapp,version=v5.0\\fine-code-coverage\\build-output\\TaskListTests.dll","CodeFilePath":null,"LineNumber":-1,"Properties":[{"Key":{"Id":"TestCase.ManagedType","Label":"ManagedType","Category":"","Description":"","Attributes":1,"ValueType":"System.String"},"Value":"TaskTrackingCalendar.Tests.TaskListTests"},{"Key":{"Id":"TestCase.ManagedMethod","Label":"ManagedMethod","Category":"","Description":"","Attributes":1,"ValueType":"System.String"},"Value":"TestSummaryDataNoClass"},{"Key":{"Id":"MSTestDiscoverer.TestClassName","Label":"ClassName","Category":"","Description":"","Attributes":1,"ValueType":"System.String"},"Value":"TaskTrackingCalendar.Tests.TaskListTests"},{"Key":{"Id":"TestCase.Hierarchy","Label":"Hierarchy","Category":"","Description":"","Attributes":2,"ValueType":"System.String[]"},"Value":["TaskTrackingCalendar.Tests","TaskListTests"]},{"Key":{"Id":"TestObject.Traits","Label":"Traits","Category":"","Description":"","Attributes":5,"ValueType":"System.Collections.Generic.KeyValuePair`2[[System.String],[System.String]][]"},"Value":[]}]},"Attachments":[],"Outcome":2,"ErrorMessage":"Assert.Fail failed. Assert.Equals should not be used for Assertions. Please use Assert.AreEqual & overloads instead.","ErrorStackTrace":"   at TaskTrackingCalendar.Tests.TaskListTests.TestSummaryDataNoClass() in C:\\Users\\srw33\\Desktop\\Class\\CSDS 393\\TaskTrackingCalendar\\TaskListTests\\TaskListTests.cs:line 231\r\n","DisplayName":"TestSummaryDataNoClass","Messages":[],"ComputerName":null,"Duration":"00:00:00.0006922","StartTime":"2021-10-22T15:09:10.6486266-04:00","EndTime":"2021-10-22T15:09:10.6495384-04:00","Properties":[{"Key":{"Id":"ExecutionId","Label":"ExecutionId","Category":"","Description":"","Attributes":1,"ValueType":"System.Guid"},"Value":"00000000-0000-0000-0000-000000000000"},{"Key":{"Id":"ParentExecId","Label":"ParentExecId","Category":"","Description":"","Attributes":1,"ValueType":"System.Guid"},"Value":"00000000-0000-0000-0000-000000000000"},{"Key":{"Id":"InnerResultsCount","Label":"InnerResultsCount","Category":"","Description":"","Attributes":1,"ValueType":"System.Int32"},"Value":0}]},{"TestCase":{"Id":"ec5f13db-c661-93b9-426f-44dec0e8598f","FullyQualifiedName":"TaskTrackingCalendar.Tests.TaskListTests.TestCalendarData","DisplayName":"TestCalendarData","ExecutorUri":"executor://MSTestAdapter/v2","Source":"C:\\Users\\srw33\\Desktop\\Class\\CSDS 393\\TaskTrackingCalendar\\TaskListTests\\bin\\Debug\\.netcoreapp,version=v5.0\\fine-code-coverage\\build-output\\TaskListTests.dll","CodeFilePath":null,"LineNumber":-1,"Properties":[{"Key":{"Id":"TestCase.ManagedType","Label":"ManagedType","Category":"","Description":"","Attributes":1,"ValueType":"System.String"},"Value":"TaskTrackingCalendar.Tests.TaskListTests"},{"Key":{"Id":"TestCase.ManagedMethod","Label":"ManagedMethod","Category":"","Description":"","Attributes":1,"ValueType":"System.String"},"Value":"TestCalendarData"},{"Key":{"Id":"MSTestDiscoverer.TestClassName","Label":"ClassName","Category":"","Description":"","Attributes":1,"ValueType":"System.String"},"Value":"TaskTrackingCalendar.Tests.TaskListTests"},{"Key":{"Id":"TestCase.Hierarchy","Label":"Hierarchy","Category":"","Description":"","Attributes":2,"ValueType":"System.String[]"},"Value":["TaskTrackingCalendar.Tests","TaskListTests"]},{"Key":{"Id":"TestObject.Traits","Label":"Traits","Category":"","Description":"","Attributes":5,"ValueType":"System.Collections.Generic.KeyValuePair`2[[System.String],[System.String]][]"},"Value":[]}]},"Attachments":[],"Outcome":2,"ErrorMessage":"Assert.Fail failed. Assert.Equals should not be used for Assertions. Please use Assert.AreEqual & overloads instead.","ErrorStackTrace":"   at TaskTrackingCalendar.Tests.TaskListTests.TestCalendarData() in C:\\Users\\srw33\\Desktop\\Class\\CSDS 393\\TaskTrackingCalendar\\TaskListTests\\TaskListTests.cs:line 248\r\n","DisplayName":"TestCalendarData","Messages":[],"ComputerName":null,"Duration":"00:00:00.0010287","StartTime":"2021-10-22T15:09:10.6513617-04:00","EndTime":"2021-10-22T15:09:10.6525879-04:00","Properties":[{"Key":{"Id":"ExecutionId","Label":"ExecutionId","Category":"","Description":"","Attributes":1,"ValueType":"System.Guid"},"Value":"00000000-0000-0000-0000-000000000000"},{"Key":{"Id":"ParentExecId","Label":"ParentExecId","Category":"","Description":"","Attributes":1,"ValueType":"System.Guid"},"Value":"00000000-0000-0000-0000-000000000000"},{"Key":{"Id":"InnerResultsCount","Label":"InnerResultsCount","Category":"","Description":"","Attributes":1,"ValueType":"System.Int32"},"Value":0}]},{"TestCase":{"Id":"63066138-511d-8cd4-5512-1981838a682d","FullyQualifiedName":"TaskTrackingCalendar.Tests.TaskListTests.TestCalendarNoValues","DisplayName":"TestCalendarNoValues","ExecutorUri":"executor://MSTestAdapter/v2","Source":"C:\\Users\\srw33\\Desktop\\Class\\CSDS 393\\TaskTrackingCalendar\\TaskListTests\\bin\\Debug\\.netcoreapp,version=v5.0\\fine-code-coverage\\build-output\\TaskListTests.dll","CodeFilePath":null,"LineNumber":-1,"Properties":[{"Key":{"Id":"TestCase.ManagedType","Label":"ManagedType","Category":"","Description":"","Attributes":1,"ValueType":"System.String"},"Value":"TaskTrackingCalendar.Tests.TaskListTests"},{"Key":{"Id":"TestCase.ManagedMethod","Label":"ManagedMethod","Category":"","Description":"","Attributes":1,"ValueType":"System.String"},"Value":"TestCalendarNoValues"},{"Key":{"Id":"MSTestDiscoverer.TestClassName","Label":"ClassName","Category":"","Description":"","Attributes":1,"ValueType":"System.String"},"Value":"TaskTrackingCalendar.Tests.TaskListTests"},{"Key":{"Id":"TestCase.Hierarchy","Label":"Hierarchy","Category":"","Description":"","Attributes":2,"ValueType":"System.String[]"},"Value":["TaskTrackingCalendar.Tests","TaskListTests"]},{"Key":{"Id":"TestObject.Traits","Label":"Traits","Category":"","Description":"","Attributes":5,"ValueType":"System.Collections.Generic.KeyValuePair`2[[System.String],[System.String]][]"},"Value":[]}]},"Attachments":[],"Outcome":2,"ErrorMessage":"Assert.Fail failed. Assert.Equals should not be used for Assertions. Please use Assert.AreEqual & overloads instead.","ErrorStackTrace":"   at TaskTrackingCalendar.Tests.TaskListTests.TestCalendarNoValues() in C:\\Users\\srw33\\Desktop\\Class\\CSDS 393\\TaskTrackingCalendar\\TaskListTests\\TaskListTests.cs:line 256\r\n","DisplayName":"TestCalendarNoValues","Messages":[],"ComputerName":null,"Duration":"00:00:00.0005697","StartTime":"2021-10-22T15:09:10.6544755-04:00","EndTime":"2021-10-22T15:09:10.6552688-04:00","Properties":[{"Key":{"Id":"ExecutionId","Label":"ExecutionId","Category":"","Description":"","Attributes":1,"ValueType":"System.Guid"},"Value":"00000000-0000-0000-0000-000000000000"},{"Key":{"Id":"ParentExecId","Label":"ParentExecId","Category":"","Description":"","Attributes":1,"ValueType":"System.Guid"},"Value":"00000000-0000-0000-0000-000000000000"},{"Key":{"Id":"InnerResultsCount","Label":"InnerResultsCount","Category":"","Description":"","Attributes":1,"ValueType":"System.Int32"},"Value":0}]},{"TestCase":{"Id":"b11ab531-2ae1-1764-3d3a-f9930aac5444","FullyQualifiedName":"TaskTrackingCalendar.Tests.TaskListTests.TestSaveLoadData_WithDefaultPath_Succeeds","DisplayName":"TestSaveLoadData_WithDefaultPath_Succeeds","ExecutorUri":"executor://MSTestAdapter/v2","Source":"C:\\Users\\srw33\\Desktop\\Class\\CSDS 393\\TaskTrackingCalendar\\TaskListTests\\bin\\Debug\\.netcoreapp,version=v5.0\\fine-code-coverage\\build-output\\TaskListTests.dll","CodeFilePath":null,"LineNumber":-1,"Properties":[{"Key":{"Id":"TestCase.ManagedType","Label":"ManagedType","Category":"","Description":"","Attributes":1,"ValueType":"System.String"},"Value":"TaskTrackingCalendar.Tests.TaskListTests"},{"Key":{"Id":"TestCase.ManagedMethod","Label":"ManagedMethod","Category":"","Description":"","Attributes":1,"ValueType":"System.String"},"Value":"TestSaveLoadData_WithDefaultPath_Succeeds"},{"Key":{"Id":"MSTestDiscoverer.TestClassName","Label":"ClassName","Category":"","Description":"","Attributes":1,"ValueType":"System.String"},"Value":"TaskTrackingCalendar.Tests.TaskListTests"},{"Key":{"Id":"TestCase.Hierarchy","Label":"Hierarchy","Category":"","Description":"","Attributes":2,"ValueType":"System.String[]"},"Value":["TaskTrackingCalendar.Tests","TaskListTests"]},{"Key":{"Id":"TestObject.Traits","Label":"Traits","Category":"","Description":"","Attributes":5,"ValueType":"System.Collections.Generic.KeyValuePair`2[[System.String],[System.String]][]"},"Value":[]}]},"Attachments":[],"Outcome":1,"ErrorMessage":null,"ErrorStackTrace":null,"DisplayName":"TestSaveLoadData_WithDefaultPath_Succeeds","Messages":[],"ComputerName":null,"Duration":"00:00:00.0138558","StartTime":"2021-10-22T15:09:10.6571583-04:00","EndTime":"2021-10-22T15:09:10.6712747-04:00","Properties":[{"Key":{"Id":"ExecutionId","Label":"ExecutionId","Category":"","Description":"","Attributes":1,"ValueType":"System.Guid"},"Value":"00000000-0000-0000-0000-000000000000"},{"Key":{"Id":"ParentExecId","Label":"ParentExecId","Category":"","Description":"","Attributes":1,"ValueType":"System.Guid"},"Value":"00000000-0000-0000-0000-000000000000"},{"Key":{"Id":"InnerResultsCount","Label":"InnerResultsCount","Category":"","Description":"","Attributes":1,"ValueType":"System.Int32"},"Value":0}]},{"TestCase":{"Id":"8f2f4afe-e52c-cc01-22a8-a62f9a19f24e","FullyQualifiedName":"TaskTrackingCalendar.Tests.TaskListTests.TestSaveLoadData_WhenPathValid_Succeeds","DisplayName":"TestSaveLoadData_WhenPathValid_Succeeds","ExecutorUri":"executor://MSTestAdapter/v2","Source":"C:\\Users\\srw33\\Desktop\\Class\\CSDS 393\\TaskTrackingCalendar\\TaskListTests\\bin\\Debug\\.netcoreapp,version=v5.0\\fine-code-coverage\\build-output\\TaskListTests.dll","CodeFilePath":null,"LineNumber":-1,"Properties":[{"Key":{"Id":"TestCase.ManagedType","Label":"ManagedType","Category":"","Description":"","Attributes":1,"ValueType":"System.String"},"Value":"TaskTrackingCalendar.Tests.TaskListTests"},{"Key":{"Id":"TestCase.ManagedMethod","Label":"ManagedMethod","Category":"","Description":"","Attributes":1,"ValueType":"System.String"},"Value":"TestSaveLoadData_WhenPathValid_Succeeds"},{"Key":{"Id":"MSTestDiscoverer.TestClassName","Label":"ClassName","Category":"","Description":"","Attributes":1,"ValueType":"System.String"},"Value":"TaskTrackingCalendar.Tests.TaskListTests"},{"Key":{"Id":"TestCase.Hierarchy","Label":"Hierarchy","Category":"","Description":"","Attributes":2,"ValueType":"System.String[]"},"Value":["TaskTrackingCalendar.Tests","TaskListTests"]},{"Key":{"Id":"TestObject.Traits","Label":"Traits","Category":"","Description":"","Attributes":5,"ValueType":"System.Collections.Generic.KeyValuePair`2[[System.String],[System.String]][]"},"Value":[]}]},"Attachments":[],"Outcome":1,"ErrorMessage":null,"ErrorStackTrace":null,"DisplayName":"TestSaveLoadData_WhenPathValid_Succeeds","Messages":[],"ComputerName":null,"Duration":"00:00:00.0133871","StartTime":"2021-10-22T15:09:10.6734065-04:00","EndTime":"2021-10-22T15:09:10.6870987-04:00","Properties":[{"Key":{"Id":"ExecutionId","Label":"ExecutionId","Category":"","Description":"","Attributes":1,"ValueType":"System.Guid"},"Value":"00000000-0000-0000-0000-000000000000"},{"Key":{"Id":"ParentExecId","Label":"ParentExecId","Category":"","Description":"","Attributes":1,"ValueType":"System.Guid"},"Value":"00000000-0000-0000-0000-000000000000"},{"Key":{"Id":"InnerResultsCount","Label":"InnerResultsCount","Category":"","Description":"","Attributes":1,"ValueType":"System.Int32"},"Value":0}]}],"TestRunStatistics":{"ExecutedTests":18,"Stats":{"Passed":10,"Failed":8}},"ActiveTests":[{"Id":"5a72c8f2-669a-16bd-ed64-b02e5bc787d3","FullyQualifiedName":"TaskTrackingCalendar.Tests.TaskListTests.TestSaveLoadData_WhenPathInvalid_Fails","DisplayName":"TestSaveLoadData_WhenPathInvalid_Fails","ExecutorUri":"executor://MSTestAdapter/v2","Source":"C:\\Users\\srw33\\Desktop\\Class\\CSDS 393\\TaskTrackingCalendar\\TaskListTests\\bin\\Debug\\.netcoreapp,version=v5.0\\fine-code-coverage\\build-output\\TaskListTests.dll","CodeFilePath":null,"LineNumber":-1,"Properties":[{"Key":{"Id":"TestCase.ManagedType","Label":"ManagedType","Category":"","Description":"","Attributes":1,"ValueType":"System.String"},"Value":"TaskTrackingCalendar.Tests.TaskListTests"},{"Key":{"Id":"TestCase.ManagedMethod","Label":"ManagedMethod","Category":"","Description":"","Attributes":1,"ValueType":"System.String"},"Value":"TestSaveLoadData_WhenPathInvalid_Fails"},{"Key":{"Id":"MSTestDiscoverer.TestClassName","Label":"ClassName","Category":"","Description":"","Attributes":1,"ValueType":"System.String"},"Value":"TaskTrackingCalendar.Tests.TaskListTests"},{"Key":{"Id":"TestCase.Hierarchy","Label":"Hierarchy","Category":"","Description":"","Attributes":2,"ValueType":"System.String[]"},"Value":["TaskTrackingCalendar.Tests","TaskListTests"]},{"Key":{"Id":"TestObject.Traits","Label":"Traits","Category":"","Description":"","Attributes":5,"ValueType":"System.Collections.Generic.KeyValuePair`2[[System.String],[System.String]][]"},"Value":[]}]}]}}
TpTrace Verbose: 0 : 27600, 4, 2021/10/22, 15:09:10.689, 7899197000179, testhost.dll, TestRunCache: OnNewTestResult: Notified the onCacheHit callback.
TpTrace Information: 0 : 27600, 4, 2021/10/22, 15:09:10.690, 7899197009497, testhost.dll, MSTest - Executing test TestSaveLoadData_WhenPathInvalid_Fails
TpTrace Information: 0 : 27600, 4, 2021/10/22, 15:09:10.692, 7899197029399, testhost.dll, MSTest - Executed test TestSaveLoadData_WhenPathInvalid_Fails
TpTrace Verbose: 0 : 27600, 4, 2021/10/22, 15:09:10.692, 7899197030141, testhost.dll, TestExecutionRecorder.RecordEnd: test: TaskTrackingCalendar.Tests.TaskListTests.TestSaveLoadData_WhenPathInvalid_Fails execution completed.
TpTrace Warning: 0 : 27600, 4, 2021/10/22, 15:09:10.692, 7899197030464, testhost.dll, TestRunCache: InProgressTests is null
TpTrace Verbose: 0 : 27600, 4, 2021/10/22, 15:09:10.697, 7899197072286, testhost.dll, TestExecutionRecorder.RecordResult: Received result for test: TaskTrackingCalendar.Tests.TaskListTests.TestSaveLoadData_WhenPathInvalid_Fails.
TpTrace Warning: 0 : 27600, 4, 2021/10/22, 15:09:10.697, 7899197073404, testhost.dll, TestRunCache: InProgressTests is null
TpTrace Warning: 0 : 27600, 4, 2021/10/22, 15:09:10.697, 7899197073756, testhost.dll, TestRunCache: No test found corresponding to testResult 'TestSaveLoadData_WhenPathInvalid_Fails' in inProgress list.
TpTrace Information: 0 : 27600, 4, 2021/10/22, 15:09:10.697, 7899197075767, testhost.dll, MSTest - Executing cleanup methods.
TpTrace Information: 0 : 27600, 4, 2021/10/22, 15:09:10.698, 7899197088116, testhost.dll, MSTest - Executed cleanup methods.
TpTrace Information: 0 : 27600, 4, 2021/10/22, 15:09:10.698, 7899197088749, testhost.dll, MSTest - Executed tests belonging to source C:\Users\srw33\Desktop\Class\CSDS 393\TaskTrackingCalendar\TaskListTests\bin\Debug\.netcoreapp,version=v5.0\fine-code-coverage\build-output\TaskListTests.dll
TpTrace Verbose: 0 : 27600, 4, 2021/10/22, 15:09:10.698, 7899197091647, testhost.dll, BaseRunTests.RunTestInternalWithExecutors: Completed running tests for executor://MSTestAdapter/v2
TpTrace Information: 0 : 27600, 4, 2021/10/22, 15:09:10.700, 7899197108997, testhost.dll, Sending test run complete
TpTrace Verbose: 0 : 27600, 4, 2021/10/22, 15:09:10.706, 7899197170704, testhost.dll, TestRequestHandler.SendData:  sending data from testhost: {"Version":5,"MessageType":"TestExecution.Completed","Payload":{"TestRunCompleteArgs":{"TestRunStatistics":{"ExecutedTests":19,"Stats":{"Passed":11,"Failed":8}},"IsCanceled":false,"IsAborted":false,"Error":null,"AttachmentSets":[],"ElapsedTimeInRunningTests":"00:00:00.8308278","Metrics":{}},"LastRunTests":{"NewTestResults":[{"TestCase":{"Id":"5a72c8f2-669a-16bd-ed64-b02e5bc787d3","FullyQualifiedName":"TaskTrackingCalendar.Tests.TaskListTests.TestSaveLoadData_WhenPathInvalid_Fails","DisplayName":"TestSaveLoadData_WhenPathInvalid_Fails","ExecutorUri":"executor://MSTestAdapter/v2","Source":"C:\\Users\\srw33\\Desktop\\Class\\CSDS 393\\TaskTrackingCalendar\\TaskListTests\\bin\\Debug\\.netcoreapp,version=v5.0\\fine-code-coverage\\build-output\\TaskListTests.dll","CodeFilePath":null,"LineNumber":-1,"Properties":[{"Key":{"Id":"TestCase.ManagedType","Label":"ManagedType","Category":"","Description":"","Attributes":1,"ValueType":"System.String"},"Value":"TaskTrackingCalendar.Tests.TaskListTests"},{"Key":{"Id":"TestCase.ManagedMethod","Label":"ManagedMethod","Category":"","Description":"","Attributes":1,"ValueType":"System.String"},"Value":"TestSaveLoadData_WhenPathInvalid_Fails"},{"Key":{"Id":"MSTestDiscoverer.TestClassName","Label":"ClassName","Category":"","Description":"","Attributes":1,"ValueType":"System.String"},"Value":"TaskTrackingCalendar.Tests.TaskListTests"},{"Key":{"Id":"TestCase.Hierarchy","Label":"Hierarchy","Category":"","Description":"","Attributes":2,"ValueType":"System.String[]"},"Value":["TaskTrackingCalendar.Tests","TaskListTests"]},{"Key":{"Id":"TestObject.Traits","Label":"Traits","Category":"","Description":"","Attributes":5,"ValueType":"System.Collections.Generic.KeyValuePair`2[[System.String],[System.String]][]"},"Value":[]}]},"Attachments":[],"Outcome":1,"ErrorMessage":null,"ErrorStackTrace":null,"DisplayName":"TestSaveLoadData_WhenPathInvalid_Fails","Messages":[],"ComputerName":null,"Duration":"00:00:00.0017888","StartTime":"2021-10-22T15:09:10.690774-04:00","EndTime":"2021-10-22T15:09:10.6928363-04:00","Properties":[{"Key":{"Id":"ExecutionId","Label":"ExecutionId","Category":"","Description":"","Attributes":1,"ValueType":"System.Guid"},"Value":"00000000-0000-0000-0000-000000000000"},{"Key":{"Id":"ParentExecId","Label":"ParentExecId","Category":"","Description":"","Attributes":1,"ValueType":"System.Guid"},"Value":"00000000-0000-0000-0000-000000000000"},{"Key":{"Id":"InnerResultsCount","Label":"InnerResultsCount","Category":"","Description":"","Attributes":1,"ValueType":"System.Int32"},"Value":0}]}],"TestRunStatistics":{"ExecutedTests":19,"Stats":{"Passed":11,"Failed":8}},"ActiveTests":[]},"RunAttachments":[],"ExecutorUris":["executor://mstestadapter/v2"]}}
TpTrace Verbose: 0 : 27600, 4, 2021/10/22, 15:09:10.707, 7899197173768, testhost.dll, BaseRunTests.RunTests: Run is complete.
TpTrace Verbose: 0 : 27600, 8, 2021/10/22, 15:09:10.707, 7899197177578, testhost.dll, TcpClientExtensions.MessageLoopAsync: NotifyDataAvailable remoteEndPoint: [::ffff:127.0.0.1]:59470 localEndPoint: [::ffff:127.0.0.1]:59472
TpTrace Information: 0 : 27600, 8, 2021/10/22, 15:09:10.707, 7899197178490, testhost.dll, TestRequestHandler.OnMessageReceived: received message: (TestSession.Terminate) -> null
TpTrace Information: 0 : 27600, 8, 2021/10/22, 15:09:10.707, 7899197178842, testhost.dll, Session End message received from server. Closing the connection.
TpTrace Information: 0 : 27600, 8, 2021/10/22, 15:09:10.707, 7899197180761, testhost.dll, SocketClient.Stop: Stop communication from server endpoint: 127.0.0.1:059470
TpTrace Information: 0 : 27600, 8, 2021/10/22, 15:09:10.707, 7899197181151, testhost.dll, SocketClient: Stop: Cancellation requested. Stopping message loop.
TpTrace Verbose: 0 : 27600, 8, 2021/10/22, 15:09:10.708, 7899197182531, testhost.dll, LengthPrefixCommunicationChannel.Dispose: Dispose reader and writer.
TpTrace Information: 0 : 27600, 8, 2021/10/22, 15:09:10.708, 7899197182946, testhost.dll, Closing the connection !
TpTrace Information: 0 : 27600, 8, 2021/10/22, 15:09:10.708, 7899197184435, testhost.dll, SocketClient.PrivateStop: Stop communication from server endpoint: 127.0.0.1:059470, error:
TpTrace Verbose: 0 : 27600, 8, 2021/10/22, 15:09:10.708, 7899197187843, testhost.dll, LengthPrefixCommunicationChannel.Dispose: Dispose reader and writer.
TpTrace Information: 0 : 27600, 1, 2021/10/22, 15:09:10.708, 7899197188107, testhost.dll, Closing the connection !
TpTrace Information: 0 : 27600, 1, 2021/10/22, 15:09:10.708, 7899197188950, testhost.dll, SocketClient.Stop: Stop communication from server endpoint: 127.0.0.1:059470
TpTrace Verbose: 0 : 27600, 1, 2021/10/22, 15:09:10.708, 7899197189318, testhost.dll, LengthPrefixCommunicationChannel.Dispose: Dispose reader and writer.
TpTrace Verbose: 0 : 27600, 8, 2021/10/22, 15:09:10.708, 7899197188357, testhost.dll, TcpClientExtensions.MessageLoopAsync: exiting MessageLoopAsync remoteEndPoint: [::ffff:127.0.0.1]:59470 localEndPoint: [::ffff:127.0.0.1]:59472
TpTrace Information: 0 : 27600, 1, 2021/10/22, 15:09:10.708, 7899197189977, testhost.dll, Testhost process exiting.
