TpTrace Verbose: 0 : 30172, 1, 2021/10/22, 15:10:18.028, 7899870410564, vstest.console.dll, Version: 16.11.0
TpTrace Information: 0 : 30172, 1, 2021/10/22, 15:10:18.038, 7899870485412, vstest.console.dll, FilePatternParser: The given file C:\Users\srw33\Desktop\Class\CSDS 393\TaskTrackingCalendar\TaskListTests\bin\Debug\.netcoreapp,version=v5.0\fine-code-coverage\build-output\TaskListTests.dll is a full path.
TpTrace Verbose: 0 : 30172, 1, 2021/10/22, 15:10:18.045, 7899870555369, vstest.console.dll, TestPluginCache.DiscoverTestExtensions: finding test extensions in assemblies ends with: RuntimeProvider.dll TPluginInfo: Microsoft.VisualStudio.TestPlatform.Common.ExtensionFramework.Utilities.TestRuntimePluginInformation TExtension: Microsoft.VisualStudio.TestPlatform.ObjectModel.Host.ITestRuntimeProvider
TpTrace Verbose: 0 : 30172, 1, 2021/10/22, 15:10:18.045, 7899870559819, vstest.console.dll, TestPluginCache.GetExtensionPaths: Filtered extension paths: 
TpTrace Verbose: 0 : 30172, 1, 2021/10/22, 15:10:18.045, 7899870560801, vstest.console.dll, TestPluginCache.GetExtensionPaths: Added default extension paths: C:\Program Files\dotnet\sdk\5.0.402\Extensions\Microsoft.Diagnostics.NETCore.Client.dll
C:\Program Files\dotnet\sdk\5.0.402\Extensions\Microsoft.TestPlatform.Extensions.BlameDataCollector.dll
C:\Program Files\dotnet\sdk\5.0.402\Extensions\Microsoft.TestPlatform.Extensions.EventLogCollector.dll
C:\Program Files\dotnet\sdk\5.0.402\Extensions\Microsoft.TestPlatform.TestHostRuntimeProvider.dll
C:\Program Files\dotnet\sdk\5.0.402\Extensions\Microsoft.VisualStudio.TestPlatform.Extensions.Html.TestLogger.dll
C:\Program Files\dotnet\sdk\5.0.402\Extensions\Microsoft.VisualStudio.TestPlatform.Extensions.Trx.TestLogger.dll
TpTrace Verbose: 0 : 30172, 1, 2021/10/22, 15:10:18.045, 7899870561175, vstest.console.dll, TestPluginCache.GetExtensionPaths: Added unfilterableExtensionPaths: 
TpTrace Information: 0 : 30172, 1, 2021/10/22, 15:10:18.046, 7899870567529, vstest.console.dll, AssemblyResolver.ctor: Creating AssemblyResolver with searchDirectories C:\Program Files\dotnet\sdk\5.0.402\Extensions,C:\Program Files\dotnet\sdk\5.0.402
TpTrace Verbose: 0 : 30172, 1, 2021/10/22, 15:10:18.047, 7899870578663, vstest.console.dll, TestPluginCache.DiscoverTestExtensions: Discovering the extensions using extension path.
TpTrace Verbose: 0 : 30172, 1, 2021/10/22, 15:10:18.047, 7899870579931, vstest.console.dll, TestPluginCache.GetExtensionPaths: Filtered extension paths: 
TpTrace Verbose: 0 : 30172, 1, 2021/10/22, 15:10:18.047, 7899870580405, vstest.console.dll, TestPluginCache.GetExtensionPaths: Added default extension paths: C:\Program Files\dotnet\sdk\5.0.402\Extensions\Microsoft.Diagnostics.NETCore.Client.dll
C:\Program Files\dotnet\sdk\5.0.402\Extensions\Microsoft.TestPlatform.Extensions.BlameDataCollector.dll
C:\Program Files\dotnet\sdk\5.0.402\Extensions\Microsoft.TestPlatform.Extensions.EventLogCollector.dll
C:\Program Files\dotnet\sdk\5.0.402\Extensions\Microsoft.TestPlatform.TestHostRuntimeProvider.dll
C:\Program Files\dotnet\sdk\5.0.402\Extensions\Microsoft.VisualStudio.TestPlatform.Extensions.Html.TestLogger.dll
C:\Program Files\dotnet\sdk\5.0.402\Extensions\Microsoft.VisualStudio.TestPlatform.Extensions.Trx.TestLogger.dll
TpTrace Verbose: 0 : 30172, 1, 2021/10/22, 15:10:18.047, 7899870580716, vstest.console.dll, TestPluginCache.GetExtensionPaths: Added unfilterableExtensionPaths: 
TpTrace Verbose: 0 : 30172, 1, 2021/10/22, 15:10:18.047, 7899870581322, vstest.console.dll, TestPluginCache.DiscoverTestExtensions: Discovering the extensions using allExtensionPaths: C:\Program Files\dotnet\sdk\5.0.402\Extensions\Microsoft.Diagnostics.NETCore.Client.dll
C:\Program Files\dotnet\sdk\5.0.402\Extensions\Microsoft.TestPlatform.Extensions.BlameDataCollector.dll
C:\Program Files\dotnet\sdk\5.0.402\Extensions\Microsoft.TestPlatform.Extensions.EventLogCollector.dll
C:\Program Files\dotnet\sdk\5.0.402\Extensions\Microsoft.TestPlatform.TestHostRuntimeProvider.dll
C:\Program Files\dotnet\sdk\5.0.402\Extensions\Microsoft.VisualStudio.TestPlatform.Extensions.Html.TestLogger.dll
C:\Program Files\dotnet\sdk\5.0.402\Extensions\Microsoft.VisualStudio.TestPlatform.Extensions.Trx.TestLogger.dll
TpTrace Information: 0 : 30172, 1, 2021/10/22, 15:10:18.048, 7899870582603, vstest.console.dll, AssemblyResolver.AddSearchDirectories: Adding more searchDirectories C:\Program Files\dotnet\sdk\5.0.402\Extensions,C:\Program Files\dotnet\sdk\5.0.402
TpTrace Information: 0 : 30172, 1, 2021/10/22, 15:10:18.048, 7899870583238, vstest.console.dll, AssemblyResolver.AddSearchDirectories: Adding more searchDirectories C:\Program Files\dotnet\sdk\5.0.402\Extensions,C:\Program Files\dotnet\sdk\5.0.402
TpTrace Information: 0 : 30172, 1, 2021/10/22, 15:10:18.048, 7899870583627, vstest.console.dll, AssemblyResolver.AddSearchDirectories: Adding more searchDirectories C:\Program Files\dotnet\sdk\5.0.402\Extensions,C:\Program Files\dotnet\sdk\5.0.402
TpTrace Information: 0 : 30172, 1, 2021/10/22, 15:10:18.048, 7899870583936, vstest.console.dll, AssemblyResolver.AddSearchDirectories: Adding more searchDirectories C:\Program Files\dotnet\sdk\5.0.402\Extensions,C:\Program Files\dotnet\sdk\5.0.402
TpTrace Information: 0 : 30172, 1, 2021/10/22, 15:10:18.048, 7899870584250, vstest.console.dll, AssemblyResolver.AddSearchDirectories: Adding more searchDirectories C:\Program Files\dotnet\sdk\5.0.402\Extensions,C:\Program Files\dotnet\sdk\5.0.402
TpTrace Information: 0 : 30172, 1, 2021/10/22, 15:10:18.048, 7899870584582, vstest.console.dll, AssemblyResolver.AddSearchDirectories: Adding more searchDirectories C:\Program Files\dotnet\sdk\5.0.402\Extensions,C:\Program Files\dotnet\sdk\5.0.402
TpTrace Information: 0 : 30172, 1, 2021/10/22, 15:10:18.048, 7899870587388, vstest.console.dll, AssemblyResolver.OnResolve: Microsoft.Diagnostics.NETCore.Client: Resolving assembly.
TpTrace Information: 0 : 30172, 1, 2021/10/22, 15:10:18.048, 7899870587947, vstest.console.dll, AssemblyResolver.OnResolve: Microsoft.Diagnostics.NETCore.Client: Searching in: 'C:\Program Files\dotnet\sdk\5.0.402\Extensions'.
TpTrace Information: 0 : 30172, 1, 2021/10/22, 15:10:18.049, 7899870597569, vstest.console.dll, AssemblyResolver.OnResolve: Microsoft.Diagnostics.NETCore.Client: Loading assembly 'C:\Program Files\dotnet\sdk\5.0.402\Extensions\Microsoft.Diagnostics.NETCore.Client.dll'.
TpTrace Information: 0 : 30172, 1, 2021/10/22, 15:10:18.050, 7899870606874, vstest.console.dll, AssemblyResolver.OnResolve: Resolved assembly: Microsoft.Diagnostics.NETCore.Client, from path: C:\Program Files\dotnet\sdk\5.0.402\Extensions\Microsoft.Diagnostics.NETCore.Client.dll
TpTrace Information: 0 : 30172, 1, 2021/10/22, 15:10:18.053, 7899870633663, vstest.console.dll, AssemblyResolver.OnResolve: Microsoft.Bcl.AsyncInterfaces: Resolving assembly.
TpTrace Information: 0 : 30172, 1, 2021/10/22, 15:10:18.053, 7899870637295, vstest.console.dll, AssemblyResolver.OnResolve: Microsoft.Bcl.AsyncInterfaces: Searching in: 'C:\Program Files\dotnet\sdk\5.0.402\Extensions'.
TpTrace Information: 0 : 30172, 1, 2021/10/22, 15:10:18.053, 7899870639616, vstest.console.dll, AssemblyResolver.OnResolve: Microsoft.Bcl.AsyncInterfaces: Assembly path does not exist: 'C:\Program Files\dotnet\sdk\5.0.402\Extensions\Microsoft.Bcl.AsyncInterfaces.dll', returning.
TpTrace Information: 0 : 30172, 1, 2021/10/22, 15:10:18.053, 7899870640336, vstest.console.dll, AssemblyResolver.OnResolve: Microsoft.Bcl.AsyncInterfaces: Assembly path does not exist: 'C:\Program Files\dotnet\sdk\5.0.402\Extensions\Microsoft.Bcl.AsyncInterfaces.exe', returning.
TpTrace Information: 0 : 30172, 1, 2021/10/22, 15:10:18.053, 7899870640688, vstest.console.dll, AssemblyResolver.OnResolve: Microsoft.Bcl.AsyncInterfaces: Searching in: 'C:\Program Files\dotnet\sdk\5.0.402'.
TpTrace Information: 0 : 30172, 1, 2021/10/22, 15:10:18.053, 7899870641379, vstest.console.dll, AssemblyResolver.OnResolve: Microsoft.Bcl.AsyncInterfaces: Assembly path does not exist: 'C:\Program Files\dotnet\sdk\5.0.402\Microsoft.Bcl.AsyncInterfaces.dll', returning.
TpTrace Information: 0 : 30172, 1, 2021/10/22, 15:10:18.054, 7899870642029, vstest.console.dll, AssemblyResolver.OnResolve: Microsoft.Bcl.AsyncInterfaces: Assembly path does not exist: 'C:\Program Files\dotnet\sdk\5.0.402\Microsoft.Bcl.AsyncInterfaces.exe', returning.
TpTrace Information: 0 : 30172, 1, 2021/10/22, 15:10:18.054, 7899870642848, vstest.console.dll, AssemblyResolver.OnResolve: Microsoft.Bcl.AsyncInterfaces: Failed to load assembly.
TpTrace Verbose: 0 : 30172, 1, 2021/10/22, 15:10:18.054, 7899870643306, vstest.console.dll, CurrentDomainAssemblyResolve: Resolving assembly 'Microsoft.Bcl.AsyncInterfaces'.
TpTrace Information: 0 : 30172, 1, 2021/10/22, 15:10:18.054, 7899870643912, vstest.console.dll, AssemblyResolver.OnResolve: Microsoft.Bcl.AsyncInterfaces: Resolving assembly.
TpTrace Information: 0 : 30172, 1, 2021/10/22, 15:10:18.054, 7899870644310, vstest.console.dll, AssemblyResolver.OnResolve: Microsoft.Bcl.AsyncInterfaces: Resolved from cache.
TpTrace Verbose: 0 : 30172, 1, 2021/10/22, 15:10:18.054, 7899870644614, vstest.console.dll, CurrentDomainAssemblyResolve: Resolving assembly 'Microsoft.Bcl.AsyncInterfaces'.
TpTrace Verbose: 0 : 30172, 1, 2021/10/22, 15:10:18.054, 7899870645024, vstest.console.dll, CurrentDomainAssemblyResolve: Failed to resolve assembly 'Microsoft.Bcl.AsyncInterfaces'.
TpTrace Verbose: 0 : 30172, 1, 2021/10/22, 15:10:18.055, 7899870652801, vstest.console.dll, CurrentDomainAssemblyResolve: Failed to resolve assembly 'Microsoft.Bcl.AsyncInterfaces'.
TpTrace Warning: 0 : 30172, 1, 2021/10/22, 15:10:18.068, 7899870789468, vstest.console.dll, TestPluginDiscoverer: Failed to get types from assembly 'Microsoft.Diagnostics.NETCore.Client, Version=0.2.2.41902, Culture=neutral, PublicKeyToken=31bf3856ad364e35'.  Skipping test extension scan for this assembly.  Error: System.Reflection.ReflectionTypeLoadException: Unable to load one or more of the requested types.
Could not load file or assembly 'Microsoft.Bcl.AsyncInterfaces, Version=1.0.0.0, Culture=neutral, PublicKeyToken=cc7b13ffcd2ddd51'. The system cannot find the file specified.
   at System.Reflection.RuntimeModule.GetTypes(RuntimeModule module)
   at System.Reflection.RuntimeModule.GetTypes()
   at System.Reflection.Assembly.GetTypes()
   at Microsoft.VisualStudio.TestPlatform.Common.ExtensionFramework.TestPluginDiscoverer.GetTestExtensionsFromAssembly[TPluginInfo,TExtension](Assembly assembly, Dictionary`2 pluginInfos)
System.IO.FileNotFoundException: Could not load file or assembly 'Microsoft.Bcl.AsyncInterfaces, Version=1.0.0.0, Culture=neutral, PublicKeyToken=cc7b13ffcd2ddd51'. The system cannot find the file specified.
File name: 'Microsoft.Bcl.AsyncInterfaces, Version=1.0.0.0, Culture=neutral, PublicKeyToken=cc7b13ffcd2ddd51'
TpTrace Warning: 0 : 30172, 1, 2021/10/22, 15:10:18.068, 7899870790662, vstest.console.dll, LoaderExceptions: System.IO.FileNotFoundException: Could not load file or assembly 'Microsoft.Bcl.AsyncInterfaces, Version=1.0.0.0, Culture=neutral, PublicKeyToken=cc7b13ffcd2ddd51'. The system cannot find the file specified.
File name: 'Microsoft.Bcl.AsyncInterfaces, Version=1.0.0.0, Culture=neutral, PublicKeyToken=cc7b13ffcd2ddd51'
TpTrace Information: 0 : 30172, 1, 2021/10/22, 15:10:18.069, 7899870791689, vstest.console.dll, AssemblyResolver.OnResolve: Microsoft.TestPlatform.Extensions.BlameDataCollector: Resolving assembly.
TpTrace Information: 0 : 30172, 1, 2021/10/22, 15:10:18.069, 7899870792088, vstest.console.dll, AssemblyResolver.OnResolve: Microsoft.TestPlatform.Extensions.BlameDataCollector: Searching in: 'C:\Program Files\dotnet\sdk\5.0.402\Extensions'.
TpTrace Information: 0 : 30172, 1, 2021/10/22, 15:10:18.069, 7899870797785, vstest.console.dll, AssemblyResolver.OnResolve: Microsoft.TestPlatform.Extensions.BlameDataCollector: Loading assembly 'C:\Program Files\dotnet\sdk\5.0.402\Extensions\Microsoft.TestPlatform.Extensions.BlameDataCollector.dll'.
TpTrace Information: 0 : 30172, 1, 2021/10/22, 15:10:18.070, 7899870805634, vstest.console.dll, AssemblyResolver.OnResolve: Resolved assembly: Microsoft.TestPlatform.Extensions.BlameDataCollector, from path: C:\Program Files\dotnet\sdk\5.0.402\Extensions\Microsoft.TestPlatform.Extensions.BlameDataCollector.dll
TpTrace Information: 0 : 30172, 1, 2021/10/22, 15:10:18.070, 7899870810625, vstest.console.dll, AssemblyResolver.OnResolve: Microsoft.TestPlatform.Extensions.EventLogCollector: Resolving assembly.
TpTrace Information: 0 : 30172, 1, 2021/10/22, 15:10:18.070, 7899870811241, vstest.console.dll, AssemblyResolver.OnResolve: Microsoft.TestPlatform.Extensions.EventLogCollector: Searching in: 'C:\Program Files\dotnet\sdk\5.0.402\Extensions'.
TpTrace Information: 0 : 30172, 1, 2021/10/22, 15:10:18.071, 7899870816563, vstest.console.dll, AssemblyResolver.OnResolve: Microsoft.TestPlatform.Extensions.EventLogCollector: Loading assembly 'C:\Program Files\dotnet\sdk\5.0.402\Extensions\Microsoft.TestPlatform.Extensions.EventLogCollector.dll'.
TpTrace Information: 0 : 30172, 1, 2021/10/22, 15:10:18.072, 7899870822796, vstest.console.dll, AssemblyResolver.OnResolve: Resolved assembly: Microsoft.TestPlatform.Extensions.EventLogCollector, from path: C:\Program Files\dotnet\sdk\5.0.402\Extensions\Microsoft.TestPlatform.Extensions.EventLogCollector.dll
TpTrace Information: 0 : 30172, 1, 2021/10/22, 15:10:18.074, 7899870850290, vstest.console.dll, AssemblyResolver.OnResolve: Microsoft.TestPlatform.TestHostRuntimeProvider: Resolving assembly.
TpTrace Information: 0 : 30172, 1, 2021/10/22, 15:10:18.074, 7899870851264, vstest.console.dll, AssemblyResolver.OnResolve: Microsoft.TestPlatform.TestHostRuntimeProvider: Searching in: 'C:\Program Files\dotnet\sdk\5.0.402\Extensions'.
TpTrace Information: 0 : 30172, 1, 2021/10/22, 15:10:18.075, 7899870860374, vstest.console.dll, AssemblyResolver.OnResolve: Microsoft.TestPlatform.TestHostRuntimeProvider: Loading assembly 'C:\Program Files\dotnet\sdk\5.0.402\Extensions\Microsoft.TestPlatform.TestHostRuntimeProvider.dll'.
TpTrace Information: 0 : 30172, 1, 2021/10/22, 15:10:18.076, 7899870868789, vstest.console.dll, AssemblyResolver.OnResolve: Resolved assembly: Microsoft.TestPlatform.TestHostRuntimeProvider, from path: C:\Program Files\dotnet\sdk\5.0.402\Extensions\Microsoft.TestPlatform.TestHostRuntimeProvider.dll
TpTrace Information: 0 : 30172, 1, 2021/10/22, 15:10:18.077, 7899870880048, vstest.console.dll, AssemblyResolver.OnResolve: Microsoft.VisualStudio.TestPlatform.Extensions.Html.TestLogger: Resolving assembly.
TpTrace Information: 0 : 30172, 1, 2021/10/22, 15:10:18.077, 7899870880799, vstest.console.dll, AssemblyResolver.OnResolve: Microsoft.VisualStudio.TestPlatform.Extensions.Html.TestLogger: Searching in: 'C:\Program Files\dotnet\sdk\5.0.402\Extensions'.
TpTrace Information: 0 : 30172, 1, 2021/10/22, 15:10:18.078, 7899870887924, vstest.console.dll, AssemblyResolver.OnResolve: Microsoft.VisualStudio.TestPlatform.Extensions.Html.TestLogger: Loading assembly 'C:\Program Files\dotnet\sdk\5.0.402\Extensions\Microsoft.VisualStudio.TestPlatform.Extensions.Html.TestLogger.dll'.
TpTrace Information: 0 : 30172, 1, 2021/10/22, 15:10:18.079, 7899870897790, vstest.console.dll, AssemblyResolver.OnResolve: Resolved assembly: Microsoft.VisualStudio.TestPlatform.Extensions.Html.TestLogger, from path: C:\Program Files\dotnet\sdk\5.0.402\Extensions\Microsoft.VisualStudio.TestPlatform.Extensions.Html.TestLogger.dll
TpTrace Information: 0 : 30172, 1, 2021/10/22, 15:10:18.079, 7899870900982, vstest.console.dll, AssemblyResolver.OnResolve: Microsoft.VisualStudio.TestPlatform.Extensions.Trx.TestLogger: Resolving assembly.
TpTrace Information: 0 : 30172, 1, 2021/10/22, 15:10:18.079, 7899870901473, vstest.console.dll, AssemblyResolver.OnResolve: Microsoft.VisualStudio.TestPlatform.Extensions.Trx.TestLogger: Searching in: 'C:\Program Files\dotnet\sdk\5.0.402\Extensions'.
TpTrace Information: 0 : 30172, 1, 2021/10/22, 15:10:18.080, 7899870909638, vstest.console.dll, AssemblyResolver.OnResolve: Microsoft.VisualStudio.TestPlatform.Extensions.Trx.TestLogger: Loading assembly 'C:\Program Files\dotnet\sdk\5.0.402\Extensions\Microsoft.VisualStudio.TestPlatform.Extensions.Trx.TestLogger.dll'.
TpTrace Information: 0 : 30172, 1, 2021/10/22, 15:10:18.081, 7899870919186, vstest.console.dll, AssemblyResolver.OnResolve: Resolved assembly: Microsoft.VisualStudio.TestPlatform.Extensions.Trx.TestLogger, from path: C:\Program Files\dotnet\sdk\5.0.402\Extensions\Microsoft.VisualStudio.TestPlatform.Extensions.Trx.TestLogger.dll
TpTrace Verbose: 0 : 30172, 1, 2021/10/22, 15:10:18.082, 7899870923774, vstest.console.dll, TestPluginCache: Discovered the extensions using extension path ''.
TpTrace Verbose: 0 : 30172, 1, 2021/10/22, 15:10:18.082, 7899870924485, vstest.console.dll, TestPluginCache: Discoverers are ''.
TpTrace Verbose: 0 : 30172, 1, 2021/10/22, 15:10:18.082, 7899870924787, vstest.console.dll, TestPluginCache: Executors are ''.
TpTrace Verbose: 0 : 30172, 1, 2021/10/22, 15:10:18.082, 7899870925093, vstest.console.dll, TestPluginCache: Executors2 are ''.
TpTrace Verbose: 0 : 30172, 1, 2021/10/22, 15:10:18.082, 7899870925336, vstest.console.dll, TestPluginCache: Setting providers are ''.
TpTrace Verbose: 0 : 30172, 1, 2021/10/22, 15:10:18.082, 7899870925577, vstest.console.dll, TestPluginCache: Loggers are ''.
TpTrace Information: 0 : 30172, 1, 2021/10/22, 15:10:18.086, 7899870962596, vstest.console.dll, RunTestsArgumentProcessor:Execute: Test run is starting.
TpTrace Verbose: 0 : 30172, 1, 2021/10/22, 15:10:18.086, 7899870963524, vstest.console.dll, RunTestsArgumentProcessor:Execute: Queuing Test run.
TpTrace Information: 0 : 30172, 1, 2021/10/22, 15:10:18.086, 7899870964934, vstest.console.dll, TestRequestManager.RunTests: run tests started.
TpTrace Information: 0 : 30172, 1, 2021/10/22, 15:10:18.088, 7899870989840, vstest.console.dll, AssemblyMetadataProvider.GetFrameWork: Determined framework:'.NETCoreApp,Version=v5.0' for source: 'C:\Users\srw33\Desktop\Class\CSDS 393\TaskTrackingCalendar\TaskListTests\bin\Debug\.netcoreapp,version=v5.0\fine-code-coverage\build-output\TaskListTests.dll'
TpTrace Information: 0 : 30172, 1, 2021/10/22, 15:10:18.088, 7899870991418, vstest.console.dll, Determined framework for all sources: .NETCoreApp,Version=v5.0
TpTrace Information: 0 : 30172, 1, 2021/10/22, 15:10:18.089, 7899870995744, vstest.console.dll, AssemblyMetadataProvider.GetArchitecture: Determined architecture:AnyCPU info for assembly: C:\Users\srw33\Desktop\Class\CSDS 393\TaskTrackingCalendar\TaskListTests\bin\Debug\.netcoreapp,version=v5.0\fine-code-coverage\build-output\TaskListTests.dll
TpTrace Information: 0 : 30172, 1, 2021/10/22, 15:10:18.090, 7899871010003, vstest.console.dll, Determined platform for all sources: X64
TpTrace Information: 0 : 30172, 1, 2021/10/22, 15:10:18.092, 7899871029671, vstest.console.dll, Compatible sources list : 
TpTrace Information: 0 : 30172, 1, 2021/10/22, 15:10:18.092, 7899871030617, vstest.console.dll, C:\Users\srw33\Desktop\Class\CSDS 393\TaskTrackingCalendar\TaskListTests\bin\Debug\.netcoreapp,version=v5.0\fine-code-coverage\build-output\TaskListTests.dll
TpTrace Information: 0 : 30172, 1, 2021/10/22, 15:10:18.094, 7899871045541, vstest.console.dll, InferRunSettingsHelper.IsTestSettingsEnabled: Unable to navigate to RunSettings/MSTest. Current node: RunSettings
TpTrace Information: 0 : 30172, 1, 2021/10/22, 15:10:18.094, 7899871050851, vstest.console.dll, AssemblyResolver.OnResolve: Microsoft.VisualStudio.TestPlatform.Fakes: Resolving assembly.
TpTrace Information: 0 : 30172, 1, 2021/10/22, 15:10:18.094, 7899871051578, vstest.console.dll, AssemblyResolver.OnResolve: Microsoft.VisualStudio.TestPlatform.Fakes: Searching in: 'C:\Program Files\dotnet\sdk\5.0.402\Extensions'.
TpTrace Information: 0 : 30172, 1, 2021/10/22, 15:10:18.095, 7899871052906, vstest.console.dll, AssemblyResolver.OnResolve: Microsoft.VisualStudio.TestPlatform.Fakes: Assembly path does not exist: 'C:\Program Files\dotnet\sdk\5.0.402\Extensions\Microsoft.VisualStudio.TestPlatform.Fakes.dll', returning.
TpTrace Information: 0 : 30172, 1, 2021/10/22, 15:10:18.095, 7899871053707, vstest.console.dll, AssemblyResolver.OnResolve: Microsoft.VisualStudio.TestPlatform.Fakes: Assembly path does not exist: 'C:\Program Files\dotnet\sdk\5.0.402\Extensions\Microsoft.VisualStudio.TestPlatform.Fakes.exe', returning.
TpTrace Information: 0 : 30172, 1, 2021/10/22, 15:10:18.095, 7899871054538, vstest.console.dll, AssemblyResolver.OnResolve: Microsoft.VisualStudio.TestPlatform.Fakes: Searching in: 'C:\Program Files\dotnet\sdk\5.0.402'.
TpTrace Information: 0 : 30172, 1, 2021/10/22, 15:10:18.095, 7899871055371, vstest.console.dll, AssemblyResolver.OnResolve: Microsoft.VisualStudio.TestPlatform.Fakes: Assembly path does not exist: 'C:\Program Files\dotnet\sdk\5.0.402\Microsoft.VisualStudio.TestPlatform.Fakes.dll', returning.
TpTrace Information: 0 : 30172, 1, 2021/10/22, 15:10:18.095, 7899871056061, vstest.console.dll, AssemblyResolver.OnResolve: Microsoft.VisualStudio.TestPlatform.Fakes: Assembly path does not exist: 'C:\Program Files\dotnet\sdk\5.0.402\Microsoft.VisualStudio.TestPlatform.Fakes.exe', returning.
TpTrace Information: 0 : 30172, 1, 2021/10/22, 15:10:18.095, 7899871056376, vstest.console.dll, AssemblyResolver.OnResolve: Microsoft.VisualStudio.TestPlatform.Fakes: Failed to load assembly.
TpTrace Information: 0 : 30172, 1, 2021/10/22, 15:10:18.095, 7899871059224, vstest.console.dll, Failed to create newly implemented Fakes Configurator. Reason:System.IO.FileNotFoundException: Could not load file or assembly 'Microsoft.VisualStudio.TestPlatform.Fakes, Version=16.0.0.0, Culture=neutral, PublicKeyToken=null'. The system cannot find the file specified.
File name: 'Microsoft.VisualStudio.TestPlatform.Fakes, Version=16.0.0.0, Culture=neutral, PublicKeyToken=null'
   at System.Reflection.RuntimeAssembly.InternalLoad(ObjectHandleOnStack assemblyName, ObjectHandleOnStack requestingAssembly, StackCrawlMarkHandle stackMark, Boolean throwOnFileNotFound, ObjectHandleOnStack assemblyLoadContext, ObjectHandleOnStack retAssembly)
   at System.Reflection.RuntimeAssembly.InternalLoad(AssemblyName assemblyName, RuntimeAssembly requestingAssembly, StackCrawlMark& stackMark, Boolean throwOnFileNotFound, AssemblyLoadContext assemblyLoadContext)
   at System.Reflection.Assembly.Load(AssemblyName assemblyRef)
   at Microsoft.VisualStudio.TestPlatform.Common.Utilities.FakesUtilities.TryGetFakesCrossPlatformDataCollectorConfigurator() 
TpTrace Verbose: 0 : 30172, 1, 2021/10/22, 15:10:18.098, 7899871087139, vstest.console.dll, TestPluginCache.DiscoverTestExtensions: finding test extensions in assemblies ends with: TestLogger.dll TPluginInfo: Microsoft.VisualStudio.TestPlatform.Common.ExtensionFramework.Utilities.TestLoggerPluginInformation TExtension: Microsoft.VisualStudio.TestPlatform.ObjectModel.Client.ITestLogger
TpTrace Verbose: 0 : 30172, 1, 2021/10/22, 15:10:18.098, 7899871088021, vstest.console.dll, TestPluginCache.GetExtensionPaths: Filtered extension paths: 
TpTrace Verbose: 0 : 30172, 1, 2021/10/22, 15:10:18.098, 7899871088359, vstest.console.dll, TestPluginCache.GetExtensionPaths: Added default extension paths: C:\Program Files\dotnet\sdk\5.0.402\Extensions\Microsoft.Diagnostics.NETCore.Client.dll
C:\Program Files\dotnet\sdk\5.0.402\Extensions\Microsoft.TestPlatform.Extensions.BlameDataCollector.dll
C:\Program Files\dotnet\sdk\5.0.402\Extensions\Microsoft.TestPlatform.Extensions.EventLogCollector.dll
C:\Program Files\dotnet\sdk\5.0.402\Extensions\Microsoft.TestPlatform.TestHostRuntimeProvider.dll
C:\Program Files\dotnet\sdk\5.0.402\Extensions\Microsoft.VisualStudio.TestPlatform.Extensions.Html.TestLogger.dll
C:\Program Files\dotnet\sdk\5.0.402\Extensions\Microsoft.VisualStudio.TestPlatform.Extensions.Trx.TestLogger.dll
TpTrace Verbose: 0 : 30172, 1, 2021/10/22, 15:10:18.098, 7899871088687, vstest.console.dll, TestPluginCache.GetExtensionPaths: Added unfilterableExtensionPaths: 
TpTrace Information: 0 : 30172, 1, 2021/10/22, 15:10:18.098, 7899871090782, vstest.console.dll, AssemblyResolver.AddSearchDirectories: Adding more searchDirectories C:\Program Files\dotnet\sdk\5.0.402\Extensions,C:\Program Files\dotnet\sdk\5.0.402
TpTrace Verbose: 0 : 30172, 1, 2021/10/22, 15:10:18.098, 7899871091367, vstest.console.dll, TestPluginCache.DiscoverTestExtensions: Discovering the extensions using extension path.
TpTrace Verbose: 0 : 30172, 1, 2021/10/22, 15:10:18.099, 7899871094098, vstest.console.dll, TestPluginCache.GetExtensionPaths: Filtered extension paths: 
TpTrace Verbose: 0 : 30172, 1, 2021/10/22, 15:10:18.099, 7899871094932, vstest.console.dll, TestPluginCache.GetExtensionPaths: Added default extension paths: C:\Program Files\dotnet\sdk\5.0.402\Extensions\Microsoft.Diagnostics.NETCore.Client.dll
C:\Program Files\dotnet\sdk\5.0.402\Extensions\Microsoft.TestPlatform.Extensions.BlameDataCollector.dll
C:\Program Files\dotnet\sdk\5.0.402\Extensions\Microsoft.TestPlatform.Extensions.EventLogCollector.dll
C:\Program Files\dotnet\sdk\5.0.402\Extensions\Microsoft.TestPlatform.TestHostRuntimeProvider.dll
C:\Program Files\dotnet\sdk\5.0.402\Extensions\Microsoft.VisualStudio.TestPlatform.Extensions.Html.TestLogger.dll
C:\Program Files\dotnet\sdk\5.0.402\Extensions\Microsoft.VisualStudio.TestPlatform.Extensions.Trx.TestLogger.dll
TpTrace Verbose: 0 : 30172, 1, 2021/10/22, 15:10:18.099, 7899871095228, vstest.console.dll, TestPluginCache.GetExtensionPaths: Added unfilterableExtensionPaths: 
TpTrace Verbose: 0 : 30172, 1, 2021/10/22, 15:10:18.099, 7899871095926, vstest.console.dll, TestPluginCache.DiscoverTestExtensions: Discovering the extensions using allExtensionPaths: C:\Program Files\dotnet\sdk\5.0.402\Extensions\Microsoft.Diagnostics.NETCore.Client.dll
C:\Program Files\dotnet\sdk\5.0.402\Extensions\Microsoft.TestPlatform.Extensions.BlameDataCollector.dll
C:\Program Files\dotnet\sdk\5.0.402\Extensions\Microsoft.TestPlatform.Extensions.EventLogCollector.dll
C:\Program Files\dotnet\sdk\5.0.402\Extensions\Microsoft.TestPlatform.TestHostRuntimeProvider.dll
C:\Program Files\dotnet\sdk\5.0.402\Extensions\Microsoft.VisualStudio.TestPlatform.Extensions.Html.TestLogger.dll
C:\Program Files\dotnet\sdk\5.0.402\Extensions\Microsoft.VisualStudio.TestPlatform.Extensions.Trx.TestLogger.dll
TpTrace Information: 0 : 30172, 1, 2021/10/22, 15:10:18.099, 7899871096697, vstest.console.dll, AssemblyResolver.AddSearchDirectories: Adding more searchDirectories C:\Program Files\dotnet\sdk\5.0.402\Extensions,C:\Program Files\dotnet\sdk\5.0.402
TpTrace Information: 0 : 30172, 1, 2021/10/22, 15:10:18.099, 7899871097234, vstest.console.dll, AssemblyResolver.AddSearchDirectories: Adding more searchDirectories C:\Program Files\dotnet\sdk\5.0.402\Extensions,C:\Program Files\dotnet\sdk\5.0.402
TpTrace Information: 0 : 30172, 1, 2021/10/22, 15:10:18.099, 7899871097730, vstest.console.dll, AssemblyResolver.AddSearchDirectories: Adding more searchDirectories C:\Program Files\dotnet\sdk\5.0.402\Extensions,C:\Program Files\dotnet\sdk\5.0.402
TpTrace Information: 0 : 30172, 1, 2021/10/22, 15:10:18.099, 7899871098157, vstest.console.dll, AssemblyResolver.AddSearchDirectories: Adding more searchDirectories C:\Program Files\dotnet\sdk\5.0.402\Extensions,C:\Program Files\dotnet\sdk\5.0.402
TpTrace Information: 0 : 30172, 1, 2021/10/22, 15:10:18.099, 7899871098490, vstest.console.dll, AssemblyResolver.AddSearchDirectories: Adding more searchDirectories C:\Program Files\dotnet\sdk\5.0.402\Extensions,C:\Program Files\dotnet\sdk\5.0.402
TpTrace Information: 0 : 30172, 1, 2021/10/22, 15:10:18.099, 7899871098766, vstest.console.dll, AssemblyResolver.AddSearchDirectories: Adding more searchDirectories C:\Program Files\dotnet\sdk\5.0.402\Extensions,C:\Program Files\dotnet\sdk\5.0.402
TpTrace Information: 0 : 30172, 1, 2021/10/22, 15:10:18.099, 7899871100786, vstest.console.dll, AssemblyResolver.OnResolve: Microsoft.Bcl.AsyncInterfaces: Resolving assembly.
TpTrace Information: 0 : 30172, 1, 2021/10/22, 15:10:18.099, 7899871101206, vstest.console.dll, AssemblyResolver.OnResolve: Microsoft.Bcl.AsyncInterfaces: Resolved from cache.
TpTrace Verbose: 0 : 30172, 1, 2021/10/22, 15:10:18.099, 7899871101519, vstest.console.dll, CurrentDomainAssemblyResolve: Resolving assembly 'Microsoft.Bcl.AsyncInterfaces'.
TpTrace Information: 0 : 30172, 1, 2021/10/22, 15:10:18.100, 7899871101976, vstest.console.dll, AssemblyResolver.OnResolve: Microsoft.Bcl.AsyncInterfaces: Resolving assembly.
TpTrace Information: 0 : 30172, 1, 2021/10/22, 15:10:18.100, 7899871102306, vstest.console.dll, AssemblyResolver.OnResolve: Microsoft.Bcl.AsyncInterfaces: Resolved from cache.
TpTrace Verbose: 0 : 30172, 1, 2021/10/22, 15:10:18.100, 7899871102608, vstest.console.dll, CurrentDomainAssemblyResolve: Resolving assembly 'Microsoft.Bcl.AsyncInterfaces'.
TpTrace Verbose: 0 : 30172, 1, 2021/10/22, 15:10:18.100, 7899871102866, vstest.console.dll, CurrentDomainAssemblyResolve: Failed to resolve assembly 'Microsoft.Bcl.AsyncInterfaces'.
TpTrace Verbose: 0 : 30172, 1, 2021/10/22, 15:10:18.100, 7899871104121, vstest.console.dll, CurrentDomainAssemblyResolve: Failed to resolve assembly 'Microsoft.Bcl.AsyncInterfaces'.
TpTrace Warning: 0 : 30172, 1, 2021/10/22, 15:10:18.100, 7899871106196, vstest.console.dll, TestPluginDiscoverer: Failed to get types from assembly 'Microsoft.Diagnostics.NETCore.Client, Version=0.2.2.41902, Culture=neutral, PublicKeyToken=31bf3856ad364e35'.  Skipping test extension scan for this assembly.  Error: System.Reflection.ReflectionTypeLoadException: Unable to load one or more of the requested types.
Could not load file or assembly 'Microsoft.Bcl.AsyncInterfaces, Version=1.0.0.0, Culture=neutral, PublicKeyToken=cc7b13ffcd2ddd51'. The system cannot find the file specified.
   at System.Reflection.RuntimeModule.GetTypes(RuntimeModule module)
   at System.Reflection.RuntimeModule.GetTypes()
   at System.Reflection.Assembly.GetTypes()
   at Microsoft.VisualStudio.TestPlatform.Common.ExtensionFramework.TestPluginDiscoverer.GetTestExtensionsFromAssembly[TPluginInfo,TExtension](Assembly assembly, Dictionary`2 pluginInfos)
System.IO.FileNotFoundException: Could not load file or assembly 'Microsoft.Bcl.AsyncInterfaces, Version=1.0.0.0, Culture=neutral, PublicKeyToken=cc7b13ffcd2ddd51'. The system cannot find the file specified.
File name: 'Microsoft.Bcl.AsyncInterfaces, Version=1.0.0.0, Culture=neutral, PublicKeyToken=cc7b13ffcd2ddd51'
TpTrace Warning: 0 : 30172, 1, 2021/10/22, 15:10:18.100, 7899871106702, vstest.console.dll, LoaderExceptions: System.IO.FileNotFoundException: Could not load file or assembly 'Microsoft.Bcl.AsyncInterfaces, Version=1.0.0.0, Culture=neutral, PublicKeyToken=cc7b13ffcd2ddd51'. The system cannot find the file specified.
File name: 'Microsoft.Bcl.AsyncInterfaces, Version=1.0.0.0, Culture=neutral, PublicKeyToken=cc7b13ffcd2ddd51'
TpTrace Verbose: 0 : 30172, 1, 2021/10/22, 15:10:18.100, 7899871109778, vstest.console.dll, TestPluginCache: Discovered the extensions using extension path ''.
TpTrace Verbose: 0 : 30172, 1, 2021/10/22, 15:10:18.100, 7899871110530, vstest.console.dll, TestPluginCache: Discoverers are ''.
TpTrace Verbose: 0 : 30172, 1, 2021/10/22, 15:10:18.100, 7899871110798, vstest.console.dll, TestPluginCache: Executors are ''.
TpTrace Verbose: 0 : 30172, 1, 2021/10/22, 15:10:18.100, 7899871111126, vstest.console.dll, TestPluginCache: Executors2 are ''.
TpTrace Verbose: 0 : 30172, 1, 2021/10/22, 15:10:18.100, 7899871111374, vstest.console.dll, TestPluginCache: Setting providers are ''.
TpTrace Verbose: 0 : 30172, 1, 2021/10/22, 15:10:18.101, 7899871112164, vstest.console.dll, TestPluginCache: Loggers are 'logger://Microsoft/TestPlatform/Extensions/Blame/v1,logger://Microsoft/TestPlatform/HtmlLogger/v1,logger://Microsoft/TestPlatform/TrxLogger/v1'.
TpTrace Information: 0 : 30172, 1, 2021/10/22, 15:10:18.101, 7899871118754, vstest.console.dll, TestPluginManager.CreateTestExtension: Attempting to load test extension: Microsoft.TestPlatform.Extensions.BlameDataCollector.BlameLogger
TpTrace Information: 0 : 30172, 1, 2021/10/22, 15:10:18.108, 7899871185818, vstest.console.dll, TestPluginManager.CreateTestExtension: Attempting to load test extension: Microsoft.VisualStudio.TestPlatform.CrossPlatEngine.Hosting.DefaultTestHostManager
TpTrace Information: 0 : 30172, 1, 2021/10/22, 15:10:18.108, 7899871188392, vstest.console.dll, TestPluginManager.CreateTestExtension: Attempting to load test extension: Microsoft.VisualStudio.TestPlatform.CrossPlatEngine.Hosting.DotnetTestHostManager
TpTrace Verbose: 0 : 30172, 1, 2021/10/22, 15:10:18.109, 7899871192536, vstest.console.dll, TestEngine: Initializing Parallel Execution as MaxCpuCount is set to: 1
TpTrace Information: 0 : 30172, 1, 2021/10/22, 15:10:18.109, 7899871196355, vstest.console.dll, InferRunSettingsHelper.IsTestSettingsEnabled: Unable to navigate to RunSettings/MSTest. Current node: RunSettings
TpTrace Verbose: 0 : 30172, 1, 2021/10/22, 15:10:18.120, 7899871304820, vstest.console.dll, TestRequestSender is acting as server
TpTrace Verbose: 0 : 30172, 4, 2021/10/22, 15:10:18.122, 7899871328739, vstest.console.dll, DataCollectionRequestSender.InitializeCommunication : Initialize communication. 
TpTrace Information: 0 : 30172, 4, 2021/10/22, 15:10:18.135, 7899871455673, vstest.console.dll, Listening on Endpoint : 127.0.0.1:59495
TpTrace Verbose: 0 : 30172, 4, 2021/10/22, 15:10:18.144, 7899871542482, vstest.console.dll, DotnetDataCollectionLauncher: Full path of dotnet.exe is C:\Program Files\dotnet\dotnet.exe
TpTrace Verbose: 0 : 30172, 4, 2021/10/22, 15:10:18.144, 7899871544289, vstest.console.dll, DotnetDataCollectionLauncher: Adding  --runtimeconfig "C:\Program Files\dotnet\sdk\5.0.402\datacollector.runtimeconfig.json" in args
TpTrace Verbose: 0 : 30172, 4, 2021/10/22, 15:10:18.144, 7899871545284, vstest.console.dll, DotnetDataCollectionLauncher: Adding  --depsfile "C:\Program Files\dotnet\sdk\5.0.402\datacollector.deps.json" in args
TpTrace Information: 0 : 30172, 4, 2021/10/22, 15:10:18.158, 7899871683314, vstest.console.dll, ProxyDataCollectionManager.Initialize: Launched datacollector processId: 17676 port: 59495
TpTrace Information: 0 : 30172, 4, 2021/10/22, 15:10:18.158, 7899871685190, vstest.console.dll, ProxyDataCollectionManager.Initialize: waiting for connection with timeout: 90 seconds
TpTrace Verbose: 0 : 30172, 4, 2021/10/22, 15:10:18.158, 7899871685815, vstest.console.dll, DataCollectionRequestSender.WaitForRequestHandlerConnection : Waiting for connection with timeout: 90000
TpTrace Information: 0 : 30172, 7, 2021/10/22, 15:10:18.314, 7899873247987, vstest.console.dll, Using the buffer size of 16384 bytes
TpTrace Verbose: 0 : 30172, 4, 2021/10/22, 15:10:18.314, 7899873248358, vstest.console.dll, ProxyDataCollectionManager.InvokeDataCollectionServiceAction: Starting.
TpTrace Information: 0 : 30172, 7, 2021/10/22, 15:10:18.314, 7899873249167, vstest.console.dll, Accepted Client request and set the flag
TpTrace Information: 0 : 30172, 4, 2021/10/22, 15:10:18.314, 7899873250124, vstest.console.dll, ProxyDataCollectionManager.BeforeTestRunStart: Get environment variable and port for datacollector processId: 17676 port: 59495
TpTrace Verbose: 0 : 30172, 4, 2021/10/22, 15:10:18.314, 7899873251074, vstest.console.dll, DataCollectionRequestSender.SendBeforeTestRunStartAndGetResult : Send BeforeTestRunStart message with settingsXml <RunSettings><RunConfiguration><ResultsDirectory>C:\Users\srw33\Desktop\Class\CSDS 393\TaskTrackingCalendar\TaskListTests\bin\Debug\.netcoreapp,version=v5.0\fine-code-coverage\coverage-tool-output</ResultsDirectory><TargetPlatform>X64</TargetPlatform><TargetFrameworkVersion>.NETCoreApp,Version=v5.0</TargetFrameworkVersion><DesignMode>False</DesignMode><CollectSourceInformation>False</CollectSourceInformation><TestAdaptersPaths>C:\Program Files\dotnet\sdk\5.0.402\Extensions</TestAdaptersPaths></RunConfiguration><LoggerRunSettings><Loggers><Logger friendlyName="blame" enabled="True" /><Logger friendlyName="Console" uri="logger://microsoft/TestPlatform/ConsoleLogger/v1" assemblyQualifiedName="Microsoft.VisualStudio.TestPlatform.CommandLine.Internal.ConsoleLogger, vstest.console, Version=15.0.0.0, Culture=neutral, PublicKeyToken=b03f5f7f11d50a3a" codeBase="C:\Program Files\dotnet\sdk\5.0.402\vstest.console.dll" enabled="True" /></Loggers></LoggerRunSettings><DataCollectionRunSettings><DataCollectors><DataCollector friendlyName="blame" enabled="True"><Configuration><ResultsDirectory>C:\Users\srw33\Desktop\Class\CSDS 393\TaskTrackingCalendar\TaskListTests\bin\Debug\.netcoreapp,version=v5.0\fine-code-coverage\coverage-tool-output</ResultsDirectory></Configuration></DataCollector></DataCollectors></DataCollectionRunSettings></RunSettings> and sources System.Linq.Enumerable+Concat2Iterator`1[System.String]: 
TpTrace Verbose: 0 : 30172, 4, 2021/10/22, 15:10:18.370, 7899873808877, vstest.console.dll, DataCollectionRequestSender.SendBeforeTestRunStartAndGetResult : Received message: (DataCollection.SendMessage) -> {
  "FriendlyName": null,
  "Uri": null,
  "TestCaseId": "00000000-0000-0000-0000-000000000000",
  "Message": "Logging DataCollector Diagnostics in file: C:\\Users\\srw33\\Desktop\\Class\\CSDS 393\\TaskTrackingCalendar\\TaskListTests\\bin\\Debug\\.netcoreapp,version=v5.0\\fine-code-coverage\\coverage-tool-output\\diagnostics.datacollector.21-10-22_15-10-18_14047_4.log",
  "Level": 0
}
TpTrace Verbose: 0 : 30172, 4, 2021/10/22, 15:10:18.426, 7899874368572, vstest.console.dll, DataCollectionRequestSender.SendBeforeTestRunStartAndGetResult : Received message: (DataCollection.BeforeTestRunStartResult) -> {
  "EnvironmentVariables": {},
  "DataCollectionEventsPort": 59497
}
TpTrace Information: 0 : 30172, 4, 2021/10/22, 15:10:18.429, 7899874395636, vstest.console.dll, ProxyDataCollectionManager.BeforeTestRunStart: SendBeforeTestRunStartAndGetResult successful, env variable from datacollector:   and testhost port: 59497
TpTrace Information: 0 : 30172, 4, 2021/10/22, 15:10:18.429, 7899874396448, vstest.console.dll, ProxyDataCollectionManager.InvokeDataCollectionServiceAction: Completed.
TpTrace Verbose: 0 : 30172, 1, 2021/10/22, 15:10:18.429, 7899874397543, vstest.console.dll, TestRunRequest.ExecuteAsync: Creating test run request.
TpTrace Verbose: 0 : 30172, 1, 2021/10/22, 15:10:18.429, 7899874399585, vstest.console.dll, TestRunRequest.ExecuteAsync: Starting.
TpTrace Information: 0 : 30172, 1, 2021/10/22, 15:10:18.429, 7899874401557, vstest.console.dll, TestRunRequest.ExecuteAsync: Starting run with settings:TestRunCriteria:
   KeepAlive=False,FrequencyOfRunStatsChangeEvent=10,RunStatsChangeEventTimeout=00:00:01.5000000,TestCaseFilter=,TestExecutorLauncher=
   Settingsxml=<RunSettings>
  <RunConfiguration>
    <ResultsDirectory>C:\Users\srw33\Desktop\Class\CSDS 393\TaskTrackingCalendar\TaskListTests\bin\Debug\.netcoreapp,version=v5.0\fine-code-coverage\coverage-tool-output</ResultsDirectory>
    <TargetPlatform>X64</TargetPlatform>
    <TargetFrameworkVersion>.NETCoreApp,Version=v5.0</TargetFrameworkVersion>
    <DesignMode>False</DesignMode>
    <CollectSourceInformation>False</CollectSourceInformation>
  </RunConfiguration>
  <LoggerRunSettings>
    <Loggers>
      <Logger friendlyName="blame" enabled="True" />
      <Logger friendlyName="Console" uri="logger://microsoft/TestPlatform/ConsoleLogger/v1" assemblyQualifiedName="Microsoft.VisualStudio.TestPlatform.CommandLine.Internal.ConsoleLogger, vstest.console, Version=15.0.0.0, Culture=neutral, PublicKeyToken=b03f5f7f11d50a3a" codeBase="C:\Program Files\dotnet\sdk\5.0.402\vstest.console.dll" enabled="True" />
    </Loggers>
  </LoggerRunSettings>
  <DataCollectionRunSettings>
    <DataCollectors>
      <DataCollector friendlyName="blame" enabled="True">
        <Configuration>
          <ResultsDirectory>C:\Users\srw33\Desktop\Class\CSDS 393\TaskTrackingCalendar\TaskListTests\bin\Debug\.netcoreapp,version=v5.0\fine-code-coverage\coverage-tool-output</ResultsDirectory>
        </Configuration>
      </DataCollector>
    </DataCollectors>
  </DataCollectionRunSettings>
</RunSettings>

TpTrace Verbose: 0 : 30172, 1, 2021/10/22, 15:10:18.430, 7899874402056, vstest.console.dll, TestRunRequest.ExecuteAsync: Wait for the first run request is over.
TpTrace Verbose: 0 : 30172, 1, 2021/10/22, 15:10:18.430, 7899874405175, vstest.console.dll, ParallelProxyExecutionManager: Start execution. Total sources: 1
TpTrace Information: 0 : 30172, 1, 2021/10/22, 15:10:18.430, 7899874409382, vstest.console.dll, ProxyParallelExecutionManager: Triggering test run for next source: C:\Users\srw33\Desktop\Class\CSDS 393\TaskTrackingCalendar\TaskListTests\bin\Debug\.netcoreapp,version=v5.0\fine-code-coverage\build-output\TaskListTests.dll
TpTrace Verbose: 0 : 30172, 1, 2021/10/22, 15:10:18.430, 7899874410930, vstest.console.dll, ProxyParallelExecutionManager: No sources available for execution.
TpTrace Information: 0 : 30172, 1, 2021/10/22, 15:10:18.430, 7899874411473, vstest.console.dll, TestRunRequest.ExecuteAsync: Started.
TpTrace Verbose: 0 : 30172, 6, 2021/10/22, 15:10:18.430, 7899874410994, vstest.console.dll, ParallelProxyExecutionManager: Execution started. Started clients: 1
TpTrace Verbose: 0 : 30172, 1, 2021/10/22, 15:10:18.431, 7899874412050, vstest.console.dll, TestRunRequest.WaitForCompletion: Waiting with timeout -1.
TpTrace Verbose: 0 : 30172, 6, 2021/10/22, 15:10:18.431, 7899874413997, vstest.console.dll, TestRunRequest:SendTestRunMessage: Starting.
TpTrace Information: 0 : 30172, 6, 2021/10/22, 15:10:18.431, 7899874414918, vstest.console.dll, TestRunRequest:SendTestRunMessage: Completed.
TpTrace Verbose: 0 : 30172, 6, 2021/10/22, 15:10:18.431, 7899874416459, vstest.console.dll, ProxyExecutionManager: Test host is always Lazy initialize.
TpTrace Verbose: 0 : 30172, 6, 2021/10/22, 15:10:18.431, 7899874418207, vstest.console.dll, TestRequestSender.InitializeCommunication: initialize communication. 
TpTrace Information: 0 : 30172, 6, 2021/10/22, 15:10:18.432, 7899874422874, vstest.console.dll, SocketServer.Start: Listening on endpoint : 127.0.0.1:59498
TpTrace Verbose: 0 : 30172, 6, 2021/10/22, 15:10:18.432, 7899874428549, vstest.console.dll, DotnetTestHostmanager: Adding  --runtimeconfig "C:\Users\srw33\Desktop\Class\CSDS 393\TaskTrackingCalendar\TaskListTests\bin\Debug\.netcoreapp,version=v5.0\fine-code-coverage\build-output\TaskListTests.runtimeconfig.json" in args
TpTrace Verbose: 0 : 30172, 6, 2021/10/22, 15:10:18.432, 7899874429644, vstest.console.dll, DotnetTestHostmanager: Adding  --depsfile "C:\Users\srw33\Desktop\Class\CSDS 393\TaskTrackingCalendar\TaskListTests\bin\Debug\.netcoreapp,version=v5.0\fine-code-coverage\build-output\TaskListTests.deps.json" in args
TpTrace Verbose: 0 : 30172, 6, 2021/10/22, 15:10:18.432, 7899874431508, vstest.console.dll, DotnetTestHostManager: Testhost.exe/testhost.x86.exe found at path: C:\Users\srw33\Desktop\Class\CSDS 393\TaskTrackingCalendar\TaskListTests\bin\Debug\.netcoreapp,version=v5.0\fine-code-coverage\build-output\testhost.exe
TpTrace Verbose: 0 : 30172, 6, 2021/10/22, 15:10:18.433, 7899874431993, vstest.console.dll, DotnetTestHostmanager: Full path of host exe is C:\Users\srw33\Desktop\Class\CSDS 393\TaskTrackingCalendar\TaskListTests\bin\Debug\.netcoreapp,version=v5.0\fine-code-coverage\build-output\testhost.exe
TpTrace Verbose: 0 : 30172, 4, 2021/10/22, 15:10:18.433, 7899874438362, vstest.console.dll, DotnetTestHostManager: Starting process 'C:\Users\srw33\Desktop\Class\CSDS 393\TaskTrackingCalendar\TaskListTests\bin\Debug\.netcoreapp,version=v5.0\fine-code-coverage\build-output\testhost.exe' with command line ' --runtimeconfig "C:\Users\srw33\Desktop\Class\CSDS 393\TaskTrackingCalendar\TaskListTests\bin\Debug\.netcoreapp,version=v5.0\fine-code-coverage\build-output\TaskListTests.runtimeconfig.json" --depsfile "C:\Users\srw33\Desktop\Class\CSDS 393\TaskTrackingCalendar\TaskListTests\bin\Debug\.netcoreapp,version=v5.0\fine-code-coverage\build-output\TaskListTests.deps.json" --port 59498 --endpoint 127.0.0.1:059498 --role client --parentprocessid 30172 --diag "C:\Users\srw33\Desktop\Class\CSDS 393\TaskTrackingCalendar\TaskListTests\bin\Debug\.netcoreapp,version=v5.0\fine-code-coverage\coverage-tool-output\diagnostics.host.21-10-22_15-10-18_43236_6.log" --tracelevel 4 --datacollectionport 59497 --telemetryoptedin false'
TpTrace Verbose: 0 : 30172, 4, 2021/10/22, 15:10:18.443, 7899874540715, vstest.console.dll, Test Runtime launched
TpTrace Verbose: 0 : 30172, 6, 2021/10/22, 15:10:18.444, 7899874546136, vstest.console.dll, TestRequestSender.WaitForRequestHandlerConnection: waiting for connection with timeout: 90000
TpTrace Verbose: 0 : 30172, 4, 2021/10/22, 15:10:18.608, 7899876186643, vstest.console.dll, SocketServer.OnClientConnected: Client connected for endPoint: 127.0.0.1:59498, starting MessageLoopAsync:
TpTrace Verbose: 0 : 30172, 14, 2021/10/22, 15:10:18.608, 7899876189912, vstest.console.dll, TcpClientExtensions.MessageLoopAsync: Polling on remoteEndPoint: 127.0.0.1:59499 localEndPoint: 127.0.0.1:59498
TpTrace Verbose: 0 : 30172, 14, 2021/10/22, 15:10:18.730, 7899877409484, vstest.console.dll, TcpClientExtensions.MessageLoopAsync: NotifyDataAvailable remoteEndPoint: 127.0.0.1:59499 localEndPoint: 127.0.0.1:59498
TpTrace Verbose: 0 : 30172, 14, 2021/10/22, 15:10:18.731, 7899877411777, vstest.console.dll, TestRequestSender.CheckVersionWithTestHost: onMessageReceived received message: (ProtocolVersion) -> 5
TpTrace Verbose: 0 : 30172, 14, 2021/10/22, 15:10:18.731, 7899877414542, vstest.console.dll, TcpClientExtensions.MessageLoopAsync: Polling on remoteEndPoint: 127.0.0.1:59499 localEndPoint: 127.0.0.1:59498
TpTrace Verbose: 0 : 30172, 6, 2021/10/22, 15:10:18.731, 7899877415623, vstest.console.dll, TestPluginCache.GetExtensionPaths: Filtered extension paths: 
TpTrace Verbose: 0 : 30172, 6, 2021/10/22, 15:10:18.731, 7899877416362, vstest.console.dll, TestPluginCache.GetExtensionPaths: Added default extension paths: C:\Program Files\dotnet\sdk\5.0.402\Extensions\Microsoft.Diagnostics.NETCore.Client.dll
C:\Program Files\dotnet\sdk\5.0.402\Extensions\Microsoft.TestPlatform.Extensions.BlameDataCollector.dll
C:\Program Files\dotnet\sdk\5.0.402\Extensions\Microsoft.TestPlatform.Extensions.EventLogCollector.dll
C:\Program Files\dotnet\sdk\5.0.402\Extensions\Microsoft.TestPlatform.TestHostRuntimeProvider.dll
C:\Program Files\dotnet\sdk\5.0.402\Extensions\Microsoft.VisualStudio.TestPlatform.Extensions.Html.TestLogger.dll
C:\Program Files\dotnet\sdk\5.0.402\Extensions\Microsoft.VisualStudio.TestPlatform.Extensions.Trx.TestLogger.dll
TpTrace Verbose: 0 : 30172, 6, 2021/10/22, 15:10:18.731, 7899877416722, vstest.console.dll, TestPluginCache.GetExtensionPaths: Added unfilterableExtensionPaths: 
TpTrace Verbose: 0 : 30172, 6, 2021/10/22, 15:10:18.734, 7899877446001, vstest.console.dll, TestRequestSender.InitializeExecution: Sending initializing execution with message: {"Version":5,"MessageType":"TestExecution.Initialize","Payload":["C:\\Users\\srw33\\Desktop\\Class\\CSDS 393\\TaskTrackingCalendar\\TaskListTests\\bin\\Debug\\.netcoreapp,version=v5.0\\fine-code-coverage\\build-output\\Microsoft.VisualStudio.TestPlatform.MSTest.TestAdapter.dll"]}
TpTrace Verbose: 0 : 30172, 14, 2021/10/22, 15:10:18.739, 7899877494702, vstest.console.dll, TcpClientExtensions.MessageLoopAsync: NotifyDataAvailable remoteEndPoint: 127.0.0.1:59499 localEndPoint: 127.0.0.1:59498
TpTrace Verbose: 0 : 30172, 14, 2021/10/22, 15:10:18.739, 7899877496473, vstest.console.dll, TestRequestSender.OnExecutionMessageReceived: Received message: {"Version":5,"MessageType":"TestSession.Message","Payload":{"MessageLevel":0,"Message":"Logging TestHost Diagnostics in file: C:\\Users\\srw33\\Desktop\\Class\\CSDS 393\\TaskTrackingCalendar\\TaskListTests\\bin\\Debug\\.netcoreapp,version=v5.0\\fine-code-coverage\\coverage-tool-output\\diagnostics.host.21-10-22_15-10-18_43236_6.log"}}
TpTrace Verbose: 0 : 30172, 6, 2021/10/22, 15:10:18.740, 7899877506392, vstest.console.dll, TestRequestSender.StartTestRun: Sending test run with message: {"Version":5,"MessageType":"TestExecution.StartWithSources","Payload":{"AdapterSourceMap":{"_none_":["C:\\Users\\srw33\\Desktop\\Class\\CSDS 393\\TaskTrackingCalendar\\TaskListTests\\bin\\Debug\\.netcoreapp,version=v5.0\\fine-code-coverage\\build-output\\TaskListTests.dll"]},"RunSettings":"<RunSettings>\r\n  <RunConfiguration>\r\n    <ResultsDirectory>C:\\Users\\srw33\\Desktop\\Class\\CSDS 393\\TaskTrackingCalendar\\TaskListTests\\bin\\Debug\\.netcoreapp,version=v5.0\\fine-code-coverage\\coverage-tool-output</ResultsDirectory>\r\n    <TargetPlatform>X64</TargetPlatform>\r\n    <TargetFrameworkVersion>.NETCoreApp,Version=v5.0</TargetFrameworkVersion>\r\n    <DesignMode>False</DesignMode>\r\n    <CollectSourceInformation>False</CollectSourceInformation>\r\n  </RunConfiguration>\r\n  <LoggerRunSettings>\r\n    <Loggers>\r\n      <Logger friendlyName=\"blame\" enabled=\"True\" />\r\n      <Logger friendlyName=\"Console\" uri=\"logger://microsoft/TestPlatform/ConsoleLogger/v1\" assemblyQualifiedName=\"Microsoft.VisualStudio.TestPlatform.CommandLine.Internal.ConsoleLogger, vstest.console, Version=15.0.0.0, Culture=neutral, PublicKeyToken=b03f5f7f11d50a3a\" codeBase=\"C:\\Program Files\\dotnet\\sdk\\5.0.402\\vstest.console.dll\" enabled=\"True\" />\r\n    </Loggers>\r\n  </LoggerRunSettings>\r\n  <DataCollectionRunSettings>\r\n    <DataCollectors>\r\n      <DataCollector friendlyName=\"blame\" enabled=\"True\">\r\n        <Configuration>\r\n          <ResultsDirectory>C:\\Users\\srw33\\Desktop\\Class\\CSDS 393\\TaskTrackingCalendar\\TaskListTests\\bin\\Debug\\.netcoreapp,version=v5.0\\fine-code-coverage\\coverage-tool-output</ResultsDirectory>\r\n        </Configuration>\r\n      </DataCollector>\r\n    </DataCollectors>\r\n  </DataCollectionRunSettings>\r\n</RunSettings>","TestExecutionContext":{"FrequencyOfRunStatsChangeEvent":10,"RunStatsChangeEventTimeout":"00:00:01.5000000","InIsolation":false,"KeepAlive":false,"AreTestCaseLevelEventsRequired":false,"IsDebug":false,"TestCaseFilter":null,"FilterOptions":null},"Package":null}}
TpTrace Verbose: 0 : 30172, 14, 2021/10/22, 15:10:18.740, 7899877511251, vstest.console.dll, TestRunRequest:SendTestRunMessage: Starting.
TpTrace Information: 0 : 30172, 14, 2021/10/22, 15:10:18.741, 7899877512614, vstest.console.dll, TestRunRequest:SendTestRunMessage: Completed.
TpTrace Verbose: 0 : 30172, 14, 2021/10/22, 15:10:18.741, 7899877513211, vstest.console.dll, TcpClientExtensions.MessageLoopAsync: Polling on remoteEndPoint: 127.0.0.1:59499 localEndPoint: 127.0.0.1:59498
TpTrace Verbose: 0 : 30172, 14, 2021/10/22, 15:10:19.588, 7899885990732, vstest.console.dll, TcpClientExtensions.MessageLoopAsync: NotifyDataAvailable remoteEndPoint: 127.0.0.1:59499 localEndPoint: 127.0.0.1:59498
TpTrace Verbose: 0 : 30172, 14, 2021/10/22, 15:10:19.589, 7899885993456, vstest.console.dll, TestRequestSender.OnExecutionMessageReceived: Received message: {"Version":5,"MessageType":"TestExecution.StatsChange","Payload":{"NewTestResults":[{"TestCase":{"Id":"a0f867ed-92d5-2f2c-678d-dffb638ad3a1","FullyQualifiedName":"TaskTrackingCalendar.Tests.TaskListTests.TestCreateClass_WhenDataValid_Succeeds","DisplayName":"TestCreateClass_WhenDataValid_Succeeds","ExecutorUri":"executor://MSTestAdapter/v2","Source":"C:\\Users\\srw33\\Desktop\\Class\\CSDS 393\\TaskTrackingCalendar\\TaskListTests\\bin\\Debug\\.netcoreapp,version=v5.0\\fine-code-coverage\\build-output\\TaskListTests.dll","CodeFilePath":null,"LineNumber":-1,"Properties":[{"Key":{"Id":"TestCase.ManagedType","Label":"ManagedType","Category":"","Description":"","Attributes":1,"ValueType":"System.String"},"Value":"TaskTrackingCalendar.Tests.TaskListTests"},{"Key":{"Id":"TestCase.ManagedMethod","Label":"ManagedMethod","Category":"","Description":"","Attributes":1,"ValueType":"System.String"},"Value":"TestCreateClass_WhenDataValid_Succeeds"},{"Key":{"Id":"MSTestDiscoverer.TestClassName","Label":"ClassName","Category":"","Description":"","Attributes":1,"ValueType":"System.String"},"Value":"TaskTrackingCalendar.Tests.TaskListTests"},{"Key":{"Id":"TestCase.Hierarchy","Label":"Hierarchy","Category":"","Description":"","Attributes":2,"ValueType":"System.String[]"},"Value":["TaskTrackingCalendar.Tests","TaskListTests"]},{"Key":{"Id":"TestObject.Traits","Label":"Traits","Category":"","Description":"","Attributes":5,"ValueType":"System.Collections.Generic.KeyValuePair`2[[System.String],[System.String]][]"},"Value":[]}]},"Attachments":[],"Outcome":1,"ErrorMessage":null,"ErrorStackTrace":null,"DisplayName":"TestCreateClass_WhenDataValid_Succeeds","Messages":[],"ComputerName":null,"Duration":"00:00:00.2576678","StartTime":"2021-10-22T15:10:19.232862-04:00","EndTime":"2021-10-22T15:10:19.5038314-04:00","Properties":[{"Key":{"Id":"ExecutionId","Label":"ExecutionId","Category":"","Description":"","Attributes":1,"ValueType":"System.Guid"},"Value":"00000000-0000-0000-0000-000000000000"},{"Key":{"Id":"ParentExecId","Label":"ParentExecId","Category":"","Description":"","Attributes":1,"ValueType":"System.Guid"},"Value":"00000000-0000-0000-0000-000000000000"},{"Key":{"Id":"InnerResultsCount","Label":"InnerResultsCount","Category":"","Description":"","Attributes":1,"ValueType":"System.Int32"},"Value":0}]},{"TestCase":{"Id":"138f3ffe-65f1-b500-459b-1db2dfc074b0","FullyQualifiedName":"TaskTrackingCalendar.Tests.TaskListTests.TestCreateClass_WhenDataInvalid_Fails","DisplayName":"TestCreateClass_WhenDataInvalid_Fails","ExecutorUri":"executor://MSTestAdapter/v2","Source":"C:\\Users\\srw33\\Desktop\\Class\\CSDS 393\\TaskTrackingCalendar\\TaskListTests\\bin\\Debug\\.netcoreapp,version=v5.0\\fine-code-coverage\\build-output\\TaskListTests.dll","CodeFilePath":null,"LineNumber":-1,"Properties":[{"Key":{"Id":"TestCase.ManagedType","Label":"ManagedType","Category":"","Description":"","Attributes":1,"ValueType":"System.String"},"Value":"TaskTrackingCalendar.Tests.TaskListTests"},{"Key":{"Id":"TestCase.ManagedMethod","Label":"ManagedMethod","Category":"","Description":"","Attributes":1,"ValueType":"System.String"},"Value":"TestCreateClass_WhenDataInvalid_Fails"},{"Key":{"Id":"MSTestDiscoverer.TestClassName","Label":"ClassName","Category":"","Description":"","Attributes":1,"ValueType":"System.String"},"Value":"TaskTrackingCalendar.Tests.TaskListTests"},{"Key":{"Id":"TestCase.Hierarchy","Label":"Hierarchy","Category":"","Description":"","Attributes":2,"ValueType":"System.String[]"},"Value":["TaskTrackingCalendar.Tests","TaskListTests"]},{"Key":{"Id":"TestObject.Traits","Label":"Traits","Category":"","Description":"","Attributes":5,"ValueType":"System.Collections.Generic.KeyValuePair`2[[System.String],[System.String]][]"},"Value":[]}]},"Attachments":[],"Outcome":1,"ErrorMessage":null,"ErrorStackTrace":null,"DisplayName":"TestCreateClass_WhenDataInvalid_Fails","Messages":[],"ComputerName":null,"Duration":"00:00:00.0001562","StartTime":"2021-10-22T15:10:19.5284554-04:00","EndTime":"2021-10-22T15:10:19.5288501-04:00","Properties":[{"Key":{"Id":"ExecutionId","Label":"ExecutionId","Category":"","Description":"","Attributes":1,"ValueType":"System.Guid"},"Value":"00000000-0000-0000-0000-000000000000"},{"Key":{"Id":"ParentExecId","Label":"ParentExecId","Category":"","Description":"","Attributes":1,"ValueType":"System.Guid"},"Value":"00000000-0000-0000-0000-000000000000"},{"Key":{"Id":"InnerResultsCount","Label":"InnerResultsCount","Category":"","Description":"","Attributes":1,"ValueType":"System.Int32"},"Value":0}]},{"TestCase":{"Id":"9c684e8f-f342-9d4d-00c2-9ffff6930f45","FullyQualifiedName":"TaskTrackingCalendar.Tests.TaskListTests.TestUpdateClass_WhenAllowed_Succeeds","DisplayName":"TestUpdateClass_WhenAllowed_Succeeds","ExecutorUri":"executor://MSTestAdapter/v2","Source":"C:\\Users\\srw33\\Desktop\\Class\\CSDS 393\\TaskTrackingCalendar\\TaskListTests\\bin\\Debug\\.netcoreapp,version=v5.0\\fine-code-coverage\\build-output\\TaskListTests.dll","CodeFilePath":null,"LineNumber":-1,"Properties":[{"Key":{"Id":"TestCase.ManagedType","Label":"ManagedType","Category":"","Description":"","Attributes":1,"ValueType":"System.String"},"Value":"TaskTrackingCalendar.Tests.TaskListTests"},{"Key":{"Id":"TestCase.ManagedMethod","Label":"ManagedMethod","Category":"","Description":"","Attributes":1,"ValueType":"System.String"},"Value":"TestUpdateClass_WhenAllowed_Succeeds"},{"Key":{"Id":"MSTestDiscoverer.TestClassName","Label":"ClassName","Category":"","Description":"","Attributes":1,"ValueType":"System.String"},"Value":"TaskTrackingCalendar.Tests.TaskListTests"},{"Key":{"Id":"TestCase.Hierarchy","Label":"Hierarchy","Category":"","Description":"","Attributes":2,"ValueType":"System.String[]"},"Value":["TaskTrackingCalendar.Tests","TaskListTests"]},{"Key":{"Id":"TestObject.Traits","Label":"Traits","Category":"","Description":"","Attributes":5,"ValueType":"System.Collections.Generic.KeyValuePair`2[[System.String],[System.String]][]"},"Value":[]}]},"Attachments":[],"Outcome":1,"ErrorMessage":null,"ErrorStackTrace":null,"DisplayName":"TestUpdateClass_WhenAllowed_Succeeds","Messages":[],"ComputerName":null,"Duration":"00:00:00.0002803","StartTime":"2021-10-22T15:10:19.530735-04:00","EndTime":"2021-10-22T15:10:19.531231-04:00","Properties":[{"Key":{"Id":"ExecutionId","Label":"ExecutionId","Category":"","Description":"","Attributes":1,"ValueType":"System.Guid"},"Value":"00000000-0000-0000-0000-000000000000"},{"Key":{"Id":"ParentExecId","Label":"ParentExecId","Category":"","Description":"","Attributes":1,"ValueType":"System.Guid"},"Value":"00000000-0000-0000-0000-000000000000"},{"Key":{"Id":"InnerResultsCount","Label":"InnerResultsCount","Category":"","Description":"","Attributes":1,"ValueType":"System.Int32"},"Value":0}]},{"TestCase":{"Id":"61240569-3ed2-68db-eb45-6a84aaa3b0f1","FullyQualifiedName":"TaskTrackingCalendar.Tests.TaskListTests.TestUpdateClass_WhenNoClass_Fails","DisplayName":"TestUpdateClass_WhenNoClass_Fails","ExecutorUri":"executor://MSTestAdapter/v2","Source":"C:\\Users\\srw33\\Desktop\\Class\\CSDS 393\\TaskTrackingCalendar\\TaskListTests\\bin\\Debug\\.netcoreapp,version=v5.0\\fine-code-coverage\\build-output\\TaskListTests.dll","CodeFilePath":null,"LineNumber":-1,"Properties":[{"Key":{"Id":"TestCase.ManagedType","Label":"ManagedType","Category":"","Description":"","Attributes":1,"ValueType":"System.String"},"Value":"TaskTrackingCalendar.Tests.TaskListTests"},{"Key":{"Id":"TestCase.ManagedMethod","Label":"ManagedMethod","Category":"","Description":"","Attributes":1,"ValueType":"System.String"},"Value":"TestUpdateClass_WhenNoClass_Fails"},{"Key":{"Id":"MSTestDiscoverer.TestClassName","Label":"ClassName","Category":"","Description":"","Attributes":1,"ValueType":"System.String"},"Value":"TaskTrackingCalendar.Tests.TaskListTests"},{"Key":{"Id":"TestCase.Hierarchy","Label":"Hierarchy","Category":"","Description":"","Attributes":2,"ValueType":"System.String[]"},"Value":["TaskTrackingCalendar.Tests","TaskListTests"]},{"Key":{"Id":"TestObject.Traits","Label":"Traits","Category":"","Description":"","Attributes":5,"ValueType":"System.Collections.Generic.KeyValuePair`2[[System.String],[System.String]][]"},"Value":[]}]},"Attachments":[],"Outcome":1,"ErrorMessage":null,"ErrorStackTrace":null,"DisplayName":"TestUpdateClass_WhenNoClass_Fails","Messages":[],"ComputerName":null,"Duration":"00:00:00.0000906","StartTime":"2021-10-22T15:10:19.5338215-04:00","EndTime":"2021-10-22T15:10:19.5340876-04:00","Properties":[{"Key":{"Id":"ExecutionId","Label":"ExecutionId","Category":"","Description":"","Attributes":1,"ValueType":"System.Guid"},"Value":"00000000-0000-0000-0000-000000000000"},{"Key":{"Id":"ParentExecId","Label":"ParentExecId","Category":"","Description":"","Attributes":1,"ValueType":"System.Guid"},"Value":"00000000-0000-0000-0000-000000000000"},{"Key":{"Id":"InnerResultsCount","Label":"InnerResultsCount","Category":"","Description":"","Attributes":1,"ValueType":"System.Int32"},"Value":0}]},{"TestCase":{"Id":"fa15908a-e5e0-dc73-5c7a-0a447707891a","FullyQualifiedName":"TaskTrackingCalendar.Tests.TaskListTests.TestUpdateClass_WhenNameConflict_Fails","DisplayName":"TestUpdateClass_WhenNameConflict_Fails","ExecutorUri":"executor://MSTestAdapter/v2","Source":"C:\\Users\\srw33\\Desktop\\Class\\CSDS 393\\TaskTrackingCalendar\\TaskListTests\\bin\\Debug\\.netcoreapp,version=v5.0\\fine-code-coverage\\build-output\\TaskListTests.dll","CodeFilePath":null,"LineNumber":-1,"Properties":[{"Key":{"Id":"TestCase.ManagedType","Label":"ManagedType","Category":"","Description":"","Attributes":1,"ValueType":"System.String"},"Value":"TaskTrackingCalendar.Tests.TaskListTests"},{"Key":{"Id":"TestCase.ManagedMethod","Label":"ManagedMethod","Category":"","Description":"","Attributes":1,"ValueType":"System.String"},"Value":"TestUpdateClass_WhenNameConflict_Fails"},{"Key":{"Id":"MSTestDiscoverer.TestClassName","Label":"ClassName","Category":"","Description":"","Attributes":1,"ValueType":"System.String"},"Value":"TaskTrackingCalendar.Tests.TaskListTests"},{"Key":{"Id":"TestCase.Hierarchy","Label":"Hierarchy","Category":"","Description":"","Attributes":2,"ValueType":"System.String[]"},"Value":["TaskTrackingCalendar.Tests","TaskListTests"]},{"Key":{"Id":"TestObject.Traits","Label":"Traits","Category":"","Description":"","Attributes":5,"ValueType":"System.Collections.Generic.KeyValuePair`2[[System.String],[System.String]][]"},"Value":[]}]},"Attachments":[],"Outcome":1,"ErrorMessage":null,"ErrorStackTrace":null,"DisplayName":"TestUpdateClass_WhenNameConflict_Fails","Messages":[],"ComputerName":null,"Duration":"00:00:00.0000989","StartTime":"2021-10-22T15:10:19.5357451-04:00","EndTime":"2021-10-22T15:10:19.5359945-04:00","Properties":[{"Key":{"Id":"ExecutionId","Label":"ExecutionId","Category":"","Description":"","Attributes":1,"ValueType":"System.Guid"},"Value":"00000000-0000-0000-0000-000000000000"},{"Key":{"Id":"ParentExecId","Label":"ParentExecId","Category":"","Description":"","Attributes":1,"ValueType":"System.Guid"},"Value":"00000000-0000-0000-0000-000000000000"},{"Key":{"Id":"InnerResultsCount","Label":"InnerResultsCount","Category":"","Description":"","Attributes":1,"ValueType":"System.Int32"},"Value":0}]},{"TestCase":{"Id":"50c50979-74ba-abfa-9e05-d5e479eb705c","FullyQualifiedName":"TaskTrackingCalendar.Tests.TaskListTests.TestDeleteClass_WhenClassExists_Succeeds","DisplayName":"TestDeleteClass_WhenClassExists_Succeeds","ExecutorUri":"executor://MSTestAdapter/v2","Source":"C:\\Users\\srw33\\Desktop\\Class\\CSDS 393\\TaskTrackingCalendar\\TaskListTests\\bin\\Debug\\.netcoreapp,version=v5.0\\fine-code-coverage\\build-output\\TaskListTests.dll","CodeFilePath":null,"LineNumber":-1,"Properties":[{"Key":{"Id":"TestCase.ManagedType","Label":"ManagedType","Category":"","Description":"","Attributes":1,"ValueType":"System.String"},"Value":"TaskTrackingCalendar.Tests.TaskListTests"},{"Key":{"Id":"TestCase.ManagedMethod","Label":"ManagedMethod","Category":"","Description":"","Attributes":1,"ValueType":"System.String"},"Value":"TestDeleteClass_WhenClassExists_Succeeds"},{"Key":{"Id":"MSTestDiscoverer.TestClassName","Label":"ClassName","Category":"","Description":"","Attributes":1,"ValueType":"System.String"},"Value":"TaskTrackingCalendar.Tests.TaskListTests"},{"Key":{"Id":"TestCase.Hierarchy","Label":"Hierarchy","Category":"","Description":"","Attributes":2,"ValueType":"System.String[]"},"Value":["TaskTrackingCalendar.Tests","TaskListTests"]},{"Key":{"Id":"TestObject.Traits","Label":"Traits","Category":"","Description":"","Attributes":5,"ValueType":"System.Collections.Generic.KeyValuePair`2[[System.String],[System.String]][]"},"Value":[]}]},"Attachments":[],"Outcome":1,"ErrorMessage":null,"ErrorStackTrace":null,"DisplayName":"TestDeleteClass_WhenClassExists_Succeeds","Messages":[],"ComputerName":null,"Duration":"00:00:00.0001749","StartTime":"2021-10-22T15:10:19.5376285-04:00","EndTime":"2021-10-22T15:10:19.5379527-04:00","Properties":[{"Key":{"Id":"ExecutionId","Label":"ExecutionId","Category":"","Description":"","Attributes":1,"ValueType":"System.Guid"},"Value":"00000000-0000-0000-0000-000000000000"},{"Key":{"Id":"ParentExecId","Label":"ParentExecId","Category":"","Description":"","Attributes":1,"ValueType":"System.Guid"},"Value":"00000000-0000-0000-0000-000000000000"},{"Key":{"Id":"InnerResultsCount","Label":"InnerResultsCount","Category":"","Description":"","Attributes":1,"ValueType":"System.Int32"},"Value":0}]},{"TestCase":{"Id":"be41065d-c654-0241-38d9-820f652afcda","FullyQualifiedName":"TaskTrackingCalendar.Tests.TaskListTests.TestDeleteClass_WhenNoClass_Fails","DisplayName":"TestDeleteClass_WhenNoClass_Fails","ExecutorUri":"executor://MSTestAdapter/v2","Source":"C:\\Users\\srw33\\Desktop\\Class\\CSDS 393\\TaskTrackingCalendar\\TaskListTests\\bin\\Debug\\.netcoreapp,version=v5.0\\fine-code-coverage\\build-output\\TaskListTests.dll","CodeFilePath":null,"LineNumber":-1,"Properties":[{"Key":{"Id":"TestCase.ManagedType","Label":"ManagedType","Category":"","Description":"","Attributes":1,"ValueType":"System.String"},"Value":"TaskTrackingCalendar.Tests.TaskListTests"},{"Key":{"Id":"TestCase.ManagedMethod","Label":"ManagedMethod","Category":"","Description":"","Attributes":1,"ValueType":"System.String"},"Value":"TestDeleteClass_WhenNoClass_Fails"},{"Key":{"Id":"MSTestDiscoverer.TestClassName","Label":"ClassName","Category":"","Description":"","Attributes":1,"ValueType":"System.String"},"Value":"TaskTrackingCalendar.Tests.TaskListTests"},{"Key":{"Id":"TestCase.Hierarchy","Label":"Hierarchy","Category":"","Description":"","Attributes":2,"ValueType":"System.String[]"},"Value":["TaskTrackingCalendar.Tests","TaskListTests"]},{"Key":{"Id":"TestObject.Traits","Label":"Traits","Category":"","Description":"","Attributes":5,"ValueType":"System.Collections.Generic.KeyValuePair`2[[System.String],[System.String]][]"},"Value":[]}]},"Attachments":[],"Outcome":1,"ErrorMessage":null,"ErrorStackTrace":null,"DisplayName":"TestDeleteClass_WhenNoClass_Fails","Messages":[],"ComputerName":null,"Duration":"00:00:00.0000937","StartTime":"2021-10-22T15:10:19.5396448-04:00","EndTime":"2021-10-22T15:10:19.5398962-04:00","Properties":[{"Key":{"Id":"ExecutionId","Label":"ExecutionId","Category":"","Description":"","Attributes":1,"ValueType":"System.Guid"},"Value":"00000000-0000-0000-0000-000000000000"},{"Key":{"Id":"ParentExecId","Label":"ParentExecId","Category":"","Description":"","Attributes":1,"ValueType":"System.Guid"},"Value":"00000000-0000-0000-0000-000000000000"},{"Key":{"Id":"InnerResultsCount","Label":"InnerResultsCount","Category":"","Description":"","Attributes":1,"ValueType":"System.Int32"},"Value":0}]},{"TestCase":{"Id":"4a05fb14-1ad2-920d-4c6c-738347f4f542","FullyQualifiedName":"TaskTrackingCalendar.Tests.TaskListTests.TestCompleteTask_WhenTaskExists_Succeeds","DisplayName":"TestCompleteTask_WhenTaskExists_Succeeds","ExecutorUri":"executor://MSTestAdapter/v2","Source":"C:\\Users\\srw33\\Desktop\\Class\\CSDS 393\\TaskTrackingCalendar\\TaskListTests\\bin\\Debug\\.netcoreapp,version=v5.0\\fine-code-coverage\\build-output\\TaskListTests.dll","CodeFilePath":null,"LineNumber":-1,"Properties":[{"Key":{"Id":"TestCase.ManagedType","Label":"ManagedType","Category":"","Description":"","Attributes":1,"ValueType":"System.String"},"Value":"TaskTrackingCalendar.Tests.TaskListTests"},{"Key":{"Id":"TestCase.ManagedMethod","Label":"ManagedMethod","Category":"","Description":"","Attributes":1,"ValueType":"System.String"},"Value":"TestCompleteTask_WhenTaskExists_Succeeds"},{"Key":{"Id":"MSTestDiscoverer.TestClassName","Label":"ClassName","Category":"","Description":"","Attributes":1,"ValueType":"System.String"},"Value":"TaskTrackingCalendar.Tests.TaskListTests"},{"Key":{"Id":"TestCase.Hierarchy","Label":"Hierarchy","Category":"","Description":"","Attributes":2,"ValueType":"System.String[]"},"Value":["TaskTrackingCalendar.Tests","TaskListTests"]},{"Key":{"Id":"TestObject.Traits","Label":"Traits","Category":"","Description":"","Attributes":5,"ValueType":"System.Collections.Generic.KeyValuePair`2[[System.String],[System.String]][]"},"Value":[]}]},"Attachments":[],"Outcome":2,"ErrorMessage":"Assert.IsTrue failed. Complete task failed.","ErrorStackTrace":"   at TaskTrackingCalendar.Tests.TaskListTests.TestCompleteTask_WhenTaskExists_Succeeds() in C:\\Users\\srw33\\Desktop\\Class\\CSDS 393\\TaskTrackingCalendar\\TaskListTests\\TaskListTests.cs:line 130\r\n","DisplayName":"TestCompleteTask_WhenTaskExists_Succeeds","Messages":[],"ComputerName":null,"Duration":"00:00:00.0194683","StartTime":"2021-10-22T15:10:19.5439662-04:00","EndTime":"2021-10-22T15:10:19.5640367-04:00","Properties":[{"Key":{"Id":"ExecutionId","Label":"ExecutionId","Category":"","Description":"","Attributes":1,"ValueType":"System.Guid"},"Value":"00000000-0000-0000-0000-000000000000"},{"Key":{"Id":"ParentExecId","Label":"ParentExecId","Category":"","Description":"","Attributes":1,"ValueType":"System.Guid"},"Value":"00000000-0000-0000-0000-000000000000"},{"Key":{"Id":"InnerResultsCount","Label":"InnerResultsCount","Category":"","Description":"","Attributes":1,"ValueType":"System.Int32"},"Value":0}]},{"TestCase":{"Id":"425b1efc-492d-1f29-0f26-5542e70aeec6","FullyQualifiedName":"TaskTrackingCalendar.Tests.TaskListTests.TestCompleteTask_WhenNoTask_Fails","DisplayName":"TestCompleteTask_WhenNoTask_Fails","ExecutorUri":"executor://MSTestAdapter/v2","Source":"C:\\Users\\srw33\\Desktop\\Class\\CSDS 393\\TaskTrackingCalendar\\TaskListTests\\bin\\Debug\\.netcoreapp,version=v5.0\\fine-code-coverage\\build-output\\TaskListTests.dll","CodeFilePath":null,"LineNumber":-1,"Properties":[{"Key":{"Id":"TestCase.ManagedType","Label":"ManagedType","Category":"","Description":"","Attributes":1,"ValueType":"System.String"},"Value":"TaskTrackingCalendar.Tests.TaskListTests"},{"Key":{"Id":"TestCase.ManagedMethod","Label":"ManagedMethod","Category":"","Description":"","Attributes":1,"ValueType":"System.String"},"Value":"TestCompleteTask_WhenNoTask_Fails"},{"Key":{"Id":"MSTestDiscoverer.TestClassName","Label":"ClassName","Category":"","Description":"","Attributes":1,"ValueType":"System.String"},"Value":"TaskTrackingCalendar.Tests.TaskListTests"},{"Key":{"Id":"TestCase.Hierarchy","Label":"Hierarchy","Category":"","Description":"","Attributes":2,"ValueType":"System.String[]"},"Value":["TaskTrackingCalendar.Tests","TaskListTests"]},{"Key":{"Id":"TestObject.Traits","Label":"Traits","Category":"","Description":"","Attributes":5,"ValueType":"System.Collections.Generic.KeyValuePair`2[[System.String],[System.String]][]"},"Value":[]}]},"Attachments":[],"Outcome":1,"ErrorMessage":null,"ErrorStackTrace":null,"DisplayName":"TestCompleteTask_WhenNoTask_Fails","Messages":[],"ComputerName":null,"Duration":"00:00:00.0001532","StartTime":"2021-10-22T15:10:19.5659665-04:00","EndTime":"2021-10-22T15:10:19.5663032-04:00","Properties":[{"Key":{"Id":"ExecutionId","Label":"ExecutionId","Category":"","Description":"","Attributes":1,"ValueType":"System.Guid"},"Value":"00000000-0000-0000-0000-000000000000"},{"Key":{"Id":"ParentExecId","Label":"ParentExecId","Category":"","Description":"","Attributes":1,"ValueType":"System.Guid"},"Value":"00000000-0000-0000-0000-000000000000"},{"Key":{"Id":"InnerResultsCount","Label":"InnerResultsCount","Category":"","Description":"","Attributes":1,"ValueType":"System.Int32"},"Value":0}]}],"TestRunStatistics":{"ExecutedTests":9,"Stats":{"Passed":8,"Failed":1}},"ActiveTests":[{"Id":"b11ab531-2ae1-1764-3d3a-f9930aac5444","FullyQualifiedName":"TaskTrackingCalendar.Tests.TaskListTests.TestSaveLoadData_WithDefaultPath_Succeeds","DisplayName":"TestSaveLoadData_WithDefaultPath_Succeeds","ExecutorUri":"executor://MSTestAdapter/v2","Source":"C:\\Users\\srw33\\Desktop\\Class\\CSDS 393\\TaskTrackingCalendar\\TaskListTests\\bin\\Debug\\.netcoreapp,version=v5.0\\fine-code-coverage\\build-output\\TaskListTests.dll","CodeFilePath":null,"LineNumber":-1,"Properties":[{"Key":{"Id":"TestCase.ManagedType","Label":"ManagedType","Category":"","Description":"","Attributes":1,"ValueType":"System.String"},"Value":"TaskTrackingCalendar.Tests.TaskListTests"},{"Key":{"Id":"TestCase.ManagedMethod","Label":"ManagedMethod","Category":"","Description":"","Attributes":1,"ValueType":"System.String"},"Value":"TestSaveLoadData_WithDefaultPath_Succeeds"},{"Key":{"Id":"MSTestDiscoverer.TestClassName","Label":"ClassName","Category":"","Description":"","Attributes":1,"ValueType":"System.String"},"Value":"TaskTrackingCalendar.Tests.TaskListTests"},{"Key":{"Id":"TestCase.Hierarchy","Label":"Hierarchy","Category":"","Description":"","Attributes":2,"ValueType":"System.String[]"},"Value":["TaskTrackingCalendar.Tests","TaskListTests"]},{"Key":{"Id":"TestObject.Traits","Label":"Traits","Category":"","Description":"","Attributes":5,"ValueType":"System.Collections.Generic.KeyValuePair`2[[System.String],[System.String]][]"},"Value":[]}]}]}}
TpTrace Verbose: 0 : 30172, 14, 2021/10/22, 15:10:19.637, 7899886481347, vstest.console.dll, TestRunRequest:SendTestRunStatsChange: Starting.
TpTrace Verbose: 0 : 30172, 14, 2021/10/22, 15:10:19.638, 7899886482430, vstest.console.dll, InProgress is TestSaveLoadData_WithDefaultPath_Succeeds
TpTrace Information: 0 : 30172, 14, 2021/10/22, 15:10:19.638, 7899886483793, vstest.console.dll, TestRunRequest:SendTestRunStatsChange: Completed.
TpTrace Verbose: 0 : 30172, 14, 2021/10/22, 15:10:19.638, 7899886484242, vstest.console.dll, TcpClientExtensions.MessageLoopAsync: Polling on remoteEndPoint: 127.0.0.1:59499 localEndPoint: 127.0.0.1:59498
TpTrace Verbose: 0 : 30172, 14, 2021/10/22, 15:10:19.638, 7899886484660, vstest.console.dll, TcpClientExtensions.MessageLoopAsync: NotifyDataAvailable remoteEndPoint: 127.0.0.1:59499 localEndPoint: 127.0.0.1:59498
TpTrace Verbose: 0 : 30172, 14, 2021/10/22, 15:10:19.638, 7899886485776, vstest.console.dll, TestRequestSender.OnExecutionMessageReceived: Received message: {"Version":5,"MessageType":"TestExecution.Completed","Payload":{"TestRunCompleteArgs":{"TestRunStatistics":{"ExecutedTests":12,"Stats":{"Passed":11,"Failed":1}},"IsCanceled":false,"IsAborted":false,"Error":null,"AttachmentSets":[],"ElapsedTimeInRunningTests":"00:00:00.7830865","Metrics":{}},"LastRunTests":{"NewTestResults":[{"TestCase":{"Id":"b11ab531-2ae1-1764-3d3a-f9930aac5444","FullyQualifiedName":"TaskTrackingCalendar.Tests.TaskListTests.TestSaveLoadData_WithDefaultPath_Succeeds","DisplayName":"TestSaveLoadData_WithDefaultPath_Succeeds","ExecutorUri":"executor://MSTestAdapter/v2","Source":"C:\\Users\\srw33\\Desktop\\Class\\CSDS 393\\TaskTrackingCalendar\\TaskListTests\\bin\\Debug\\.netcoreapp,version=v5.0\\fine-code-coverage\\build-output\\TaskListTests.dll","CodeFilePath":null,"LineNumber":-1,"Properties":[{"Key":{"Id":"TestCase.ManagedType","Label":"ManagedType","Category":"","Description":"","Attributes":1,"ValueType":"System.String"},"Value":"TaskTrackingCalendar.Tests.TaskListTests"},{"Key":{"Id":"TestCase.ManagedMethod","Label":"ManagedMethod","Category":"","Description":"","Attributes":1,"ValueType":"System.String"},"Value":"TestSaveLoadData_WithDefaultPath_Succeeds"},{"Key":{"Id":"MSTestDiscoverer.TestClassName","Label":"ClassName","Category":"","Description":"","Attributes":1,"ValueType":"System.String"},"Value":"TaskTrackingCalendar.Tests.TaskListTests"},{"Key":{"Id":"TestCase.Hierarchy","Label":"Hierarchy","Category":"","Description":"","Attributes":2,"ValueType":"System.String[]"},"Value":["TaskTrackingCalendar.Tests","TaskListTests"]},{"Key":{"Id":"TestObject.Traits","Label":"Traits","Category":"","Description":"","Attributes":5,"ValueType":"System.Collections.Generic.KeyValuePair`2[[System.String],[System.String]][]"},"Value":[]}]},"Attachments":[],"Outcome":1,"ErrorMessage":null,"ErrorStackTrace":null,"DisplayName":"TestSaveLoadData_WithDefaultPath_Succeeds","Messages":[],"ComputerName":null,"Duration":"00:00:00.0149667","StartTime":"2021-10-22T15:10:19.5899309-04:00","EndTime":"2021-10-22T15:10:19.605217-04:00","Properties":[{"Key":{"Id":"ExecutionId","Label":"ExecutionId","Category":"","Description":"","Attributes":1,"ValueType":"System.Guid"},"Value":"00000000-0000-0000-0000-000000000000"},{"Key":{"Id":"ParentExecId","Label":"ParentExecId","Category":"","Description":"","Attributes":1,"ValueType":"System.Guid"},"Value":"00000000-0000-0000-0000-000000000000"},{"Key":{"Id":"InnerResultsCount","Label":"InnerResultsCount","Category":"","Description":"","Attributes":1,"ValueType":"System.Int32"},"Value":0}]},{"TestCase":{"Id":"8f2f4afe-e52c-cc01-22a8-a62f9a19f24e","FullyQualifiedName":"TaskTrackingCalendar.Tests.TaskListTests.TestSaveLoadData_WhenPathValid_Succeeds","DisplayName":"TestSaveLoadData_WhenPathValid_Succeeds","ExecutorUri":"executor://MSTestAdapter/v2","Source":"C:\\Users\\srw33\\Desktop\\Class\\CSDS 393\\TaskTrackingCalendar\\TaskListTests\\bin\\Debug\\.netcoreapp,version=v5.0\\fine-code-coverage\\build-output\\TaskListTests.dll","CodeFilePath":null,"LineNumber":-1,"Properties":[{"Key":{"Id":"TestCase.ManagedType","Label":"ManagedType","Category":"","Description":"","Attributes":1,"ValueType":"System.String"},"Value":"TaskTrackingCalendar.Tests.TaskListTests"},{"Key":{"Id":"TestCase.ManagedMethod","Label":"ManagedMethod","Category":"","Description":"","Attributes":1,"ValueType":"System.String"},"Value":"TestSaveLoadData_WhenPathValid_Succeeds"},{"Key":{"Id":"MSTestDiscoverer.TestClassName","Label":"ClassName","Category":"","Description":"","Attributes":1,"ValueType":"System.String"},"Value":"TaskTrackingCalendar.Tests.TaskListTests"},{"Key":{"Id":"TestCase.Hierarchy","Label":"Hierarchy","Category":"","Description":"","Attributes":2,"ValueType":"System.String[]"},"Value":["TaskTrackingCalendar.Tests","TaskListTests"]},{"Key":{"Id":"TestObject.Traits","Label":"Traits","Category":"","Description":"","Attributes":5,"ValueType":"System.Collections.Generic.KeyValuePair`2[[System.String],[System.String]][]"},"Value":[]}]},"Attachments":[],"Outcome":1,"ErrorMessage":null,"ErrorStackTrace":null,"DisplayName":"TestSaveLoadData_WhenPathValid_Succeeds","Messages":[],"ComputerName":null,"Duration":"00:00:00.0025178","StartTime":"2021-10-22T15:10:19.6073517-04:00","EndTime":"2021-10-22T15:10:19.6103239-04:00","Properties":[{"Key":{"Id":"ExecutionId","Label":"ExecutionId","Category":"","Description":"","Attributes":1,"ValueType":"System.Guid"},"Value":"00000000-0000-0000-0000-000000000000"},{"Key":{"Id":"ParentExecId","Label":"ParentExecId","Category":"","Description":"","Attributes":1,"ValueType":"System.Guid"},"Value":"00000000-0000-0000-0000-000000000000"},{"Key":{"Id":"InnerResultsCount","Label":"InnerResultsCount","Category":"","Description":"","Attributes":1,"ValueType":"System.Int32"},"Value":0}]},{"TestCase":{"Id":"5a72c8f2-669a-16bd-ed64-b02e5bc787d3","FullyQualifiedName":"TaskTrackingCalendar.Tests.TaskListTests.TestSaveLoadData_WhenPathInvalid_Fails","DisplayName":"TestSaveLoadData_WhenPathInvalid_Fails","ExecutorUri":"executor://MSTestAdapter/v2","Source":"C:\\Users\\srw33\\Desktop\\Class\\CSDS 393\\TaskTrackingCalendar\\TaskListTests\\bin\\Debug\\.netcoreapp,version=v5.0\\fine-code-coverage\\build-output\\TaskListTests.dll","CodeFilePath":null,"LineNumber":-1,"Properties":[{"Key":{"Id":"TestCase.ManagedType","Label":"ManagedType","Category":"","Description":"","Attributes":1,"ValueType":"System.String"},"Value":"TaskTrackingCalendar.Tests.TaskListTests"},{"Key":{"Id":"TestCase.ManagedMethod","Label":"ManagedMethod","Category":"","Description":"","Attributes":1,"ValueType":"System.String"},"Value":"TestSaveLoadData_WhenPathInvalid_Fails"},{"Key":{"Id":"MSTestDiscoverer.TestClassName","Label":"ClassName","Category":"","Description":"","Attributes":1,"ValueType":"System.String"},"Value":"TaskTrackingCalendar.Tests.TaskListTests"},{"Key":{"Id":"TestCase.Hierarchy","Label":"Hierarchy","Category":"","Description":"","Attributes":2,"ValueType":"System.String[]"},"Value":["TaskTrackingCalendar.Tests","TaskListTests"]},{"Key":{"Id":"TestObject.Traits","Label":"Traits","Category":"","Description":"","Attributes":5,"ValueType":"System.Collections.Generic.KeyValuePair`2[[System.String],[System.String]][]"},"Value":[]}]},"Attachments":[],"Outcome":1,"ErrorMessage":null,"ErrorStackTrace":null,"DisplayName":"TestSaveLoadData_WhenPathInvalid_Fails","Messages":[],"ComputerName":null,"Duration":"00:00:00.0015453","StartTime":"2021-10-22T15:10:19.6127998-04:00","EndTime":"2021-10-22T15:10:19.6146438-04:00","Properties":[{"Key":{"Id":"ExecutionId","Label":"ExecutionId","Category":"","Description":"","Attributes":1,"ValueType":"System.Guid"},"Value":"00000000-0000-0000-0000-000000000000"},{"Key":{"Id":"ParentExecId","Label":"ParentExecId","Category":"","Description":"","Attributes":1,"ValueType":"System.Guid"},"Value":"00000000-0000-0000-0000-000000000000"},{"Key":{"Id":"InnerResultsCount","Label":"InnerResultsCount","Category":"","Description":"","Attributes":1,"ValueType":"System.Int32"},"Value":0}]}],"TestRunStatistics":{"ExecutedTests":12,"Stats":{"Passed":11,"Failed":1}},"ActiveTests":[]},"RunAttachments":[],"ExecutorUris":["executor://mstestadapter/v2"]}}
TpTrace Verbose: 0 : 30172, 14, 2021/10/22, 15:10:19.638, 7899886489657, vstest.console.dll, TestRequestSender.EndSession: Sending end session.
TpTrace Verbose: 0 : 30172, 14, 2021/10/22, 15:10:19.638, 7899886491078, vstest.console.dll, ProxyOperationManager.Close: waiting for test host to exit for 100 ms
TpTrace Warning: 0 : 30172, 12, 2021/10/22, 15:10:19.661, 7899886717020, vstest.console.dll, TestHostManagerCallbacks.ErrorReceivedCallback Test host standard error line: 
TpTrace Verbose: 0 : 30172, 7, 2021/10/22, 15:10:19.665, 7899886754081, vstest.console.dll, TestHostProvider.ExitCallBack: Host exited starting callback.
TpTrace Information: 0 : 30172, 7, 2021/10/22, 15:10:19.665, 7899886757497, vstest.console.dll, TestHostManagerCallbacks.ExitCallBack: Testhost processId: 23020 exited with exitcode: 0 error: ''
TpTrace Verbose: 0 : 30172, 7, 2021/10/22, 15:10:19.665, 7899886757996, vstest.console.dll, DotnetTestHostManager.OnHostExited: invoking OnHostExited callback
TpTrace Verbose: 0 : 30172, 7, 2021/10/22, 15:10:19.665, 7899886758460, vstest.console.dll, CrossPlatEngine.TestHostManagerHostExited: calling on client process exit callback.
TpTrace Information: 0 : 30172, 7, 2021/10/22, 15:10:19.665, 7899886758906, vstest.console.dll, TestRequestSender.OnClientProcessExit: Test host process exited. Standard error: 
TpTrace Information: 0 : 30172, 7, 2021/10/22, 15:10:19.665, 7899886759305, vstest.console.dll, SocketServer.Stop: Stop server endPoint: 127.0.0.1:59498
TpTrace Information: 0 : 30172, 7, 2021/10/22, 15:10:19.665, 7899886759581, vstest.console.dll, SocketServer.Stop: Cancellation requested. Stopping message loop.
TpTrace Warning: 0 : 30172, 14, 2021/10/22, 15:10:19.665, 7899886759308, vstest.console.dll, ProxyOperationManager: Timed out waiting for test host to exit. Will terminate process.
TpTrace Verbose: 0 : 30172, 14, 2021/10/22, 15:10:19.666, 7899886765563, vstest.console.dll, ProxyDataCollectionManager.InvokeDataCollectionServiceAction: Starting.
TpTrace Information: 0 : 30172, 14, 2021/10/22, 15:10:19.666, 7899886765994, vstest.console.dll, ProxyDataCollectionManager.AfterTestRunEnd: Get attachment set for datacollector processId: 17676 port: 59495
TpTrace Verbose: 0 : 30172, 14, 2021/10/22, 15:10:19.666, 7899886766389, vstest.console.dll, DataCollectionRequestSender.SendAfterTestRunStartAndGetResult : Send AfterTestRunEnd message with isCancelled: False
TpTrace Verbose: 0 : 30172, 14, 2021/10/22, 15:10:19.669, 7899886793854, vstest.console.dll, DataCollectionRequestSender.SendAfterTestRunStartAndGetResult : Received message: (DataCollection.AfterTestRunEndResult) -> {
  "AttachmentSets": [],
  "Metrics": {}
}
TpTrace Information: 0 : 30172, 14, 2021/10/22, 15:10:19.670, 7899886810216, vstest.console.dll, ProxyDataCollectionManager.InvokeDataCollectionServiceAction: Completed.
TpTrace Warning: 0 : 30172, 9, 2021/10/22, 15:10:19.675, 7899886852201, vstest.console.dll, DataCollectionLauncher.ErrorReceivedCallback datacollector standard error line: 
TpTrace Information: 0 : 30172, 7, 2021/10/22, 15:10:19.678, 7899886891319, vstest.console.dll, DataCollectionLauncher.ExitCallBack: Data collector exited with exitcode: 0 error: ''
TpTrace Verbose: 0 : 30172, 14, 2021/10/22, 15:10:19.694, 7899887046299, vstest.console.dll, TestRunRequest:SendTestRunStatsChange: Starting.
TpTrace Information: 0 : 30172, 14, 2021/10/22, 15:10:19.694, 7899887047381, vstest.console.dll, TestRunRequest:SendTestRunStatsChange: Completed.
TpTrace Verbose: 0 : 30172, 14, 2021/10/22, 15:10:19.694, 7899887048788, vstest.console.dll, ParallelProxyExecutionManager: HandlePartialRunComplete: Total completed clients = 1, Run complete = True, Run canceled: False.
TpTrace Verbose: 0 : 30172, 14, 2021/10/22, 15:10:19.711, 7899887215406, vstest.console.dll, TestRunRequest:TestRunComplete: Starting. IsAborted:False IsCanceled:False.
TpTrace Verbose: 0 : 30172, 14, 2021/10/22, 15:10:19.711, 7899887217017, vstest.console.dll, TestLoggerManager.HandleTestRunComplete: Ignoring as the object is disposed.
TpTrace Information: 0 : 30172, 14, 2021/10/22, 15:10:19.711, 7899887219287, vstest.console.dll, TestRunRequest:TestRunComplete: Completed.
TpTrace Verbose: 0 : 30172, 14, 2021/10/22, 15:10:19.711, 7899887219874, vstest.console.dll, TestRequestSender.SetOperationComplete: Setting operation complete.
TpTrace Verbose: 0 : 30172, 1, 2021/10/22, 15:10:19.711, 7899887219957, vstest.console.dll, TestRunRequest.Dispose: Starting.
TpTrace Information: 0 : 30172, 14, 2021/10/22, 15:10:19.711, 7899887220356, vstest.console.dll, SocketServer.Stop: Stop server endPoint: 127.0.0.1:59498
TpTrace Information: 0 : 30172, 1, 2021/10/22, 15:10:19.711, 7899887220962, vstest.console.dll, TestRunRequest.Dispose: Completed.
TpTrace Information: 0 : 30172, 14, 2021/10/22, 15:10:19.711, 7899887221462, vstest.console.dll, SocketServer.Stop: Cancellation requested. Stopping message loop.
TpTrace Information: 0 : 30172, 1, 2021/10/22, 15:10:19.712, 7899887221906, vstest.console.dll, TestRequestManager.RunTests: run tests completed.
TpTrace Information: 0 : 30172, 1, 2021/10/22, 15:10:19.712, 7899887222572, vstest.console.dll, RunTestsArgumentProcessor:Execute: Test run is completed.
TpTrace Information: 0 : 30172, 14, 2021/10/22, 15:10:19.712, 7899887222756, vstest.console.dll, SocketServer.PrivateStop: Stop server endPoint: 127.0.0.1:59498 error: 
TpTrace Verbose: 0 : 30172, 1, 2021/10/22, 15:10:19.712, 7899887223993, vstest.console.dll, Executor.Execute: Exiting with exit code of 1
