TpTrace Verbose: 0 : 11696, 1, 2021/10/22, 14:14:21.394, 6333327125842, testhost.dll, Version: 16.11.0
TpTrace Information: 0 : 11696, 1, 2021/10/22, 14:14:21.400, 6333327163146, testhost.dll, DefaultEngineInvoker.Invoke: Testhost process started with args :[--port, 58380],[--endpoint, 127.0.0.1:058380],[--role, client],[--parentprocessid, 11584],[--diag, C:\Users\vbess\source\repos\TaskTrackingCalendar\TaskListTests\bin\Debug\.netcoreapp,version=v5.0\fine-code-coverage\coverage-tool-output\diagnostics.host.21-10-22_14-14-21_29334_6.log],[--tracelevel, 4],[--datacollectionport, 58379],[--telemetryoptedin, false]
TpTrace Information: 0 : 11696, 1, 2021/10/22, 14:14:21.401, 6333327175081, testhost.dll, Setting up debug trace listener.
TpTrace Verbose: 0 : 11696, 1, 2021/10/22, 14:14:21.401, 6333327176401, testhost.dll, TestPlatformTraceListener.Setup: Replacing listener 0 with TestHostTraceListener.
TpTrace Verbose: 0 : 11696, 1, 2021/10/22, 14:14:21.401, 6333327176706, testhost.dll, TestPlatformTraceListener.Setup: Added test platform trace listener.
TpTrace Information: 0 : 11696, 1, 2021/10/22, 14:14:21.402, 6333327179727, testhost.dll, DefaultEngineInvoker.SetParentProcessExitCallback: Monitoring parent process with id: '11584'
TpTrace Information: 0 : 11696, 1, 2021/10/22, 14:14:21.406, 6333327219382, testhost.dll, DefaultEngineInvoker.GetConnectionInfo: Initialize communication on endpoint address: '127.0.0.1:058380'
TpTrace Information: 0 : 11696, 1, 2021/10/22, 14:14:21.414, 6333327301128, testhost.dll, SocketClient.Start: connecting to server endpoint: 127.0.0.1:058380
TpTrace Information: 0 : 11696, 1, 2021/10/22, 14:14:21.419, 6333327347721, testhost.dll, DefaultEngineInvoker.ConnectToDatacollector: Connecting to datacollector, port: 58379
TpTrace Information: 0 : 11696, 8, 2021/10/22, 14:14:21.419, 6333327353623, testhost.dll, SocketClient.OnServerConnected: connected to server endpoint: 127.0.0.1:058380
TpTrace Verbose: 0 : 11696, 8, 2021/10/22, 14:14:21.420, 6333327365007, testhost.dll, Connected to server, and starting MessageLoopAsync
TpTrace Information: 0 : 11696, 1, 2021/10/22, 14:14:21.421, 6333327368860, testhost.dll, Trying to connect to server on socket : 127.0.0.1:58379 
TpTrace Verbose: 0 : 11696, 1, 2021/10/22, 14:14:21.421, 6333327370807, testhost.dll, SocketCommunicationManager : SetupClientAsync : Attempting to connect to the server.
TpTrace Information: 0 : 11696, 10, 2021/10/22, 14:14:21.422, 6333327379145, testhost.dll, Connected to the server successfully 
TpTrace Information: 0 : 11696, 10, 2021/10/22, 14:14:21.422, 6333327379569, testhost.dll, Using the buffer size of 16384 bytes
TpTrace Verbose: 0 : 11696, 8, 2021/10/22, 14:14:21.422, 6333327381421, testhost.dll, TcpClientExtensions.MessageLoopAsync: Polling on remoteEndPoint: [::ffff:127.0.0.1]:58380 localEndPoint: [::ffff:127.0.0.1]:58381
TpTrace Information: 0 : 11696, 1, 2021/10/22, 14:14:21.422, 6333327382516, testhost.dll, DefaultEngineInvoker.Invoke: Start Request Processing.
TpTrace Verbose: 0 : 11696, 8, 2021/10/22, 14:14:21.422, 6333327383372, testhost.dll, TcpClientExtensions.MessageLoopAsync: NotifyDataAvailable remoteEndPoint: [::ffff:127.0.0.1]:58380 localEndPoint: [::ffff:127.0.0.1]:58381
TpTrace Information: 0 : 11696, 11, 2021/10/22, 14:14:21.423, 6333327387179, testhost.dll, DefaultEngineInvoker.StartProcessingAsync: Connected to vstest.console, Starting process requests.
TpTrace Information: 0 : 11696, 8, 2021/10/22, 14:14:21.503, 6333328187648, testhost.dll, TestRequestHandler.OnMessageReceived: received message: (ProtocolVersion) -> 5
TpTrace Verbose: 0 : 11696, 8, 2021/10/22, 14:14:21.521, 6333328371527, testhost.dll, TestRequestHandler.SendData:  sending data from testhost: {"Version":5,"MessageType":"TestSession.Message","Payload":{"MessageLevel":0,"Message":"Logging TestHost Diagnostics in file: C:\\Users\\vbess\\source\\repos\\TaskTrackingCalendar\\TaskListTests\\bin\\Debug\\.netcoreapp,version=v5.0\\fine-code-coverage\\coverage-tool-output\\diagnostics.host.21-10-22_14-14-21_29334_6.log"}}
TpTrace Verbose: 0 : 11696, 8, 2021/10/22, 14:14:21.521, 6333328372827, testhost.dll, TcpClientExtensions.MessageLoopAsync: Polling on remoteEndPoint: [::ffff:127.0.0.1]:58380 localEndPoint: [::ffff:127.0.0.1]:58381
TpTrace Verbose: 0 : 11696, 8, 2021/10/22, 14:14:21.521, 6333328373585, testhost.dll, TcpClientExtensions.MessageLoopAsync: NotifyDataAvailable remoteEndPoint: [::ffff:127.0.0.1]:58380 localEndPoint: [::ffff:127.0.0.1]:58381
TpTrace Information: 0 : 11696, 8, 2021/10/22, 14:14:21.524, 6333328398368, testhost.dll, TestRequestHandler.OnMessageReceived: received message: (TestExecution.Initialize) -> [
  "C:\\Users\\vbess\\source\\repos\\TaskTrackingCalendar\\TaskListTests\\bin\\Debug\\.netcoreapp,version=v5.0\\fine-code-coverage\\build-output\\Microsoft.VisualStudio.TestPlatform.MSTest.TestAdapter.dll"
]
TpTrace Verbose: 0 : 11696, 8, 2021/10/22, 14:14:21.528, 6333328442378, testhost.dll, TcpClientExtensions.MessageLoopAsync: Polling on remoteEndPoint: [::ffff:127.0.0.1]:58380 localEndPoint: [::ffff:127.0.0.1]:58381
TpTrace Verbose: 0 : 11696, 8, 2021/10/22, 14:14:21.528, 6333328442870, testhost.dll, TcpClientExtensions.MessageLoopAsync: NotifyDataAvailable remoteEndPoint: [::ffff:127.0.0.1]:58380 localEndPoint: [::ffff:127.0.0.1]:58381
TpTrace Information: 0 : 11696, 4, 2021/10/22, 14:14:21.528, 6333328445336, testhost.dll, TestRequestHandler.OnMessageReceived: Running job 'TestExecution.Initialize'.
TpTrace Verbose: 0 : 11696, 4, 2021/10/22, 14:14:21.530, 6333328458067, testhost.dll, TestExecutorService: Loading the extensions
TpTrace Information: 0 : 11696, 8, 2021/10/22, 14:14:21.530, 6333328461027, testhost.dll, TestRequestHandler.OnMessageReceived: received message: (TestExecution.StartWithSources) -> {
  "AdapterSourceMap": {
    "_none_": [
      "C:\\Users\\vbess\\source\\repos\\TaskTrackingCalendar\\TaskListTests\\bin\\Debug\\.netcoreapp,version=v5.0\\fine-code-coverage\\build-output\\TaskListTests.dll"
    ]
  },
  "RunSettings": "<RunSettings>\r\n  <RunConfiguration>\r\n    <ResultsDirectory>C:\\Users\\vbess\\source\\repos\\TaskTrackingCalendar\\TaskListTests\\bin\\Debug\\.netcoreapp,version=v5.0\\fine-code-coverage\\coverage-tool-output</ResultsDirectory>\r\n    <TargetPlatform>X64</TargetPlatform>\r\n    <TargetFrameworkVersion>.NETCoreApp,Version=v5.0</TargetFrameworkVersion>\r\n    <DesignMode>False</DesignMode>\r\n    <CollectSourceInformation>False</CollectSourceInformation>\r\n  </RunConfiguration>\r\n  <LoggerRunSettings>\r\n    <Loggers>\r\n      <Logger friendlyName=\"blame\" enabled=\"True\" />\r\n      <Logger friendlyName=\"Console\" uri=\"logger://microsoft/TestPlatform/ConsoleLogger/v1\" assemblyQualifiedName=\"Microsoft.VisualStudio.TestPlatform.CommandLine.Internal.ConsoleLogger, vstest.console, Version=15.0.0.0, Culture=neutral, PublicKeyToken=b03f5f7f11d50a3a\" codeBase=\"C:\\Program Files\\dotnet\\sdk\\5.0.401\\vstest.console.dll\" enabled=\"True\" />\r\n    </Loggers>\r\n  </LoggerRunSettings>\r\n  <DataCollectionRunSettings>\r\n    <DataCollectors>\r\n      <DataCollector friendlyName=\"blame\" enabled=\"True\">\r\n        <Configuration>\r\n          <ResultsDirectory>C:\\Users\\vbess\\source\\repos\\TaskTrackingCalendar\\TaskListTests\\bin\\Debug\\.netcoreapp,version=v5.0\\fine-code-coverage\\coverage-tool-output</ResultsDirectory>\r\n        </Configuration>\r\n      </DataCollector>\r\n    </DataCollectors>\r\n  </DataCollectionRunSettings>\r\n</RunSettings>",
  "TestExecutionContext": {
    "FrequencyOfRunStatsChangeEvent": 10,
    "RunStatsChangeEventTimeout": "00:00:01.5000000",
    "InIsolation": false,
    "KeepAlive": false,
    "AreTestCaseLevelEventsRequired": false,
    "IsDebug": false,
    "TestCaseFilter": null,
    "FilterOptions": null
  },
  "Package": null
}
TpTrace Verbose: 0 : 11696, 4, 2021/10/22, 14:14:21.531, 6333328469358, testhost.dll, TestPluginCache.DiscoverTestExtensions: finding test extensions in assemblies ends with: TestAdapter.dll TPluginInfo: Microsoft.VisualStudio.TestPlatform.Common.ExtensionFramework.Utilities.TestExecutorPluginInformation TExtension: Microsoft.VisualStudio.TestPlatform.ObjectModel.Adapter.ITestExecutor
TpTrace Verbose: 0 : 11696, 4, 2021/10/22, 14:14:21.531, 6333328476217, testhost.dll, TestPluginCache.GetExtensionPaths: Filtered extension paths: 
TpTrace Verbose: 0 : 11696, 4, 2021/10/22, 14:14:21.532, 6333328478563, testhost.dll, TestPluginCache.GetExtensionPaths: Added default extension paths: C:\Users\vbess\source\repos\TaskTrackingCalendar\TaskListTests\bin\Debug\.netcoreapp,version=v5.0\fine-code-coverage\build-output\Microsoft.VisualStudio.TestPlatform.MSTest.TestAdapter.dll
TpTrace Verbose: 0 : 11696, 4, 2021/10/22, 14:14:21.532, 6333328478903, testhost.dll, TestPluginCache.GetExtensionPaths: Added unfilterableExtensionPaths: 
TpTrace Information: 0 : 11696, 4, 2021/10/22, 14:14:21.533, 6333328494218, testhost.dll, AssemblyResolver.ctor: Creating AssemblyResolver with searchDirectories C:\Users\vbess\source\repos\TaskTrackingCalendar\TaskListTests\bin\Debug\.netcoreapp,version=v5.0\fine-code-coverage\build-output
TpTrace Verbose: 0 : 11696, 4, 2021/10/22, 14:14:21.534, 6333328505256, testhost.dll, TestPluginCache.DiscoverTestExtensions: Discovering the extensions using extension path.
TpTrace Verbose: 0 : 11696, 4, 2021/10/22, 14:14:21.534, 6333328506001, testhost.dll, TestPluginCache.GetExtensionPaths: Filtered extension paths: 
TpTrace Verbose: 0 : 11696, 4, 2021/10/22, 14:14:21.534, 6333328506252, testhost.dll, TestPluginCache.GetExtensionPaths: Added default extension paths: C:\Users\vbess\source\repos\TaskTrackingCalendar\TaskListTests\bin\Debug\.netcoreapp,version=v5.0\fine-code-coverage\build-output\Microsoft.VisualStudio.TestPlatform.MSTest.TestAdapter.dll
TpTrace Verbose: 0 : 11696, 4, 2021/10/22, 14:14:21.534, 6333328506451, testhost.dll, TestPluginCache.GetExtensionPaths: Added unfilterableExtensionPaths: 
TpTrace Verbose: 0 : 11696, 4, 2021/10/22, 14:14:21.534, 6333328506818, testhost.dll, TestPluginCache.DiscoverTestExtensions: Discovering the extensions using allExtensionPaths: C:\Users\vbess\source\repos\TaskTrackingCalendar\TaskListTests\bin\Debug\.netcoreapp,version=v5.0\fine-code-coverage\build-output\Microsoft.VisualStudio.TestPlatform.MSTest.TestAdapter.dll
TpTrace Information: 0 : 11696, 4, 2021/10/22, 14:14:21.535, 6333328512480, testhost.dll, AssemblyResolver.AddSearchDirectories: Adding more searchDirectories C:\Users\vbess\source\repos\TaskTrackingCalendar\TaskListTests\bin\Debug\.netcoreapp,version=v5.0\fine-code-coverage\build-output
TpTrace Information: 0 : 11696, 4, 2021/10/22, 14:14:21.538, 6333328542049, testhost.dll, AssemblyResolver.OnResolve: Microsoft.VisualStudio.TestPlatform.MSTest.TestAdapter: Resolving assembly.
TpTrace Information: 0 : 11696, 4, 2021/10/22, 14:14:21.538, 6333328542530, testhost.dll, AssemblyResolver.OnResolve: Microsoft.VisualStudio.TestPlatform.MSTest.TestAdapter: Searching in: 'C:\Users\vbess\source\repos\TaskTrackingCalendar\TaskListTests\bin\Debug\.netcoreapp,version=v5.0\fine-code-coverage\build-output'.
TpTrace Information: 0 : 11696, 4, 2021/10/22, 14:14:21.539, 6333328549446, testhost.dll, AssemblyResolver.OnResolve: Microsoft.VisualStudio.TestPlatform.MSTest.TestAdapter: Loading assembly 'C:\Users\vbess\source\repos\TaskTrackingCalendar\TaskListTests\bin\Debug\.netcoreapp,version=v5.0\fine-code-coverage\build-output\Microsoft.VisualStudio.TestPlatform.MSTest.TestAdapter.dll'.
TpTrace Information: 0 : 11696, 4, 2021/10/22, 14:14:21.539, 6333328553987, testhost.dll, AssemblyResolver.OnResolve: Resolved assembly: Microsoft.VisualStudio.TestPlatform.MSTest.TestAdapter, from path: C:\Users\vbess\source\repos\TaskTrackingCalendar\TaskListTests\bin\Debug\.netcoreapp,version=v5.0\fine-code-coverage\build-output\Microsoft.VisualStudio.TestPlatform.MSTest.TestAdapter.dll
TpTrace Verbose: 0 : 11696, 4, 2021/10/22, 14:14:21.543, 6333328593571, testhost.dll, TestPluginCache: Discovered the extensions using extension path ''.
TpTrace Verbose: 0 : 11696, 4, 2021/10/22, 14:14:21.543, 6333328596409, testhost.dll, TestPluginCache: Discoverers are ''.
TpTrace Verbose: 0 : 11696, 4, 2021/10/22, 14:14:21.544, 6333328596897, testhost.dll, TestPluginCache: Executors are 'executor://MSTestAdapter/v2'.
TpTrace Verbose: 0 : 11696, 4, 2021/10/22, 14:14:21.544, 6333328597353, testhost.dll, TestPluginCache: Executors2 are ''.
TpTrace Verbose: 0 : 11696, 4, 2021/10/22, 14:14:21.544, 6333328597766, testhost.dll, TestPluginCache: Setting providers are ''.
TpTrace Verbose: 0 : 11696, 4, 2021/10/22, 14:14:21.544, 6333328598203, testhost.dll, TestPluginCache: Loggers are ''.
TpTrace Verbose: 0 : 11696, 4, 2021/10/22, 14:14:21.545, 6333328616583, testhost.dll, TestPluginCache.DiscoverTestExtensions: finding test extensions in assemblies ends with: TestAdapter.dll TPluginInfo: Microsoft.VisualStudio.TestPlatform.Common.ExtensionFramework.Utilities.TestExecutorPluginInformation2 TExtension: Microsoft.VisualStudio.TestPlatform.ObjectModel.Adapter.ITestExecutor2
TpTrace Verbose: 0 : 11696, 8, 2021/10/22, 14:14:21.546, 6333328617983, testhost.dll, TcpClientExtensions.MessageLoopAsync: Polling on remoteEndPoint: [::ffff:127.0.0.1]:58380 localEndPoint: [::ffff:127.0.0.1]:58381
TpTrace Verbose: 0 : 11696, 4, 2021/10/22, 14:14:21.546, 6333328618180, testhost.dll, TestPluginCache.GetExtensionPaths: Filtered extension paths: 
TpTrace Verbose: 0 : 11696, 4, 2021/10/22, 14:14:21.546, 6333328618651, testhost.dll, TestPluginCache.GetExtensionPaths: Added default extension paths: C:\Users\vbess\source\repos\TaskTrackingCalendar\TaskListTests\bin\Debug\.netcoreapp,version=v5.0\fine-code-coverage\build-output\Microsoft.VisualStudio.TestPlatform.MSTest.TestAdapter.dll
TpTrace Verbose: 0 : 11696, 4, 2021/10/22, 14:14:21.546, 6333328618868, testhost.dll, TestPluginCache.GetExtensionPaths: Added unfilterableExtensionPaths: 
TpTrace Information: 0 : 11696, 4, 2021/10/22, 14:14:21.546, 6333328620010, testhost.dll, AssemblyResolver.AddSearchDirectories: Adding more searchDirectories C:\Users\vbess\source\repos\TaskTrackingCalendar\TaskListTests\bin\Debug\.netcoreapp,version=v5.0\fine-code-coverage\build-output
TpTrace Verbose: 0 : 11696, 4, 2021/10/22, 14:14:21.546, 6333328620343, testhost.dll, TestPluginCache.DiscoverTestExtensions: Discovering the extensions using extension path.
TpTrace Verbose: 0 : 11696, 4, 2021/10/22, 14:14:21.546, 6333328620541, testhost.dll, TestPluginCache.GetExtensionPaths: Filtered extension paths: 
TpTrace Verbose: 0 : 11696, 4, 2021/10/22, 14:14:21.546, 6333328620712, testhost.dll, TestPluginCache.GetExtensionPaths: Added default extension paths: C:\Users\vbess\source\repos\TaskTrackingCalendar\TaskListTests\bin\Debug\.netcoreapp,version=v5.0\fine-code-coverage\build-output\Microsoft.VisualStudio.TestPlatform.MSTest.TestAdapter.dll
TpTrace Verbose: 0 : 11696, 4, 2021/10/22, 14:14:21.546, 6333328620882, testhost.dll, TestPluginCache.GetExtensionPaths: Added unfilterableExtensionPaths: 
TpTrace Verbose: 0 : 11696, 4, 2021/10/22, 14:14:21.546, 6333328621066, testhost.dll, TestPluginCache.DiscoverTestExtensions: Discovering the extensions using allExtensionPaths: C:\Users\vbess\source\repos\TaskTrackingCalendar\TaskListTests\bin\Debug\.netcoreapp,version=v5.0\fine-code-coverage\build-output\Microsoft.VisualStudio.TestPlatform.MSTest.TestAdapter.dll
TpTrace Information: 0 : 11696, 4, 2021/10/22, 14:14:21.546, 6333328621383, testhost.dll, AssemblyResolver.AddSearchDirectories: Adding more searchDirectories C:\Users\vbess\source\repos\TaskTrackingCalendar\TaskListTests\bin\Debug\.netcoreapp,version=v5.0\fine-code-coverage\build-output
TpTrace Verbose: 0 : 11696, 4, 2021/10/22, 14:14:21.546, 6333328622726, testhost.dll, TestPluginCache: Discovered the extensions using extension path ''.
TpTrace Verbose: 0 : 11696, 4, 2021/10/22, 14:14:21.546, 6333328622989, testhost.dll, TestPluginCache: Discoverers are ''.
TpTrace Verbose: 0 : 11696, 4, 2021/10/22, 14:14:21.546, 6333328623258, testhost.dll, TestPluginCache: Executors are 'executor://MSTestAdapter/v2'.
TpTrace Verbose: 0 : 11696, 4, 2021/10/22, 14:14:21.546, 6333328623619, testhost.dll, TestPluginCache: Executors2 are ''.
TpTrace Verbose: 0 : 11696, 4, 2021/10/22, 14:14:21.546, 6333328624187, testhost.dll, TestPluginCache: Setting providers are ''.
TpTrace Verbose: 0 : 11696, 4, 2021/10/22, 14:14:21.546, 6333328624403, testhost.dll, TestPluginCache: Loggers are ''.
TpTrace Information: 0 : 11696, 4, 2021/10/22, 14:14:21.550, 6333328657058, testhost.dll, TestPluginManager.CreateTestExtension: Attempting to load test extension: Microsoft.VisualStudio.TestPlatform.MSTest.TestAdapter.MSTestExecutor
TpTrace Verbose: 0 : 11696, 4, 2021/10/22, 14:14:21.555, 6333328708138, testhost.dll, TestExecutorExtensionManager: Loading executor Microsoft.VisualStudio.TestPlatform.MSTest.TestAdapter.MSTestExecutor
TpTrace Verbose: 0 : 11696, 4, 2021/10/22, 14:14:21.555, 6333328708788, testhost.dll, TestExecutorService: Loaded the executors
TpTrace Verbose: 0 : 11696, 4, 2021/10/22, 14:14:21.555, 6333328714525, testhost.dll, TestPluginCache.DiscoverTestExtensions: finding test extensions in assemblies ends with: TestAdapter.dll TPluginInfo: Microsoft.VisualStudio.TestPlatform.Common.ExtensionFramework.Utilities.TestSettingsProviderPluginInformation TExtension: Microsoft.VisualStudio.TestPlatform.ObjectModel.Adapter.ISettingsProvider
TpTrace Verbose: 0 : 11696, 4, 2021/10/22, 14:14:21.555, 6333328715156, testhost.dll, TestPluginCache.GetExtensionPaths: Filtered extension paths: 
TpTrace Verbose: 0 : 11696, 4, 2021/10/22, 14:14:21.555, 6333328715431, testhost.dll, TestPluginCache.GetExtensionPaths: Added default extension paths: C:\Users\vbess\source\repos\TaskTrackingCalendar\TaskListTests\bin\Debug\.netcoreapp,version=v5.0\fine-code-coverage\build-output\Microsoft.VisualStudio.TestPlatform.MSTest.TestAdapter.dll
TpTrace Verbose: 0 : 11696, 4, 2021/10/22, 14:14:21.555, 6333328715620, testhost.dll, TestPluginCache.GetExtensionPaths: Added unfilterableExtensionPaths: 
TpTrace Information: 0 : 11696, 4, 2021/10/22, 14:14:21.555, 6333328716712, testhost.dll, AssemblyResolver.AddSearchDirectories: Adding more searchDirectories C:\Users\vbess\source\repos\TaskTrackingCalendar\TaskListTests\bin\Debug\.netcoreapp,version=v5.0\fine-code-coverage\build-output
TpTrace Verbose: 0 : 11696, 4, 2021/10/22, 14:14:21.556, 6333328716996, testhost.dll, TestPluginCache.DiscoverTestExtensions: Discovering the extensions using extension path.
TpTrace Verbose: 0 : 11696, 4, 2021/10/22, 14:14:21.556, 6333328717193, testhost.dll, TestPluginCache.GetExtensionPaths: Filtered extension paths: 
TpTrace Verbose: 0 : 11696, 4, 2021/10/22, 14:14:21.556, 6333328717394, testhost.dll, TestPluginCache.GetExtensionPaths: Added default extension paths: C:\Users\vbess\source\repos\TaskTrackingCalendar\TaskListTests\bin\Debug\.netcoreapp,version=v5.0\fine-code-coverage\build-output\Microsoft.VisualStudio.TestPlatform.MSTest.TestAdapter.dll
TpTrace Verbose: 0 : 11696, 4, 2021/10/22, 14:14:21.556, 6333328717574, testhost.dll, TestPluginCache.GetExtensionPaths: Added unfilterableExtensionPaths: 
TpTrace Verbose: 0 : 11696, 4, 2021/10/22, 14:14:21.556, 6333328717758, testhost.dll, TestPluginCache.DiscoverTestExtensions: Discovering the extensions using allExtensionPaths: C:\Users\vbess\source\repos\TaskTrackingCalendar\TaskListTests\bin\Debug\.netcoreapp,version=v5.0\fine-code-coverage\build-output\Microsoft.VisualStudio.TestPlatform.MSTest.TestAdapter.dll
TpTrace Information: 0 : 11696, 4, 2021/10/22, 14:14:21.556, 6333328718017, testhost.dll, AssemblyResolver.AddSearchDirectories: Adding more searchDirectories C:\Users\vbess\source\repos\TaskTrackingCalendar\TaskListTests\bin\Debug\.netcoreapp,version=v5.0\fine-code-coverage\build-output
TpTrace Verbose: 0 : 11696, 4, 2021/10/22, 14:14:21.556, 6333328719448, testhost.dll, TestPluginCache: Discovered the extensions using extension path ''.
TpTrace Verbose: 0 : 11696, 4, 2021/10/22, 14:14:21.556, 6333328719708, testhost.dll, TestPluginCache: Discoverers are ''.
TpTrace Verbose: 0 : 11696, 4, 2021/10/22, 14:14:21.556, 6333328719896, testhost.dll, TestPluginCache: Executors are 'executor://MSTestAdapter/v2'.
TpTrace Verbose: 0 : 11696, 4, 2021/10/22, 14:14:21.556, 6333328720071, testhost.dll, TestPluginCache: Executors2 are ''.
TpTrace Verbose: 0 : 11696, 4, 2021/10/22, 14:14:21.556, 6333328720677, testhost.dll, TestPluginCache: Setting providers are ''.
TpTrace Verbose: 0 : 11696, 4, 2021/10/22, 14:14:21.556, 6333328720960, testhost.dll, TestPluginCache: Loggers are ''.
TpTrace Verbose: 0 : 11696, 4, 2021/10/22, 14:14:21.556, 6333328726816, testhost.dll, TestExecutorService: Loaded the settings providers
TpTrace Information: 0 : 11696, 4, 2021/10/22, 14:14:21.557, 6333328727147, testhost.dll, TestExecutorService: Loaded the extensions
TpTrace Information: 0 : 11696, 4, 2021/10/22, 14:14:21.557, 6333328730513, testhost.dll, TestRequestHandler.OnMessageReceived: Running job 'TestExecution.StartWithSources'.
TpTrace Information: 0 : 11696, 4, 2021/10/22, 14:14:21.605, 6333329207754, testhost.dll, TestDiscoveryManager: Discovering tests from sources C:\Users\vbess\source\repos\TaskTrackingCalendar\TaskListTests\bin\Debug\.netcoreapp,version=v5.0\fine-code-coverage\build-output\TaskListTests.dll
TpTrace Verbose: 0 : 11696, 4, 2021/10/22, 14:14:21.606, 6333329221217, testhost.dll, TestPluginCache.DiscoverTestExtensions: finding test extensions in assemblies ends with: TestAdapter.dll TPluginInfo: Microsoft.VisualStudio.TestPlatform.Common.ExtensionFramework.Utilities.TestDiscovererPluginInformation TExtension: Microsoft.VisualStudio.TestPlatform.ObjectModel.Adapter.ITestDiscoverer
TpTrace Verbose: 0 : 11696, 4, 2021/10/22, 14:14:21.606, 6333329221911, testhost.dll, TestPluginCache.GetExtensionPaths: Filtered extension paths: 
TpTrace Verbose: 0 : 11696, 4, 2021/10/22, 14:14:21.606, 6333329222183, testhost.dll, TestPluginCache.GetExtensionPaths: Added default extension paths: C:\Users\vbess\source\repos\TaskTrackingCalendar\TaskListTests\bin\Debug\.netcoreapp,version=v5.0\fine-code-coverage\build-output\Microsoft.VisualStudio.TestPlatform.MSTest.TestAdapter.dll
TpTrace Verbose: 0 : 11696, 4, 2021/10/22, 14:14:21.606, 6333329222413, testhost.dll, TestPluginCache.GetExtensionPaths: Added unfilterableExtensionPaths: 
TpTrace Information: 0 : 11696, 4, 2021/10/22, 14:14:21.606, 6333329223257, testhost.dll, AssemblyResolver.AddSearchDirectories: Adding more searchDirectories C:\Users\vbess\source\repos\TaskTrackingCalendar\TaskListTests\bin\Debug\.netcoreapp,version=v5.0\fine-code-coverage\build-output
TpTrace Verbose: 0 : 11696, 4, 2021/10/22, 14:14:21.606, 6333329223535, testhost.dll, TestPluginCache.DiscoverTestExtensions: Discovering the extensions using extension path.
TpTrace Verbose: 0 : 11696, 4, 2021/10/22, 14:14:21.606, 6333329223793, testhost.dll, TestPluginCache.GetExtensionPaths: Filtered extension paths: 
TpTrace Verbose: 0 : 11696, 4, 2021/10/22, 14:14:21.606, 6333329223966, testhost.dll, TestPluginCache.GetExtensionPaths: Added default extension paths: C:\Users\vbess\source\repos\TaskTrackingCalendar\TaskListTests\bin\Debug\.netcoreapp,version=v5.0\fine-code-coverage\build-output\Microsoft.VisualStudio.TestPlatform.MSTest.TestAdapter.dll
TpTrace Verbose: 0 : 11696, 4, 2021/10/22, 14:14:21.606, 6333329224140, testhost.dll, TestPluginCache.GetExtensionPaths: Added unfilterableExtensionPaths: 
TpTrace Verbose: 0 : 11696, 4, 2021/10/22, 14:14:21.606, 6333329224322, testhost.dll, TestPluginCache.DiscoverTestExtensions: Discovering the extensions using allExtensionPaths: C:\Users\vbess\source\repos\TaskTrackingCalendar\TaskListTests\bin\Debug\.netcoreapp,version=v5.0\fine-code-coverage\build-output\Microsoft.VisualStudio.TestPlatform.MSTest.TestAdapter.dll
TpTrace Information: 0 : 11696, 4, 2021/10/22, 14:14:21.606, 6333329224608, testhost.dll, AssemblyResolver.AddSearchDirectories: Adding more searchDirectories C:\Users\vbess\source\repos\TaskTrackingCalendar\TaskListTests\bin\Debug\.netcoreapp,version=v5.0\fine-code-coverage\build-output
TpTrace Verbose: 0 : 11696, 4, 2021/10/22, 14:14:21.608, 6333329238986, testhost.dll, TestPluginCache: Discovered the extensions using extension path ''.
TpTrace Verbose: 0 : 11696, 4, 2021/10/22, 14:14:21.608, 6333329239445, testhost.dll, TestPluginCache: Discoverers are 'Microsoft.VisualStudio.TestPlatform.MSTest.TestAdapter.MSTestDiscoverer, Microsoft.VisualStudio.TestPlatform.MSTest.TestAdapter, Version=14.0.0.0, Culture=neutral, PublicKeyToken=b03f5f7f11d50a3a'.
TpTrace Verbose: 0 : 11696, 4, 2021/10/22, 14:14:21.608, 6333329240063, testhost.dll, TestPluginCache: Executors are 'executor://MSTestAdapter/v2'.
TpTrace Verbose: 0 : 11696, 4, 2021/10/22, 14:14:21.608, 6333329240307, testhost.dll, TestPluginCache: Executors2 are ''.
TpTrace Verbose: 0 : 11696, 4, 2021/10/22, 14:14:21.608, 6333329240486, testhost.dll, TestPluginCache: Setting providers are ''.
TpTrace Verbose: 0 : 11696, 4, 2021/10/22, 14:14:21.608, 6333329240647, testhost.dll, TestPluginCache: Loggers are ''.
TpTrace Verbose: 0 : 11696, 4, 2021/10/22, 14:14:21.612, 6333329279075, testhost.dll, BaseRunTests.RunTestInternalWithExecutors: Running tests for executor://MSTestAdapter/v2
TpTrace Information: 0 : 11696, 4, 2021/10/22, 14:14:21.612, 6333329281986, testhost.dll, AssemblyResolver.OnResolve: Microsoft.VisualStudio.TestPlatform.MSTestAdapter.PlatformServices.Interface: Resolving assembly.
TpTrace Information: 0 : 11696, 4, 2021/10/22, 14:14:21.612, 6333329282439, testhost.dll, AssemblyResolver.OnResolve: Microsoft.VisualStudio.TestPlatform.MSTestAdapter.PlatformServices.Interface: Searching in: 'C:\Users\vbess\source\repos\TaskTrackingCalendar\TaskListTests\bin\Debug\.netcoreapp,version=v5.0\fine-code-coverage\build-output'.
TpTrace Information: 0 : 11696, 4, 2021/10/22, 14:14:21.612, 6333329284275, testhost.dll, AssemblyResolver.OnResolve: Microsoft.VisualStudio.TestPlatform.MSTestAdapter.PlatformServices.Interface: Loading assembly 'C:\Users\vbess\source\repos\TaskTrackingCalendar\TaskListTests\bin\Debug\.netcoreapp,version=v5.0\fine-code-coverage\build-output\Microsoft.VisualStudio.TestPlatform.MSTestAdapter.PlatformServices.Interface.dll'.
TpTrace Information: 0 : 11696, 4, 2021/10/22, 14:14:21.612, 6333329286676, testhost.dll, AssemblyResolver.OnResolve: Resolved assembly: Microsoft.VisualStudio.TestPlatform.MSTestAdapter.PlatformServices.Interface, from path: C:\Users\vbess\source\repos\TaskTrackingCalendar\TaskListTests\bin\Debug\.netcoreapp,version=v5.0\fine-code-coverage\build-output\Microsoft.VisualStudio.TestPlatform.MSTestAdapter.PlatformServices.Interface.dll
TpTrace Information: 0 : 11696, 4, 2021/10/22, 14:14:21.613, 6333329292920, testhost.dll, AssemblyResolver.OnResolve: Microsoft.VisualStudio.TestPlatform.MSTestAdapter.PlatformServices: Resolving assembly.
TpTrace Information: 0 : 11696, 4, 2021/10/22, 14:14:21.613, 6333329293343, testhost.dll, AssemblyResolver.OnResolve: Microsoft.VisualStudio.TestPlatform.MSTestAdapter.PlatformServices: Searching in: 'C:\Users\vbess\source\repos\TaskTrackingCalendar\TaskListTests\bin\Debug\.netcoreapp,version=v5.0\fine-code-coverage\build-output'.
TpTrace Information: 0 : 11696, 4, 2021/10/22, 14:14:21.613, 6333329294794, testhost.dll, AssemblyResolver.OnResolve: Microsoft.VisualStudio.TestPlatform.MSTestAdapter.PlatformServices: Loading assembly 'C:\Users\vbess\source\repos\TaskTrackingCalendar\TaskListTests\bin\Debug\.netcoreapp,version=v5.0\fine-code-coverage\build-output\Microsoft.VisualStudio.TestPlatform.MSTestAdapter.PlatformServices.dll'.
TpTrace Information: 0 : 11696, 4, 2021/10/22, 14:14:21.614, 6333329296994, testhost.dll, AssemblyResolver.OnResolve: Resolved assembly: Microsoft.VisualStudio.TestPlatform.MSTestAdapter.PlatformServices, from path: C:\Users\vbess\source\repos\TaskTrackingCalendar\TaskListTests\bin\Debug\.netcoreapp,version=v5.0\fine-code-coverage\build-output\Microsoft.VisualStudio.TestPlatform.MSTestAdapter.PlatformServices.dll
TpTrace Information: 0 : 11696, 4, 2021/10/22, 14:14:21.614, 6333329298951, testhost.dll, MSTest - MSTestExecutor.RunTests: Running tests from sources.
TpTrace Information: 0 : 11696, 4, 2021/10/22, 14:14:21.616, 6333329317026, testhost.dll, MSTest - CollectSourceInformation value Found : False 
TpTrace Information: 0 : 11696, 4, 2021/10/22, 14:14:21.630, 6333329459375, testhost.dll, MSTest - DictionaryHelper.ConcatWithOverwrites: The source is null or empty, returning the overwrite dictionary.
TpTrace Information: 0 : 11696, 4, 2021/10/22, 14:14:21.633, 6333329494556, testhost.dll, MSTest - DictionaryHelper.ConcatWithOverwrites: The source is null or empty, returning the overwrite dictionary.
TpTrace Information: 0 : 11696, 4, 2021/10/22, 14:14:21.637, 6333329530285, testhost.dll, AssemblyResolver.OnResolve: Microsoft.TestPlatform.AdapterUtilities: Resolving assembly.
TpTrace Information: 0 : 11696, 4, 2021/10/22, 14:14:21.637, 6333329530921, testhost.dll, AssemblyResolver.OnResolve: Microsoft.TestPlatform.AdapterUtilities: Searching in: 'C:\Users\vbess\source\repos\TaskTrackingCalendar\TaskListTests\bin\Debug\.netcoreapp,version=v5.0\fine-code-coverage\build-output'.
TpTrace Information: 0 : 11696, 4, 2021/10/22, 14:14:21.637, 6333329532600, testhost.dll, AssemblyResolver.OnResolve: Microsoft.TestPlatform.AdapterUtilities: Loading assembly 'C:\Users\vbess\source\repos\TaskTrackingCalendar\TaskListTests\bin\Debug\.netcoreapp,version=v5.0\fine-code-coverage\build-output\Microsoft.TestPlatform.AdapterUtilities.dll'.
TpTrace Information: 0 : 11696, 4, 2021/10/22, 14:14:21.637, 6333329534837, testhost.dll, AssemblyResolver.OnResolve: Resolved assembly: Microsoft.TestPlatform.AdapterUtilities, from path: C:\Users\vbess\source\repos\TaskTrackingCalendar\TaskListTests\bin\Debug\.netcoreapp,version=v5.0\fine-code-coverage\build-output\Microsoft.TestPlatform.AdapterUtilities.dll
TpTrace Information: 0 : 11696, 4, 2021/10/22, 14:14:21.656, 6333329722258, testhost.dll, MSTest - DictionaryHelper.ConcatWithOverwrites: The source is null or empty, returning the overwrite dictionary.
TpTrace Information: 0 : 11696, 4, 2021/10/22, 14:14:21.656, 6333329723756, testhost.dll, MSTest - MSTestDiscoverer: Found 31 tests from source C:\Users\vbess\source\repos\TaskTrackingCalendar\TaskListTests\bin\Debug\.netcoreapp,version=v5.0\fine-code-coverage\build-output\TaskListTests.dll
TpTrace Information: 0 : 11696, 4, 2021/10/22, 14:14:21.668, 6333329839637, testhost.dll, AssemblyResolver.OnResolve: Microsoft.VisualStudio.TestPlatform.MSTestAdapter.PlatformServices.resources: Resolving assembly.
TpTrace Information: 0 : 11696, 4, 2021/10/22, 14:14:21.668, 6333329840307, testhost.dll, AssemblyResolver.OnResolve: Microsoft.VisualStudio.TestPlatform.MSTestAdapter.PlatformServices.resources: Searching in: 'C:\Users\vbess\source\repos\TaskTrackingCalendar\TaskListTests\bin\Debug\.netcoreapp,version=v5.0\fine-code-coverage\build-output'.
TpTrace Information: 0 : 11696, 4, 2021/10/22, 14:14:21.668, 6333329840930, testhost.dll, AssemblyResolver.OnResolve: Microsoft.VisualStudio.TestPlatform.MSTestAdapter.PlatformServices.resources: Assembly path does not exist: 'C:\Users\vbess\source\repos\TaskTrackingCalendar\TaskListTests\bin\Debug\.netcoreapp,version=v5.0\fine-code-coverage\build-output\Microsoft.VisualStudio.TestPlatform.MSTestAdapter.PlatformServices.resources.dll', returning.
TpTrace Information: 0 : 11696, 4, 2021/10/22, 14:14:21.668, 6333329841410, testhost.dll, AssemblyResolver.OnResolve: Microsoft.VisualStudio.TestPlatform.MSTestAdapter.PlatformServices.resources: Assembly path does not exist: 'C:\Users\vbess\source\repos\TaskTrackingCalendar\TaskListTests\bin\Debug\.netcoreapp,version=v5.0\fine-code-coverage\build-output\Microsoft.VisualStudio.TestPlatform.MSTestAdapter.PlatformServices.resources.exe', returning.
TpTrace Information: 0 : 11696, 4, 2021/10/22, 14:14:21.668, 6333329841675, testhost.dll, AssemblyResolver.OnResolve: Microsoft.VisualStudio.TestPlatform.MSTestAdapter.PlatformServices.resources: Failed to load assembly.
TpTrace Information: 0 : 11696, 4, 2021/10/22, 14:14:21.668, 6333329843803, testhost.dll, AssemblyResolver.OnResolve: Microsoft.VisualStudio.TestPlatform.MSTestAdapter.PlatformServices.resources: Resolving assembly.
TpTrace Information: 0 : 11696, 4, 2021/10/22, 14:14:21.668, 6333329844167, testhost.dll, AssemblyResolver.OnResolve: Microsoft.VisualStudio.TestPlatform.MSTestAdapter.PlatformServices.resources: Resolved from cache.
TpTrace Information: 0 : 11696, 4, 2021/10/22, 14:14:21.674, 6333329906322, testhost.dll, MSTest - Created unit-test runner C:\Users\vbess\source\repos\TaskTrackingCalendar\TaskListTests\bin\Debug\.netcoreapp,version=v5.0\fine-code-coverage\build-output\TaskListTests.dll
TpTrace Verbose: 0 : 11696, 4, 2021/10/22, 14:14:21.677, 6333329936683, testhost.dll, TestExecutionRecorder.RecordStart: Starting test: TaskTrackingCalendar.Tests.TaskListTests.TestCreateClass_WhenDataValid_Succeeds.
TpTrace Information: 0 : 11696, 4, 2021/10/22, 14:14:21.719, 6333330352882, testhost.dll, MSTest - Executing test TestCreateClass_WhenDataValid_Succeeds
TpTrace Information: 0 : 11696, 4, 2021/10/22, 14:14:21.734, 6333330503812, testhost.dll, MSTest - Executed test TestCreateClass_WhenDataValid_Succeeds
TpTrace Verbose: 0 : 11696, 4, 2021/10/22, 14:14:21.737, 6333330530170, testhost.dll, TestExecutionRecorder.RecordEnd: test: TaskTrackingCalendar.Tests.TaskListTests.TestCreateClass_WhenDataValid_Succeeds execution completed.
TpTrace Verbose: 0 : 11696, 4, 2021/10/22, 14:14:21.749, 6333330653732, testhost.dll, TestExecutionRecorder.RecordResult: Received result for test: TaskTrackingCalendar.Tests.TaskListTests.TestCreateClass_WhenDataValid_Succeeds.
TpTrace Warning: 0 : 11696, 4, 2021/10/22, 14:14:21.752, 6333330685183, testhost.dll, TestRunCache: InProgressTests is null
TpTrace Warning: 0 : 11696, 4, 2021/10/22, 14:14:21.752, 6333330686167, testhost.dll, TestRunCache: No test found corresponding to testResult 'TestCreateClass_WhenDataValid_Succeeds' in inProgress list.
TpTrace Verbose: 0 : 11696, 4, 2021/10/22, 14:14:21.753, 6333330686883, testhost.dll, TestExecutionRecorder.RecordStart: Starting test: TaskTrackingCalendar.Tests.TaskListTests.TestCreateClass_WhenDataInvalid_Fails.
TpTrace Information: 0 : 11696, 4, 2021/10/22, 14:14:21.753, 6333330695560, testhost.dll, MSTest - Executing test TestCreateClass_WhenDataInvalid_Fails
TpTrace Information: 0 : 11696, 4, 2021/10/22, 14:14:21.754, 6333330698260, testhost.dll, MSTest - Executed test TestCreateClass_WhenDataInvalid_Fails
TpTrace Verbose: 0 : 11696, 4, 2021/10/22, 14:14:21.754, 6333330698644, testhost.dll, TestExecutionRecorder.RecordEnd: test: TaskTrackingCalendar.Tests.TaskListTests.TestCreateClass_WhenDataInvalid_Fails execution completed.
TpTrace Verbose: 0 : 11696, 4, 2021/10/22, 14:14:21.754, 6333330705814, testhost.dll, TestExecutionRecorder.RecordResult: Received result for test: TaskTrackingCalendar.Tests.TaskListTests.TestCreateClass_WhenDataInvalid_Fails.
TpTrace Warning: 0 : 11696, 4, 2021/10/22, 14:14:21.754, 6333330706235, testhost.dll, TestRunCache: InProgressTests is null
TpTrace Warning: 0 : 11696, 4, 2021/10/22, 14:14:21.754, 6333330706444, testhost.dll, TestRunCache: No test found corresponding to testResult 'TestCreateClass_WhenDataInvalid_Fails' in inProgress list.
TpTrace Verbose: 0 : 11696, 4, 2021/10/22, 14:14:21.754, 6333330706756, testhost.dll, TestExecutionRecorder.RecordStart: Starting test: TaskTrackingCalendar.Tests.TaskListTests.TestUpdateClass_WhenAllowed_Succeeds.
TpTrace Information: 0 : 11696, 4, 2021/10/22, 14:14:21.755, 6333330713178, testhost.dll, MSTest - Executing test TestUpdateClass_WhenAllowed_Succeeds
TpTrace Information: 0 : 11696, 4, 2021/10/22, 14:14:21.755, 6333330716108, testhost.dll, MSTest - Executed test TestUpdateClass_WhenAllowed_Succeeds
TpTrace Verbose: 0 : 11696, 4, 2021/10/22, 14:14:21.755, 6333330716459, testhost.dll, TestExecutionRecorder.RecordEnd: test: TaskTrackingCalendar.Tests.TaskListTests.TestUpdateClass_WhenAllowed_Succeeds execution completed.
TpTrace Verbose: 0 : 11696, 4, 2021/10/22, 14:14:21.756, 6333330723100, testhost.dll, TestExecutionRecorder.RecordResult: Received result for test: TaskTrackingCalendar.Tests.TaskListTests.TestUpdateClass_WhenAllowed_Succeeds.
TpTrace Warning: 0 : 11696, 4, 2021/10/22, 14:14:21.756, 6333330723475, testhost.dll, TestRunCache: InProgressTests is null
TpTrace Warning: 0 : 11696, 4, 2021/10/22, 14:14:21.756, 6333330723704, testhost.dll, TestRunCache: No test found corresponding to testResult 'TestUpdateClass_WhenAllowed_Succeeds' in inProgress list.
TpTrace Verbose: 0 : 11696, 4, 2021/10/22, 14:14:21.756, 6333330724029, testhost.dll, TestExecutionRecorder.RecordStart: Starting test: TaskTrackingCalendar.Tests.TaskListTests.TestUpdateClass_WhenNoClass_Fails.
TpTrace Information: 0 : 11696, 4, 2021/10/22, 14:14:21.757, 6333330734872, testhost.dll, MSTest - Executing test TestUpdateClass_WhenNoClass_Fails
TpTrace Information: 0 : 11696, 4, 2021/10/22, 14:14:21.757, 6333330736390, testhost.dll, MSTest - Executed test TestUpdateClass_WhenNoClass_Fails
TpTrace Verbose: 0 : 11696, 4, 2021/10/22, 14:14:21.757, 6333330736699, testhost.dll, TestExecutionRecorder.RecordEnd: test: TaskTrackingCalendar.Tests.TaskListTests.TestUpdateClass_WhenNoClass_Fails execution completed.
TpTrace Verbose: 0 : 11696, 4, 2021/10/22, 14:14:21.758, 6333330743666, testhost.dll, TestExecutionRecorder.RecordResult: Received result for test: TaskTrackingCalendar.Tests.TaskListTests.TestUpdateClass_WhenNoClass_Fails.
TpTrace Warning: 0 : 11696, 4, 2021/10/22, 14:14:21.758, 6333330744027, testhost.dll, TestRunCache: InProgressTests is null
TpTrace Warning: 0 : 11696, 4, 2021/10/22, 14:14:21.758, 6333330744222, testhost.dll, TestRunCache: No test found corresponding to testResult 'TestUpdateClass_WhenNoClass_Fails' in inProgress list.
TpTrace Verbose: 0 : 11696, 4, 2021/10/22, 14:14:21.758, 6333330744518, testhost.dll, TestExecutionRecorder.RecordStart: Starting test: TaskTrackingCalendar.Tests.TaskListTests.TestUpdateClass_WhenNameConflict_Fails.
TpTrace Information: 0 : 11696, 4, 2021/10/22, 14:14:21.759, 6333330751050, testhost.dll, MSTest - Executing test TestUpdateClass_WhenNameConflict_Fails
TpTrace Information: 0 : 11696, 4, 2021/10/22, 14:14:21.759, 6333330752683, testhost.dll, MSTest - Executed test TestUpdateClass_WhenNameConflict_Fails
TpTrace Verbose: 0 : 11696, 4, 2021/10/22, 14:14:21.759, 6333330752998, testhost.dll, TestExecutionRecorder.RecordEnd: test: TaskTrackingCalendar.Tests.TaskListTests.TestUpdateClass_WhenNameConflict_Fails execution completed.
TpTrace Verbose: 0 : 11696, 4, 2021/10/22, 14:14:21.760, 6333330759878, testhost.dll, TestExecutionRecorder.RecordResult: Received result for test: TaskTrackingCalendar.Tests.TaskListTests.TestUpdateClass_WhenNameConflict_Fails.
TpTrace Warning: 0 : 11696, 4, 2021/10/22, 14:14:21.760, 6333330760283, testhost.dll, TestRunCache: InProgressTests is null
TpTrace Warning: 0 : 11696, 4, 2021/10/22, 14:14:21.760, 6333330760627, testhost.dll, TestRunCache: No test found corresponding to testResult 'TestUpdateClass_WhenNameConflict_Fails' in inProgress list.
TpTrace Verbose: 0 : 11696, 4, 2021/10/22, 14:14:21.760, 6333330760938, testhost.dll, TestExecutionRecorder.RecordStart: Starting test: TaskTrackingCalendar.Tests.TaskListTests.TestDeleteClass_WhenClassExists_Succeeds.
TpTrace Information: 0 : 11696, 4, 2021/10/22, 14:14:21.761, 6333330767760, testhost.dll, MSTest - Executing test TestDeleteClass_WhenClassExists_Succeeds
TpTrace Information: 0 : 11696, 4, 2021/10/22, 14:14:21.761, 6333330770407, testhost.dll, MSTest - Executed test TestDeleteClass_WhenClassExists_Succeeds
TpTrace Verbose: 0 : 11696, 4, 2021/10/22, 14:14:21.761, 6333330770732, testhost.dll, TestExecutionRecorder.RecordEnd: test: TaskTrackingCalendar.Tests.TaskListTests.TestDeleteClass_WhenClassExists_Succeeds execution completed.
TpTrace Verbose: 0 : 11696, 4, 2021/10/22, 14:14:21.762, 6333330777462, testhost.dll, TestExecutionRecorder.RecordResult: Received result for test: TaskTrackingCalendar.Tests.TaskListTests.TestDeleteClass_WhenClassExists_Succeeds.
TpTrace Warning: 0 : 11696, 4, 2021/10/22, 14:14:21.762, 6333330777827, testhost.dll, TestRunCache: InProgressTests is null
TpTrace Warning: 0 : 11696, 4, 2021/10/22, 14:14:21.762, 6333330778025, testhost.dll, TestRunCache: No test found corresponding to testResult 'TestDeleteClass_WhenClassExists_Succeeds' in inProgress list.
TpTrace Verbose: 0 : 11696, 4, 2021/10/22, 14:14:21.762, 6333330778356, testhost.dll, TestExecutionRecorder.RecordStart: Starting test: TaskTrackingCalendar.Tests.TaskListTests.TestDeleteClass_WhenNoClass_Fails.
TpTrace Information: 0 : 11696, 4, 2021/10/22, 14:14:21.762, 6333330784760, testhost.dll, MSTest - Executing test TestDeleteClass_WhenNoClass_Fails
TpTrace Information: 0 : 11696, 4, 2021/10/22, 14:14:21.762, 6333330786259, testhost.dll, MSTest - Executed test TestDeleteClass_WhenNoClass_Fails
TpTrace Verbose: 0 : 11696, 4, 2021/10/22, 14:14:21.762, 6333330786568, testhost.dll, TestExecutionRecorder.RecordEnd: test: TaskTrackingCalendar.Tests.TaskListTests.TestDeleteClass_WhenNoClass_Fails execution completed.
TpTrace Verbose: 0 : 11696, 4, 2021/10/22, 14:14:21.763, 6333330793079, testhost.dll, TestExecutionRecorder.RecordResult: Received result for test: TaskTrackingCalendar.Tests.TaskListTests.TestDeleteClass_WhenNoClass_Fails.
TpTrace Warning: 0 : 11696, 4, 2021/10/22, 14:14:21.763, 6333330793436, testhost.dll, TestRunCache: InProgressTests is null
TpTrace Warning: 0 : 11696, 4, 2021/10/22, 14:14:21.763, 6333330793629, testhost.dll, TestRunCache: No test found corresponding to testResult 'TestDeleteClass_WhenNoClass_Fails' in inProgress list.
TpTrace Verbose: 0 : 11696, 4, 2021/10/22, 14:14:21.763, 6333330793921, testhost.dll, TestExecutionRecorder.RecordStart: Starting test: TaskTrackingCalendar.Tests.TaskListTests.TestCreateTask_WhenValid_Succeeds.
TpTrace Information: 0 : 11696, 4, 2021/10/22, 14:14:21.764, 6333330800341, testhost.dll, MSTest - Executing test TestCreateTask_WhenValid_Succeeds
TpTrace Information: 0 : 11696, 4, 2021/10/22, 14:14:21.765, 6333330807279, testhost.dll, MSTest - Executed test TestCreateTask_WhenValid_Succeeds
TpTrace Verbose: 0 : 11696, 4, 2021/10/22, 14:14:21.765, 6333330807656, testhost.dll, TestExecutionRecorder.RecordEnd: test: TaskTrackingCalendar.Tests.TaskListTests.TestCreateTask_WhenValid_Succeeds execution completed.
TpTrace Verbose: 0 : 11696, 4, 2021/10/22, 14:14:21.765, 6333330814564, testhost.dll, TestExecutionRecorder.RecordResult: Received result for test: TaskTrackingCalendar.Tests.TaskListTests.TestCreateTask_WhenValid_Succeeds.
TpTrace Warning: 0 : 11696, 4, 2021/10/22, 14:14:21.765, 6333330814985, testhost.dll, TestRunCache: InProgressTests is null
TpTrace Warning: 0 : 11696, 4, 2021/10/22, 14:14:21.765, 6333330815187, testhost.dll, TestRunCache: No test found corresponding to testResult 'TestCreateTask_WhenValid_Succeeds' in inProgress list.
TpTrace Verbose: 0 : 11696, 4, 2021/10/22, 14:14:21.765, 6333330815519, testhost.dll, TestExecutionRecorder.RecordStart: Starting test: TaskTrackingCalendar.Tests.TaskListTests.TestCreateTask_WhenInvalid_Fails.
TpTrace Information: 0 : 11696, 4, 2021/10/22, 14:14:21.766, 6333330822180, testhost.dll, MSTest - Executing test TestCreateTask_WhenInvalid_Fails
TpTrace Information: 0 : 11696, 4, 2021/10/22, 14:14:21.766, 6333330825699, testhost.dll, MSTest - Executed test TestCreateTask_WhenInvalid_Fails
TpTrace Verbose: 0 : 11696, 4, 2021/10/22, 14:14:21.766, 6333330826064, testhost.dll, TestExecutionRecorder.RecordEnd: test: TaskTrackingCalendar.Tests.TaskListTests.TestCreateTask_WhenInvalid_Fails execution completed.
TpTrace Verbose: 0 : 11696, 4, 2021/10/22, 14:14:21.767, 6333330832890, testhost.dll, TestExecutionRecorder.RecordResult: Received result for test: TaskTrackingCalendar.Tests.TaskListTests.TestCreateTask_WhenInvalid_Fails.
TpTrace Warning: 0 : 11696, 4, 2021/10/22, 14:14:21.767, 6333330833285, testhost.dll, TestRunCache: InProgressTests is null
TpTrace Warning: 0 : 11696, 4, 2021/10/22, 14:14:21.767, 6333330833485, testhost.dll, TestRunCache: No test found corresponding to testResult 'TestCreateTask_WhenInvalid_Fails' in inProgress list.
TpTrace Verbose: 0 : 11696, 4, 2021/10/22, 14:14:21.767, 6333330833802, testhost.dll, TestExecutionRecorder.RecordStart: Starting test: TaskTrackingCalendar.Tests.TaskListTests.TestUpdateTask_WhenValid_Succeeds.
TpTrace Information: 0 : 11696, 4, 2021/10/22, 14:14:21.768, 6333330844110, testhost.dll, Sending test run statistics
TpTrace Verbose: 0 : 11696, 4, 2021/10/22, 14:14:21.787, 6333331028239, testhost.dll, TestRequestHandler.SendData:  sending data from testhost: {"Version":5,"MessageType":"TestExecution.StatsChange","Payload":{"NewTestResults":[{"TestCase":{"Id":"a0f867ed-92d5-2f2c-678d-dffb638ad3a1","FullyQualifiedName":"TaskTrackingCalendar.Tests.TaskListTests.TestCreateClass_WhenDataValid_Succeeds","DisplayName":"TestCreateClass_WhenDataValid_Succeeds","ExecutorUri":"executor://MSTestAdapter/v2","Source":"C:\\Users\\vbess\\source\\repos\\TaskTrackingCalendar\\TaskListTests\\bin\\Debug\\.netcoreapp,version=v5.0\\fine-code-coverage\\build-output\\TaskListTests.dll","CodeFilePath":null,"LineNumber":-1,"Properties":[{"Key":{"Id":"TestCase.ManagedType","Label":"ManagedType","Category":"","Description":"","Attributes":1,"ValueType":"System.String"},"Value":"TaskTrackingCalendar.Tests.TaskListTests"},{"Key":{"Id":"TestCase.ManagedMethod","Label":"ManagedMethod","Category":"","Description":"","Attributes":1,"ValueType":"System.String"},"Value":"TestCreateClass_WhenDataValid_Succeeds"},{"Key":{"Id":"MSTestDiscoverer.TestClassName","Label":"ClassName","Category":"","Description":"","Attributes":1,"ValueType":"System.String"},"Value":"TaskTrackingCalendar.Tests.TaskListTests"},{"Key":{"Id":"TestCase.Hierarchy","Label":"Hierarchy","Category":"","Description":"","Attributes":2,"ValueType":"System.String[]"},"Value":["TaskTrackingCalendar.Tests","TaskListTests"]},{"Key":{"Id":"TestObject.Traits","Label":"Traits","Category":"","Description":"","Attributes":5,"ValueType":"System.Collections.Generic.KeyValuePair`2[[System.String],[System.String]][]"},"Value":[]}]},"Attachments":[],"Outcome":1,"ErrorMessage":null,"ErrorStackTrace":null,"DisplayName":"TestCreateClass_WhenDataValid_Succeeds","Messages":[],"ComputerName":null,"Duration":"00:00:00.0041820","StartTime":"2021-10-22T14:14:21.7195509-04:00","EndTime":"2021-10-22T14:14:21.7347608-04:00","Properties":[{"Key":{"Id":"ExecutionId","Label":"ExecutionId","Category":"","Description":"","Attributes":1,"ValueType":"System.Guid"},"Value":"00000000-0000-0000-0000-000000000000"},{"Key":{"Id":"ParentExecId","Label":"ParentExecId","Category":"","Description":"","Attributes":1,"ValueType":"System.Guid"},"Value":"00000000-0000-0000-0000-000000000000"},{"Key":{"Id":"InnerResultsCount","Label":"InnerResultsCount","Category":"","Description":"","Attributes":1,"ValueType":"System.Int32"},"Value":0}]},{"TestCase":{"Id":"138f3ffe-65f1-b500-459b-1db2dfc074b0","FullyQualifiedName":"TaskTrackingCalendar.Tests.TaskListTests.TestCreateClass_WhenDataInvalid_Fails","DisplayName":"TestCreateClass_WhenDataInvalid_Fails","ExecutorUri":"executor://MSTestAdapter/v2","Source":"C:\\Users\\vbess\\source\\repos\\TaskTrackingCalendar\\TaskListTests\\bin\\Debug\\.netcoreapp,version=v5.0\\fine-code-coverage\\build-output\\TaskListTests.dll","CodeFilePath":null,"LineNumber":-1,"Properties":[{"Key":{"Id":"TestCase.ManagedType","Label":"ManagedType","Category":"","Description":"","Attributes":1,"ValueType":"System.String"},"Value":"TaskTrackingCalendar.Tests.TaskListTests"},{"Key":{"Id":"TestCase.ManagedMethod","Label":"ManagedMethod","Category":"","Description":"","Attributes":1,"ValueType":"System.String"},"Value":"TestCreateClass_WhenDataInvalid_Fails"},{"Key":{"Id":"MSTestDiscoverer.TestClassName","Label":"ClassName","Category":"","Description":"","Attributes":1,"ValueType":"System.String"},"Value":"TaskTrackingCalendar.Tests.TaskListTests"},{"Key":{"Id":"TestCase.Hierarchy","Label":"Hierarchy","Category":"","Description":"","Attributes":2,"ValueType":"System.String[]"},"Value":["TaskTrackingCalendar.Tests","TaskListTests"]},{"Key":{"Id":"TestObject.Traits","Label":"Traits","Category":"","Description":"","Attributes":5,"ValueType":"System.Collections.Generic.KeyValuePair`2[[System.String],[System.String]][]"},"Value":[]}]},"Attachments":[],"Outcome":1,"ErrorMessage":null,"ErrorStackTrace":null,"DisplayName":"TestCreateClass_WhenDataInvalid_Fails","Messages":[],"ComputerName":null,"Duration":"00:00:00.0001439","StartTime":"2021-10-22T14:14:21.7538679-04:00","EndTime":"2021-10-22T14:14:21.7541714-04:00","Properties":[{"Key":{"Id":"ExecutionId","Label":"ExecutionId","Category":"","Description":"","Attributes":1,"ValueType":"System.Guid"},"Value":"00000000-0000-0000-0000-000000000000"},{"Key":{"Id":"ParentExecId","Label":"ParentExecId","Category":"","Description":"","Attributes":1,"ValueType":"System.Guid"},"Value":"00000000-0000-0000-0000-000000000000"},{"Key":{"Id":"InnerResultsCount","Label":"InnerResultsCount","Category":"","Description":"","Attributes":1,"ValueType":"System.Int32"},"Value":0}]},{"TestCase":{"Id":"9c684e8f-f342-9d4d-00c2-9ffff6930f45","FullyQualifiedName":"TaskTrackingCalendar.Tests.TaskListTests.TestUpdateClass_WhenAllowed_Succeeds","DisplayName":"TestUpdateClass_WhenAllowed_Succeeds","ExecutorUri":"executor://MSTestAdapter/v2","Source":"C:\\Users\\vbess\\source\\repos\\TaskTrackingCalendar\\TaskListTests\\bin\\Debug\\.netcoreapp,version=v5.0\\fine-code-coverage\\build-output\\TaskListTests.dll","CodeFilePath":null,"LineNumber":-1,"Properties":[{"Key":{"Id":"TestCase.ManagedType","Label":"ManagedType","Category":"","Description":"","Attributes":1,"ValueType":"System.String"},"Value":"TaskTrackingCalendar.Tests.TaskListTests"},{"Key":{"Id":"TestCase.ManagedMethod","Label":"ManagedMethod","Category":"","Description":"","Attributes":1,"ValueType":"System.String"},"Value":"TestUpdateClass_WhenAllowed_Succeeds"},{"Key":{"Id":"MSTestDiscoverer.TestClassName","Label":"ClassName","Category":"","Description":"","Attributes":1,"ValueType":"System.String"},"Value":"TaskTrackingCalendar.Tests.TaskListTests"},{"Key":{"Id":"TestCase.Hierarchy","Label":"Hierarchy","Category":"","Description":"","Attributes":2,"ValueType":"System.String[]"},"Value":["TaskTrackingCalendar.Tests","TaskListTests"]},{"Key":{"Id":"TestObject.Traits","Label":"Traits","Category":"","Description":"","Attributes":5,"ValueType":"System.Collections.Generic.KeyValuePair`2[[System.String],[System.String]][]"},"Value":[]}]},"Attachments":[],"Outcome":1,"ErrorMessage":null,"ErrorStackTrace":null,"DisplayName":"TestUpdateClass_WhenAllowed_Succeeds","Messages":[],"ComputerName":null,"Duration":"00:00:00.0002113","StartTime":"2021-10-22T14:14:21.755631-04:00","EndTime":"2021-10-22T14:14:21.7559574-04:00","Properties":[{"Key":{"Id":"ExecutionId","Label":"ExecutionId","Category":"","Description":"","Attributes":1,"ValueType":"System.Guid"},"Value":"00000000-0000-0000-0000-000000000000"},{"Key":{"Id":"ParentExecId","Label":"ParentExecId","Category":"","Description":"","Attributes":1,"ValueType":"System.Guid"},"Value":"00000000-0000-0000-0000-000000000000"},{"Key":{"Id":"InnerResultsCount","Label":"InnerResultsCount","Category":"","Description":"","Attributes":1,"ValueType":"System.Int32"},"Value":0}]},{"TestCase":{"Id":"61240569-3ed2-68db-eb45-6a84aaa3b0f1","FullyQualifiedName":"TaskTrackingCalendar.Tests.TaskListTests.TestUpdateClass_WhenNoClass_Fails","DisplayName":"TestUpdateClass_WhenNoClass_Fails","ExecutorUri":"executor://MSTestAdapter/v2","Source":"C:\\Users\\vbess\\source\\repos\\TaskTrackingCalendar\\TaskListTests\\bin\\Debug\\.netcoreapp,version=v5.0\\fine-code-coverage\\build-output\\TaskListTests.dll","CodeFilePath":null,"LineNumber":-1,"Properties":[{"Key":{"Id":"TestCase.ManagedType","Label":"ManagedType","Category":"","Description":"","Attributes":1,"ValueType":"System.String"},"Value":"TaskTrackingCalendar.Tests.TaskListTests"},{"Key":{"Id":"TestCase.ManagedMethod","Label":"ManagedMethod","Category":"","Description":"","Attributes":1,"ValueType":"System.String"},"Value":"TestUpdateClass_WhenNoClass_Fails"},{"Key":{"Id":"MSTestDiscoverer.TestClassName","Label":"ClassName","Category":"","Description":"","Attributes":1,"ValueType":"System.String"},"Value":"TaskTrackingCalendar.Tests.TaskListTests"},{"Key":{"Id":"TestCase.Hierarchy","Label":"Hierarchy","Category":"","Description":"","Attributes":2,"ValueType":"System.String[]"},"Value":["TaskTrackingCalendar.Tests","TaskListTests"]},{"Key":{"Id":"TestObject.Traits","Label":"Traits","Category":"","Description":"","Attributes":5,"ValueType":"System.Collections.Generic.KeyValuePair`2[[System.String],[System.String]][]"},"Value":[]}]},"Attachments":[],"Outcome":1,"ErrorMessage":null,"ErrorStackTrace":null,"DisplayName":"TestUpdateClass_WhenNoClass_Fails","Messages":[],"ComputerName":null,"Duration":"00:00:00.0000743","StartTime":"2021-10-22T14:14:21.7578004-04:00","EndTime":"2021-10-22T14:14:21.7579816-04:00","Properties":[{"Key":{"Id":"ExecutionId","Label":"ExecutionId","Category":"","Description":"","Attributes":1,"ValueType":"System.Guid"},"Value":"00000000-0000-0000-0000-000000000000"},{"Key":{"Id":"ParentExecId","Label":"ParentExecId","Category":"","Description":"","Attributes":1,"ValueType":"System.Guid"},"Value":"00000000-0000-0000-0000-000000000000"},{"Key":{"Id":"InnerResultsCount","Label":"InnerResultsCount","Category":"","Description":"","Attributes":1,"ValueType":"System.Int32"},"Value":0}]},{"TestCase":{"Id":"fa15908a-e5e0-dc73-5c7a-0a447707891a","FullyQualifiedName":"TaskTrackingCalendar.Tests.TaskListTests.TestUpdateClass_WhenNameConflict_Fails","DisplayName":"TestUpdateClass_WhenNameConflict_Fails","ExecutorUri":"executor://MSTestAdapter/v2","Source":"C:\\Users\\vbess\\source\\repos\\TaskTrackingCalendar\\TaskListTests\\bin\\Debug\\.netcoreapp,version=v5.0\\fine-code-coverage\\build-output\\TaskListTests.dll","CodeFilePath":null,"LineNumber":-1,"Properties":[{"Key":{"Id":"TestCase.ManagedType","Label":"ManagedType","Category":"","Description":"","Attributes":1,"ValueType":"System.String"},"Value":"TaskTrackingCalendar.Tests.TaskListTests"},{"Key":{"Id":"TestCase.ManagedMethod","Label":"ManagedMethod","Category":"","Description":"","Attributes":1,"ValueType":"System.String"},"Value":"TestUpdateClass_WhenNameConflict_Fails"},{"Key":{"Id":"MSTestDiscoverer.TestClassName","Label":"ClassName","Category":"","Description":"","Attributes":1,"ValueType":"System.String"},"Value":"TaskTrackingCalendar.Tests.TaskListTests"},{"Key":{"Id":"TestCase.Hierarchy","Label":"Hierarchy","Category":"","Description":"","Attributes":2,"ValueType":"System.String[]"},"Value":["TaskTrackingCalendar.Tests","TaskListTests"]},{"Key":{"Id":"TestObject.Traits","Label":"Traits","Category":"","Description":"","Attributes":5,"ValueType":"System.Collections.Generic.KeyValuePair`2[[System.String],[System.String]][]"},"Value":[]}]},"Attachments":[],"Outcome":1,"ErrorMessage":null,"ErrorStackTrace":null,"DisplayName":"TestUpdateClass_WhenNameConflict_Fails","Messages":[],"ComputerName":null,"Duration":"00:00:00.0000851","StartTime":"2021-10-22T14:14:21.7594182-04:00","EndTime":"2021-10-22T14:14:21.7596116-04:00","Properties":[{"Key":{"Id":"ExecutionId","Label":"ExecutionId","Category":"","Description":"","Attributes":1,"ValueType":"System.Guid"},"Value":"00000000-0000-0000-0000-000000000000"},{"Key":{"Id":"ParentExecId","Label":"ParentExecId","Category":"","Description":"","Attributes":1,"ValueType":"System.Guid"},"Value":"00000000-0000-0000-0000-000000000000"},{"Key":{"Id":"InnerResultsCount","Label":"InnerResultsCount","Category":"","Description":"","Attributes":1,"ValueType":"System.Int32"},"Value":0}]},{"TestCase":{"Id":"50c50979-74ba-abfa-9e05-d5e479eb705c","FullyQualifiedName":"TaskTrackingCalendar.Tests.TaskListTests.TestDeleteClass_WhenClassExists_Succeeds","DisplayName":"TestDeleteClass_WhenClassExists_Succeeds","ExecutorUri":"executor://MSTestAdapter/v2","Source":"C:\\Users\\vbess\\source\\repos\\TaskTrackingCalendar\\TaskListTests\\bin\\Debug\\.netcoreapp,version=v5.0\\fine-code-coverage\\build-output\\TaskListTests.dll","CodeFilePath":null,"LineNumber":-1,"Properties":[{"Key":{"Id":"TestCase.ManagedType","Label":"ManagedType","Category":"","Description":"","Attributes":1,"ValueType":"System.String"},"Value":"TaskTrackingCalendar.Tests.TaskListTests"},{"Key":{"Id":"TestCase.ManagedMethod","Label":"ManagedMethod","Category":"","Description":"","Attributes":1,"ValueType":"System.String"},"Value":"TestDeleteClass_WhenClassExists_Succeeds"},{"Key":{"Id":"MSTestDiscoverer.TestClassName","Label":"ClassName","Category":"","Description":"","Attributes":1,"ValueType":"System.String"},"Value":"TaskTrackingCalendar.Tests.TaskListTests"},{"Key":{"Id":"TestCase.Hierarchy","Label":"Hierarchy","Category":"","Description":"","Attributes":2,"ValueType":"System.String[]"},"Value":["TaskTrackingCalendar.Tests","TaskListTests"]},{"Key":{"Id":"TestObject.Traits","Label":"Traits","Category":"","Description":"","Attributes":5,"ValueType":"System.Collections.Generic.KeyValuePair`2[[System.String],[System.String]][]"},"Value":[]}]},"Attachments":[],"Outcome":1,"ErrorMessage":null,"ErrorStackTrace":null,"DisplayName":"TestDeleteClass_WhenClassExists_Succeeds","Messages":[],"ComputerName":null,"Duration":"00:00:00.0001827","StartTime":"2021-10-22T14:14:21.7610892-04:00","EndTime":"2021-10-22T14:14:21.7613847-04:00","Properties":[{"Key":{"Id":"ExecutionId","Label":"ExecutionId","Category":"","Description":"","Attributes":1,"ValueType":"System.Guid"},"Value":"00000000-0000-0000-0000-000000000000"},{"Key":{"Id":"ParentExecId","Label":"ParentExecId","Category":"","Description":"","Attributes":1,"ValueType":"System.Guid"},"Value":"00000000-0000-0000-0000-000000000000"},{"Key":{"Id":"InnerResultsCount","Label":"InnerResultsCount","Category":"","Description":"","Attributes":1,"ValueType":"System.Int32"},"Value":0}]},{"TestCase":{"Id":"be41065d-c654-0241-38d9-820f652afcda","FullyQualifiedName":"TaskTrackingCalendar.Tests.TaskListTests.TestDeleteClass_WhenNoClass_Fails","DisplayName":"TestDeleteClass_WhenNoClass_Fails","ExecutorUri":"executor://MSTestAdapter/v2","Source":"C:\\Users\\vbess\\source\\repos\\TaskTrackingCalendar\\TaskListTests\\bin\\Debug\\.netcoreapp,version=v5.0\\fine-code-coverage\\build-output\\TaskListTests.dll","CodeFilePath":null,"LineNumber":-1,"Properties":[{"Key":{"Id":"TestCase.ManagedType","Label":"ManagedType","Category":"","Description":"","Attributes":1,"ValueType":"System.String"},"Value":"TaskTrackingCalendar.Tests.TaskListTests"},{"Key":{"Id":"TestCase.ManagedMethod","Label":"ManagedMethod","Category":"","Description":"","Attributes":1,"ValueType":"System.String"},"Value":"TestDeleteClass_WhenNoClass_Fails"},{"Key":{"Id":"MSTestDiscoverer.TestClassName","Label":"ClassName","Category":"","Description":"","Attributes":1,"ValueType":"System.String"},"Value":"TaskTrackingCalendar.Tests.TaskListTests"},{"Key":{"Id":"TestCase.Hierarchy","Label":"Hierarchy","Category":"","Description":"","Attributes":2,"ValueType":"System.String[]"},"Value":["TaskTrackingCalendar.Tests","TaskListTests"]},{"Key":{"Id":"TestObject.Traits","Label":"Traits","Category":"","Description":"","Attributes":5,"ValueType":"System.Collections.Generic.KeyValuePair`2[[System.String],[System.String]][]"},"Value":[]}]},"Attachments":[],"Outcome":1,"ErrorMessage":null,"ErrorStackTrace":null,"DisplayName":"TestDeleteClass_WhenNoClass_Fails","Messages":[],"ComputerName":null,"Duration":"00:00:00.0000720","StartTime":"2021-10-22T14:14:21.7627891-04:00","EndTime":"2021-10-22T14:14:21.7629684-04:00","Properties":[{"Key":{"Id":"ExecutionId","Label":"ExecutionId","Category":"","Description":"","Attributes":1,"ValueType":"System.Guid"},"Value":"00000000-0000-0000-0000-000000000000"},{"Key":{"Id":"ParentExecId","Label":"ParentExecId","Category":"","Description":"","Attributes":1,"ValueType":"System.Guid"},"Value":"00000000-0000-0000-0000-000000000000"},{"Key":{"Id":"InnerResultsCount","Label":"InnerResultsCount","Category":"","Description":"","Attributes":1,"ValueType":"System.Int32"},"Value":0}]},{"TestCase":{"Id":"17770dad-a4ff-8fbe-1d54-331f809433ea","FullyQualifiedName":"TaskTrackingCalendar.Tests.TaskListTests.TestCreateTask_WhenValid_Succeeds","DisplayName":"TestCreateTask_WhenValid_Succeeds","ExecutorUri":"executor://MSTestAdapter/v2","Source":"C:\\Users\\vbess\\source\\repos\\TaskTrackingCalendar\\TaskListTests\\bin\\Debug\\.netcoreapp,version=v5.0\\fine-code-coverage\\build-output\\TaskListTests.dll","CodeFilePath":null,"LineNumber":-1,"Properties":[{"Key":{"Id":"TestCase.ManagedType","Label":"ManagedType","Category":"","Description":"","Attributes":1,"ValueType":"System.String"},"Value":"TaskTrackingCalendar.Tests.TaskListTests"},{"Key":{"Id":"TestCase.ManagedMethod","Label":"ManagedMethod","Category":"","Description":"","Attributes":1,"ValueType":"System.String"},"Value":"TestCreateTask_WhenValid_Succeeds"},{"Key":{"Id":"MSTestDiscoverer.TestClassName","Label":"ClassName","Category":"","Description":"","Attributes":1,"ValueType":"System.String"},"Value":"TaskTrackingCalendar.Tests.TaskListTests"},{"Key":{"Id":"TestCase.Hierarchy","Label":"Hierarchy","Category":"","Description":"","Attributes":2,"ValueType":"System.String[]"},"Value":["TaskTrackingCalendar.Tests","TaskListTests"]},{"Key":{"Id":"TestObject.Traits","Label":"Traits","Category":"","Description":"","Attributes":5,"ValueType":"System.Collections.Generic.KeyValuePair`2[[System.String],[System.String]][]"},"Value":[]}]},"Attachments":[],"Outcome":1,"ErrorMessage":null,"ErrorStackTrace":null,"DisplayName":"TestCreateTask_WhenValid_Succeeds","Messages":[],"ComputerName":null,"Duration":"00:00:00.0006178","StartTime":"2021-10-22T14:14:21.7643473-04:00","EndTime":"2021-10-22T14:14:21.7650768-04:00","Properties":[{"Key":{"Id":"ExecutionId","Label":"ExecutionId","Category":"","Description":"","Attributes":1,"ValueType":"System.Guid"},"Value":"00000000-0000-0000-0000-000000000000"},{"Key":{"Id":"ParentExecId","Label":"ParentExecId","Category":"","Description":"","Attributes":1,"ValueType":"System.Guid"},"Value":"00000000-0000-0000-0000-000000000000"},{"Key":{"Id":"InnerResultsCount","Label":"InnerResultsCount","Category":"","Description":"","Attributes":1,"ValueType":"System.Int32"},"Value":0}]},{"TestCase":{"Id":"9f479e60-b00e-5b12-c009-2fd6d1c9acbb","FullyQualifiedName":"TaskTrackingCalendar.Tests.TaskListTests.TestCreateTask_WhenInvalid_Fails","DisplayName":"TestCreateTask_WhenInvalid_Fails","ExecutorUri":"executor://MSTestAdapter/v2","Source":"C:\\Users\\vbess\\source\\repos\\TaskTrackingCalendar\\TaskListTests\\bin\\Debug\\.netcoreapp,version=v5.0\\fine-code-coverage\\build-output\\TaskListTests.dll","CodeFilePath":null,"LineNumber":-1,"Properties":[{"Key":{"Id":"TestCase.ManagedType","Label":"ManagedType","Category":"","Description":"","Attributes":1,"ValueType":"System.String"},"Value":"TaskTrackingCalendar.Tests.TaskListTests"},{"Key":{"Id":"TestCase.ManagedMethod","Label":"ManagedMethod","Category":"","Description":"","Attributes":1,"ValueType":"System.String"},"Value":"TestCreateTask_WhenInvalid_Fails"},{"Key":{"Id":"MSTestDiscoverer.TestClassName","Label":"ClassName","Category":"","Description":"","Attributes":1,"ValueType":"System.String"},"Value":"TaskTrackingCalendar.Tests.TaskListTests"},{"Key":{"Id":"TestCase.Hierarchy","Label":"Hierarchy","Category":"","Description":"","Attributes":2,"ValueType":"System.String[]"},"Value":["TaskTrackingCalendar.Tests","TaskListTests"]},{"Key":{"Id":"TestObject.Traits","Label":"Traits","Category":"","Description":"","Attributes":5,"ValueType":"System.Collections.Generic.KeyValuePair`2[[System.String],[System.String]][]"},"Value":[]}]},"Attachments":[],"Outcome":1,"ErrorMessage":null,"ErrorStackTrace":null,"DisplayName":"TestCreateTask_WhenInvalid_Fails","Messages":[],"ComputerName":null,"Duration":"00:00:00.0002527","StartTime":"2021-10-22T14:14:21.76653-04:00","EndTime":"2021-10-22T14:14:21.766917-04:00","Properties":[{"Key":{"Id":"ExecutionId","Label":"ExecutionId","Category":"","Description":"","Attributes":1,"ValueType":"System.Guid"},"Value":"00000000-0000-0000-0000-000000000000"},{"Key":{"Id":"ParentExecId","Label":"ParentExecId","Category":"","Description":"","Attributes":1,"ValueType":"System.Guid"},"Value":"00000000-0000-0000-0000-000000000000"},{"Key":{"Id":"InnerResultsCount","Label":"InnerResultsCount","Category":"","Description":"","Attributes":1,"ValueType":"System.Int32"},"Value":0}]}],"TestRunStatistics":{"ExecutedTests":9,"Stats":{"Passed":9}},"ActiveTests":[{"Id":"eed2ae22-13bb-645c-43fb-c0626d90e610","FullyQualifiedName":"TaskTrackingCalendar.Tests.TaskListTests.TestUpdateTask_WhenValid_Succeeds","DisplayName":"TestUpdateTask_WhenValid_Succeeds","ExecutorUri":"executor://MSTestAdapter/v2","Source":"C:\\Users\\vbess\\source\\repos\\TaskTrackingCalendar\\TaskListTests\\bin\\Debug\\.netcoreapp,version=v5.0\\fine-code-coverage\\build-output\\TaskListTests.dll","CodeFilePath":null,"LineNumber":-1,"Properties":[{"Key":{"Id":"TestCase.ManagedType","Label":"ManagedType","Category":"","Description":"","Attributes":1,"ValueType":"System.String"},"Value":"TaskTrackingCalendar.Tests.TaskListTests"},{"Key":{"Id":"TestCase.ManagedMethod","Label":"ManagedMethod","Category":"","Description":"","Attributes":1,"ValueType":"System.String"},"Value":"TestUpdateTask_WhenValid_Succeeds"},{"Key":{"Id":"MSTestDiscoverer.TestClassName","Label":"ClassName","Category":"","Description":"","Attributes":1,"ValueType":"System.String"},"Value":"TaskTrackingCalendar.Tests.TaskListTests"},{"Key":{"Id":"TestCase.Hierarchy","Label":"Hierarchy","Category":"","Description":"","Attributes":2,"ValueType":"System.String[]"},"Value":["TaskTrackingCalendar.Tests","TaskListTests"]},{"Key":{"Id":"TestObject.Traits","Label":"Traits","Category":"","Description":"","Attributes":5,"ValueType":"System.Collections.Generic.KeyValuePair`2[[System.String],[System.String]][]"},"Value":[]}]}]}}
TpTrace Verbose: 0 : 11696, 4, 2021/10/22, 14:14:21.787, 6333331030870, testhost.dll, TestRunCache: OnNewTestResult: Notified the onCacheHit callback.
TpTrace Information: 0 : 11696, 4, 2021/10/22, 14:14:21.790, 6333331057763, testhost.dll, MSTest - Executing test TestUpdateTask_WhenValid_Succeeds
TpTrace Information: 0 : 11696, 4, 2021/10/22, 14:14:21.790, 6333331063558, testhost.dll, MSTest - Executed test TestUpdateTask_WhenValid_Succeeds
TpTrace Verbose: 0 : 11696, 4, 2021/10/22, 14:14:21.790, 6333331064008, testhost.dll, TestExecutionRecorder.RecordEnd: test: TaskTrackingCalendar.Tests.TaskListTests.TestUpdateTask_WhenValid_Succeeds execution completed.
TpTrace Warning: 0 : 11696, 4, 2021/10/22, 14:14:21.790, 6333331064224, testhost.dll, TestRunCache: InProgressTests is null
TpTrace Verbose: 0 : 11696, 4, 2021/10/22, 14:14:21.791, 6333331071836, testhost.dll, TestExecutionRecorder.RecordResult: Received result for test: TaskTrackingCalendar.Tests.TaskListTests.TestUpdateTask_WhenValid_Succeeds.
TpTrace Warning: 0 : 11696, 4, 2021/10/22, 14:14:21.791, 6333331072288, testhost.dll, TestRunCache: InProgressTests is null
TpTrace Warning: 0 : 11696, 4, 2021/10/22, 14:14:21.791, 6333331072490, testhost.dll, TestRunCache: No test found corresponding to testResult 'TestUpdateTask_WhenValid_Succeeds' in inProgress list.
TpTrace Verbose: 0 : 11696, 4, 2021/10/22, 14:14:21.791, 6333331072894, testhost.dll, TestExecutionRecorder.RecordStart: Starting test: TaskTrackingCalendar.Tests.TaskListTests.TestUpdateTask_WhenInvalid_Fails.
TpTrace Information: 0 : 11696, 4, 2021/10/22, 14:14:21.792, 6333331079629, testhost.dll, MSTest - Executing test TestUpdateTask_WhenInvalid_Fails
TpTrace Information: 0 : 11696, 4, 2021/10/22, 14:14:21.792, 6333331083034, testhost.dll, MSTest - Executed test TestUpdateTask_WhenInvalid_Fails
TpTrace Verbose: 0 : 11696, 4, 2021/10/22, 14:14:21.792, 6333331083442, testhost.dll, TestExecutionRecorder.RecordEnd: test: TaskTrackingCalendar.Tests.TaskListTests.TestUpdateTask_WhenInvalid_Fails execution completed.
TpTrace Verbose: 0 : 11696, 4, 2021/10/22, 14:14:21.793, 6333331090953, testhost.dll, TestExecutionRecorder.RecordResult: Received result for test: TaskTrackingCalendar.Tests.TaskListTests.TestUpdateTask_WhenInvalid_Fails.
TpTrace Warning: 0 : 11696, 4, 2021/10/22, 14:14:21.793, 6333331091358, testhost.dll, TestRunCache: InProgressTests is null
TpTrace Warning: 0 : 11696, 4, 2021/10/22, 14:14:21.793, 6333331091590, testhost.dll, TestRunCache: No test found corresponding to testResult 'TestUpdateTask_WhenInvalid_Fails' in inProgress list.
TpTrace Verbose: 0 : 11696, 4, 2021/10/22, 14:14:21.793, 6333331091970, testhost.dll, TestExecutionRecorder.RecordStart: Starting test: TaskTrackingCalendar.Tests.TaskListTests.TestDeleteTask_WhenValid_Succeeds.
TpTrace Information: 0 : 11696, 4, 2021/10/22, 14:14:21.794, 6333331098148, testhost.dll, MSTest - Executing test TestDeleteTask_WhenValid_Succeeds
TpTrace Information: 0 : 11696, 4, 2021/10/22, 14:14:21.794, 6333331103866, testhost.dll, MSTest - Executed test TestDeleteTask_WhenValid_Succeeds
TpTrace Verbose: 0 : 11696, 4, 2021/10/22, 14:14:21.794, 6333331104280, testhost.dll, TestExecutionRecorder.RecordEnd: test: TaskTrackingCalendar.Tests.TaskListTests.TestDeleteTask_WhenValid_Succeeds execution completed.
TpTrace Verbose: 0 : 11696, 4, 2021/10/22, 14:14:21.795, 6333331110945, testhost.dll, TestExecutionRecorder.RecordResult: Received result for test: TaskTrackingCalendar.Tests.TaskListTests.TestDeleteTask_WhenValid_Succeeds.
TpTrace Warning: 0 : 11696, 4, 2021/10/22, 14:14:21.795, 6333331111366, testhost.dll, TestRunCache: InProgressTests is null
TpTrace Warning: 0 : 11696, 4, 2021/10/22, 14:14:21.795, 6333331111576, testhost.dll, TestRunCache: No test found corresponding to testResult 'TestDeleteTask_WhenValid_Succeeds' in inProgress list.
TpTrace Verbose: 0 : 11696, 4, 2021/10/22, 14:14:21.795, 6333331111921, testhost.dll, TestExecutionRecorder.RecordStart: Starting test: TaskTrackingCalendar.Tests.TaskListTests.TestDeleteTask_WhenInvalid_Fails.
TpTrace Information: 0 : 11696, 4, 2021/10/22, 14:14:21.796, 6333331117987, testhost.dll, MSTest - Executing test TestDeleteTask_WhenInvalid_Fails
TpTrace Information: 0 : 11696, 4, 2021/10/22, 14:14:21.796, 6333331120155, testhost.dll, MSTest - Executed test TestDeleteTask_WhenInvalid_Fails
TpTrace Verbose: 0 : 11696, 4, 2021/10/22, 14:14:21.796, 6333331120485, testhost.dll, TestExecutionRecorder.RecordEnd: test: TaskTrackingCalendar.Tests.TaskListTests.TestDeleteTask_WhenInvalid_Fails execution completed.
TpTrace Verbose: 0 : 11696, 4, 2021/10/22, 14:14:21.797, 6333331127468, testhost.dll, TestExecutionRecorder.RecordResult: Received result for test: TaskTrackingCalendar.Tests.TaskListTests.TestDeleteTask_WhenInvalid_Fails.
TpTrace Warning: 0 : 11696, 4, 2021/10/22, 14:14:21.797, 6333331127871, testhost.dll, TestRunCache: InProgressTests is null
TpTrace Warning: 0 : 11696, 4, 2021/10/22, 14:14:21.797, 6333331128101, testhost.dll, TestRunCache: No test found corresponding to testResult 'TestDeleteTask_WhenInvalid_Fails' in inProgress list.
TpTrace Verbose: 0 : 11696, 4, 2021/10/22, 14:14:21.797, 6333331128432, testhost.dll, TestExecutionRecorder.RecordStart: Starting test: TaskTrackingCalendar.Tests.TaskListTests.TestCreateReminder_WhenValid_Succeeds.
TpTrace Information: 0 : 11696, 4, 2021/10/22, 14:14:21.797, 6333331134356, testhost.dll, MSTest - Executing test TestCreateReminder_WhenValid_Succeeds
TpTrace Information: 0 : 11696, 4, 2021/10/22, 14:14:21.798, 6333331139565, testhost.dll, MSTest - Executed test TestCreateReminder_WhenValid_Succeeds
TpTrace Verbose: 0 : 11696, 4, 2021/10/22, 14:14:21.798, 6333331139951, testhost.dll, TestExecutionRecorder.RecordEnd: test: TaskTrackingCalendar.Tests.TaskListTests.TestCreateReminder_WhenValid_Succeeds execution completed.
TpTrace Verbose: 0 : 11696, 4, 2021/10/22, 14:14:21.799, 6333331151439, testhost.dll, TestExecutionRecorder.RecordResult: Received result for test: TaskTrackingCalendar.Tests.TaskListTests.TestCreateReminder_WhenValid_Succeeds.
TpTrace Warning: 0 : 11696, 4, 2021/10/22, 14:14:21.799, 6333331151853, testhost.dll, TestRunCache: InProgressTests is null
TpTrace Warning: 0 : 11696, 4, 2021/10/22, 14:14:21.799, 6333331152058, testhost.dll, TestRunCache: No test found corresponding to testResult 'TestCreateReminder_WhenValid_Succeeds' in inProgress list.
TpTrace Verbose: 0 : 11696, 4, 2021/10/22, 14:14:21.799, 6333331152394, testhost.dll, TestExecutionRecorder.RecordStart: Starting test: TaskTrackingCalendar.Tests.TaskListTests.TestCreateReminder_WhenInvalid_Fails.
TpTrace Information: 0 : 11696, 4, 2021/10/22, 14:14:21.800, 6333331164463, testhost.dll, MSTest - Executing test TestCreateReminder_WhenInvalid_Fails
TpTrace Information: 0 : 11696, 4, 2021/10/22, 14:14:21.801, 6333331168858, testhost.dll, MSTest - Executed test TestCreateReminder_WhenInvalid_Fails
TpTrace Verbose: 0 : 11696, 4, 2021/10/22, 14:14:21.801, 6333331169246, testhost.dll, TestExecutionRecorder.RecordEnd: test: TaskTrackingCalendar.Tests.TaskListTests.TestCreateReminder_WhenInvalid_Fails execution completed.
TpTrace Verbose: 0 : 11696, 4, 2021/10/22, 14:14:21.801, 6333331176059, testhost.dll, TestExecutionRecorder.RecordResult: Received result for test: TaskTrackingCalendar.Tests.TaskListTests.TestCreateReminder_WhenInvalid_Fails.
TpTrace Warning: 0 : 11696, 4, 2021/10/22, 14:14:21.801, 6333331176461, testhost.dll, TestRunCache: InProgressTests is null
TpTrace Warning: 0 : 11696, 4, 2021/10/22, 14:14:21.801, 6333331176662, testhost.dll, TestRunCache: No test found corresponding to testResult 'TestCreateReminder_WhenInvalid_Fails' in inProgress list.
TpTrace Verbose: 0 : 11696, 4, 2021/10/22, 14:14:21.802, 6333331177014, testhost.dll, TestExecutionRecorder.RecordStart: Starting test: TaskTrackingCalendar.Tests.TaskListTests.TestUpdateReminder_WhenValid_Succeeds.
TpTrace Information: 0 : 11696, 4, 2021/10/22, 14:14:21.802, 6333331183014, testhost.dll, MSTest - Executing test TestUpdateReminder_WhenValid_Succeeds
TpTrace Information: 0 : 11696, 4, 2021/10/22, 14:14:21.803, 6333331187389, testhost.dll, MSTest - Executed test TestUpdateReminder_WhenValid_Succeeds
TpTrace Verbose: 0 : 11696, 4, 2021/10/22, 14:14:21.803, 6333331187768, testhost.dll, TestExecutionRecorder.RecordEnd: test: TaskTrackingCalendar.Tests.TaskListTests.TestUpdateReminder_WhenValid_Succeeds execution completed.
TpTrace Verbose: 0 : 11696, 4, 2021/10/22, 14:14:21.803, 6333331194175, testhost.dll, TestExecutionRecorder.RecordResult: Received result for test: TaskTrackingCalendar.Tests.TaskListTests.TestUpdateReminder_WhenValid_Succeeds.
TpTrace Warning: 0 : 11696, 4, 2021/10/22, 14:14:21.803, 6333331194567, testhost.dll, TestRunCache: InProgressTests is null
TpTrace Warning: 0 : 11696, 4, 2021/10/22, 14:14:21.803, 6333331194803, testhost.dll, TestRunCache: No test found corresponding to testResult 'TestUpdateReminder_WhenValid_Succeeds' in inProgress list.
TpTrace Verbose: 0 : 11696, 4, 2021/10/22, 14:14:21.803, 6333331195134, testhost.dll, TestExecutionRecorder.RecordStart: Starting test: TaskTrackingCalendar.Tests.TaskListTests.TestUpdateReminder_WhenInvalid_Fails.
TpTrace Information: 0 : 11696, 4, 2021/10/22, 14:14:21.804, 6333331201135, testhost.dll, MSTest - Executing test TestUpdateReminder_WhenInvalid_Fails
TpTrace Information: 0 : 11696, 4, 2021/10/22, 14:14:21.804, 6333331203493, testhost.dll, MSTest - Executed test TestUpdateReminder_WhenInvalid_Fails
TpTrace Verbose: 0 : 11696, 4, 2021/10/22, 14:14:21.804, 6333331203831, testhost.dll, TestExecutionRecorder.RecordEnd: test: TaskTrackingCalendar.Tests.TaskListTests.TestUpdateReminder_WhenInvalid_Fails execution completed.
TpTrace Verbose: 0 : 11696, 4, 2021/10/22, 14:14:21.805, 6333331210070, testhost.dll, TestExecutionRecorder.RecordResult: Received result for test: TaskTrackingCalendar.Tests.TaskListTests.TestUpdateReminder_WhenInvalid_Fails.
TpTrace Warning: 0 : 11696, 4, 2021/10/22, 14:14:21.805, 6333331210444, testhost.dll, TestRunCache: InProgressTests is null
TpTrace Warning: 0 : 11696, 4, 2021/10/22, 14:14:21.805, 6333331210644, testhost.dll, TestRunCache: No test found corresponding to testResult 'TestUpdateReminder_WhenInvalid_Fails' in inProgress list.
TpTrace Verbose: 0 : 11696, 4, 2021/10/22, 14:14:21.805, 6333331210959, testhost.dll, TestExecutionRecorder.RecordStart: Starting test: TaskTrackingCalendar.Tests.TaskListTests.TestDeleteReminder_WhenValid_Succeeds.
TpTrace Information: 0 : 11696, 4, 2021/10/22, 14:14:21.806, 6333331216839, testhost.dll, MSTest - Executing test TestDeleteReminder_WhenValid_Succeeds
TpTrace Information: 0 : 11696, 4, 2021/10/22, 14:14:21.806, 6333331220989, testhost.dll, MSTest - Executed test TestDeleteReminder_WhenValid_Succeeds
TpTrace Verbose: 0 : 11696, 4, 2021/10/22, 14:14:21.806, 6333331221358, testhost.dll, TestExecutionRecorder.RecordEnd: test: TaskTrackingCalendar.Tests.TaskListTests.TestDeleteReminder_WhenValid_Succeeds execution completed.
TpTrace Verbose: 0 : 11696, 4, 2021/10/22, 14:14:21.807, 6333331227520, testhost.dll, TestExecutionRecorder.RecordResult: Received result for test: TaskTrackingCalendar.Tests.TaskListTests.TestDeleteReminder_WhenValid_Succeeds.
TpTrace Warning: 0 : 11696, 4, 2021/10/22, 14:14:21.807, 6333331227966, testhost.dll, TestRunCache: InProgressTests is null
TpTrace Warning: 0 : 11696, 4, 2021/10/22, 14:14:21.807, 6333331228175, testhost.dll, TestRunCache: No test found corresponding to testResult 'TestDeleteReminder_WhenValid_Succeeds' in inProgress list.
TpTrace Verbose: 0 : 11696, 4, 2021/10/22, 14:14:21.807, 6333331228495, testhost.dll, TestExecutionRecorder.RecordStart: Starting test: TaskTrackingCalendar.Tests.TaskListTests.TestDeleteReminder_WhenInvalid_Fails.
TpTrace Information: 0 : 11696, 4, 2021/10/22, 14:14:21.807, 6333331228817, testhost.dll, Sending test run statistics
TpTrace Verbose: 0 : 11696, 4, 2021/10/22, 14:14:21.808, 6333331238706, testhost.dll, TestRequestHandler.SendData:  sending data from testhost: {"Version":5,"MessageType":"TestExecution.StatsChange","Payload":{"NewTestResults":[{"TestCase":{"Id":"eed2ae22-13bb-645c-43fb-c0626d90e610","FullyQualifiedName":"TaskTrackingCalendar.Tests.TaskListTests.TestUpdateTask_WhenValid_Succeeds","DisplayName":"TestUpdateTask_WhenValid_Succeeds","ExecutorUri":"executor://MSTestAdapter/v2","Source":"C:\\Users\\vbess\\source\\repos\\TaskTrackingCalendar\\TaskListTests\\bin\\Debug\\.netcoreapp,version=v5.0\\fine-code-coverage\\build-output\\TaskListTests.dll","CodeFilePath":null,"LineNumber":-1,"Properties":[{"Key":{"Id":"TestCase.ManagedType","Label":"ManagedType","Category":"","Description":"","Attributes":1,"ValueType":"System.String"},"Value":"TaskTrackingCalendar.Tests.TaskListTests"},{"Key":{"Id":"TestCase.ManagedMethod","Label":"ManagedMethod","Category":"","Description":"","Attributes":1,"ValueType":"System.String"},"Value":"TestUpdateTask_WhenValid_Succeeds"},{"Key":{"Id":"MSTestDiscoverer.TestClassName","Label":"ClassName","Category":"","Description":"","Attributes":1,"ValueType":"System.String"},"Value":"TaskTrackingCalendar.Tests.TaskListTests"},{"Key":{"Id":"TestCase.Hierarchy","Label":"Hierarchy","Category":"","Description":"","Attributes":2,"ValueType":"System.String[]"},"Value":["TaskTrackingCalendar.Tests","TaskListTests"]},{"Key":{"Id":"TestObject.Traits","Label":"Traits","Category":"","Description":"","Attributes":5,"ValueType":"System.Collections.Generic.KeyValuePair`2[[System.String],[System.String]][]"},"Value":[]}]},"Attachments":[],"Outcome":1,"ErrorMessage":null,"ErrorStackTrace":null,"DisplayName":"TestUpdateTask_WhenValid_Succeeds","Messages":[],"ComputerName":null,"Duration":"00:00:00.0004378","StartTime":"2021-10-22T14:14:21.790084-04:00","EndTime":"2021-10-22T14:14:21.7907094-04:00","Properties":[{"Key":{"Id":"ExecutionId","Label":"ExecutionId","Category":"","Description":"","Attributes":1,"ValueType":"System.Guid"},"Value":"00000000-0000-0000-0000-000000000000"},{"Key":{"Id":"ParentExecId","Label":"ParentExecId","Category":"","Description":"","Attributes":1,"ValueType":"System.Guid"},"Value":"00000000-0000-0000-0000-000000000000"},{"Key":{"Id":"InnerResultsCount","Label":"InnerResultsCount","Category":"","Description":"","Attributes":1,"ValueType":"System.Int32"},"Value":0}]},{"TestCase":{"Id":"f660127a-14d8-6461-6a7c-f7ea1f8bc507","FullyQualifiedName":"TaskTrackingCalendar.Tests.TaskListTests.TestUpdateTask_WhenInvalid_Fails","DisplayName":"TestUpdateTask_WhenInvalid_Fails","ExecutorUri":"executor://MSTestAdapter/v2","Source":"C:\\Users\\vbess\\source\\repos\\TaskTrackingCalendar\\TaskListTests\\bin\\Debug\\.netcoreapp,version=v5.0\\fine-code-coverage\\build-output\\TaskListTests.dll","CodeFilePath":null,"LineNumber":-1,"Properties":[{"Key":{"Id":"TestCase.ManagedType","Label":"ManagedType","Category":"","Description":"","Attributes":1,"ValueType":"System.String"},"Value":"TaskTrackingCalendar.Tests.TaskListTests"},{"Key":{"Id":"TestCase.ManagedMethod","Label":"ManagedMethod","Category":"","Description":"","Attributes":1,"ValueType":"System.String"},"Value":"TestUpdateTask_WhenInvalid_Fails"},{"Key":{"Id":"MSTestDiscoverer.TestClassName","Label":"ClassName","Category":"","Description":"","Attributes":1,"ValueType":"System.String"},"Value":"TaskTrackingCalendar.Tests.TaskListTests"},{"Key":{"Id":"TestCase.Hierarchy","Label":"Hierarchy","Category":"","Description":"","Attributes":2,"ValueType":"System.String[]"},"Value":["TaskTrackingCalendar.Tests","TaskListTests"]},{"Key":{"Id":"TestObject.Traits","Label":"Traits","Category":"","Description":"","Attributes":5,"ValueType":"System.Collections.Generic.KeyValuePair`2[[System.String],[System.String]][]"},"Value":[]}]},"Attachments":[],"Outcome":1,"ErrorMessage":null,"ErrorStackTrace":null,"DisplayName":"TestUpdateTask_WhenInvalid_Fails","Messages":[],"ComputerName":null,"Duration":"00:00:00.0002058","StartTime":"2021-10-22T14:14:21.79225-04:00","EndTime":"2021-10-22T14:14:21.7926534-04:00","Properties":[{"Key":{"Id":"ExecutionId","Label":"ExecutionId","Category":"","Description":"","Attributes":1,"ValueType":"System.Guid"},"Value":"00000000-0000-0000-0000-000000000000"},{"Key":{"Id":"ParentExecId","Label":"ParentExecId","Category":"","Description":"","Attributes":1,"ValueType":"System.Guid"},"Value":"00000000-0000-0000-0000-000000000000"},{"Key":{"Id":"InnerResultsCount","Label":"InnerResultsCount","Category":"","Description":"","Attributes":1,"ValueType":"System.Int32"},"Value":0}]},{"TestCase":{"Id":"b18a0167-aaac-da37-8b94-8dccacdc4b5c","FullyQualifiedName":"TaskTrackingCalendar.Tests.TaskListTests.TestDeleteTask_WhenValid_Succeeds","DisplayName":"TestDeleteTask_WhenValid_Succeeds","ExecutorUri":"executor://MSTestAdapter/v2","Source":"C:\\Users\\vbess\\source\\repos\\TaskTrackingCalendar\\TaskListTests\\bin\\Debug\\.netcoreapp,version=v5.0\\fine-code-coverage\\build-output\\TaskListTests.dll","CodeFilePath":null,"LineNumber":-1,"Properties":[{"Key":{"Id":"TestCase.ManagedType","Label":"ManagedType","Category":"","Description":"","Attributes":1,"ValueType":"System.String"},"Value":"TaskTrackingCalendar.Tests.TaskListTests"},{"Key":{"Id":"TestCase.ManagedMethod","Label":"ManagedMethod","Category":"","Description":"","Attributes":1,"ValueType":"System.String"},"Value":"TestDeleteTask_WhenValid_Succeeds"},{"Key":{"Id":"MSTestDiscoverer.TestClassName","Label":"ClassName","Category":"","Description":"","Attributes":1,"ValueType":"System.String"},"Value":"TaskTrackingCalendar.Tests.TaskListTests"},{"Key":{"Id":"TestCase.Hierarchy","Label":"Hierarchy","Category":"","Description":"","Attributes":2,"ValueType":"System.String[]"},"Value":["TaskTrackingCalendar.Tests","TaskListTests"]},{"Key":{"Id":"TestObject.Traits","Label":"Traits","Category":"","Description":"","Attributes":5,"ValueType":"System.Collections.Generic.KeyValuePair`2[[System.String],[System.String]][]"},"Value":[]}]},"Attachments":[],"Outcome":1,"ErrorMessage":null,"ErrorStackTrace":null,"DisplayName":"TestDeleteTask_WhenValid_Succeeds","Messages":[],"ComputerName":null,"Duration":"00:00:00.0004727","StartTime":"2021-10-22T14:14:21.794128-04:00","EndTime":"2021-10-22T14:14:21.7947381-04:00","Properties":[{"Key":{"Id":"ExecutionId","Label":"ExecutionId","Category":"","Description":"","Attributes":1,"ValueType":"System.Guid"},"Value":"00000000-0000-0000-0000-000000000000"},{"Key":{"Id":"ParentExecId","Label":"ParentExecId","Category":"","Description":"","Attributes":1,"ValueType":"System.Guid"},"Value":"00000000-0000-0000-0000-000000000000"},{"Key":{"Id":"InnerResultsCount","Label":"InnerResultsCount","Category":"","Description":"","Attributes":1,"ValueType":"System.Int32"},"Value":0}]},{"TestCase":{"Id":"f54385b6-b706-2c08-57b5-c7c548a6c41d","FullyQualifiedName":"TaskTrackingCalendar.Tests.TaskListTests.TestDeleteTask_WhenInvalid_Fails","DisplayName":"TestDeleteTask_WhenInvalid_Fails","ExecutorUri":"executor://MSTestAdapter/v2","Source":"C:\\Users\\vbess\\source\\repos\\TaskTrackingCalendar\\TaskListTests\\bin\\Debug\\.netcoreapp,version=v5.0\\fine-code-coverage\\build-output\\TaskListTests.dll","CodeFilePath":null,"LineNumber":-1,"Properties":[{"Key":{"Id":"TestCase.ManagedType","Label":"ManagedType","Category":"","Description":"","Attributes":1,"ValueType":"System.String"},"Value":"TaskTrackingCalendar.Tests.TaskListTests"},{"Key":{"Id":"TestCase.ManagedMethod","Label":"ManagedMethod","Category":"","Description":"","Attributes":1,"ValueType":"System.String"},"Value":"TestDeleteTask_WhenInvalid_Fails"},{"Key":{"Id":"MSTestDiscoverer.TestClassName","Label":"ClassName","Category":"","Description":"","Attributes":1,"ValueType":"System.String"},"Value":"TaskTrackingCalendar.Tests.TaskListTests"},{"Key":{"Id":"TestCase.Hierarchy","Label":"Hierarchy","Category":"","Description":"","Attributes":2,"ValueType":"System.String[]"},"Value":["TaskTrackingCalendar.Tests","TaskListTests"]},{"Key":{"Id":"TestObject.Traits","Label":"Traits","Category":"","Description":"","Attributes":5,"ValueType":"System.Collections.Generic.KeyValuePair`2[[System.String],[System.String]][]"},"Value":[]}]},"Attachments":[],"Outcome":1,"ErrorMessage":null,"ErrorStackTrace":null,"DisplayName":"TestDeleteTask_WhenInvalid_Fails","Messages":[],"ComputerName":null,"Duration":"00:00:00.0001247","StartTime":"2021-10-22T14:14:21.7961082-04:00","EndTime":"2021-10-22T14:14:21.7963594-04:00","Properties":[{"Key":{"Id":"ExecutionId","Label":"ExecutionId","Category":"","Description":"","Attributes":1,"ValueType":"System.Guid"},"Value":"00000000-0000-0000-0000-000000000000"},{"Key":{"Id":"ParentExecId","Label":"ParentExecId","Category":"","Description":"","Attributes":1,"ValueType":"System.Guid"},"Value":"00000000-0000-0000-0000-000000000000"},{"Key":{"Id":"InnerResultsCount","Label":"InnerResultsCount","Category":"","Description":"","Attributes":1,"ValueType":"System.Int32"},"Value":0}]},{"TestCase":{"Id":"55c1c2c4-5c77-e30f-4ca5-396bd8836805","FullyQualifiedName":"TaskTrackingCalendar.Tests.TaskListTests.TestCreateReminder_WhenValid_Succeeds","DisplayName":"TestCreateReminder_WhenValid_Succeeds","ExecutorUri":"executor://MSTestAdapter/v2","Source":"C:\\Users\\vbess\\source\\repos\\TaskTrackingCalendar\\TaskListTests\\bin\\Debug\\.netcoreapp,version=v5.0\\fine-code-coverage\\build-output\\TaskListTests.dll","CodeFilePath":null,"LineNumber":-1,"Properties":[{"Key":{"Id":"TestCase.ManagedType","Label":"ManagedType","Category":"","Description":"","Attributes":1,"ValueType":"System.String"},"Value":"TaskTrackingCalendar.Tests.TaskListTests"},{"Key":{"Id":"TestCase.ManagedMethod","Label":"ManagedMethod","Category":"","Description":"","Attributes":1,"ValueType":"System.String"},"Value":"TestCreateReminder_WhenValid_Succeeds"},{"Key":{"Id":"MSTestDiscoverer.TestClassName","Label":"ClassName","Category":"","Description":"","Attributes":1,"ValueType":"System.String"},"Value":"TaskTrackingCalendar.Tests.TaskListTests"},{"Key":{"Id":"TestCase.Hierarchy","Label":"Hierarchy","Category":"","Description":"","Attributes":2,"ValueType":"System.String[]"},"Value":["TaskTrackingCalendar.Tests","TaskListTests"]},{"Key":{"Id":"TestObject.Traits","Label":"Traits","Category":"","Description":"","Attributes":5,"ValueType":"System.Collections.Generic.KeyValuePair`2[[System.String],[System.String]][]"},"Value":[]}]},"Attachments":[],"Outcome":1,"ErrorMessage":null,"ErrorStackTrace":null,"DisplayName":"TestCreateReminder_WhenValid_Succeeds","Messages":[],"ComputerName":null,"Duration":"00:00:00.0004295","StartTime":"2021-10-22T14:14:21.7977482-04:00","EndTime":"2021-10-22T14:14:21.7983058-04:00","Properties":[{"Key":{"Id":"ExecutionId","Label":"ExecutionId","Category":"","Description":"","Attributes":1,"ValueType":"System.Guid"},"Value":"00000000-0000-0000-0000-000000000000"},{"Key":{"Id":"ParentExecId","Label":"ParentExecId","Category":"","Description":"","Attributes":1,"ValueType":"System.Guid"},"Value":"00000000-0000-0000-0000-000000000000"},{"Key":{"Id":"InnerResultsCount","Label":"InnerResultsCount","Category":"","Description":"","Attributes":1,"ValueType":"System.Int32"},"Value":0}]},{"TestCase":{"Id":"8c2acd13-6a35-3a8b-53d9-3ff1830e7098","FullyQualifiedName":"TaskTrackingCalendar.Tests.TaskListTests.TestCreateReminder_WhenInvalid_Fails","DisplayName":"TestCreateReminder_WhenInvalid_Fails","ExecutorUri":"executor://MSTestAdapter/v2","Source":"C:\\Users\\vbess\\source\\repos\\TaskTrackingCalendar\\TaskListTests\\bin\\Debug\\.netcoreapp,version=v5.0\\fine-code-coverage\\build-output\\TaskListTests.dll","CodeFilePath":null,"LineNumber":-1,"Properties":[{"Key":{"Id":"TestCase.ManagedType","Label":"ManagedType","Category":"","Description":"","Attributes":1,"ValueType":"System.String"},"Value":"TaskTrackingCalendar.Tests.TaskListTests"},{"Key":{"Id":"TestCase.ManagedMethod","Label":"ManagedMethod","Category":"","Description":"","Attributes":1,"ValueType":"System.String"},"Value":"TestCreateReminder_WhenInvalid_Fails"},{"Key":{"Id":"MSTestDiscoverer.TestClassName","Label":"ClassName","Category":"","Description":"","Attributes":1,"ValueType":"System.String"},"Value":"TaskTrackingCalendar.Tests.TaskListTests"},{"Key":{"Id":"TestCase.Hierarchy","Label":"Hierarchy","Category":"","Description":"","Attributes":2,"ValueType":"System.String[]"},"Value":["TaskTrackingCalendar.Tests","TaskListTests"]},{"Key":{"Id":"TestObject.Traits","Label":"Traits","Category":"","Description":"","Attributes":5,"ValueType":"System.Collections.Generic.KeyValuePair`2[[System.String],[System.String]][]"},"Value":[]}]},"Attachments":[],"Outcome":1,"ErrorMessage":null,"ErrorStackTrace":null,"DisplayName":"TestCreateReminder_WhenInvalid_Fails","Messages":[],"ComputerName":null,"Duration":"00:00:00.0002338","StartTime":"2021-10-22T14:14:21.8007581-04:00","EndTime":"2021-10-22T14:14:21.8012352-04:00","Properties":[{"Key":{"Id":"ExecutionId","Label":"ExecutionId","Category":"","Description":"","Attributes":1,"ValueType":"System.Guid"},"Value":"00000000-0000-0000-0000-000000000000"},{"Key":{"Id":"ParentExecId","Label":"ParentExecId","Category":"","Description":"","Attributes":1,"ValueType":"System.Guid"},"Value":"00000000-0000-0000-0000-000000000000"},{"Key":{"Id":"InnerResultsCount","Label":"InnerResultsCount","Category":"","Description":"","Attributes":1,"ValueType":"System.Int32"},"Value":0}]},{"TestCase":{"Id":"a8c9aaf6-4b1f-267d-b4fc-fe3aa66fadd2","FullyQualifiedName":"TaskTrackingCalendar.Tests.TaskListTests.TestUpdateReminder_WhenValid_Succeeds","DisplayName":"TestUpdateReminder_WhenValid_Succeeds","ExecutorUri":"executor://MSTestAdapter/v2","Source":"C:\\Users\\vbess\\source\\repos\\TaskTrackingCalendar\\TaskListTests\\bin\\Debug\\.netcoreapp,version=v5.0\\fine-code-coverage\\build-output\\TaskListTests.dll","CodeFilePath":null,"LineNumber":-1,"Properties":[{"Key":{"Id":"TestCase.ManagedType","Label":"ManagedType","Category":"","Description":"","Attributes":1,"ValueType":"System.String"},"Value":"TaskTrackingCalendar.Tests.TaskListTests"},{"Key":{"Id":"TestCase.ManagedMethod","Label":"ManagedMethod","Category":"","Description":"","Attributes":1,"ValueType":"System.String"},"Value":"TestUpdateReminder_WhenValid_Succeeds"},{"Key":{"Id":"MSTestDiscoverer.TestClassName","Label":"ClassName","Category":"","Description":"","Attributes":1,"ValueType":"System.String"},"Value":"TaskTrackingCalendar.Tests.TaskListTests"},{"Key":{"Id":"TestCase.Hierarchy","Label":"Hierarchy","Category":"","Description":"","Attributes":2,"ValueType":"System.String[]"},"Value":["TaskTrackingCalendar.Tests","TaskListTests"]},{"Key":{"Id":"TestObject.Traits","Label":"Traits","Category":"","Description":"","Attributes":5,"ValueType":"System.Collections.Generic.KeyValuePair`2[[System.String],[System.String]][]"},"Value":[]}]},"Attachments":[],"Outcome":1,"ErrorMessage":null,"ErrorStackTrace":null,"DisplayName":"TestUpdateReminder_WhenValid_Succeeds","Messages":[],"ComputerName":null,"Duration":"00:00:00.0003424","StartTime":"2021-10-22T14:14:21.8026137-04:00","EndTime":"2021-10-22T14:14:21.8030875-04:00","Properties":[{"Key":{"Id":"ExecutionId","Label":"ExecutionId","Category":"","Description":"","Attributes":1,"ValueType":"System.Guid"},"Value":"00000000-0000-0000-0000-000000000000"},{"Key":{"Id":"ParentExecId","Label":"ParentExecId","Category":"","Description":"","Attributes":1,"ValueType":"System.Guid"},"Value":"00000000-0000-0000-0000-000000000000"},{"Key":{"Id":"InnerResultsCount","Label":"InnerResultsCount","Category":"","Description":"","Attributes":1,"ValueType":"System.Int32"},"Value":0}]},{"TestCase":{"Id":"9191ca14-338a-0908-7c2c-7e6089437b5c","FullyQualifiedName":"TaskTrackingCalendar.Tests.TaskListTests.TestUpdateReminder_WhenInvalid_Fails","DisplayName":"TestUpdateReminder_WhenInvalid_Fails","ExecutorUri":"executor://MSTestAdapter/v2","Source":"C:\\Users\\vbess\\source\\repos\\TaskTrackingCalendar\\TaskListTests\\bin\\Debug\\.netcoreapp,version=v5.0\\fine-code-coverage\\build-output\\TaskListTests.dll","CodeFilePath":null,"LineNumber":-1,"Properties":[{"Key":{"Id":"TestCase.ManagedType","Label":"ManagedType","Category":"","Description":"","Attributes":1,"ValueType":"System.String"},"Value":"TaskTrackingCalendar.Tests.TaskListTests"},{"Key":{"Id":"TestCase.ManagedMethod","Label":"ManagedMethod","Category":"","Description":"","Attributes":1,"ValueType":"System.String"},"Value":"TestUpdateReminder_WhenInvalid_Fails"},{"Key":{"Id":"MSTestDiscoverer.TestClassName","Label":"ClassName","Category":"","Description":"","Attributes":1,"ValueType":"System.String"},"Value":"TaskTrackingCalendar.Tests.TaskListTests"},{"Key":{"Id":"TestCase.Hierarchy","Label":"Hierarchy","Category":"","Description":"","Attributes":2,"ValueType":"System.String[]"},"Value":["TaskTrackingCalendar.Tests","TaskListTests"]},{"Key":{"Id":"TestObject.Traits","Label":"Traits","Category":"","Description":"","Attributes":5,"ValueType":"System.Collections.Generic.KeyValuePair`2[[System.String],[System.String]][]"},"Value":[]}]},"Attachments":[],"Outcome":1,"ErrorMessage":null,"ErrorStackTrace":null,"DisplayName":"TestUpdateReminder_WhenInvalid_Fails","Messages":[],"ComputerName":null,"Duration":"00:00:00.0001446","StartTime":"2021-10-22T14:14:21.8044263-04:00","EndTime":"2021-10-22T14:14:21.8046945-04:00","Properties":[{"Key":{"Id":"ExecutionId","Label":"ExecutionId","Category":"","Description":"","Attributes":1,"ValueType":"System.Guid"},"Value":"00000000-0000-0000-0000-000000000000"},{"Key":{"Id":"ParentExecId","Label":"ParentExecId","Category":"","Description":"","Attributes":1,"ValueType":"System.Guid"},"Value":"00000000-0000-0000-0000-000000000000"},{"Key":{"Id":"InnerResultsCount","Label":"InnerResultsCount","Category":"","Description":"","Attributes":1,"ValueType":"System.Int32"},"Value":0}]},{"TestCase":{"Id":"83eda562-fb00-67a2-8d27-58ba31d93c67","FullyQualifiedName":"TaskTrackingCalendar.Tests.TaskListTests.TestDeleteReminder_WhenValid_Succeeds","DisplayName":"TestDeleteReminder_WhenValid_Succeeds","ExecutorUri":"executor://MSTestAdapter/v2","Source":"C:\\Users\\vbess\\source\\repos\\TaskTrackingCalendar\\TaskListTests\\bin\\Debug\\.netcoreapp,version=v5.0\\fine-code-coverage\\build-output\\TaskListTests.dll","CodeFilePath":null,"LineNumber":-1,"Properties":[{"Key":{"Id":"TestCase.ManagedType","Label":"ManagedType","Category":"","Description":"","Attributes":1,"ValueType":"System.String"},"Value":"TaskTrackingCalendar.Tests.TaskListTests"},{"Key":{"Id":"TestCase.ManagedMethod","Label":"ManagedMethod","Category":"","Description":"","Attributes":1,"ValueType":"System.String"},"Value":"TestDeleteReminder_WhenValid_Succeeds"},{"Key":{"Id":"MSTestDiscoverer.TestClassName","Label":"ClassName","Category":"","Description":"","Attributes":1,"ValueType":"System.String"},"Value":"TaskTrackingCalendar.Tests.TaskListTests"},{"Key":{"Id":"TestCase.Hierarchy","Label":"Hierarchy","Category":"","Description":"","Attributes":2,"ValueType":"System.String[]"},"Value":["TaskTrackingCalendar.Tests","TaskListTests"]},{"Key":{"Id":"TestObject.Traits","Label":"Traits","Category":"","Description":"","Attributes":5,"ValueType":"System.Collections.Generic.KeyValuePair`2[[System.String],[System.String]][]"},"Value":[]}]},"Attachments":[],"Outcome":1,"ErrorMessage":null,"ErrorStackTrace":null,"DisplayName":"TestDeleteReminder_WhenValid_Succeeds","Messages":[],"ComputerName":null,"Duration":"00:00:00.0003304","StartTime":"2021-10-22T14:14:21.8059947-04:00","EndTime":"2021-10-22T14:14:21.8064469-04:00","Properties":[{"Key":{"Id":"ExecutionId","Label":"ExecutionId","Category":"","Description":"","Attributes":1,"ValueType":"System.Guid"},"Value":"00000000-0000-0000-0000-000000000000"},{"Key":{"Id":"ParentExecId","Label":"ParentExecId","Category":"","Description":"","Attributes":1,"ValueType":"System.Guid"},"Value":"00000000-0000-0000-0000-000000000000"},{"Key":{"Id":"InnerResultsCount","Label":"InnerResultsCount","Category":"","Description":"","Attributes":1,"ValueType":"System.Int32"},"Value":0}]}],"TestRunStatistics":{"ExecutedTests":18,"Stats":{"Passed":18}},"ActiveTests":[{"Id":"70956029-a4da-4ac1-9393-58eb79f0b09a","FullyQualifiedName":"TaskTrackingCalendar.Tests.TaskListTests.TestDeleteReminder_WhenInvalid_Fails","DisplayName":"TestDeleteReminder_WhenInvalid_Fails","ExecutorUri":"executor://MSTestAdapter/v2","Source":"C:\\Users\\vbess\\source\\repos\\TaskTrackingCalendar\\TaskListTests\\bin\\Debug\\.netcoreapp,version=v5.0\\fine-code-coverage\\build-output\\TaskListTests.dll","CodeFilePath":null,"LineNumber":-1,"Properties":[{"Key":{"Id":"TestCase.ManagedType","Label":"ManagedType","Category":"","Description":"","Attributes":1,"ValueType":"System.String"},"Value":"TaskTrackingCalendar.Tests.TaskListTests"},{"Key":{"Id":"TestCase.ManagedMethod","Label":"ManagedMethod","Category":"","Description":"","Attributes":1,"ValueType":"System.String"},"Value":"TestDeleteReminder_WhenInvalid_Fails"},{"Key":{"Id":"MSTestDiscoverer.TestClassName","Label":"ClassName","Category":"","Description":"","Attributes":1,"ValueType":"System.String"},"Value":"TaskTrackingCalendar.Tests.TaskListTests"},{"Key":{"Id":"TestCase.Hierarchy","Label":"Hierarchy","Category":"","Description":"","Attributes":2,"ValueType":"System.String[]"},"Value":["TaskTrackingCalendar.Tests","TaskListTests"]},{"Key":{"Id":"TestObject.Traits","Label":"Traits","Category":"","Description":"","Attributes":5,"ValueType":"System.Collections.Generic.KeyValuePair`2[[System.String],[System.String]][]"},"Value":[]}]}]}}
TpTrace Verbose: 0 : 11696, 4, 2021/10/22, 14:14:21.808, 6333331241614, testhost.dll, TestRunCache: OnNewTestResult: Notified the onCacheHit callback.
TpTrace Information: 0 : 11696, 4, 2021/10/22, 14:14:21.809, 6333331249590, testhost.dll, MSTest - Executing test TestDeleteReminder_WhenInvalid_Fails
TpTrace Information: 0 : 11696, 4, 2021/10/22, 14:14:21.809, 6333331252547, testhost.dll, MSTest - Executed test TestDeleteReminder_WhenInvalid_Fails
TpTrace Verbose: 0 : 11696, 4, 2021/10/22, 14:14:21.809, 6333331252903, testhost.dll, TestExecutionRecorder.RecordEnd: test: TaskTrackingCalendar.Tests.TaskListTests.TestDeleteReminder_WhenInvalid_Fails execution completed.
TpTrace Warning: 0 : 11696, 4, 2021/10/22, 14:14:21.809, 6333331253104, testhost.dll, TestRunCache: InProgressTests is null
TpTrace Verbose: 0 : 11696, 4, 2021/10/22, 14:14:21.810, 6333331259880, testhost.dll, TestExecutionRecorder.RecordResult: Received result for test: TaskTrackingCalendar.Tests.TaskListTests.TestDeleteReminder_WhenInvalid_Fails.
TpTrace Warning: 0 : 11696, 4, 2021/10/22, 14:14:21.810, 6333331260273, testhost.dll, TestRunCache: InProgressTests is null
TpTrace Warning: 0 : 11696, 4, 2021/10/22, 14:14:21.810, 6333331260470, testhost.dll, TestRunCache: No test found corresponding to testResult 'TestDeleteReminder_WhenInvalid_Fails' in inProgress list.
TpTrace Verbose: 0 : 11696, 4, 2021/10/22, 14:14:21.810, 6333331260839, testhost.dll, TestExecutionRecorder.RecordStart: Starting test: TaskTrackingCalendar.Tests.TaskListTests.TestCompleteTask_WhenTaskExists_Succeeds.
TpTrace Information: 0 : 11696, 4, 2021/10/22, 14:14:21.810, 6333331266822, testhost.dll, MSTest - Executing test TestCompleteTask_WhenTaskExists_Succeeds
TpTrace Information: 0 : 11696, 4, 2021/10/22, 14:14:21.811, 6333331271539, testhost.dll, MSTest - Executed test TestCompleteTask_WhenTaskExists_Succeeds
TpTrace Verbose: 0 : 11696, 4, 2021/10/22, 14:14:21.811, 6333331271952, testhost.dll, TestExecutionRecorder.RecordEnd: test: TaskTrackingCalendar.Tests.TaskListTests.TestCompleteTask_WhenTaskExists_Succeeds execution completed.
TpTrace Verbose: 0 : 11696, 4, 2021/10/22, 14:14:21.812, 6333331278367, testhost.dll, TestExecutionRecorder.RecordResult: Received result for test: TaskTrackingCalendar.Tests.TaskListTests.TestCompleteTask_WhenTaskExists_Succeeds.
TpTrace Warning: 0 : 11696, 4, 2021/10/22, 14:14:21.812, 6333331278768, testhost.dll, TestRunCache: InProgressTests is null
TpTrace Warning: 0 : 11696, 4, 2021/10/22, 14:14:21.812, 6333331278975, testhost.dll, TestRunCache: No test found corresponding to testResult 'TestCompleteTask_WhenTaskExists_Succeeds' in inProgress list.
TpTrace Verbose: 0 : 11696, 4, 2021/10/22, 14:14:21.812, 6333331279330, testhost.dll, TestExecutionRecorder.RecordStart: Starting test: TaskTrackingCalendar.Tests.TaskListTests.TestCompleteTask_WhenNoTask_Fails.
TpTrace Information: 0 : 11696, 4, 2021/10/22, 14:14:21.812, 6333331285222, testhost.dll, MSTest - Executing test TestCompleteTask_WhenNoTask_Fails
TpTrace Information: 0 : 11696, 4, 2021/10/22, 14:14:21.813, 6333331287278, testhost.dll, MSTest - Executed test TestCompleteTask_WhenNoTask_Fails
TpTrace Verbose: 0 : 11696, 4, 2021/10/22, 14:14:21.813, 6333331287601, testhost.dll, TestExecutionRecorder.RecordEnd: test: TaskTrackingCalendar.Tests.TaskListTests.TestCompleteTask_WhenNoTask_Fails execution completed.
TpTrace Verbose: 0 : 11696, 4, 2021/10/22, 14:14:21.813, 6333331294273, testhost.dll, TestExecutionRecorder.RecordResult: Received result for test: TaskTrackingCalendar.Tests.TaskListTests.TestCompleteTask_WhenNoTask_Fails.
TpTrace Warning: 0 : 11696, 4, 2021/10/22, 14:14:21.813, 6333331294654, testhost.dll, TestRunCache: InProgressTests is null
TpTrace Warning: 0 : 11696, 4, 2021/10/22, 14:14:21.813, 6333331294851, testhost.dll, TestRunCache: No test found corresponding to testResult 'TestCompleteTask_WhenNoTask_Fails' in inProgress list.
TpTrace Verbose: 0 : 11696, 4, 2021/10/22, 14:14:21.813, 6333331295180, testhost.dll, TestExecutionRecorder.RecordStart: Starting test: TaskTrackingCalendar.Tests.TaskListTests.TestSummaryData_WhenSorted_WithClass.
TpTrace Information: 0 : 11696, 4, 2021/10/22, 14:14:21.814, 6333331301343, testhost.dll, MSTest - Executing test TestSummaryData_WhenSorted_WithClass
TpTrace Information: 0 : 11696, 4, 2021/10/22, 14:14:21.817, 6333331334160, testhost.dll, AssemblyResolver.OnResolve: Microsoft.VisualStudio.TestPlatform.MSTest.TestAdapter.resources: Resolving assembly.
TpTrace Information: 0 : 11696, 4, 2021/10/22, 14:14:21.817, 6333331334764, testhost.dll, AssemblyResolver.OnResolve: Microsoft.VisualStudio.TestPlatform.MSTest.TestAdapter.resources: Searching in: 'C:\Users\vbess\source\repos\TaskTrackingCalendar\TaskListTests\bin\Debug\.netcoreapp,version=v5.0\fine-code-coverage\build-output'.
TpTrace Information: 0 : 11696, 4, 2021/10/22, 14:14:21.817, 6333331335367, testhost.dll, AssemblyResolver.OnResolve: Microsoft.VisualStudio.TestPlatform.MSTest.TestAdapter.resources: Assembly path does not exist: 'C:\Users\vbess\source\repos\TaskTrackingCalendar\TaskListTests\bin\Debug\.netcoreapp,version=v5.0\fine-code-coverage\build-output\Microsoft.VisualStudio.TestPlatform.MSTest.TestAdapter.resources.dll', returning.
TpTrace Information: 0 : 11696, 4, 2021/10/22, 14:14:21.817, 6333331335834, testhost.dll, AssemblyResolver.OnResolve: Microsoft.VisualStudio.TestPlatform.MSTest.TestAdapter.resources: Assembly path does not exist: 'C:\Users\vbess\source\repos\TaskTrackingCalendar\TaskListTests\bin\Debug\.netcoreapp,version=v5.0\fine-code-coverage\build-output\Microsoft.VisualStudio.TestPlatform.MSTest.TestAdapter.resources.exe', returning.
TpTrace Information: 0 : 11696, 4, 2021/10/22, 14:14:21.817, 6333331336049, testhost.dll, AssemblyResolver.OnResolve: Microsoft.VisualStudio.TestPlatform.MSTest.TestAdapter.resources: Failed to load assembly.
TpTrace Information: 0 : 11696, 4, 2021/10/22, 14:14:21.832, 6333331482162, testhost.dll, MSTest - Executed test TestSummaryData_WhenSorted_WithClass
TpTrace Verbose: 0 : 11696, 4, 2021/10/22, 14:14:21.832, 6333331482967, testhost.dll, TestExecutionRecorder.RecordEnd: test: TaskTrackingCalendar.Tests.TaskListTests.TestSummaryData_WhenSorted_WithClass execution completed.
TpTrace Information: 0 : 11696, 4, 2021/10/22, 14:14:21.833, 6333331492074, testhost.dll, MSTest - MSTestExecutor:Test TaskTrackingCalendar.Tests.TaskListTests.TestSummaryData_WhenSorted_WithClass failed. ErrorMessage:Test method TaskTrackingCalendar.Tests.TaskListTests.TestSummaryData_WhenSorted_WithClass threw exception: 
System.ArgumentOutOfRangeException: Index was out of range. Must be non-negative and less than the size of the collection. (Parameter 'index'), ErrorStackTrace:    at System.Collections.Generic.List`1.get_Item(Int32 index)
   at TaskTrackingCalendar.TaskList.selectionSort(List`1 taskList) in C:\Users\vbess\source\repos\TaskTrackingCalendar\TaskList\TaskList.cs:line 326
   at TaskTrackingCalendar.TaskList.SummaryData(Boolean sortPriority, String sortClassName) in C:\Users\vbess\source\repos\TaskTrackingCalendar\TaskList\TaskList.cs:line 272
   at TaskTrackingCalendar.Tests.TaskListTests.TestSummaryData_WhenSorted_WithClass() in C:\Users\vbess\source\repos\TaskTrackingCalendar\TaskListTests\TaskListTests.cs:line 349
.
TpTrace Verbose: 0 : 11696, 4, 2021/10/22, 14:14:21.833, 6333331492508, testhost.dll, TestExecutionRecorder.RecordResult: Received result for test: TaskTrackingCalendar.Tests.TaskListTests.TestSummaryData_WhenSorted_WithClass.
TpTrace Warning: 0 : 11696, 4, 2021/10/22, 14:14:21.833, 6333331492843, testhost.dll, TestRunCache: InProgressTests is null
TpTrace Warning: 0 : 11696, 4, 2021/10/22, 14:14:21.833, 6333331493040, testhost.dll, TestRunCache: No test found corresponding to testResult 'TestSummaryData_WhenSorted_WithClass' in inProgress list.
TpTrace Verbose: 0 : 11696, 4, 2021/10/22, 14:14:21.833, 6333331493481, testhost.dll, TestExecutionRecorder.RecordStart: Starting test: TaskTrackingCalendar.Tests.TaskListTests.TestSummaryData_WhenNotSorted_WithClass.
TpTrace Information: 0 : 11696, 4, 2021/10/22, 14:14:21.834, 6333331500075, testhost.dll, MSTest - Executing test TestSummaryData_WhenNotSorted_WithClass
TpTrace Information: 0 : 11696, 4, 2021/10/22, 14:14:21.835, 6333331513904, testhost.dll, AssemblyResolver.OnResolve: Microsoft.VisualStudio.TestPlatform.TestFramework.resources: Resolving assembly.
TpTrace Information: 0 : 11696, 4, 2021/10/22, 14:14:21.835, 6333331514364, testhost.dll, AssemblyResolver.OnResolve: Microsoft.VisualStudio.TestPlatform.TestFramework.resources: Searching in: 'C:\Users\vbess\source\repos\TaskTrackingCalendar\TaskListTests\bin\Debug\.netcoreapp,version=v5.0\fine-code-coverage\build-output'.
TpTrace Information: 0 : 11696, 4, 2021/10/22, 14:14:21.835, 6333331514917, testhost.dll, AssemblyResolver.OnResolve: Microsoft.VisualStudio.TestPlatform.TestFramework.resources: Assembly path does not exist: 'C:\Users\vbess\source\repos\TaskTrackingCalendar\TaskListTests\bin\Debug\.netcoreapp,version=v5.0\fine-code-coverage\build-output\Microsoft.VisualStudio.TestPlatform.TestFramework.resources.dll', returning.
TpTrace Information: 0 : 11696, 4, 2021/10/22, 14:14:21.835, 6333331515428, testhost.dll, AssemblyResolver.OnResolve: Microsoft.VisualStudio.TestPlatform.TestFramework.resources: Assembly path does not exist: 'C:\Users\vbess\source\repos\TaskTrackingCalendar\TaskListTests\bin\Debug\.netcoreapp,version=v5.0\fine-code-coverage\build-output\Microsoft.VisualStudio.TestPlatform.TestFramework.resources.exe', returning.
TpTrace Information: 0 : 11696, 4, 2021/10/22, 14:14:21.835, 6333331515653, testhost.dll, AssemblyResolver.OnResolve: Microsoft.VisualStudio.TestPlatform.TestFramework.resources: Failed to load assembly.
TpTrace Information: 0 : 11696, 4, 2021/10/22, 14:14:21.835, 6333331516421, testhost.dll, MSTest - Executed test TestSummaryData_WhenNotSorted_WithClass
TpTrace Verbose: 0 : 11696, 4, 2021/10/22, 14:14:21.835, 6333331516726, testhost.dll, TestExecutionRecorder.RecordEnd: test: TaskTrackingCalendar.Tests.TaskListTests.TestSummaryData_WhenNotSorted_WithClass execution completed.
TpTrace Verbose: 0 : 11696, 4, 2021/10/22, 14:14:21.836, 6333331524095, testhost.dll, TestExecutionRecorder.RecordResult: Received result for test: TaskTrackingCalendar.Tests.TaskListTests.TestSummaryData_WhenNotSorted_WithClass.
TpTrace Warning: 0 : 11696, 4, 2021/10/22, 14:14:21.836, 6333331524521, testhost.dll, TestRunCache: InProgressTests is null
TpTrace Warning: 0 : 11696, 4, 2021/10/22, 14:14:21.836, 6333331524731, testhost.dll, TestRunCache: No test found corresponding to testResult 'TestSummaryData_WhenNotSorted_WithClass' in inProgress list.
TpTrace Verbose: 0 : 11696, 4, 2021/10/22, 14:14:21.836, 6333331525089, testhost.dll, TestExecutionRecorder.RecordStart: Starting test: TaskTrackingCalendar.Tests.TaskListTests.TestSummaryData_WhenSorted_WithOutClass.
TpTrace Information: 0 : 11696, 4, 2021/10/22, 14:14:21.837, 6333331531569, testhost.dll, MSTest - Executing test TestSummaryData_WhenSorted_WithOutClass
TpTrace Information: 0 : 11696, 4, 2021/10/22, 14:14:21.839, 6333331547253, testhost.dll, MSTest - Executed test TestSummaryData_WhenSorted_WithOutClass
TpTrace Verbose: 0 : 11696, 4, 2021/10/22, 14:14:21.839, 6333331547687, testhost.dll, TestExecutionRecorder.RecordEnd: test: TaskTrackingCalendar.Tests.TaskListTests.TestSummaryData_WhenSorted_WithOutClass execution completed.
TpTrace Information: 0 : 11696, 4, 2021/10/22, 14:14:21.842, 6333331576878, testhost.dll, MSTest - MSTestExecutor:Test TaskTrackingCalendar.Tests.TaskListTests.TestSummaryData_WhenSorted_WithOutClass failed. ErrorMessage:CollectionAssert.AreEqual failed. (Element at index 0 do not match.), ErrorStackTrace:   at TaskTrackingCalendar.Tests.TaskListTests.TestSummaryData_WhenSorted_WithOutClass() in C:\Users\vbess\source\repos\TaskTrackingCalendar\TaskListTests\TaskListTests.cs:line 402
.
TpTrace Verbose: 0 : 11696, 4, 2021/10/22, 14:14:21.842, 6333331577358, testhost.dll, TestExecutionRecorder.RecordResult: Received result for test: TaskTrackingCalendar.Tests.TaskListTests.TestSummaryData_WhenSorted_WithOutClass.
TpTrace Warning: 0 : 11696, 4, 2021/10/22, 14:14:21.842, 6333331577715, testhost.dll, TestRunCache: InProgressTests is null
TpTrace Warning: 0 : 11696, 4, 2021/10/22, 14:14:21.842, 6333331577914, testhost.dll, TestRunCache: No test found corresponding to testResult 'TestSummaryData_WhenSorted_WithOutClass' in inProgress list.
TpTrace Verbose: 0 : 11696, 4, 2021/10/22, 14:14:21.842, 6333331578310, testhost.dll, TestExecutionRecorder.RecordStart: Starting test: TaskTrackingCalendar.Tests.TaskListTests.TestSummaryData_WhenNotSorted_WithOutClass.
TpTrace Information: 0 : 11696, 4, 2021/10/22, 14:14:21.842, 6333331584272, testhost.dll, MSTest - Executing test TestSummaryData_WhenNotSorted_WithOutClass
TpTrace Information: 0 : 11696, 4, 2021/10/22, 14:14:21.843, 6333331592507, testhost.dll, MSTest - Executed test TestSummaryData_WhenNotSorted_WithOutClass
TpTrace Verbose: 0 : 11696, 4, 2021/10/22, 14:14:21.843, 6333331592875, testhost.dll, TestExecutionRecorder.RecordEnd: test: TaskTrackingCalendar.Tests.TaskListTests.TestSummaryData_WhenNotSorted_WithOutClass execution completed.
TpTrace Information: 0 : 11696, 4, 2021/10/22, 14:14:21.844, 6333331599664, testhost.dll, MSTest - MSTestExecutor:Test TaskTrackingCalendar.Tests.TaskListTests.TestSummaryData_WhenNotSorted_WithOutClass failed. ErrorMessage:CollectionAssert.AreEqual failed. (Element at index 0 do not match.), ErrorStackTrace:   at TaskTrackingCalendar.Tests.TaskListTests.TestSummaryData_WhenNotSorted_WithOutClass() in C:\Users\vbess\source\repos\TaskTrackingCalendar\TaskListTests\TaskListTests.cs:line 428
.
TpTrace Verbose: 0 : 11696, 4, 2021/10/22, 14:14:21.844, 6333331599976, testhost.dll, TestExecutionRecorder.RecordResult: Received result for test: TaskTrackingCalendar.Tests.TaskListTests.TestSummaryData_WhenNotSorted_WithOutClass.
TpTrace Warning: 0 : 11696, 4, 2021/10/22, 14:14:21.844, 6333331600239, testhost.dll, TestRunCache: InProgressTests is null
TpTrace Warning: 0 : 11696, 4, 2021/10/22, 14:14:21.844, 6333331600432, testhost.dll, TestRunCache: No test found corresponding to testResult 'TestSummaryData_WhenNotSorted_WithOutClass' in inProgress list.
TpTrace Verbose: 0 : 11696, 4, 2021/10/22, 14:14:21.844, 6333331600770, testhost.dll, TestExecutionRecorder.RecordStart: Starting test: TaskTrackingCalendar.Tests.TaskListTests.TestSummaryData_NoClass.
TpTrace Information: 0 : 11696, 4, 2021/10/22, 14:14:21.845, 6333331606848, testhost.dll, MSTest - Executing test TestSummaryData_NoClass
TpTrace Information: 0 : 11696, 4, 2021/10/22, 14:14:21.845, 6333331608833, testhost.dll, MSTest - Executed test TestSummaryData_NoClass
TpTrace Verbose: 0 : 11696, 4, 2021/10/22, 14:14:21.845, 6333331609169, testhost.dll, TestExecutionRecorder.RecordEnd: test: TaskTrackingCalendar.Tests.TaskListTests.TestSummaryData_NoClass execution completed.
TpTrace Verbose: 0 : 11696, 4, 2021/10/22, 14:14:21.845, 6333331615403, testhost.dll, TestExecutionRecorder.RecordResult: Received result for test: TaskTrackingCalendar.Tests.TaskListTests.TestSummaryData_NoClass.
TpTrace Warning: 0 : 11696, 4, 2021/10/22, 14:14:21.845, 6333331615757, testhost.dll, TestRunCache: InProgressTests is null
TpTrace Warning: 0 : 11696, 4, 2021/10/22, 14:14:21.845, 6333331615953, testhost.dll, TestRunCache: No test found corresponding to testResult 'TestSummaryData_NoClass' in inProgress list.
TpTrace Verbose: 0 : 11696, 4, 2021/10/22, 14:14:21.845, 6333331616245, testhost.dll, TestExecutionRecorder.RecordStart: Starting test: TaskTrackingCalendar.Tests.TaskListTests.TestCalendarData.
TpTrace Information: 0 : 11696, 4, 2021/10/22, 14:14:21.846, 6333331622319, testhost.dll, MSTest - Executing test TestCalendarData
TpTrace Information: 0 : 11696, 4, 2021/10/22, 14:14:21.847, 6333331631863, testhost.dll, MSTest - Executed test TestCalendarData
TpTrace Verbose: 0 : 11696, 4, 2021/10/22, 14:14:21.847, 6333331632227, testhost.dll, TestExecutionRecorder.RecordEnd: test: TaskTrackingCalendar.Tests.TaskListTests.TestCalendarData execution completed.
TpTrace Information: 0 : 11696, 4, 2021/10/22, 14:14:21.848, 6333331638611, testhost.dll, MSTest - MSTestExecutor:Test TaskTrackingCalendar.Tests.TaskListTests.TestCalendarData failed. ErrorMessage:CollectionAssert.AreEqual failed. (Different number of elements.), ErrorStackTrace:   at TaskTrackingCalendar.Tests.TaskListTests.TestCalendarData() in C:\Users\vbess\source\repos\TaskTrackingCalendar\TaskListTests\TaskListTests.cs:line 461
.
TpTrace Verbose: 0 : 11696, 4, 2021/10/22, 14:14:21.848, 6333331638919, testhost.dll, TestExecutionRecorder.RecordResult: Received result for test: TaskTrackingCalendar.Tests.TaskListTests.TestCalendarData.
TpTrace Warning: 0 : 11696, 4, 2021/10/22, 14:14:21.848, 6333331639208, testhost.dll, TestRunCache: InProgressTests is null
TpTrace Warning: 0 : 11696, 4, 2021/10/22, 14:14:21.848, 6333331639406, testhost.dll, TestRunCache: No test found corresponding to testResult 'TestCalendarData' in inProgress list.
TpTrace Verbose: 0 : 11696, 4, 2021/10/22, 14:14:21.848, 6333331639706, testhost.dll, TestExecutionRecorder.RecordStart: Starting test: TaskTrackingCalendar.Tests.TaskListTests.TestCalendarData_NoValues.
TpTrace Information: 0 : 11696, 4, 2021/10/22, 14:14:21.848, 6333331639924, testhost.dll, Sending test run statistics
TpTrace Verbose: 0 : 11696, 4, 2021/10/22, 14:14:21.849, 6333331648195, testhost.dll, TestRequestHandler.SendData:  sending data from testhost: {"Version":5,"MessageType":"TestExecution.StatsChange","Payload":{"NewTestResults":[{"TestCase":{"Id":"70956029-a4da-4ac1-9393-58eb79f0b09a","FullyQualifiedName":"TaskTrackingCalendar.Tests.TaskListTests.TestDeleteReminder_WhenInvalid_Fails","DisplayName":"TestDeleteReminder_WhenInvalid_Fails","ExecutorUri":"executor://MSTestAdapter/v2","Source":"C:\\Users\\vbess\\source\\repos\\TaskTrackingCalendar\\TaskListTests\\bin\\Debug\\.netcoreapp,version=v5.0\\fine-code-coverage\\build-output\\TaskListTests.dll","CodeFilePath":null,"LineNumber":-1,"Properties":[{"Key":{"Id":"TestCase.ManagedType","Label":"ManagedType","Category":"","Description":"","Attributes":1,"ValueType":"System.String"},"Value":"TaskTrackingCalendar.Tests.TaskListTests"},{"Key":{"Id":"TestCase.ManagedMethod","Label":"ManagedMethod","Category":"","Description":"","Attributes":1,"ValueType":"System.String"},"Value":"TestDeleteReminder_WhenInvalid_Fails"},{"Key":{"Id":"MSTestDiscoverer.TestClassName","Label":"ClassName","Category":"","Description":"","Attributes":1,"ValueType":"System.String"},"Value":"TaskTrackingCalendar.Tests.TaskListTests"},{"Key":{"Id":"TestCase.Hierarchy","Label":"Hierarchy","Category":"","Description":"","Attributes":2,"ValueType":"System.String[]"},"Value":["TaskTrackingCalendar.Tests","TaskListTests"]},{"Key":{"Id":"TestObject.Traits","Label":"Traits","Category":"","Description":"","Attributes":5,"ValueType":"System.Collections.Generic.KeyValuePair`2[[System.String],[System.String]][]"},"Value":[]}]},"Attachments":[],"Outcome":1,"ErrorMessage":null,"ErrorStackTrace":null,"DisplayName":"TestDeleteReminder_WhenInvalid_Fails","Messages":[],"ComputerName":null,"Duration":"00:00:00.0001767","StartTime":"2021-10-22T14:14:21.8092692-04:00","EndTime":"2021-10-22T14:14:21.8095999-04:00","Properties":[{"Key":{"Id":"ExecutionId","Label":"ExecutionId","Category":"","Description":"","Attributes":1,"ValueType":"System.Guid"},"Value":"00000000-0000-0000-0000-000000000000"},{"Key":{"Id":"ParentExecId","Label":"ParentExecId","Category":"","Description":"","Attributes":1,"ValueType":"System.Guid"},"Value":"00000000-0000-0000-0000-000000000000"},{"Key":{"Id":"InnerResultsCount","Label":"InnerResultsCount","Category":"","Description":"","Attributes":1,"ValueType":"System.Int32"},"Value":0}]},{"TestCase":{"Id":"4a05fb14-1ad2-920d-4c6c-738347f4f542","FullyQualifiedName":"TaskTrackingCalendar.Tests.TaskListTests.TestCompleteTask_WhenTaskExists_Succeeds","DisplayName":"TestCompleteTask_WhenTaskExists_Succeeds","ExecutorUri":"executor://MSTestAdapter/v2","Source":"C:\\Users\\vbess\\source\\repos\\TaskTrackingCalendar\\TaskListTests\\bin\\Debug\\.netcoreapp,version=v5.0\\fine-code-coverage\\build-output\\TaskListTests.dll","CodeFilePath":null,"LineNumber":-1,"Properties":[{"Key":{"Id":"TestCase.ManagedType","Label":"ManagedType","Category":"","Description":"","Attributes":1,"ValueType":"System.String"},"Value":"TaskTrackingCalendar.Tests.TaskListTests"},{"Key":{"Id":"TestCase.ManagedMethod","Label":"ManagedMethod","Category":"","Description":"","Attributes":1,"ValueType":"System.String"},"Value":"TestCompleteTask_WhenTaskExists_Succeeds"},{"Key":{"Id":"MSTestDiscoverer.TestClassName","Label":"ClassName","Category":"","Description":"","Attributes":1,"ValueType":"System.String"},"Value":"TaskTrackingCalendar.Tests.TaskListTests"},{"Key":{"Id":"TestCase.Hierarchy","Label":"Hierarchy","Category":"","Description":"","Attributes":2,"ValueType":"System.String[]"},"Value":["TaskTrackingCalendar.Tests","TaskListTests"]},{"Key":{"Id":"TestObject.Traits","Label":"Traits","Category":"","Description":"","Attributes":5,"ValueType":"System.Collections.Generic.KeyValuePair`2[[System.String],[System.String]][]"},"Value":[]}]},"Attachments":[],"Outcome":1,"ErrorMessage":null,"ErrorStackTrace":null,"DisplayName":"TestCompleteTask_WhenTaskExists_Succeeds","Messages":[],"ComputerName":null,"Duration":"00:00:00.0003820","StartTime":"2021-10-22T14:14:21.810995-04:00","EndTime":"2021-10-22T14:14:21.8115029-04:00","Properties":[{"Key":{"Id":"ExecutionId","Label":"ExecutionId","Category":"","Description":"","Attributes":1,"ValueType":"System.Guid"},"Value":"00000000-0000-0000-0000-000000000000"},{"Key":{"Id":"ParentExecId","Label":"ParentExecId","Category":"","Description":"","Attributes":1,"ValueType":"System.Guid"},"Value":"00000000-0000-0000-0000-000000000000"},{"Key":{"Id":"InnerResultsCount","Label":"InnerResultsCount","Category":"","Description":"","Attributes":1,"ValueType":"System.Int32"},"Value":0}]},{"TestCase":{"Id":"425b1efc-492d-1f29-0f26-5542e70aeec6","FullyQualifiedName":"TaskTrackingCalendar.Tests.TaskListTests.TestCompleteTask_WhenNoTask_Fails","DisplayName":"TestCompleteTask_WhenNoTask_Fails","ExecutorUri":"executor://MSTestAdapter/v2","Source":"C:\\Users\\vbess\\source\\repos\\TaskTrackingCalendar\\TaskListTests\\bin\\Debug\\.netcoreapp,version=v5.0\\fine-code-coverage\\build-output\\TaskListTests.dll","CodeFilePath":null,"LineNumber":-1,"Properties":[{"Key":{"Id":"TestCase.ManagedType","Label":"ManagedType","Category":"","Description":"","Attributes":1,"ValueType":"System.String"},"Value":"TaskTrackingCalendar.Tests.TaskListTests"},{"Key":{"Id":"TestCase.ManagedMethod","Label":"ManagedMethod","Category":"","Description":"","Attributes":1,"ValueType":"System.String"},"Value":"TestCompleteTask_WhenNoTask_Fails"},{"Key":{"Id":"MSTestDiscoverer.TestClassName","Label":"ClassName","Category":"","Description":"","Attributes":1,"ValueType":"System.String"},"Value":"TaskTrackingCalendar.Tests.TaskListTests"},{"Key":{"Id":"TestCase.Hierarchy","Label":"Hierarchy","Category":"","Description":"","Attributes":2,"ValueType":"System.String[]"},"Value":["TaskTrackingCalendar.Tests","TaskListTests"]},{"Key":{"Id":"TestObject.Traits","Label":"Traits","Category":"","Description":"","Attributes":5,"ValueType":"System.Collections.Generic.KeyValuePair`2[[System.String],[System.String]][]"},"Value":[]}]},"Attachments":[],"Outcome":1,"ErrorMessage":null,"ErrorStackTrace":null,"DisplayName":"TestCompleteTask_WhenNoTask_Fails","Messages":[],"ComputerName":null,"Duration":"00:00:00.0001145","StartTime":"2021-10-22T14:14:21.812835-04:00","EndTime":"2021-10-22T14:14:21.8130715-04:00","Properties":[{"Key":{"Id":"ExecutionId","Label":"ExecutionId","Category":"","Description":"","Attributes":1,"ValueType":"System.Guid"},"Value":"00000000-0000-0000-0000-000000000000"},{"Key":{"Id":"ParentExecId","Label":"ParentExecId","Category":"","Description":"","Attributes":1,"ValueType":"System.Guid"},"Value":"00000000-0000-0000-0000-000000000000"},{"Key":{"Id":"InnerResultsCount","Label":"InnerResultsCount","Category":"","Description":"","Attributes":1,"ValueType":"System.Int32"},"Value":0}]},{"TestCase":{"Id":"ec626fb5-b5c1-dfe7-9150-673cf07e0129","FullyQualifiedName":"TaskTrackingCalendar.Tests.TaskListTests.TestSummaryData_WhenSorted_WithClass","DisplayName":"TestSummaryData_WhenSorted_WithClass","ExecutorUri":"executor://MSTestAdapter/v2","Source":"C:\\Users\\vbess\\source\\repos\\TaskTrackingCalendar\\TaskListTests\\bin\\Debug\\.netcoreapp,version=v5.0\\fine-code-coverage\\build-output\\TaskListTests.dll","CodeFilePath":null,"LineNumber":-1,"Properties":[{"Key":{"Id":"TestCase.ManagedType","Label":"ManagedType","Category":"","Description":"","Attributes":1,"ValueType":"System.String"},"Value":"TaskTrackingCalendar.Tests.TaskListTests"},{"Key":{"Id":"TestCase.ManagedMethod","Label":"ManagedMethod","Category":"","Description":"","Attributes":1,"ValueType":"System.String"},"Value":"TestSummaryData_WhenSorted_WithClass"},{"Key":{"Id":"MSTestDiscoverer.TestClassName","Label":"ClassName","Category":"","Description":"","Attributes":1,"ValueType":"System.String"},"Value":"TaskTrackingCalendar.Tests.TaskListTests"},{"Key":{"Id":"TestCase.Hierarchy","Label":"Hierarchy","Category":"","Description":"","Attributes":2,"ValueType":"System.String[]"},"Value":["TaskTrackingCalendar.Tests","TaskListTests"]},{"Key":{"Id":"TestObject.Traits","Label":"Traits","Category":"","Description":"","Attributes":5,"ValueType":"System.Collections.Generic.KeyValuePair`2[[System.String],[System.String]][]"},"Value":[]}]},"Attachments":[],"Outcome":2,"ErrorMessage":"Test method TaskTrackingCalendar.Tests.TaskListTests.TestSummaryData_WhenSorted_WithClass threw exception: \r\nSystem.ArgumentOutOfRangeException: Index was out of range. Must be non-negative and less than the size of the collection. (Parameter 'index')","ErrorStackTrace":"    at System.Collections.Generic.List`1.get_Item(Int32 index)\r\n   at TaskTrackingCalendar.TaskList.selectionSort(List`1 taskList) in C:\\Users\\vbess\\source\\repos\\TaskTrackingCalendar\\TaskList\\TaskList.cs:line 326\r\n   at TaskTrackingCalendar.TaskList.SummaryData(Boolean sortPriority, String sortClassName) in C:\\Users\\vbess\\source\\repos\\TaskTrackingCalendar\\TaskList\\TaskList.cs:line 272\r\n   at TaskTrackingCalendar.Tests.TaskListTests.TestSummaryData_WhenSorted_WithClass() in C:\\Users\\vbess\\source\\repos\\TaskTrackingCalendar\\TaskListTests\\TaskListTests.cs:line 349\r\n","DisplayName":"TestSummaryData_WhenSorted_WithClass","Messages":[],"ComputerName":null,"Duration":"00:00:00.0176980","StartTime":"2021-10-22T14:14:21.8144466-04:00","EndTime":"2021-10-22T14:14:21.8326026-04:00","Properties":[{"Key":{"Id":"ExecutionId","Label":"ExecutionId","Category":"","Description":"","Attributes":1,"ValueType":"System.Guid"},"Value":"00000000-0000-0000-0000-000000000000"},{"Key":{"Id":"ParentExecId","Label":"ParentExecId","Category":"","Description":"","Attributes":1,"ValueType":"System.Guid"},"Value":"00000000-0000-0000-0000-000000000000"},{"Key":{"Id":"InnerResultsCount","Label":"InnerResultsCount","Category":"","Description":"","Attributes":1,"ValueType":"System.Int32"},"Value":0}]},{"TestCase":{"Id":"538832db-dba4-d60e-6c80-6d4391cfa12b","FullyQualifiedName":"TaskTrackingCalendar.Tests.TaskListTests.TestSummaryData_WhenNotSorted_WithClass","DisplayName":"TestSummaryData_WhenNotSorted_WithClass","ExecutorUri":"executor://MSTestAdapter/v2","Source":"C:\\Users\\vbess\\source\\repos\\TaskTrackingCalendar\\TaskListTests\\bin\\Debug\\.netcoreapp,version=v5.0\\fine-code-coverage\\build-output\\TaskListTests.dll","CodeFilePath":null,"LineNumber":-1,"Properties":[{"Key":{"Id":"TestCase.ManagedType","Label":"ManagedType","Category":"","Description":"","Attributes":1,"ValueType":"System.String"},"Value":"TaskTrackingCalendar.Tests.TaskListTests"},{"Key":{"Id":"TestCase.ManagedMethod","Label":"ManagedMethod","Category":"","Description":"","Attributes":1,"ValueType":"System.String"},"Value":"TestSummaryData_WhenNotSorted_WithClass"},{"Key":{"Id":"MSTestDiscoverer.TestClassName","Label":"ClassName","Category":"","Description":"","Attributes":1,"ValueType":"System.String"},"Value":"TaskTrackingCalendar.Tests.TaskListTests"},{"Key":{"Id":"TestCase.Hierarchy","Label":"Hierarchy","Category":"","Description":"","Attributes":2,"ValueType":"System.String[]"},"Value":["TaskTrackingCalendar.Tests","TaskListTests"]},{"Key":{"Id":"TestObject.Traits","Label":"Traits","Category":"","Description":"","Attributes":5,"ValueType":"System.Collections.Generic.KeyValuePair`2[[System.String],[System.String]][]"},"Value":[]}]},"Attachments":[],"Outcome":1,"ErrorMessage":null,"ErrorStackTrace":null,"DisplayName":"TestSummaryData_WhenNotSorted_WithClass","Messages":[],"ComputerName":null,"Duration":"00:00:00.0015182","StartTime":"2021-10-22T14:14:21.8343201-04:00","EndTime":"2021-10-22T14:14:21.8359823-04:00","Properties":[{"Key":{"Id":"ExecutionId","Label":"ExecutionId","Category":"","Description":"","Attributes":1,"ValueType":"System.Guid"},"Value":"00000000-0000-0000-0000-000000000000"},{"Key":{"Id":"ParentExecId","Label":"ParentExecId","Category":"","Description":"","Attributes":1,"ValueType":"System.Guid"},"Value":"00000000-0000-0000-0000-000000000000"},{"Key":{"Id":"InnerResultsCount","Label":"InnerResultsCount","Category":"","Description":"","Attributes":1,"ValueType":"System.Int32"},"Value":0}]},{"TestCase":{"Id":"9bb48289-304b-6d3e-1448-ffd4f959be2a","FullyQualifiedName":"TaskTrackingCalendar.Tests.TaskListTests.TestSummaryData_WhenSorted_WithOutClass","DisplayName":"TestSummaryData_WhenSorted_WithOutClass","ExecutorUri":"executor://MSTestAdapter/v2","Source":"C:\\Users\\vbess\\source\\repos\\TaskTrackingCalendar\\TaskListTests\\bin\\Debug\\.netcoreapp,version=v5.0\\fine-code-coverage\\build-output\\TaskListTests.dll","CodeFilePath":null,"LineNumber":-1,"Properties":[{"Key":{"Id":"TestCase.ManagedType","Label":"ManagedType","Category":"","Description":"","Attributes":1,"ValueType":"System.String"},"Value":"TaskTrackingCalendar.Tests.TaskListTests"},{"Key":{"Id":"TestCase.ManagedMethod","Label":"ManagedMethod","Category":"","Description":"","Attributes":1,"ValueType":"System.String"},"Value":"TestSummaryData_WhenSorted_WithOutClass"},{"Key":{"Id":"MSTestDiscoverer.TestClassName","Label":"ClassName","Category":"","Description":"","Attributes":1,"ValueType":"System.String"},"Value":"TaskTrackingCalendar.Tests.TaskListTests"},{"Key":{"Id":"TestCase.Hierarchy","Label":"Hierarchy","Category":"","Description":"","Attributes":2,"ValueType":"System.String[]"},"Value":["TaskTrackingCalendar.Tests","TaskListTests"]},{"Key":{"Id":"TestObject.Traits","Label":"Traits","Category":"","Description":"","Attributes":5,"ValueType":"System.Collections.Generic.KeyValuePair`2[[System.String],[System.String]][]"},"Value":[]}]},"Attachments":[],"Outcome":2,"ErrorMessage":"CollectionAssert.AreEqual failed. (Element at index 0 do not match.)","ErrorStackTrace":"   at TaskTrackingCalendar.Tests.TaskListTests.TestSummaryData_WhenSorted_WithOutClass() in C:\\Users\\vbess\\source\\repos\\TaskTrackingCalendar\\TaskListTests\\TaskListTests.cs:line 402\r\n","DisplayName":"TestSummaryData_WhenSorted_WithOutClass","Messages":[],"ComputerName":null,"Duration":"00:00:00.0014648","StartTime":"2021-10-22T14:14:21.8374696-04:00","EndTime":"2021-10-22T14:14:21.8390785-04:00","Properties":[{"Key":{"Id":"ExecutionId","Label":"ExecutionId","Category":"","Description":"","Attributes":1,"ValueType":"System.Guid"},"Value":"00000000-0000-0000-0000-000000000000"},{"Key":{"Id":"ParentExecId","Label":"ParentExecId","Category":"","Description":"","Attributes":1,"ValueType":"System.Guid"},"Value":"00000000-0000-0000-0000-000000000000"},{"Key":{"Id":"InnerResultsCount","Label":"InnerResultsCount","Category":"","Description":"","Attributes":1,"ValueType":"System.Int32"},"Value":0}]},{"TestCase":{"Id":"103fca82-1eb1-2c90-47a9-8396823e8bc7","FullyQualifiedName":"TaskTrackingCalendar.Tests.TaskListTests.TestSummaryData_WhenNotSorted_WithOutClass","DisplayName":"TestSummaryData_WhenNotSorted_WithOutClass","ExecutorUri":"executor://MSTestAdapter/v2","Source":"C:\\Users\\vbess\\source\\repos\\TaskTrackingCalendar\\TaskListTests\\bin\\Debug\\.netcoreapp,version=v5.0\\fine-code-coverage\\build-output\\TaskListTests.dll","CodeFilePath":null,"LineNumber":-1,"Properties":[{"Key":{"Id":"TestCase.ManagedType","Label":"ManagedType","Category":"","Description":"","Attributes":1,"ValueType":"System.String"},"Value":"TaskTrackingCalendar.Tests.TaskListTests"},{"Key":{"Id":"TestCase.ManagedMethod","Label":"ManagedMethod","Category":"","Description":"","Attributes":1,"ValueType":"System.String"},"Value":"TestSummaryData_WhenNotSorted_WithOutClass"},{"Key":{"Id":"MSTestDiscoverer.TestClassName","Label":"ClassName","Category":"","Description":"","Attributes":1,"ValueType":"System.String"},"Value":"TaskTrackingCalendar.Tests.TaskListTests"},{"Key":{"Id":"TestCase.Hierarchy","Label":"Hierarchy","Category":"","Description":"","Attributes":2,"ValueType":"System.String[]"},"Value":["TaskTrackingCalendar.Tests","TaskListTests"]},{"Key":{"Id":"TestObject.Traits","Label":"Traits","Category":"","Description":"","Attributes":5,"ValueType":"System.Collections.Generic.KeyValuePair`2[[System.String],[System.String]][]"},"Value":[]}]},"Attachments":[],"Outcome":2,"ErrorMessage":"CollectionAssert.AreEqual failed. (Element at index 0 do not match.)","ErrorStackTrace":"   at TaskTrackingCalendar.Tests.TaskListTests.TestSummaryData_WhenNotSorted_WithOutClass() in C:\\Users\\vbess\\source\\repos\\TaskTrackingCalendar\\TaskListTests\\TaskListTests.cs:line 428\r\n","DisplayName":"TestSummaryData_WhenNotSorted_WithOutClass","Messages":[],"ComputerName":null,"Duration":"00:00:00.0007128","StartTime":"2021-10-22T14:14:21.8427389-04:00","EndTime":"2021-10-22T14:14:21.8435982-04:00","Properties":[{"Key":{"Id":"ExecutionId","Label":"ExecutionId","Category":"","Description":"","Attributes":1,"ValueType":"System.Guid"},"Value":"00000000-0000-0000-0000-000000000000"},{"Key":{"Id":"ParentExecId","Label":"ParentExecId","Category":"","Description":"","Attributes":1,"ValueType":"System.Guid"},"Value":"00000000-0000-0000-0000-000000000000"},{"Key":{"Id":"InnerResultsCount","Label":"InnerResultsCount","Category":"","Description":"","Attributes":1,"ValueType":"System.Int32"},"Value":0}]},{"TestCase":{"Id":"fdb85c58-4ac0-1a40-f723-c37472b9274d","FullyQualifiedName":"TaskTrackingCalendar.Tests.TaskListTests.TestSummaryData_NoClass","DisplayName":"TestSummaryData_NoClass","ExecutorUri":"executor://MSTestAdapter/v2","Source":"C:\\Users\\vbess\\source\\repos\\TaskTrackingCalendar\\TaskListTests\\bin\\Debug\\.netcoreapp,version=v5.0\\fine-code-coverage\\build-output\\TaskListTests.dll","CodeFilePath":null,"LineNumber":-1,"Properties":[{"Key":{"Id":"TestCase.ManagedType","Label":"ManagedType","Category":"","Description":"","Attributes":1,"ValueType":"System.String"},"Value":"TaskTrackingCalendar.Tests.TaskListTests"},{"Key":{"Id":"TestCase.ManagedMethod","Label":"ManagedMethod","Category":"","Description":"","Attributes":1,"ValueType":"System.String"},"Value":"TestSummaryData_NoClass"},{"Key":{"Id":"MSTestDiscoverer.TestClassName","Label":"ClassName","Category":"","Description":"","Attributes":1,"ValueType":"System.String"},"Value":"TaskTrackingCalendar.Tests.TaskListTests"},{"Key":{"Id":"TestCase.Hierarchy","Label":"Hierarchy","Category":"","Description":"","Attributes":2,"ValueType":"System.String[]"},"Value":["TaskTrackingCalendar.Tests","TaskListTests"]},{"Key":{"Id":"TestObject.Traits","Label":"Traits","Category":"","Description":"","Attributes":5,"ValueType":"System.Collections.Generic.KeyValuePair`2[[System.String],[System.String]][]"},"Value":[]}]},"Attachments":[],"Outcome":1,"ErrorMessage":null,"ErrorStackTrace":null,"DisplayName":"TestSummaryData_NoClass","Messages":[],"ComputerName":null,"Duration":"00:00:00.0001142","StartTime":"2021-10-22T14:14:21.8449981-04:00","EndTime":"2021-10-22T14:14:21.8452275-04:00","Properties":[{"Key":{"Id":"ExecutionId","Label":"ExecutionId","Category":"","Description":"","Attributes":1,"ValueType":"System.Guid"},"Value":"00000000-0000-0000-0000-000000000000"},{"Key":{"Id":"ParentExecId","Label":"ParentExecId","Category":"","Description":"","Attributes":1,"ValueType":"System.Guid"},"Value":"00000000-0000-0000-0000-000000000000"},{"Key":{"Id":"InnerResultsCount","Label":"InnerResultsCount","Category":"","Description":"","Attributes":1,"ValueType":"System.Int32"},"Value":0}]},{"TestCase":{"Id":"ec5f13db-c661-93b9-426f-44dec0e8598f","FullyQualifiedName":"TaskTrackingCalendar.Tests.TaskListTests.TestCalendarData","DisplayName":"TestCalendarData","ExecutorUri":"executor://MSTestAdapter/v2","Source":"C:\\Users\\vbess\\source\\repos\\TaskTrackingCalendar\\TaskListTests\\bin\\Debug\\.netcoreapp,version=v5.0\\fine-code-coverage\\build-output\\TaskListTests.dll","CodeFilePath":null,"LineNumber":-1,"Properties":[{"Key":{"Id":"TestCase.ManagedType","Label":"ManagedType","Category":"","Description":"","Attributes":1,"ValueType":"System.String"},"Value":"TaskTrackingCalendar.Tests.TaskListTests"},{"Key":{"Id":"TestCase.ManagedMethod","Label":"ManagedMethod","Category":"","Description":"","Attributes":1,"ValueType":"System.String"},"Value":"TestCalendarData"},{"Key":{"Id":"MSTestDiscoverer.TestClassName","Label":"ClassName","Category":"","Description":"","Attributes":1,"ValueType":"System.String"},"Value":"TaskTrackingCalendar.Tests.TaskListTests"},{"Key":{"Id":"TestCase.Hierarchy","Label":"Hierarchy","Category":"","Description":"","Attributes":2,"ValueType":"System.String[]"},"Value":["TaskTrackingCalendar.Tests","TaskListTests"]},{"Key":{"Id":"TestObject.Traits","Label":"Traits","Category":"","Description":"","Attributes":5,"ValueType":"System.Collections.Generic.KeyValuePair`2[[System.String],[System.String]][]"},"Value":[]}]},"Attachments":[],"Outcome":2,"ErrorMessage":"CollectionAssert.AreEqual failed. (Different number of elements.)","ErrorStackTrace":"   at TaskTrackingCalendar.Tests.TaskListTests.TestCalendarData() in C:\\Users\\vbess\\source\\repos\\TaskTrackingCalendar\\TaskListTests\\TaskListTests.cs:line 461\r\n","DisplayName":"TestCalendarData","Messages":[],"ComputerName":null,"Duration":"00:00:00.0008764","StartTime":"2021-10-22T14:14:21.8465452-04:00","EndTime":"2021-10-22T14:14:21.847534-04:00","Properties":[{"Key":{"Id":"ExecutionId","Label":"ExecutionId","Category":"","Description":"","Attributes":1,"ValueType":"System.Guid"},"Value":"00000000-0000-0000-0000-000000000000"},{"Key":{"Id":"ParentExecId","Label":"ParentExecId","Category":"","Description":"","Attributes":1,"ValueType":"System.Guid"},"Value":"00000000-0000-0000-0000-000000000000"},{"Key":{"Id":"InnerResultsCount","Label":"InnerResultsCount","Category":"","Description":"","Attributes":1,"ValueType":"System.Int32"},"Value":0}]}],"TestRunStatistics":{"ExecutedTests":27,"Stats":{"Passed":23,"Failed":4}},"ActiveTests":[{"Id":"c58829a3-2925-36b4-5438-bb167514c4b0","FullyQualifiedName":"TaskTrackingCalendar.Tests.TaskListTests.TestCalendarData_NoValues","DisplayName":"TestCalendarData_NoValues","ExecutorUri":"executor://MSTestAdapter/v2","Source":"C:\\Users\\vbess\\source\\repos\\TaskTrackingCalendar\\TaskListTests\\bin\\Debug\\.netcoreapp,version=v5.0\\fine-code-coverage\\build-output\\TaskListTests.dll","CodeFilePath":null,"LineNumber":-1,"Properties":[{"Key":{"Id":"TestCase.ManagedType","Label":"ManagedType","Category":"","Description":"","Attributes":1,"ValueType":"System.String"},"Value":"TaskTrackingCalendar.Tests.TaskListTests"},{"Key":{"Id":"TestCase.ManagedMethod","Label":"ManagedMethod","Category":"","Description":"","Attributes":1,"ValueType":"System.String"},"Value":"TestCalendarData_NoValues"},{"Key":{"Id":"MSTestDiscoverer.TestClassName","Label":"ClassName","Category":"","Description":"","Attributes":1,"ValueType":"System.String"},"Value":"TaskTrackingCalendar.Tests.TaskListTests"},{"Key":{"Id":"TestCase.Hierarchy","Label":"Hierarchy","Category":"","Description":"","Attributes":2,"ValueType":"System.String[]"},"Value":["TaskTrackingCalendar.Tests","TaskListTests"]},{"Key":{"Id":"TestObject.Traits","Label":"Traits","Category":"","Description":"","Attributes":5,"ValueType":"System.Collections.Generic.KeyValuePair`2[[System.String],[System.String]][]"},"Value":[]}]}]}}
TpTrace Verbose: 0 : 11696, 4, 2021/10/22, 14:14:21.849, 6333331650574, testhost.dll, TestRunCache: OnNewTestResult: Notified the onCacheHit callback.
TpTrace Information: 0 : 11696, 4, 2021/10/22, 14:14:21.850, 6333331657083, testhost.dll, MSTest - Executing test TestCalendarData_NoValues
TpTrace Information: 0 : 11696, 4, 2021/10/22, 14:14:21.850, 6333331659073, testhost.dll, MSTest - Executed test TestCalendarData_NoValues
TpTrace Verbose: 0 : 11696, 4, 2021/10/22, 14:14:21.850, 6333331659400, testhost.dll, TestExecutionRecorder.RecordEnd: test: TaskTrackingCalendar.Tests.TaskListTests.TestCalendarData_NoValues execution completed.
TpTrace Warning: 0 : 11696, 4, 2021/10/22, 14:14:21.850, 6333331659629, testhost.dll, TestRunCache: InProgressTests is null
TpTrace Verbose: 0 : 11696, 4, 2021/10/22, 14:14:21.850, 6333331666013, testhost.dll, TestExecutionRecorder.RecordResult: Received result for test: TaskTrackingCalendar.Tests.TaskListTests.TestCalendarData_NoValues.
TpTrace Warning: 0 : 11696, 4, 2021/10/22, 14:14:21.850, 6333331666387, testhost.dll, TestRunCache: InProgressTests is null
TpTrace Warning: 0 : 11696, 4, 2021/10/22, 14:14:21.850, 6333331666590, testhost.dll, TestRunCache: No test found corresponding to testResult 'TestCalendarData_NoValues' in inProgress list.
TpTrace Verbose: 0 : 11696, 4, 2021/10/22, 14:14:21.851, 6333331666922, testhost.dll, TestExecutionRecorder.RecordStart: Starting test: TaskTrackingCalendar.Tests.TaskListTests.TestSaveLoadData_WithDefaultPath_Succeeds.
TpTrace Information: 0 : 11696, 4, 2021/10/22, 14:14:21.851, 6333331673131, testhost.dll, MSTest - Executing test TestSaveLoadData_WithDefaultPath_Succeeds
TpTrace Information: 0 : 11696, 4, 2021/10/22, 14:14:21.859, 6333331750004, testhost.dll, MSTest - Executed test TestSaveLoadData_WithDefaultPath_Succeeds
TpTrace Verbose: 0 : 11696, 4, 2021/10/22, 14:14:21.859, 6333331750644, testhost.dll, TestExecutionRecorder.RecordEnd: test: TaskTrackingCalendar.Tests.TaskListTests.TestSaveLoadData_WithDefaultPath_Succeeds execution completed.
TpTrace Verbose: 0 : 11696, 4, 2021/10/22, 14:14:21.860, 6333331759395, testhost.dll, TestExecutionRecorder.RecordResult: Received result for test: TaskTrackingCalendar.Tests.TaskListTests.TestSaveLoadData_WithDefaultPath_Succeeds.
TpTrace Warning: 0 : 11696, 4, 2021/10/22, 14:14:21.860, 6333331759855, testhost.dll, TestRunCache: InProgressTests is null
TpTrace Warning: 0 : 11696, 4, 2021/10/22, 14:14:21.860, 6333331760075, testhost.dll, TestRunCache: No test found corresponding to testResult 'TestSaveLoadData_WithDefaultPath_Succeeds' in inProgress list.
TpTrace Verbose: 0 : 11696, 4, 2021/10/22, 14:14:21.860, 6333331760464, testhost.dll, TestExecutionRecorder.RecordStart: Starting test: TaskTrackingCalendar.Tests.TaskListTests.TestSaveLoadData_WhenPathValid_Succeeds.
TpTrace Information: 0 : 11696, 4, 2021/10/22, 14:14:21.860, 6333331766753, testhost.dll, MSTest - Executing test TestSaveLoadData_WhenPathValid_Succeeds
TpTrace Information: 0 : 11696, 4, 2021/10/22, 14:14:21.862, 6333331779606, testhost.dll, MSTest - Executed test TestSaveLoadData_WhenPathValid_Succeeds
TpTrace Verbose: 0 : 11696, 4, 2021/10/22, 14:14:21.862, 6333331780093, testhost.dll, TestExecutionRecorder.RecordEnd: test: TaskTrackingCalendar.Tests.TaskListTests.TestSaveLoadData_WhenPathValid_Succeeds execution completed.
TpTrace Verbose: 0 : 11696, 4, 2021/10/22, 14:14:21.863, 6333331788286, testhost.dll, TestExecutionRecorder.RecordResult: Received result for test: TaskTrackingCalendar.Tests.TaskListTests.TestSaveLoadData_WhenPathValid_Succeeds.
TpTrace Warning: 0 : 11696, 4, 2021/10/22, 14:14:21.863, 6333331788713, testhost.dll, TestRunCache: InProgressTests is null
TpTrace Warning: 0 : 11696, 4, 2021/10/22, 14:14:21.863, 6333331788917, testhost.dll, TestRunCache: No test found corresponding to testResult 'TestSaveLoadData_WhenPathValid_Succeeds' in inProgress list.
TpTrace Verbose: 0 : 11696, 4, 2021/10/22, 14:14:21.863, 6333331789291, testhost.dll, TestExecutionRecorder.RecordStart: Starting test: TaskTrackingCalendar.Tests.TaskListTests.TestSaveLoadData_WhenPathInvalid_Fails.
TpTrace Information: 0 : 11696, 4, 2021/10/22, 14:14:21.863, 6333331795710, testhost.dll, MSTest - Executing test TestSaveLoadData_WhenPathInvalid_Fails
TpTrace Information: 0 : 11696, 4, 2021/10/22, 14:14:21.864, 6333331804855, testhost.dll, MSTest - Executed test TestSaveLoadData_WhenPathInvalid_Fails
TpTrace Verbose: 0 : 11696, 4, 2021/10/22, 14:14:21.864, 6333331805402, testhost.dll, TestExecutionRecorder.RecordEnd: test: TaskTrackingCalendar.Tests.TaskListTests.TestSaveLoadData_WhenPathInvalid_Fails execution completed.
TpTrace Verbose: 0 : 11696, 4, 2021/10/22, 14:14:21.865, 6333331812818, testhost.dll, TestExecutionRecorder.RecordResult: Received result for test: TaskTrackingCalendar.Tests.TaskListTests.TestSaveLoadData_WhenPathInvalid_Fails.
TpTrace Warning: 0 : 11696, 4, 2021/10/22, 14:14:21.865, 6333331813237, testhost.dll, TestRunCache: InProgressTests is null
TpTrace Warning: 0 : 11696, 4, 2021/10/22, 14:14:21.865, 6333331813444, testhost.dll, TestRunCache: No test found corresponding to testResult 'TestSaveLoadData_WhenPathInvalid_Fails' in inProgress list.
TpTrace Information: 0 : 11696, 4, 2021/10/22, 14:14:21.865, 6333331814913, testhost.dll, MSTest - Executing cleanup methods.
TpTrace Information: 0 : 11696, 4, 2021/10/22, 14:14:21.866, 6333331825010, testhost.dll, MSTest - Executed cleanup methods.
TpTrace Information: 0 : 11696, 4, 2021/10/22, 14:14:21.866, 6333331825411, testhost.dll, MSTest - Executed tests belonging to source C:\Users\vbess\source\repos\TaskTrackingCalendar\TaskListTests\bin\Debug\.netcoreapp,version=v5.0\fine-code-coverage\build-output\TaskListTests.dll
TpTrace Verbose: 0 : 11696, 4, 2021/10/22, 14:14:21.867, 6333331827862, testhost.dll, BaseRunTests.RunTestInternalWithExecutors: Completed running tests for executor://MSTestAdapter/v2
TpTrace Information: 0 : 11696, 4, 2021/10/22, 14:14:21.868, 6333331842641, testhost.dll, Sending test run complete
TpTrace Verbose: 0 : 11696, 4, 2021/10/22, 14:14:21.874, 6333331903134, testhost.dll, TestRequestHandler.SendData:  sending data from testhost: {"Version":5,"MessageType":"TestExecution.Completed","Payload":{"TestRunCompleteArgs":{"TestRunStatistics":{"ExecutedTests":31,"Stats":{"Passed":27,"Failed":4}},"IsCanceled":false,"IsAborted":false,"Error":null,"AttachmentSets":[],"ElapsedTimeInRunningTests":"00:00:00.2579173","Metrics":{}},"LastRunTests":{"NewTestResults":[{"TestCase":{"Id":"c58829a3-2925-36b4-5438-bb167514c4b0","FullyQualifiedName":"TaskTrackingCalendar.Tests.TaskListTests.TestCalendarData_NoValues","DisplayName":"TestCalendarData_NoValues","ExecutorUri":"executor://MSTestAdapter/v2","Source":"C:\\Users\\vbess\\source\\repos\\TaskTrackingCalendar\\TaskListTests\\bin\\Debug\\.netcoreapp,version=v5.0\\fine-code-coverage\\build-output\\TaskListTests.dll","CodeFilePath":null,"LineNumber":-1,"Properties":[{"Key":{"Id":"TestCase.ManagedType","Label":"ManagedType","Category":"","Description":"","Attributes":1,"ValueType":"System.String"},"Value":"TaskTrackingCalendar.Tests.TaskListTests"},{"Key":{"Id":"TestCase.ManagedMethod","Label":"ManagedMethod","Category":"","Description":"","Attributes":1,"ValueType":"System.String"},"Value":"TestCalendarData_NoValues"},{"Key":{"Id":"MSTestDiscoverer.TestClassName","Label":"ClassName","Category":"","Description":"","Attributes":1,"ValueType":"System.String"},"Value":"TaskTrackingCalendar.Tests.TaskListTests"},{"Key":{"Id":"TestCase.Hierarchy","Label":"Hierarchy","Category":"","Description":"","Attributes":2,"ValueType":"System.String[]"},"Value":["TaskTrackingCalendar.Tests","TaskListTests"]},{"Key":{"Id":"TestObject.Traits","Label":"Traits","Category":"","Description":"","Attributes":5,"ValueType":"System.Collections.Generic.KeyValuePair`2[[System.String],[System.String]][]"},"Value":[]}]},"Attachments":[],"Outcome":1,"ErrorMessage":null,"ErrorStackTrace":null,"DisplayName":"TestCalendarData_NoValues","Messages":[],"ComputerName":null,"Duration":"00:00:00.0001093","StartTime":"2021-10-22T14:14:21.8500204-04:00","EndTime":"2021-10-22T14:14:21.8502513-04:00","Properties":[{"Key":{"Id":"ExecutionId","Label":"ExecutionId","Category":"","Description":"","Attributes":1,"ValueType":"System.Guid"},"Value":"00000000-0000-0000-0000-000000000000"},{"Key":{"Id":"ParentExecId","Label":"ParentExecId","Category":"","Description":"","Attributes":1,"ValueType":"System.Guid"},"Value":"00000000-0000-0000-0000-000000000000"},{"Key":{"Id":"InnerResultsCount","Label":"InnerResultsCount","Category":"","Description":"","Attributes":1,"ValueType":"System.Int32"},"Value":0}]},{"TestCase":{"Id":"b11ab531-2ae1-1764-3d3a-f9930aac5444","FullyQualifiedName":"TaskTrackingCalendar.Tests.TaskListTests.TestSaveLoadData_WithDefaultPath_Succeeds","DisplayName":"TestSaveLoadData_WithDefaultPath_Succeeds","ExecutorUri":"executor://MSTestAdapter/v2","Source":"C:\\Users\\vbess\\source\\repos\\TaskTrackingCalendar\\TaskListTests\\bin\\Debug\\.netcoreapp,version=v5.0\\fine-code-coverage\\build-output\\TaskListTests.dll","CodeFilePath":null,"LineNumber":-1,"Properties":[{"Key":{"Id":"TestCase.ManagedType","Label":"ManagedType","Category":"","Description":"","Attributes":1,"ValueType":"System.String"},"Value":"TaskTrackingCalendar.Tests.TaskListTests"},{"Key":{"Id":"TestCase.ManagedMethod","Label":"ManagedMethod","Category":"","Description":"","Attributes":1,"ValueType":"System.String"},"Value":"TestSaveLoadData_WithDefaultPath_Succeeds"},{"Key":{"Id":"MSTestDiscoverer.TestClassName","Label":"ClassName","Category":"","Description":"","Attributes":1,"ValueType":"System.String"},"Value":"TaskTrackingCalendar.Tests.TaskListTests"},{"Key":{"Id":"TestCase.Hierarchy","Label":"Hierarchy","Category":"","Description":"","Attributes":2,"ValueType":"System.String[]"},"Value":["TaskTrackingCalendar.Tests","TaskListTests"]},{"Key":{"Id":"TestObject.Traits","Label":"Traits","Category":"","Description":"","Attributes":5,"ValueType":"System.Collections.Generic.KeyValuePair`2[[System.String],[System.String]][]"},"Value":[]}]},"Attachments":[],"Outcome":1,"ErrorMessage":null,"ErrorStackTrace":null,"DisplayName":"TestSaveLoadData_WithDefaultPath_Succeeds","Messages":[],"ComputerName":null,"Duration":"00:00:00.0075795","StartTime":"2021-10-22T14:14:21.851626-04:00","EndTime":"2021-10-22T14:14:21.8593706-04:00","Properties":[{"Key":{"Id":"ExecutionId","Label":"ExecutionId","Category":"","Description":"","Attributes":1,"ValueType":"System.Guid"},"Value":"00000000-0000-0000-0000-000000000000"},{"Key":{"Id":"ParentExecId","Label":"ParentExecId","Category":"","Description":"","Attributes":1,"ValueType":"System.Guid"},"Value":"00000000-0000-0000-0000-000000000000"},{"Key":{"Id":"InnerResultsCount","Label":"InnerResultsCount","Category":"","Description":"","Attributes":1,"ValueType":"System.Int32"},"Value":0}]},{"TestCase":{"Id":"8f2f4afe-e52c-cc01-22a8-a62f9a19f24e","FullyQualifiedName":"TaskTrackingCalendar.Tests.TaskListTests.TestSaveLoadData_WhenPathValid_Succeeds","DisplayName":"TestSaveLoadData_WhenPathValid_Succeeds","ExecutorUri":"executor://MSTestAdapter/v2","Source":"C:\\Users\\vbess\\source\\repos\\TaskTrackingCalendar\\TaskListTests\\bin\\Debug\\.netcoreapp,version=v5.0\\fine-code-coverage\\build-output\\TaskListTests.dll","CodeFilePath":null,"LineNumber":-1,"Properties":[{"Key":{"Id":"TestCase.ManagedType","Label":"ManagedType","Category":"","Description":"","Attributes":1,"ValueType":"System.String"},"Value":"TaskTrackingCalendar.Tests.TaskListTests"},{"Key":{"Id":"TestCase.ManagedMethod","Label":"ManagedMethod","Category":"","Description":"","Attributes":1,"ValueType":"System.String"},"Value":"TestSaveLoadData_WhenPathValid_Succeeds"},{"Key":{"Id":"MSTestDiscoverer.TestClassName","Label":"ClassName","Category":"","Description":"","Attributes":1,"ValueType":"System.String"},"Value":"TaskTrackingCalendar.Tests.TaskListTests"},{"Key":{"Id":"TestCase.Hierarchy","Label":"Hierarchy","Category":"","Description":"","Attributes":2,"ValueType":"System.String[]"},"Value":["TaskTrackingCalendar.Tests","TaskListTests"]},{"Key":{"Id":"TestObject.Traits","Label":"Traits","Category":"","Description":"","Attributes":5,"ValueType":"System.Collections.Generic.KeyValuePair`2[[System.String],[System.String]][]"},"Value":[]}]},"Attachments":[],"Outcome":1,"ErrorMessage":null,"ErrorStackTrace":null,"DisplayName":"TestSaveLoadData_WhenPathValid_Succeeds","Messages":[],"ComputerName":null,"Duration":"00:00:00.0011744","StartTime":"2021-10-22T14:14:21.8609881-04:00","EndTime":"2021-10-22T14:14:21.8623179-04:00","Properties":[{"Key":{"Id":"ExecutionId","Label":"ExecutionId","Category":"","Description":"","Attributes":1,"ValueType":"System.Guid"},"Value":"00000000-0000-0000-0000-000000000000"},{"Key":{"Id":"ParentExecId","Label":"ParentExecId","Category":"","Description":"","Attributes":1,"ValueType":"System.Guid"},"Value":"00000000-0000-0000-0000-000000000000"},{"Key":{"Id":"InnerResultsCount","Label":"InnerResultsCount","Category":"","Description":"","Attributes":1,"ValueType":"System.Int32"},"Value":0}]},{"TestCase":{"Id":"5a72c8f2-669a-16bd-ed64-b02e5bc787d3","FullyQualifiedName":"TaskTrackingCalendar.Tests.TaskListTests.TestSaveLoadData_WhenPathInvalid_Fails","DisplayName":"TestSaveLoadData_WhenPathInvalid_Fails","ExecutorUri":"executor://MSTestAdapter/v2","Source":"C:\\Users\\vbess\\source\\repos\\TaskTrackingCalendar\\TaskListTests\\bin\\Debug\\.netcoreapp,version=v5.0\\fine-code-coverage\\build-output\\TaskListTests.dll","CodeFilePath":null,"LineNumber":-1,"Properties":[{"Key":{"Id":"TestCase.ManagedType","Label":"ManagedType","Category":"","Description":"","Attributes":1,"ValueType":"System.String"},"Value":"TaskTrackingCalendar.Tests.TaskListTests"},{"Key":{"Id":"TestCase.ManagedMethod","Label":"ManagedMethod","Category":"","Description":"","Attributes":1,"ValueType":"System.String"},"Value":"TestSaveLoadData_WhenPathInvalid_Fails"},{"Key":{"Id":"MSTestDiscoverer.TestClassName","Label":"ClassName","Category":"","Description":"","Attributes":1,"ValueType":"System.String"},"Value":"TaskTrackingCalendar.Tests.TaskListTests"},{"Key":{"Id":"TestCase.Hierarchy","Label":"Hierarchy","Category":"","Description":"","Attributes":2,"ValueType":"System.String[]"},"Value":["TaskTrackingCalendar.Tests","TaskListTests"]},{"Key":{"Id":"TestObject.Traits","Label":"Traits","Category":"","Description":"","Attributes":5,"ValueType":"System.Collections.Generic.KeyValuePair`2[[System.String],[System.String]][]"},"Value":[]}]},"Attachments":[],"Outcome":1,"ErrorMessage":null,"ErrorStackTrace":null,"DisplayName":"TestSaveLoadData_WhenPathInvalid_Fails","Messages":[],"ComputerName":null,"Duration":"00:00:00.0008129","StartTime":"2021-10-22T14:14:21.863884-04:00","EndTime":"2021-10-22T14:14:21.8648496-04:00","Properties":[{"Key":{"Id":"ExecutionId","Label":"ExecutionId","Category":"","Description":"","Attributes":1,"ValueType":"System.Guid"},"Value":"00000000-0000-0000-0000-000000000000"},{"Key":{"Id":"ParentExecId","Label":"ParentExecId","Category":"","Description":"","Attributes":1,"ValueType":"System.Guid"},"Value":"00000000-0000-0000-0000-000000000000"},{"Key":{"Id":"InnerResultsCount","Label":"InnerResultsCount","Category":"","Description":"","Attributes":1,"ValueType":"System.Int32"},"Value":0}]}],"TestRunStatistics":{"ExecutedTests":31,"Stats":{"Passed":27,"Failed":4}},"ActiveTests":[]},"RunAttachments":[],"ExecutorUris":["executor://mstestadapter/v2"]}}
TpTrace Verbose: 0 : 11696, 4, 2021/10/22, 14:14:21.874, 6333331905776, testhost.dll, BaseRunTests.RunTests: Run is complete.
TpTrace Verbose: 0 : 11696, 8, 2021/10/22, 14:14:21.875, 6333331912095, testhost.dll, TcpClientExtensions.MessageLoopAsync: NotifyDataAvailable remoteEndPoint: [::ffff:127.0.0.1]:58380 localEndPoint: [::ffff:127.0.0.1]:58381
TpTrace Information: 0 : 11696, 8, 2021/10/22, 14:14:21.875, 6333331912747, testhost.dll, TestRequestHandler.OnMessageReceived: received message: (TestSession.Terminate) -> null
TpTrace Information: 0 : 11696, 8, 2021/10/22, 14:14:21.875, 6333331912981, testhost.dll, Session End message received from server. Closing the connection.
TpTrace Information: 0 : 11696, 8, 2021/10/22, 14:14:21.875, 6333331914808, testhost.dll, SocketClient.Stop: Stop communication from server endpoint: 127.0.0.1:058380
TpTrace Information: 0 : 11696, 8, 2021/10/22, 14:14:21.875, 6333331915080, testhost.dll, SocketClient: Stop: Cancellation requested. Stopping message loop.
TpTrace Verbose: 0 : 11696, 8, 2021/10/22, 14:14:21.875, 6333331916088, testhost.dll, LengthPrefixCommunicationChannel.Dispose: Dispose reader and writer.
TpTrace Information: 0 : 11696, 8, 2021/10/22, 14:14:21.875, 6333331916389, testhost.dll, Closing the connection !
TpTrace Information: 0 : 11696, 8, 2021/10/22, 14:14:21.876, 6333331917667, testhost.dll, SocketClient.PrivateStop: Stop communication from server endpoint: 127.0.0.1:058380, error:
TpTrace Verbose: 0 : 11696, 8, 2021/10/22, 14:14:21.876, 6333331920185, testhost.dll, LengthPrefixCommunicationChannel.Dispose: Dispose reader and writer.
TpTrace Information: 0 : 11696, 1, 2021/10/22, 14:14:21.876, 6333331920231, testhost.dll, Closing the connection !
TpTrace Information: 0 : 11696, 1, 2021/10/22, 14:14:21.876, 6333331920932, testhost.dll, SocketClient.Stop: Stop communication from server endpoint: 127.0.0.1:058380
TpTrace Verbose: 0 : 11696, 8, 2021/10/22, 14:14:21.876, 6333331920552, testhost.dll, TcpClientExtensions.MessageLoopAsync: exiting MessageLoopAsync remoteEndPoint: [::ffff:127.0.0.1]:58380 localEndPoint: [::ffff:127.0.0.1]:58381
TpTrace Verbose: 0 : 11696, 1, 2021/10/22, 14:14:21.876, 6333331921153, testhost.dll, LengthPrefixCommunicationChannel.Dispose: Dispose reader and writer.
TpTrace Information: 0 : 11696, 1, 2021/10/22, 14:14:21.876, 6333331922338, testhost.dll, Testhost process exiting.
